{"/Users/mb/Desktop/vibewell/apps/mobile/App.tsx": {"path":"/Users/mb/Desktop/vibewell/apps/mobile/App.tsx","statementMap":{"0":{"start":{"line":13,"column":2},"end":{"line":26,"column":4}}},"fnMap":{"0":{"name":"App","decl":{"start":{"line":12,"column":24},"end":{"line":12,"column":27}},"loc":{"start":{"line":12,"column":30},"end":{"line":27,"column":1}},"line":12}},"branchMap":{},"s":{"0":0},"f":{"0":0},"b":{}}
,"/Users/mb/Desktop/vibewell/apps/mobile/expo-env.d.ts": {"path":"/Users/mb/Desktop/vibewell/apps/mobile/expo-env.d.ts","statementMap":{},"fnMap":{},"branchMap":{},"s":{},"f":{},"b":{}}
,"/Users/mb/Desktop/vibewell/apps/mobile/.expo/types/router.d.ts": {"path":"/Users/mb/Desktop/vibewell/apps/mobile/.expo/types/router.d.ts","statementMap":{},"fnMap":{},"branchMap":{},"s":{},"f":{},"b":{}}
,"/Users/mb/Desktop/vibewell/apps/mobile/app/_layout.tsx": {"path":"/Users/mb/Desktop/vibewell/apps/mobile/app/_layout.tsx","statementMap":{"0":{"start":{"line":7,"column":2},"end":{"line":24,"column":4}}},"fnMap":{"0":{"name":"RootLayout","decl":{"start":{"line":6,"column":24},"end":{"line":6,"column":34}},"loc":{"start":{"line":6,"column":37},"end":{"line":25,"column":1}},"line":6}},"branchMap":{},"s":{"0":0},"f":{"0":0},"b":{}}
,"/Users/mb/Desktop/vibewell/apps/mobile/app/home.tsx": {"path":"/Users/mb/Desktop/vibewell/apps/mobile/app/home.tsx","statementMap":{"0":{"start":{"line":6,"column":2},"end":{"line":89,"column":4}},"1":{"start":{"line":92,"column":15},"end":{"line":176,"column":2}}},"fnMap":{"0":{"name":"Home","decl":{"start":{"line":5,"column":24},"end":{"line":5,"column":28}},"loc":{"start":{"line":5,"column":31},"end":{"line":90,"column":1}},"line":5}},"branchMap":{},"s":{"0":0,"1":0},"f":{"0":0},"b":{}}
,"/Users/mb/Desktop/vibewell/apps/mobile/app/index.tsx": {"path":"/Users/mb/Desktop/vibewell/apps/mobile/app/index.tsx","statementMap":{"0":{"start":{"line":4,"column":2},"end":{"line":4,"column":35}}},"fnMap":{"0":{"name":"Index","decl":{"start":{"line":3,"column":24},"end":{"line":3,"column":29}},"loc":{"start":{"line":3,"column":32},"end":{"line":5,"column":1}},"line":3}},"branchMap":{},"s":{"0":0},"f":{"0":0},"b":{}}
,"/Users/mb/Desktop/vibewell/apps/mobile/app/skin-analysis-detail.tsx": {"path":"/Users/mb/Desktop/vibewell/apps/mobile/app/skin-analysis-detail.tsx","statementMap":{"0":{"start":{"line":8,"column":17},"end":{"line":8,"column":55}},"1":{"start":{"line":9,"column":32},"end":{"line":9,"column":46}},"2":{"start":{"line":10,"column":30},"end":{"line":10,"column":71}},"3":{"start":{"line":12,"column":2},"end":{"line":16,"column":11}},"4":{"start":{"line":13,"column":4},"end":{"line":15,"column":5}},"5":{"start":{"line":14,"column":6},"end":{"line":14,"column":29}},"6":{"start":{"line":18,"column":29},"end":{"line":29,"column":3}},"7":{"start":{"line":19,"column":4},"end":{"line":19,"column":21}},"8":{"start":{"line":20,"column":4},"end":{"line":28,"column":5}},"9":{"start":{"line":21,"column":19},"end":{"line":21,"column":58}},"10":{"start":{"line":22,"column":6},"end":{"line":22,"column":22}},"11":{"start":{"line":24,"column":6},"end":{"line":24,"column":66}},"12":{"start":{"line":25,"column":6},"end":{"line":25,"column":66}},"13":{"start":{"line":27,"column":6},"end":{"line":27,"column":24}},"14":{"start":{"line":31,"column":2},"end":{"line":38,"column":3}},"15":{"start":{"line":32,"column":4},"end":{"line":37,"column":6}},"16":{"start":{"line":40,"column":2},"end":{"line":48,"column":3}},"17":{"start":{"line":41,"column":4},"end":{"line":47,"column":6}},"18":{"start":{"line":51,"column":15},"end":{"line":51,"column":63}},"19":{"start":{"line":52,"column":24},"end":{"line":57,"column":4}},"20":{"start":{"line":58,"column":24},"end":{"line":61,"column":4}},"21":{"start":{"line":63,"column":2},"end":{"line":170,"column":4}},"22":{"start":{"line":114,"column":10},"end":{"line":133,"column":17}},"23":{"start":{"line":140,"column":10},"end":{"line":147,"column":17}},"24":{"start":{"line":155,"column":12},"end":{"line":165,"column":19}},"25":{"start":{"line":173,"column":15},"end":{"line":408,"column":2}}},"fnMap":{"0":{"name":"SkinAnalysisDetailScreen","decl":{"start":{"line":7,"column":24},"end":{"line":7,"column":48}},"loc":{"start":{"line":7,"column":51},"end":{"line":171,"column":1}},"line":7},"1":{"name":"(anonymous_1)","decl":{"start":{"line":12,"column":12},"end":{"line":12,"column":13}},"loc":{"start":{"line":12,"column":18},"end":{"line":16,"column":3}},"line":12},"2":{"name":"(anonymous_2)","decl":{"start":{"line":18,"column":29},"end":{"line":18,"column":30}},"loc":{"start":{"line":18,"column":59},"end":{"line":29,"column":3}},"line":18},"3":{"name":"(anonymous_3)","decl":{"start":{"line":113,"column":31},"end":{"line":113,"column":32}},"loc":{"start":{"line":114,"column":10},"end":{"line":133,"column":17}},"line":114},"4":{"name":"(anonymous_4)","decl":{"start":{"line":139,"column":36},"end":{"line":139,"column":37}},"loc":{"start":{"line":140,"column":10},"end":{"line":147,"column":17}},"line":140},"5":{"name":"(anonymous_5)","decl":{"start":{"line":154,"column":31},"end":{"line":154,"column":32}},"loc":{"start":{"line":155,"column":12},"end":{"line":165,"column":19}},"line":155}},"branchMap":{"0":{"loc":{"start":{"line":13,"column":4},"end":{"line":15,"column":5}},"type":"if","locations":[{"start":{"line":13,"column":4},"end":{"line":15,"column":5}},{"start":{},"end":{}}],"line":13},"1":{"loc":{"start":{"line":31,"column":2},"end":{"line":38,"column":3}},"type":"if","locations":[{"start":{"line":31,"column":2},"end":{"line":38,"column":3}},{"start":{},"end":{}}],"line":31},"2":{"loc":{"start":{"line":40,"column":2},"end":{"line":48,"column":3}},"type":"if","locations":[{"start":{"line":40,"column":2},"end":{"line":48,"column":3}},{"start":{},"end":{}}],"line":40},"3":{"loc":{"start":{"line":51,"column":15},"end":{"line":51,"column":63}},"type":"cond-expr","locations":[{"start":{"line":51,"column":29},"end":{"line":51,"column":50}},{"start":{"line":51,"column":53},"end":{"line":51,"column":63}}],"line":51},"4":{"loc":{"start":{"line":80,"column":7},"end":{"line":84,"column":7}},"type":"binary-expr","locations":[{"start":{"line":80,"column":7},"end":{"line":80,"column":22}},{"start":{"line":81,"column":8},"end":{"line":83,"column":15}}],"line":80},"5":{"loc":{"start":{"line":98,"column":14},"end":{"line":99,"column":78}},"type":"cond-expr","locations":[{"start":{"line":98,"column":41},"end":{"line":98,"column":57}},{"start":{"line":99,"column":14},"end":{"line":99,"column":78}}],"line":98},"6":{"loc":{"start":{"line":99,"column":14},"end":{"line":99,"column":78}},"type":"cond-expr","locations":[{"start":{"line":99,"column":41},"end":{"line":99,"column":59}},{"start":{"line":99,"column":62},"end":{"line":99,"column":78}}],"line":99},"7":{"loc":{"start":{"line":105,"column":11},"end":{"line":107,"column":52}},"type":"cond-expr","locations":[{"start":{"line":105,"column":38},"end":{"line":105,"column":73}},{"start":{"line":106,"column":11},"end":{"line":107,"column":52}}],"line":105},"8":{"loc":{"start":{"line":106,"column":11},"end":{"line":107,"column":52}},"type":"cond-expr","locations":[{"start":{"line":106,"column":38},"end":{"line":106,"column":71}},{"start":{"line":107,"column":11},"end":{"line":107,"column":52}}],"line":106},"9":{"loc":{"start":{"line":124,"column":22},"end":{"line":125,"column":91}},"type":"cond-expr","locations":[{"start":{"line":124,"column":48},"end":{"line":124,"column":66}},{"start":{"line":125,"column":22},"end":{"line":125,"column":91}}],"line":124},"10":{"loc":{"start":{"line":125,"column":22},"end":{"line":125,"column":91}},"type":"cond-expr","locations":[{"start":{"line":125,"column":48},"end":{"line":125,"column":69}},{"start":{"line":125,"column":72},"end":{"line":125,"column":91}}],"line":125},"11":{"loc":{"start":{"line":151,"column":7},"end":{"line":168,"column":7}},"type":"binary-expr","locations":[{"start":{"line":151,"column":7},"end":{"line":151,"column":22}},{"start":{"line":151,"column":26},"end":{"line":151,"column":52}},{"start":{"line":152,"column":8},"end":{"line":167,"column":15}}],"line":151},"12":{"loc":{"start":{"line":156,"column":15},"end":{"line":158,"column":15}},"type":"binary-expr","locations":[{"start":{"line":156,"column":15},"end":{"line":156,"column":31}},{"start":{"line":157,"column":16},"end":{"line":157,"column":88}}],"line":156}},"s":{"0":0,"1":0,"2":0,"3":0,"4":0,"5":0,"6":0,"7":0,"8":0,"9":0,"10":0,"11":0,"12":0,"13":0,"14":0,"15":0,"16":0,"17":0,"18":0,"19":0,"20":0,"21":0,"22":0,"23":0,"24":0,"25":0},"f":{"0":0,"1":0,"2":0,"3":0,"4":0,"5":0},"b":{"0":[0,0],"1":[0,0],"2":[0,0],"3":[0,0],"4":[0,0],"5":[0,0],"6":[0,0],"7":[0,0],"8":[0,0],"9":[0,0],"10":[0,0],"11":[0,0,0],"12":[0,0]}}
,"/Users/mb/Desktop/vibewell/apps/mobile/app/skin-analysis-history.tsx": {"path":"/Users/mb/Desktop/vibewell/apps/mobile/app/skin-analysis-history.tsx","statementMap":{"0":{"start":{"line":8,"column":32},"end":{"line":8,"column":46}},"1":{"start":{"line":9,"column":32},"end":{"line":9,"column":68}},"2":{"start":{"line":11,"column":2},"end":{"line":13,"column":9}},"3":{"start":{"line":12,"column":4},"end":{"line":12,"column":18}},"4":{"start":{"line":15,"column":22},"end":{"line":26,"column":3}},"5":{"start":{"line":16,"column":4},"end":{"line":16,"column":21}},"6":{"start":{"line":17,"column":4},"end":{"line":25,"column":5}},"7":{"start":{"line":18,"column":19},"end":{"line":18,"column":49}},"8":{"start":{"line":19,"column":6},"end":{"line":19,"column":23}},"9":{"start":{"line":21,"column":6},"end":{"line":21,"column":67}},"10":{"start":{"line":22,"column":6},"end":{"line":22,"column":57}},"11":{"start":{"line":24,"column":6},"end":{"line":24,"column":24}},"12":{"start":{"line":28,"column":31},"end":{"line":33,"column":3}},"13":{"start":{"line":29,"column":4},"end":{"line":32,"column":7}},"14":{"start":{"line":35,"column":21},"end":{"line":88,"column":3}},"15":{"start":{"line":36,"column":17},"end":{"line":36,"column":36}},"16":{"start":{"line":37,"column":26},"end":{"line":41,"column":6}},"17":{"start":{"line":44,"column":21},"end":{"line":44,"column":30}},"18":{"start":{"line":45,"column":4},"end":{"line":49,"column":5}},"19":{"start":{"line":46,"column":6},"end":{"line":46,"column":29}},"20":{"start":{"line":47,"column":11},"end":{"line":49,"column":5}},"21":{"start":{"line":48,"column":6},"end":{"line":48,"column":29}},"22":{"start":{"line":51,"column":4},"end":{"line":87,"column":6}},"23":{"start":{"line":54,"column":23},"end":{"line":54,"column":52}},"24":{"start":{"line":90,"column":2},"end":{"line":140,"column":4}},"25":{"start":{"line":118,"column":32},"end":{"line":118,"column":39}},"26":{"start":{"line":131,"column":27},"end":{"line":131,"column":56}},"27":{"start":{"line":143,"column":15},"end":{"line":254,"column":2}}},"fnMap":{"0":{"name":"SkinAnalysisHistoryScreen","decl":{"start":{"line":7,"column":24},"end":{"line":7,"column":49}},"loc":{"start":{"line":7,"column":52},"end":{"line":141,"column":1}},"line":7},"1":{"name":"(anonymous_1)","decl":{"start":{"line":11,"column":12},"end":{"line":11,"column":13}},"loc":{"start":{"line":11,"column":18},"end":{"line":13,"column":3}},"line":11},"2":{"name":"(anonymous_2)","decl":{"start":{"line":15,"column":22},"end":{"line":15,"column":23}},"loc":{"start":{"line":15,"column":34},"end":{"line":26,"column":3}},"line":15},"3":{"name":"(anonymous_3)","decl":{"start":{"line":28,"column":31},"end":{"line":28,"column":32}},"loc":{"start":{"line":28,"column":47},"end":{"line":33,"column":3}},"line":28},"4":{"name":"(anonymous_4)","decl":{"start":{"line":35,"column":21},"end":{"line":35,"column":22}},"loc":{"start":{"line":35,"column":67},"end":{"line":88,"column":3}},"line":35},"5":{"name":"(anonymous_5)","decl":{"start":{"line":54,"column":17},"end":{"line":54,"column":18}},"loc":{"start":{"line":54,"column":23},"end":{"line":54,"column":52}},"line":54},"6":{"name":"(anonymous_6)","decl":{"start":{"line":118,"column":24},"end":{"line":118,"column":25}},"loc":{"start":{"line":118,"column":32},"end":{"line":118,"column":39}},"line":118},"7":{"name":"(anonymous_7)","decl":{"start":{"line":131,"column":21},"end":{"line":131,"column":22}},"loc":{"start":{"line":131,"column":27},"end":{"line":131,"column":56}},"line":131}},"branchMap":{"0":{"loc":{"start":{"line":45,"column":4},"end":{"line":49,"column":5}},"type":"if","locations":[{"start":{"line":45,"column":4},"end":{"line":49,"column":5}},{"start":{"line":47,"column":11},"end":{"line":49,"column":5}}],"line":45},"1":{"loc":{"start":{"line":47,"column":11},"end":{"line":49,"column":5}},"type":"if","locations":[{"start":{"line":47,"column":11},"end":{"line":49,"column":5}},{"start":{},"end":{}}],"line":47},"2":{"loc":{"start":{"line":75,"column":11},"end":{"line":84,"column":11}},"type":"binary-expr","locations":[{"start":{"line":75,"column":11},"end":{"line":75,"column":41}},{"start":{"line":76,"column":12},"end":{"line":83,"column":19}}],"line":75},"3":{"loc":{"start":{"line":78,"column":14},"end":{"line":78,"column":78}},"type":"cond-expr","locations":[{"start":{"line":78,"column":45},"end":{"line":78,"column":60}},{"start":{"line":78,"column":63},"end":{"line":78,"column":78}}],"line":78},"4":{"loc":{"start":{"line":81,"column":15},"end":{"line":81,"column":54}},"type":"cond-expr","locations":[{"start":{"line":81,"column":46},"end":{"line":81,"column":49}},{"start":{"line":81,"column":52},"end":{"line":81,"column":54}}],"line":81},"5":{"loc":{"start":{"line":109,"column":7},"end":{"line":138,"column":7}},"type":"cond-expr","locations":[{"start":{"line":110,"column":8},"end":{"line":113,"column":15}},{"start":{"line":114,"column":10},"end":{"line":138,"column":7}}],"line":109},"6":{"loc":{"start":{"line":114,"column":10},"end":{"line":138,"column":7}},"type":"cond-expr","locations":[{"start":{"line":115,"column":8},"end":{"line":123,"column":10}},{"start":{"line":125,"column":8},"end":{"line":137,"column":15}}],"line":114}},"s":{"0":0,"1":0,"2":0,"3":0,"4":0,"5":0,"6":0,"7":0,"8":0,"9":0,"10":0,"11":0,"12":0,"13":0,"14":0,"15":0,"16":0,"17":0,"18":0,"19":0,"20":0,"21":0,"22":0,"23":0,"24":0,"25":0,"26":0,"27":0},"f":{"0":0,"1":0,"2":0,"3":0,"4":0,"5":0,"6":0,"7":0},"b":{"0":[0,0],"1":[0,0],"2":[0,0],"3":[0,0],"4":[0,0],"5":[0,0],"6":[0,0]}}
,"/Users/mb/Desktop/vibewell/apps/mobile/app/skin-analysis.tsx": {"path":"/Users/mb/Desktop/vibewell/apps/mobile/app/skin-analysis.tsx","statementMap":{"0":{"start":{"line":9,"column":34},"end":{"line":9,"column":63}},"1":{"start":{"line":10,"column":32},"end":{"line":10,"column":47}},"2":{"start":{"line":11,"column":30},"end":{"line":11,"column":71}},"3":{"start":{"line":13,"column":20},"end":{"line":31,"column":3}},"4":{"start":{"line":14,"column":4},"end":{"line":30,"column":5}},"5":{"start":{"line":16,"column":21},"end":{"line":21,"column":8}},"6":{"start":{"line":23,"column":6},"end":{"line":26,"column":7}},"7":{"start":{"line":24,"column":8},"end":{"line":24,"column":42}},"8":{"start":{"line":25,"column":8},"end":{"line":25,"column":24}},"9":{"start":{"line":28,"column":6},"end":{"line":28,"column":51}},"10":{"start":{"line":29,"column":6},"end":{"line":29,"column":55}},"11":{"start":{"line":33,"column":24},"end":{"line":49,"column":3}},"12":{"start":{"line":34,"column":4},"end":{"line":37,"column":5}},"13":{"start":{"line":35,"column":6},"end":{"line":35,"column":44}},"14":{"start":{"line":36,"column":6},"end":{"line":36,"column":13}},"15":{"start":{"line":39,"column":4},"end":{"line":39,"column":21}},"16":{"start":{"line":40,"column":4},"end":{"line":48,"column":5}},"17":{"start":{"line":41,"column":29},"end":{"line":41,"column":56}},"18":{"start":{"line":42,"column":6},"end":{"line":42,"column":32}},"19":{"start":{"line":44,"column":6},"end":{"line":44,"column":52}},"20":{"start":{"line":45,"column":6},"end":{"line":45,"column":57}},"21":{"start":{"line":47,"column":6},"end":{"line":47,"column":24}},"22":{"start":{"line":51,"column":2},"end":{"line":147,"column":4}},"23":{"start":{"line":119,"column":14},"end":{"line":127,"column":21}},"24":{"start":{"line":133,"column":16},"end":{"line":140,"column":23}},"25":{"start":{"line":150,"column":15},"end":{"line":309,"column":2}}},"fnMap":{"0":{"name":"SkinAnalysisScreen","decl":{"start":{"line":8,"column":24},"end":{"line":8,"column":42}},"loc":{"start":{"line":8,"column":45},"end":{"line":148,"column":1}},"line":8},"1":{"name":"(anonymous_1)","decl":{"start":{"line":13,"column":20},"end":{"line":13,"column":21}},"loc":{"start":{"line":13,"column":32},"end":{"line":31,"column":3}},"line":13},"2":{"name":"(anonymous_2)","decl":{"start":{"line":33,"column":24},"end":{"line":33,"column":25}},"loc":{"start":{"line":33,"column":36},"end":{"line":49,"column":3}},"line":33},"3":{"name":"(anonymous_3)","decl":{"start":{"line":118,"column":35},"end":{"line":118,"column":36}},"loc":{"start":{"line":119,"column":14},"end":{"line":127,"column":21}},"line":119},"4":{"name":"(anonymous_4)","decl":{"start":{"line":132,"column":42},"end":{"line":132,"column":43}},"loc":{"start":{"line":133,"column":16},"end":{"line":140,"column":23}},"line":133}},"branchMap":{"0":{"loc":{"start":{"line":23,"column":6},"end":{"line":26,"column":7}},"type":"if","locations":[{"start":{"line":23,"column":6},"end":{"line":26,"column":7}},{"start":{},"end":{}}],"line":23},"1":{"loc":{"start":{"line":34,"column":4},"end":{"line":37,"column":5}},"type":"if","locations":[{"start":{"line":34,"column":4},"end":{"line":37,"column":5}},{"start":{},"end":{}}],"line":34},"2":{"loc":{"start":{"line":69,"column":9},"end":{"line":73,"column":9}},"type":"binary-expr","locations":[{"start":{"line":69,"column":9},"end":{"line":69,"column":17}},{"start":{"line":70,"column":10},"end":{"line":72,"column":17}}],"line":69},"3":{"loc":{"start":{"line":81,"column":35},"end":{"line":81,"column":69}},"type":"binary-expr","locations":[{"start":{"line":81,"column":35},"end":{"line":81,"column":44}},{"start":{"line":81,"column":48},"end":{"line":81,"column":69}}],"line":81},"4":{"loc":{"start":{"line":83,"column":22},"end":{"line":83,"column":42}},"type":"binary-expr","locations":[{"start":{"line":83,"column":22},"end":{"line":83,"column":31}},{"start":{"line":83,"column":35},"end":{"line":83,"column":42}}],"line":83},"5":{"loc":{"start":{"line":86,"column":15},"end":{"line":86,"column":56}},"type":"cond-expr","locations":[{"start":{"line":86,"column":25},"end":{"line":86,"column":39}},{"start":{"line":86,"column":42},"end":{"line":86,"column":56}}],"line":86},"6":{"loc":{"start":{"line":91,"column":9},"end":{"line":96,"column":9}},"type":"binary-expr","locations":[{"start":{"line":91,"column":9},"end":{"line":91,"column":16}},{"start":{"line":92,"column":10},"end":{"line":95,"column":17}}],"line":91},"7":{"loc":{"start":{"line":98,"column":9},"end":{"line":144,"column":9}},"type":"binary-expr","locations":[{"start":{"line":98,"column":9},"end":{"line":98,"column":15}},{"start":{"line":99,"column":10},"end":{"line":143,"column":17}}],"line":98},"8":{"loc":{"start":{"line":110,"column":20},"end":{"line":111,"column":84}},"type":"cond-expr","locations":[{"start":{"line":110,"column":47},"end":{"line":110,"column":63}},{"start":{"line":111,"column":20},"end":{"line":111,"column":84}}],"line":110},"9":{"loc":{"start":{"line":111,"column":20},"end":{"line":111,"column":84}},"type":"cond-expr","locations":[{"start":{"line":111,"column":47},"end":{"line":111,"column":65}},{"start":{"line":111,"column":68},"end":{"line":111,"column":84}}],"line":111}},"s":{"0":0,"1":0,"2":0,"3":0,"4":0,"5":0,"6":0,"7":0,"8":0,"9":0,"10":0,"11":0,"12":0,"13":0,"14":0,"15":0,"16":0,"17":0,"18":0,"19":0,"20":0,"21":0,"22":0,"23":0,"24":0,"25":0},"f":{"0":0,"1":0,"2":0,"3":0,"4":0},"b":{"0":[0,0],"1":[0,0],"2":[0,0],"3":[0,0],"4":[0,0],"5":[0,0],"6":[0,0],"7":[0,0],"8":[0,0],"9":[0,0]}}
,"/Users/mb/Desktop/vibewell/apps/mobile/src/App.tsx": {"path":"/Users/mb/Desktop/vibewell/apps/mobile/src/App.tsx","statementMap":{"0":{"start":{"line":12,"column":2},"end":{"line":25,"column":4}}},"fnMap":{"0":{"name":"App","decl":{"start":{"line":11,"column":24},"end":{"line":11,"column":27}},"loc":{"start":{"line":11,"column":30},"end":{"line":26,"column":1}},"line":11}},"branchMap":{},"s":{"0":0},"f":{"0":0},"b":{}}
,"/Users/mb/Desktop/vibewell/apps/mobile/src/config.ts": {"path":"/Users/mb/Desktop/vibewell/apps/mobile/src/config.ts","statementMap":{"0":{"start":{"line":2,"column":29},"end":{"line":2,"column":55}},"1":{"start":{"line":5,"column":25},"end":{"line":11,"column":1}},"2":{"start":{"line":14,"column":27},"end":{"line":20,"column":1}},"3":{"start":{"line":23,"column":24},"end":{"line":28,"column":1}},"4":{"start":{"line":31,"column":28},"end":{"line":37,"column":1}},"5":{"start":{"line":40,"column":36},"end":{"line":40,"column":53}},"6":{"start":{"line":43,"column":34},"end":{"line":48,"column":1}}},"fnMap":{},"branchMap":{"0":{"loc":{"start":{"line":9,"column":15},"end":{"line":9,"column":53}},"type":"cond-expr","locations":[{"start":{"line":9,"column":25},"end":{"line":9,"column":38}},{"start":{"line":9,"column":41},"end":{"line":9,"column":53}}],"line":9},"1":{"loc":{"start":{"line":10,"column":12},"end":{"line":10,"column":39}},"type":"cond-expr","locations":[{"start":{"line":10,"column":22},"end":{"line":10,"column":29}},{"start":{"line":10,"column":32},"end":{"line":10,"column":39}}],"line":10}},"s":{"0":0,"1":0,"2":0,"3":0,"4":0,"5":0,"6":0},"f":{},"b":{"0":[0,0],"1":[0,0]}}
,"/Users/mb/Desktop/vibewell/apps/mobile/src/ar/ARScene.tsx": {"path":"/Users/mb/Desktop/vibewell/apps/mobile/src/ar/ARScene.tsx","statementMap":{"0":{"start":{"line":10,"column":40},"end":{"line":22,"column":1}},"1":{"start":{"line":11,"column":2},"end":{"line":21,"column":16}}},"fnMap":{"0":{"name":"(anonymous_0)","decl":{"start":{"line":10,"column":40},"end":{"line":10,"column":41}},"loc":{"start":{"line":11,"column":2},"end":{"line":21,"column":16}},"line":11}},"branchMap":{},"s":{"0":0,"1":0},"f":{"0":0},"b":{}}
,"/Users/mb/Desktop/vibewell/apps/mobile/src/ar/LoadingOverlay.tsx": {"path":"/Users/mb/Desktop/vibewell/apps/mobile/src/ar/LoadingOverlay.tsx","statementMap":{"0":{"start":{"line":5,"column":69},"end":{"line":48,"column":1}},"1":{"start":{"line":6,"column":18},"end":{"line":6,"column":35}},"2":{"start":{"line":7,"column":16},"end":{"line":7,"column":33}},"3":{"start":{"line":9,"column":22},"end":{"line":9,"column":74}},"4":{"start":{"line":9,"column":46},"end":{"line":9,"column":72}},"5":{"start":{"line":10,"column":20},"end":{"line":10,"column":85}},"6":{"start":{"line":10,"column":44},"end":{"line":10,"column":83}},"7":{"start":{"line":12,"column":2},"end":{"line":22,"column":9}},"8":{"start":{"line":14,"column":4},"end":{"line":21,"column":6}},"9":{"start":{"line":24,"column":2},"end":{"line":37,"column":17}},"10":{"start":{"line":25,"column":4},"end":{"line":36,"column":5}},"11":{"start":{"line":26,"column":6},"end":{"line":26,"column":55}},"12":{"start":{"line":27,"column":6},"end":{"line":35,"column":7}},"13":{"start":{"line":28,"column":8},"end":{"line":34,"column":13}},"14":{"start":{"line":29,"column":10},"end":{"line":29,"column":40}},"15":{"start":{"line":30,"column":10},"end":{"line":33,"column":18}},"16":{"start":{"line":31,"column":12},"end":{"line":31,"column":30}},"17":{"start":{"line":32,"column":12},"end":{"line":32,"column":32}},"18":{"start":{"line":39,"column":2},"end":{"line":47,"column":4}},"19":{"start":{"line":50,"column":15},"end":{"line":61,"column":2}}},"fnMap":{"0":{"name":"(anonymous_0)","decl":{"start":{"line":5,"column":69},"end":{"line":5,"column":70}},"loc":{"start":{"line":5,"column":94},"end":{"line":48,"column":1}},"line":5},"1":{"name":"(anonymous_1)","decl":{"start":{"line":9,"column":39},"end":{"line":9,"column":40}},"loc":{"start":{"line":9,"column":46},"end":{"line":9,"column":72}},"line":9},"2":{"name":"(anonymous_2)","decl":{"start":{"line":10,"column":37},"end":{"line":10,"column":38}},"loc":{"start":{"line":10,"column":44},"end":{"line":10,"column":83}},"line":10},"3":{"name":"(anonymous_3)","decl":{"start":{"line":12,"column":12},"end":{"line":12,"column":13}},"loc":{"start":{"line":12,"column":18},"end":{"line":22,"column":3}},"line":12},"4":{"name":"(anonymous_4)","decl":{"start":{"line":24,"column":12},"end":{"line":24,"column":13}},"loc":{"start":{"line":24,"column":18},"end":{"line":37,"column":3}},"line":24},"5":{"name":"(anonymous_5)","decl":{"start":{"line":28,"column":9},"end":{"line":28,"column":10}},"loc":{"start":{"line":28,"column":21},"end":{"line":34,"column":9}},"line":28},"6":{"name":"(anonymous_6)","decl":{"start":{"line":30,"column":21},"end":{"line":30,"column":22}},"loc":{"start":{"line":30,"column":27},"end":{"line":33,"column":11}},"line":30}},"branchMap":{"0":{"loc":{"start":{"line":25,"column":4},"end":{"line":36,"column":5}},"type":"if","locations":[{"start":{"line":25,"column":4},"end":{"line":36,"column":5}},{"start":{},"end":{}}],"line":25},"1":{"loc":{"start":{"line":27,"column":6},"end":{"line":35,"column":7}},"type":"if","locations":[{"start":{"line":27,"column":6},"end":{"line":35,"column":7}},{"start":{},"end":{}}],"line":27}},"s":{"0":0,"1":0,"2":0,"3":0,"4":0,"5":0,"6":0,"7":0,"8":0,"9":0,"10":0,"11":0,"12":0,"13":0,"14":0,"15":0,"16":0,"17":0,"18":0,"19":0},"f":{"0":0,"1":0,"2":0,"3":0,"4":0,"5":0,"6":0},"b":{"0":[0,0],"1":[0,0]}}
,"/Users/mb/Desktop/vibewell/apps/mobile/src/ar/modelConfig.ts": {"path":"/Users/mb/Desktop/vibewell/apps/mobile/src/ar/modelConfig.ts","statementMap":{"0":{"start":{"line":10,"column":36},"end":{"line":17,"column":1}}},"fnMap":{},"branchMap":{},"s":{"0":0},"f":{},"b":{}}
,"/Users/mb/Desktop/vibewell/apps/mobile/src/components/beauty/BeautyCategories.tsx": {"path":"/Users/mb/Desktop/vibewell/apps/mobile/src/components/beauty/BeautyCategories.tsx","statementMap":{"0":{"start":{"line":19,"column":42},"end":{"line":49,"column":1}},"1":{"start":{"line":20,"column":2},"end":{"line":48,"column":4}},"2":{"start":{"line":51,"column":58},"end":{"line":85,"column":1}},"3":{"start":{"line":56,"column":21},"end":{"line":64,"column":3}},"4":{"start":{"line":66,"column":2},"end":{"line":84,"column":4}},"5":{"start":{"line":74,"column":8},"end":{"line":81,"column":10}},"6":{"start":{"line":79,"column":25},"end":{"line":79,"column":54}},"7":{"start":{"line":87,"column":15},"end":{"line":113,"column":2}}},"fnMap":{"0":{"name":"(anonymous_0)","decl":{"start":{"line":19,"column":42},"end":{"line":19,"column":43}},"loc":{"start":{"line":19,"column":96},"end":{"line":49,"column":1}},"line":19},"1":{"name":"(anonymous_1)","decl":{"start":{"line":51,"column":58},"end":{"line":51,"column":59}},"loc":{"start":{"line":55,"column":6},"end":{"line":85,"column":1}},"line":55},"2":{"name":"(anonymous_2)","decl":{"start":{"line":73,"column":22},"end":{"line":73,"column":23}},"loc":{"start":{"line":74,"column":8},"end":{"line":81,"column":10}},"line":74},"3":{"name":"(anonymous_3)","decl":{"start":{"line":79,"column":19},"end":{"line":79,"column":20}},"loc":{"start":{"line":79,"column":25},"end":{"line":79,"column":54}},"line":79}},"branchMap":{"0":{"loc":{"start":{"line":25,"column":27},"end":{"line":27,"column":50}},"type":"cond-expr","locations":[{"start":{"line":26,"column":15},"end":{"line":26,"column":49}},{"start":{"line":27,"column":15},"end":{"line":27,"column":49}}],"line":25},"1":{"loc":{"start":{"line":26,"column":15},"end":{"line":26,"column":49}},"type":"cond-expr","locations":[{"start":{"line":26,"column":28},"end":{"line":26,"column":37}},{"start":{"line":26,"column":40},"end":{"line":26,"column":49}}],"line":26},"2":{"loc":{"start":{"line":27,"column":15},"end":{"line":27,"column":49}},"type":"cond-expr","locations":[{"start":{"line":27,"column":28},"end":{"line":27,"column":37}},{"start":{"line":27,"column":40},"end":{"line":27,"column":49}}],"line":27},"3":{"loc":{"start":{"line":35,"column":15},"end":{"line":35,"column":76}},"type":"cond-expr","locations":[{"start":{"line":35,"column":28},"end":{"line":35,"column":37}},{"start":{"line":35,"column":41},"end":{"line":35,"column":75}}],"line":35},"4":{"loc":{"start":{"line":35,"column":41},"end":{"line":35,"column":75}},"type":"cond-expr","locations":[{"start":{"line":35,"column":54},"end":{"line":35,"column":63}},{"start":{"line":35,"column":66},"end":{"line":35,"column":75}}],"line":35},"5":{"loc":{"start":{"line":41,"column":19},"end":{"line":41,"column":80}},"type":"cond-expr","locations":[{"start":{"line":41,"column":32},"end":{"line":41,"column":41}},{"start":{"line":41,"column":45},"end":{"line":41,"column":79}}],"line":41},"6":{"loc":{"start":{"line":41,"column":45},"end":{"line":41,"column":79}},"type":"cond-expr","locations":[{"start":{"line":41,"column":58},"end":{"line":41,"column":67}},{"start":{"line":41,"column":70},"end":{"line":41,"column":79}}],"line":41}},"s":{"0":0,"1":0,"2":0,"3":0,"4":0,"5":0,"6":0,"7":0},"f":{"0":0,"1":0,"2":0,"3":0},"b":{"0":[0,0],"1":[0,0],"2":[0,0],"3":[0,0],"4":[0,0],"5":[0,0],"6":[0,0]}}
,"/Users/mb/Desktop/vibewell/apps/mobile/src/components/beauty/BeautyFilters.tsx": {"path":"/Users/mb/Desktop/vibewell/apps/mobile/src/components/beauty/BeautyFilters.tsx","statementMap":{"0":{"start":{"line":25,"column":38},"end":{"line":32,"column":1}},"1":{"start":{"line":34,"column":52},"end":{"line":197,"column":1}},"2":{"start":{"line":41,"column":32},"end":{"line":41,"column":89}},"3":{"start":{"line":43,"column":2},"end":{"line":47,"column":32}},"4":{"start":{"line":44,"column":4},"end":{"line":46,"column":5}},"5":{"start":{"line":45,"column":6},"end":{"line":45,"column":52}},"6":{"start":{"line":49,"column":22},"end":{"line":51,"column":3}},"7":{"start":{"line":50,"column":4},"end":{"line":50,"column":32}},"8":{"start":{"line":53,"column":29},"end":{"line":55,"column":3}},"9":{"start":{"line":54,"column":4},"end":{"line":54,"column":21}},"10":{"start":{"line":57,"column":23},"end":{"line":59,"column":3}},"11":{"start":{"line":58,"column":4},"end":{"line":58,"column":52}},"12":{"start":{"line":58,"column":24},"end":{"line":58,"column":49}},"13":{"start":{"line":61,"column":20},"end":{"line":61,"column":67}},"14":{"start":{"line":62,"column":26},"end":{"line":62,"column":85}},"15":{"start":{"line":63,"column":21},"end":{"line":63,"column":70}},"16":{"start":{"line":65,"column":2},"end":{"line":196,"column":4}},"17":{"start":{"line":94,"column":42},"end":{"line":94,"column":85}},"18":{"start":{"line":104,"column":42},"end":{"line":104,"column":85}},"19":{"start":{"line":123,"column":42},"end":{"line":123,"column":88}},"20":{"start":{"line":133,"column":42},"end":{"line":133,"column":88}},"21":{"start":{"line":145,"column":18},"end":{"line":157,"column":37}},"22":{"start":{"line":148,"column":35},"end":{"line":148,"column":68}},"23":{"start":{"line":168,"column":44},"end":{"line":168,"column":75}},"24":{"start":{"line":199,"column":15},"end":{"line":361,"column":2}}},"fnMap":{"0":{"name":"(anonymous_0)","decl":{"start":{"line":34,"column":52},"end":{"line":34,"column":53}},"loc":{"start":{"line":40,"column":6},"end":{"line":197,"column":1}},"line":40},"1":{"name":"(anonymous_1)","decl":{"start":{"line":43,"column":12},"end":{"line":43,"column":13}},"loc":{"start":{"line":43,"column":18},"end":{"line":47,"column":3}},"line":43},"2":{"name":"(anonymous_2)","decl":{"start":{"line":49,"column":22},"end":{"line":49,"column":23}},"loc":{"start":{"line":49,"column":28},"end":{"line":51,"column":3}},"line":49},"3":{"name":"(anonymous_3)","decl":{"start":{"line":53,"column":29},"end":{"line":53,"column":30}},"loc":{"start":{"line":53,"column":35},"end":{"line":55,"column":3}},"line":53},"4":{"name":"(anonymous_4)","decl":{"start":{"line":57,"column":23},"end":{"line":57,"column":24}},"loc":{"start":{"line":57,"column":89},"end":{"line":59,"column":3}},"line":57},"5":{"name":"(anonymous_5)","decl":{"start":{"line":58,"column":15},"end":{"line":58,"column":16}},"loc":{"start":{"line":58,"column":24},"end":{"line":58,"column":49}},"line":58},"6":{"name":"(anonymous_6)","decl":{"start":{"line":94,"column":31},"end":{"line":94,"column":32}},"loc":{"start":{"line":94,"column":42},"end":{"line":94,"column":85}},"line":94},"7":{"name":"(anonymous_7)","decl":{"start":{"line":104,"column":31},"end":{"line":104,"column":32}},"loc":{"start":{"line":104,"column":42},"end":{"line":104,"column":85}},"line":104},"8":{"name":"(anonymous_8)","decl":{"start":{"line":123,"column":31},"end":{"line":123,"column":32}},"loc":{"start":{"line":123,"column":42},"end":{"line":123,"column":88}},"line":123},"9":{"name":"(anonymous_9)","decl":{"start":{"line":133,"column":31},"end":{"line":133,"column":32}},"loc":{"start":{"line":133,"column":42},"end":{"line":133,"column":88}},"line":133},"10":{"name":"(anonymous_10)","decl":{"start":{"line":144,"column":40},"end":{"line":144,"column":41}},"loc":{"start":{"line":145,"column":18},"end":{"line":157,"column":37}},"line":145},"11":{"name":"(anonymous_11)","decl":{"start":{"line":148,"column":29},"end":{"line":148,"column":30}},"loc":{"start":{"line":148,"column":35},"end":{"line":148,"column":68}},"line":148},"12":{"name":"(anonymous_12)","decl":{"start":{"line":168,"column":33},"end":{"line":168,"column":34}},"loc":{"start":{"line":168,"column":44},"end":{"line":168,"column":75}},"line":168}},"branchMap":{"0":{"loc":{"start":{"line":41,"column":55},"end":{"line":41,"column":88}},"type":"binary-expr","locations":[{"start":{"line":41,"column":55},"end":{"line":41,"column":69}},{"start":{"line":41,"column":73},"end":{"line":41,"column":88}}],"line":41},"1":{"loc":{"start":{"line":44,"column":4},"end":{"line":46,"column":5}},"type":"if","locations":[{"start":{"line":44,"column":4},"end":{"line":46,"column":5}},{"start":{},"end":{}}],"line":44},"2":{"loc":{"start":{"line":45,"column":17},"end":{"line":45,"column":50}},"type":"binary-expr","locations":[{"start":{"line":45,"column":17},"end":{"line":45,"column":31}},{"start":{"line":45,"column":35},"end":{"line":45,"column":50}}],"line":45},"3":{"loc":{"start":{"line":61,"column":20},"end":{"line":61,"column":67}},"type":"cond-expr","locations":[{"start":{"line":61,"column":33},"end":{"line":61,"column":48}},{"start":{"line":61,"column":51},"end":{"line":61,"column":67}}],"line":61},"4":{"loc":{"start":{"line":62,"column":26},"end":{"line":62,"column":85}},"type":"cond-expr","locations":[{"start":{"line":62,"column":39},"end":{"line":62,"column":60}},{"start":{"line":62,"column":63},"end":{"line":62,"column":85}}],"line":62},"5":{"loc":{"start":{"line":63,"column":21},"end":{"line":63,"column":70}},"type":"cond-expr","locations":[{"start":{"line":63,"column":34},"end":{"line":63,"column":50}},{"start":{"line":63,"column":53},"end":{"line":63,"column":70}}],"line":63},"6":{"loc":{"start":{"line":72,"column":41},"end":{"line":72,"column":94}},"type":"cond-expr","locations":[{"start":{"line":72,"column":54},"end":{"line":72,"column":72}},{"start":{"line":72,"column":75},"end":{"line":72,"column":94}}],"line":72},"7":{"loc":{"start":{"line":77,"column":59},"end":{"line":77,"column":87}},"type":"cond-expr","locations":[{"start":{"line":77,"column":72},"end":{"line":77,"column":78}},{"start":{"line":77,"column":81},"end":{"line":77,"column":87}}],"line":77},"8":{"loc":{"start":{"line":93,"column":23},"end":{"line":93,"column":44}},"type":"binary-expr","locations":[{"start":{"line":93,"column":23},"end":{"line":93,"column":39}},{"start":{"line":93,"column":43},"end":{"line":93,"column":44}}],"line":93},"9":{"loc":{"start":{"line":95,"column":39},"end":{"line":95,"column":73}},"type":"cond-expr","locations":[{"start":{"line":95,"column":52},"end":{"line":95,"column":61}},{"start":{"line":95,"column":64},"end":{"line":95,"column":73}}],"line":95},"10":{"loc":{"start":{"line":96,"column":39},"end":{"line":96,"column":70}},"type":"cond-expr","locations":[{"start":{"line":96,"column":52},"end":{"line":96,"column":58}},{"start":{"line":96,"column":61},"end":{"line":96,"column":70}}],"line":96},"11":{"loc":{"start":{"line":97,"column":32},"end":{"line":97,"column":66}},"type":"cond-expr","locations":[{"start":{"line":97,"column":45},"end":{"line":97,"column":54}},{"start":{"line":97,"column":57},"end":{"line":97,"column":66}}],"line":97},"12":{"loc":{"start":{"line":103,"column":23},"end":{"line":103,"column":46}},"type":"binary-expr","locations":[{"start":{"line":103,"column":23},"end":{"line":103,"column":39}},{"start":{"line":103,"column":43},"end":{"line":103,"column":46}}],"line":103},"13":{"loc":{"start":{"line":105,"column":39},"end":{"line":105,"column":73}},"type":"cond-expr","locations":[{"start":{"line":105,"column":52},"end":{"line":105,"column":61}},{"start":{"line":105,"column":64},"end":{"line":105,"column":73}}],"line":105},"14":{"loc":{"start":{"line":106,"column":39},"end":{"line":106,"column":70}},"type":"cond-expr","locations":[{"start":{"line":106,"column":52},"end":{"line":106,"column":58}},{"start":{"line":106,"column":61},"end":{"line":106,"column":70}}],"line":106},"15":{"loc":{"start":{"line":107,"column":32},"end":{"line":107,"column":66}},"type":"cond-expr","locations":[{"start":{"line":107,"column":45},"end":{"line":107,"column":54}},{"start":{"line":107,"column":57},"end":{"line":107,"column":66}}],"line":107},"16":{"loc":{"start":{"line":122,"column":23},"end":{"line":122,"column":48}},"type":"binary-expr","locations":[{"start":{"line":122,"column":23},"end":{"line":122,"column":42}},{"start":{"line":122,"column":46},"end":{"line":122,"column":48}}],"line":122},"17":{"loc":{"start":{"line":124,"column":39},"end":{"line":124,"column":73}},"type":"cond-expr","locations":[{"start":{"line":124,"column":52},"end":{"line":124,"column":61}},{"start":{"line":124,"column":64},"end":{"line":124,"column":73}}],"line":124},"18":{"loc":{"start":{"line":125,"column":39},"end":{"line":125,"column":70}},"type":"cond-expr","locations":[{"start":{"line":125,"column":52},"end":{"line":125,"column":58}},{"start":{"line":125,"column":61},"end":{"line":125,"column":70}}],"line":125},"19":{"loc":{"start":{"line":126,"column":32},"end":{"line":126,"column":66}},"type":"cond-expr","locations":[{"start":{"line":126,"column":45},"end":{"line":126,"column":54}},{"start":{"line":126,"column":57},"end":{"line":126,"column":66}}],"line":126},"20":{"loc":{"start":{"line":132,"column":23},"end":{"line":132,"column":49}},"type":"binary-expr","locations":[{"start":{"line":132,"column":23},"end":{"line":132,"column":42}},{"start":{"line":132,"column":46},"end":{"line":132,"column":49}}],"line":132},"21":{"loc":{"start":{"line":134,"column":39},"end":{"line":134,"column":73}},"type":"cond-expr","locations":[{"start":{"line":134,"column":52},"end":{"line":134,"column":61}},{"start":{"line":134,"column":64},"end":{"line":134,"column":73}}],"line":134},"22":{"loc":{"start":{"line":135,"column":39},"end":{"line":135,"column":70}},"type":"cond-expr","locations":[{"start":{"line":135,"column":52},"end":{"line":135,"column":58}},{"start":{"line":135,"column":61},"end":{"line":135,"column":70}}],"line":135},"23":{"loc":{"start":{"line":136,"column":32},"end":{"line":136,"column":66}},"type":"cond-expr","locations":[{"start":{"line":136,"column":45},"end":{"line":136,"column":54}},{"start":{"line":136,"column":57},"end":{"line":136,"column":66}}],"line":136},"24":{"loc":{"start":{"line":152,"column":22},"end":{"line":152,"column":75}},"type":"binary-expr","locations":[{"start":{"line":152,"column":22},"end":{"line":152,"column":50}},{"start":{"line":152,"column":54},"end":{"line":152,"column":75}}],"line":152},"25":{"loc":{"start":{"line":153,"column":22},"end":{"line":153,"column":57}},"type":"binary-expr","locations":[{"start":{"line":153,"column":22},"end":{"line":153,"column":32}},{"start":{"line":153,"column":36},"end":{"line":153,"column":57}}],"line":153},"26":{"loc":{"start":{"line":155,"column":23},"end":{"line":155,"column":59}},"type":"cond-expr","locations":[{"start":{"line":155,"column":38},"end":{"line":155,"column":43}},{"start":{"line":155,"column":46},"end":{"line":155,"column":59}}],"line":155},"27":{"loc":{"start":{"line":167,"column":25},"end":{"line":167,"column":50}},"type":"binary-expr","locations":[{"start":{"line":167,"column":25},"end":{"line":167,"column":41}},{"start":{"line":167,"column":45},"end":{"line":167,"column":50}}],"line":167},"28":{"loc":{"start":{"line":169,"column":56},"end":{"line":169,"column":90}},"type":"cond-expr","locations":[{"start":{"line":169,"column":69},"end":{"line":169,"column":78}},{"start":{"line":169,"column":81},"end":{"line":169,"column":90}}],"line":169},"29":{"loc":{"start":{"line":170,"column":30},"end":{"line":170,"column":95}},"type":"cond-expr","locations":[{"start":{"line":170,"column":49},"end":{"line":170,"column":83}},{"start":{"line":170,"column":86},"end":{"line":170,"column":95}}],"line":170},"30":{"loc":{"start":{"line":170,"column":49},"end":{"line":170,"column":83}},"type":"cond-expr","locations":[{"start":{"line":170,"column":62},"end":{"line":170,"column":71}},{"start":{"line":170,"column":74},"end":{"line":170,"column":83}}],"line":170},"31":{"loc":{"start":{"line":173,"column":19},"end":{"line":173,"column":89}},"type":"cond-expr","locations":[{"start":{"line":173,"column":38},"end":{"line":173,"column":67}},{"start":{"line":173,"column":70},"end":{"line":173,"column":89}}],"line":173},"32":{"loc":{"start":{"line":181,"column":42},"end":{"line":181,"column":78}},"type":"binary-expr","locations":[{"start":{"line":181,"column":42},"end":{"line":181,"column":52}},{"start":{"line":181,"column":56},"end":{"line":181,"column":78}}],"line":181},"33":{"loc":{"start":{"line":184,"column":47},"end":{"line":184,"column":82}},"type":"binary-expr","locations":[{"start":{"line":184,"column":47},"end":{"line":184,"column":57}},{"start":{"line":184,"column":61},"end":{"line":184,"column":82}}],"line":184},"34":{"loc":{"start":{"line":187,"column":42},"end":{"line":187,"column":78}},"type":"binary-expr","locations":[{"start":{"line":187,"column":42},"end":{"line":187,"column":52}},{"start":{"line":187,"column":56},"end":{"line":187,"column":78}}],"line":187}},"s":{"0":0,"1":0,"2":0,"3":0,"4":0,"5":0,"6":0,"7":0,"8":0,"9":0,"10":0,"11":0,"12":0,"13":0,"14":0,"15":0,"16":0,"17":0,"18":0,"19":0,"20":0,"21":0,"22":0,"23":0,"24":0},"f":{"0":0,"1":0,"2":0,"3":0,"4":0,"5":0,"6":0,"7":0,"8":0,"9":0,"10":0,"11":0,"12":0},"b":{"0":[0,0],"1":[0,0],"2":[0,0],"3":[0,0],"4":[0,0],"5":[0,0],"6":[0,0],"7":[0,0],"8":[0,0],"9":[0,0],"10":[0,0],"11":[0,0],"12":[0,0],"13":[0,0],"14":[0,0],"15":[0,0],"16":[0,0],"17":[0,0],"18":[0,0],"19":[0,0],"20":[0,0],"21":[0,0],"22":[0,0],"23":[0,0],"24":[0,0],"25":[0,0],"26":[0,0],"27":[0,0],"28":[0,0],"29":[0,0],"30":[0,0],"31":[0,0],"32":[0,0],"33":[0,0],"34":[0,0]}}
,"/Users/mb/Desktop/vibewell/apps/mobile/src/components/beauty/BeautyReviews.tsx": {"path":"/Users/mb/Desktop/vibewell/apps/mobile/src/components/beauty/BeautyReviews.tsx","statementMap":{"0":{"start":{"line":24,"column":22},"end":{"line":248,"column":1}},"1":{"start":{"line":25,"column":44},"end":{"line":25,"column":59}},"2":{"start":{"line":26,"column":30},"end":{"line":26,"column":41}},"3":{"start":{"line":27,"column":32},"end":{"line":27,"column":44}},"4":{"start":{"line":28,"column":42},"end":{"line":28,"column":57}},"5":{"start":{"line":30,"column":29},"end":{"line":58,"column":3}},"6":{"start":{"line":31,"column":4},"end":{"line":34,"column":5}},"7":{"start":{"line":32,"column":6},"end":{"line":32,"column":66}},"8":{"start":{"line":33,"column":6},"end":{"line":33,"column":13}},"9":{"start":{"line":36,"column":4},"end":{"line":36,"column":26}},"10":{"start":{"line":38,"column":4},"end":{"line":57,"column":5}},"11":{"start":{"line":39,"column":6},"end":{"line":47,"column":7}},"12":{"start":{"line":40,"column":8},"end":{"line":46,"column":11}},"13":{"start":{"line":49,"column":6},"end":{"line":49,"column":30}},"14":{"start":{"line":50,"column":6},"end":{"line":50,"column":19}},"15":{"start":{"line":51,"column":6},"end":{"line":51,"column":21}},"16":{"start":{"line":52,"column":6},"end":{"line":52,"column":64}},"17":{"start":{"line":54,"column":6},"end":{"line":54,"column":78}},"18":{"start":{"line":56,"column":6},"end":{"line":56,"column":29}},"19":{"start":{"line":60,"column":22},"end":{"line":74,"column":3}},"20":{"start":{"line":61,"column":4},"end":{"line":73,"column":6}},"21":{"start":{"line":64,"column":10},"end":{"line":70,"column":12}},"22":{"start":{"line":76,"column":27},"end":{"line":109,"column":3}},"23":{"start":{"line":77,"column":4},"end":{"line":108,"column":11}},"24":{"start":{"line":111,"column":2},"end":{"line":247,"column":4}},"25":{"start":{"line":125,"column":25},"end":{"line":125,"column":47}},"26":{"start":{"line":151,"column":34},"end":{"line":151,"column":41}},"27":{"start":{"line":161,"column":30},"end":{"line":161,"column":53}},"28":{"start":{"line":176,"column":31},"end":{"line":176,"column":54}},"29":{"start":{"line":192,"column":18},"end":{"line":202,"column":37}},"30":{"start":{"line":194,"column":35},"end":{"line":194,"column":50}},"31":{"start":{"line":250,"column":15},"end":{"line":401,"column":2}}},"fnMap":{"0":{"name":"(anonymous_0)","decl":{"start":{"line":24,"column":22},"end":{"line":24,"column":23}},"loc":{"start":{"line":24,"column":95},"end":{"line":248,"column":1}},"line":24},"1":{"name":"(anonymous_1)","decl":{"start":{"line":30,"column":29},"end":{"line":30,"column":30}},"loc":{"start":{"line":30,"column":41},"end":{"line":58,"column":3}},"line":30},"2":{"name":"(anonymous_2)","decl":{"start":{"line":60,"column":22},"end":{"line":60,"column":23}},"loc":{"start":{"line":60,"column":42},"end":{"line":74,"column":3}},"line":60},"3":{"name":"(anonymous_3)","decl":{"start":{"line":63,"column":29},"end":{"line":63,"column":30}},"loc":{"start":{"line":64,"column":10},"end":{"line":70,"column":12}},"line":64},"4":{"name":"(anonymous_4)","decl":{"start":{"line":76,"column":27},"end":{"line":76,"column":28}},"loc":{"start":{"line":77,"column":4},"end":{"line":108,"column":11}},"line":77},"5":{"name":"(anonymous_5)","decl":{"start":{"line":125,"column":19},"end":{"line":125,"column":20}},"loc":{"start":{"line":125,"column":25},"end":{"line":125,"column":47}},"line":125},"6":{"name":"(anonymous_6)","decl":{"start":{"line":151,"column":24},"end":{"line":151,"column":25}},"loc":{"start":{"line":151,"column":34},"end":{"line":151,"column":41}},"line":151},"7":{"name":"(anonymous_7)","decl":{"start":{"line":161,"column":24},"end":{"line":161,"column":25}},"loc":{"start":{"line":161,"column":30},"end":{"line":161,"column":53}},"line":161},"8":{"name":"(anonymous_8)","decl":{"start":{"line":176,"column":25},"end":{"line":176,"column":26}},"loc":{"start":{"line":176,"column":31},"end":{"line":176,"column":54}},"line":176},"9":{"name":"(anonymous_9)","decl":{"start":{"line":191,"column":37},"end":{"line":191,"column":38}},"loc":{"start":{"line":192,"column":18},"end":{"line":202,"column":37}},"line":192},"10":{"name":"(anonymous_10)","decl":{"start":{"line":194,"column":29},"end":{"line":194,"column":30}},"loc":{"start":{"line":194,"column":35},"end":{"line":194,"column":50}},"line":194}},"branchMap":{"0":{"loc":{"start":{"line":31,"column":4},"end":{"line":34,"column":5}},"type":"if","locations":[{"start":{"line":31,"column":4},"end":{"line":34,"column":5}},{"start":{},"end":{}}],"line":31},"1":{"loc":{"start":{"line":39,"column":6},"end":{"line":47,"column":7}},"type":"if","locations":[{"start":{"line":39,"column":6},"end":{"line":47,"column":7}},{"start":{},"end":{}}],"line":39},"2":{"loc":{"start":{"line":66,"column":18},"end":{"line":66,"column":50}},"type":"cond-expr","locations":[{"start":{"line":66,"column":35},"end":{"line":66,"column":41}},{"start":{"line":66,"column":44},"end":{"line":66,"column":50}}],"line":66},"3":{"loc":{"start":{"line":68,"column":19},"end":{"line":68,"column":82}},"type":"cond-expr","locations":[{"start":{"line":68,"column":36},"end":{"line":68,"column":45}},{"start":{"line":68,"column":48},"end":{"line":68,"column":82}}],"line":68},"4":{"loc":{"start":{"line":68,"column":48},"end":{"line":68,"column":82}},"type":"cond-expr","locations":[{"start":{"line":68,"column":61},"end":{"line":68,"column":70}},{"start":{"line":68,"column":73},"end":{"line":68,"column":82}}],"line":68},"5":{"loc":{"start":{"line":79,"column":25},"end":{"line":79,"column":59}},"type":"cond-expr","locations":[{"start":{"line":79,"column":38},"end":{"line":79,"column":47}},{"start":{"line":79,"column":50},"end":{"line":79,"column":59}}],"line":79},"6":{"loc":{"start":{"line":83,"column":25},"end":{"line":83,"column":111}},"type":"binary-expr","locations":[{"start":{"line":83,"column":25},"end":{"line":83,"column":40}},{"start":{"line":83,"column":44},"end":{"line":83,"column":111}}],"line":83},"7":{"loc":{"start":{"line":89,"column":21},"end":{"line":89,"column":55}},"type":"cond-expr","locations":[{"start":{"line":89,"column":34},"end":{"line":89,"column":43}},{"start":{"line":89,"column":46},"end":{"line":89,"column":55}}],"line":89},"8":{"loc":{"start":{"line":95,"column":21},"end":{"line":95,"column":55}},"type":"cond-expr","locations":[{"start":{"line":95,"column":34},"end":{"line":95,"column":43}},{"start":{"line":95,"column":46},"end":{"line":95,"column":55}}],"line":95},"9":{"loc":{"start":{"line":104,"column":17},"end":{"line":104,"column":51}},"type":"cond-expr","locations":[{"start":{"line":104,"column":30},"end":{"line":104,"column":39}},{"start":{"line":104,"column":42},"end":{"line":104,"column":51}}],"line":104},"10":{"loc":{"start":{"line":116,"column":19},"end":{"line":116,"column":53}},"type":"cond-expr","locations":[{"start":{"line":116,"column":32},"end":{"line":116,"column":41}},{"start":{"line":116,"column":44},"end":{"line":116,"column":53}}],"line":116},"11":{"loc":{"start":{"line":123,"column":31},"end":{"line":123,"column":65}},"type":"cond-expr","locations":[{"start":{"line":123,"column":44},"end":{"line":123,"column":53}},{"start":{"line":123,"column":56},"end":{"line":123,"column":65}}],"line":123},"12":{"loc":{"start":{"line":127,"column":48},"end":{"line":127,"column":82}},"type":"cond-expr","locations":[{"start":{"line":127,"column":61},"end":{"line":127,"column":70}},{"start":{"line":127,"column":73},"end":{"line":127,"column":82}}],"line":127},"13":{"loc":{"start":{"line":130,"column":21},"end":{"line":130,"column":55}},"type":"cond-expr","locations":[{"start":{"line":130,"column":34},"end":{"line":130,"column":43}},{"start":{"line":130,"column":46},"end":{"line":130,"column":55}}],"line":130},"14":{"loc":{"start":{"line":137,"column":7},"end":{"line":154,"column":7}},"type":"cond-expr","locations":[{"start":{"line":138,"column":8},"end":{"line":146,"column":15}},{"start":{"line":148,"column":8},"end":{"line":153,"column":10}}],"line":137},"15":{"loc":{"start":{"line":139,"column":58},"end":{"line":139,"column":92}},"type":"cond-expr","locations":[{"start":{"line":139,"column":71},"end":{"line":139,"column":80}},{"start":{"line":139,"column":83},"end":{"line":139,"column":92}}],"line":139},"16":{"loc":{"start":{"line":142,"column":21},"end":{"line":142,"column":55}},"type":"cond-expr","locations":[{"start":{"line":142,"column":34},"end":{"line":142,"column":43}},{"start":{"line":142,"column":46},"end":{"line":142,"column":55}}],"line":142},"17":{"loc":{"start":{"line":166,"column":31},"end":{"line":166,"column":65}},"type":"cond-expr","locations":[{"start":{"line":166,"column":44},"end":{"line":166,"column":53}},{"start":{"line":166,"column":56},"end":{"line":166,"column":65}}],"line":166},"18":{"loc":{"start":{"line":171,"column":25},"end":{"line":171,"column":59}},"type":"cond-expr","locations":[{"start":{"line":171,"column":38},"end":{"line":171,"column":47}},{"start":{"line":171,"column":50},"end":{"line":171,"column":59}}],"line":171},"19":{"loc":{"start":{"line":179,"column":51},"end":{"line":179,"column":85}},"type":"cond-expr","locations":[{"start":{"line":179,"column":64},"end":{"line":179,"column":73}},{"start":{"line":179,"column":76},"end":{"line":179,"column":85}}],"line":179},"20":{"loc":{"start":{"line":186,"column":25},"end":{"line":186,"column":59}},"type":"cond-expr","locations":[{"start":{"line":186,"column":38},"end":{"line":186,"column":47}},{"start":{"line":186,"column":50},"end":{"line":186,"column":59}}],"line":186},"21":{"loc":{"start":{"line":200,"column":29},"end":{"line":200,"column":92}},"type":"cond-expr","locations":[{"start":{"line":200,"column":46},"end":{"line":200,"column":55}},{"start":{"line":200,"column":58},"end":{"line":200,"column":92}}],"line":200},"22":{"loc":{"start":{"line":200,"column":58},"end":{"line":200,"column":92}},"type":"cond-expr","locations":[{"start":{"line":200,"column":71},"end":{"line":200,"column":80}},{"start":{"line":200,"column":83},"end":{"line":200,"column":92}}],"line":200},"23":{"loc":{"start":{"line":210,"column":25},"end":{"line":210,"column":59}},"type":"cond-expr","locations":[{"start":{"line":210,"column":38},"end":{"line":210,"column":47}},{"start":{"line":210,"column":50},"end":{"line":210,"column":59}}],"line":210},"24":{"loc":{"start":{"line":218,"column":37},"end":{"line":218,"column":71}},"type":"cond-expr","locations":[{"start":{"line":218,"column":50},"end":{"line":218,"column":59}},{"start":{"line":218,"column":62},"end":{"line":218,"column":71}}],"line":218},"25":{"loc":{"start":{"line":219,"column":27},"end":{"line":219,"column":61}},"type":"cond-expr","locations":[{"start":{"line":219,"column":40},"end":{"line":219,"column":49}},{"start":{"line":219,"column":52},"end":{"line":219,"column":61}}],"line":219},"26":{"loc":{"start":{"line":220,"column":33},"end":{"line":220,"column":67}},"type":"cond-expr","locations":[{"start":{"line":220,"column":46},"end":{"line":220,"column":55}},{"start":{"line":220,"column":58},"end":{"line":220,"column":67}}],"line":220},"27":{"loc":{"start":{"line":224,"column":38},"end":{"line":224,"column":72}},"type":"cond-expr","locations":[{"start":{"line":224,"column":51},"end":{"line":224,"column":60}},{"start":{"line":224,"column":63},"end":{"line":224,"column":72}}],"line":224},"28":{"loc":{"start":{"line":234,"column":27},"end":{"line":234,"column":49}},"type":"cond-expr","locations":[{"start":{"line":234,"column":42},"end":{"line":234,"column":45}},{"start":{"line":234,"column":48},"end":{"line":234,"column":49}}],"line":234},"29":{"loc":{"start":{"line":240,"column":17},"end":{"line":240,"column":65}},"type":"cond-expr","locations":[{"start":{"line":240,"column":32},"end":{"line":240,"column":47}},{"start":{"line":240,"column":50},"end":{"line":240,"column":65}}],"line":240}},"s":{"0":0,"1":0,"2":0,"3":0,"4":0,"5":0,"6":0,"7":0,"8":0,"9":0,"10":0,"11":0,"12":0,"13":0,"14":0,"15":0,"16":0,"17":0,"18":0,"19":0,"20":0,"21":0,"22":0,"23":0,"24":0,"25":0,"26":0,"27":0,"28":0,"29":0,"30":0,"31":0},"f":{"0":0,"1":0,"2":0,"3":0,"4":0,"5":0,"6":0,"7":0,"8":0,"9":0,"10":0},"b":{"0":[0,0],"1":[0,0],"2":[0,0],"3":[0,0],"4":[0,0],"5":[0,0],"6":[0,0],"7":[0,0],"8":[0,0],"9":[0,0],"10":[0,0],"11":[0,0],"12":[0,0],"13":[0,0],"14":[0,0],"15":[0,0],"16":[0,0],"17":[0,0],"18":[0,0],"19":[0,0],"20":[0,0],"21":[0,0],"22":[0,0],"23":[0,0],"24":[0,0],"25":[0,0],"26":[0,0],"27":[0,0],"28":[0,0],"29":[0,0]}}
,"/Users/mb/Desktop/vibewell/apps/mobile/src/components/beauty/BeautySearch.tsx": {"path":"/Users/mb/Desktop/vibewell/apps/mobile/src/components/beauty/BeautySearch.tsx","statementMap":{"0":{"start":{"line":22,"column":50},"end":{"line":113,"column":1}},"1":{"start":{"line":29,"column":25},"end":{"line":29,"column":35}},"2":{"start":{"line":30,"column":36},"end":{"line":30,"column":55}},"3":{"start":{"line":31,"column":24},"end":{"line":31,"column":61}},"4":{"start":{"line":33,"column":2},"end":{"line":39,"column":33}},"5":{"start":{"line":34,"column":4},"end":{"line":38,"column":15}},"6":{"start":{"line":41,"column":23},"end":{"line":43,"column":3}},"7":{"start":{"line":42,"column":4},"end":{"line":42,"column":23}},"8":{"start":{"line":45,"column":16},"end":{"line":48,"column":4}},"9":{"start":{"line":50,"column":2},"end":{"line":112,"column":4}},"10":{"start":{"line":80,"column":25},"end":{"line":80,"column":43}},"11":{"start":{"line":81,"column":24},"end":{"line":81,"column":43}},"12":{"start":{"line":97,"column":12},"end":{"line":97,"column":32}},"13":{"start":{"line":98,"column":12},"end":{"line":98,"column":31}},"14":{"start":{"line":115,"column":15},"end":{"line":149,"column":2}}},"fnMap":{"0":{"name":"(anonymous_0)","decl":{"start":{"line":22,"column":50},"end":{"line":22,"column":51}},"loc":{"start":{"line":28,"column":6},"end":{"line":113,"column":1}},"line":28},"1":{"name":"(anonymous_1)","decl":{"start":{"line":33,"column":12},"end":{"line":33,"column":13}},"loc":{"start":{"line":33,"column":18},"end":{"line":39,"column":3}},"line":33},"2":{"name":"(anonymous_2)","decl":{"start":{"line":41,"column":23},"end":{"line":41,"column":24}},"loc":{"start":{"line":41,"column":29},"end":{"line":43,"column":3}},"line":41},"3":{"name":"(anonymous_3)","decl":{"start":{"line":80,"column":19},"end":{"line":80,"column":20}},"loc":{"start":{"line":80,"column":25},"end":{"line":80,"column":43}},"line":80},"4":{"name":"(anonymous_4)","decl":{"start":{"line":81,"column":18},"end":{"line":81,"column":19}},"loc":{"start":{"line":81,"column":24},"end":{"line":81,"column":43}},"line":81},"5":{"name":"(anonymous_5)","decl":{"start":{"line":96,"column":19},"end":{"line":96,"column":20}},"loc":{"start":{"line":96,"column":25},"end":{"line":99,"column":11}},"line":96}},"branchMap":{"0":{"loc":{"start":{"line":26,"column":2},"end":{"line":26,"column":43}},"type":"default-arg","locations":[{"start":{"line":26,"column":16},"end":{"line":26,"column":43}}],"line":26},"1":{"loc":{"start":{"line":27,"column":2},"end":{"line":27,"column":19}},"type":"default-arg","locations":[{"start":{"line":27,"column":14},"end":{"line":27,"column":19}}],"line":27},"2":{"loc":{"start":{"line":31,"column":43},"end":{"line":31,"column":60}},"type":"cond-expr","locations":[{"start":{"line":31,"column":55},"end":{"line":31,"column":56}},{"start":{"line":31,"column":59},"end":{"line":31,"column":60}}],"line":31},"3":{"loc":{"start":{"line":35,"column":15},"end":{"line":35,"column":32}},"type":"cond-expr","locations":[{"start":{"line":35,"column":27},"end":{"line":35,"column":28}},{"start":{"line":35,"column":31},"end":{"line":35,"column":32}}],"line":35},"4":{"loc":{"start":{"line":56,"column":29},"end":{"line":56,"column":63}},"type":"cond-expr","locations":[{"start":{"line":56,"column":42},"end":{"line":56,"column":51}},{"start":{"line":56,"column":54},"end":{"line":56,"column":63}}],"line":56},"5":{"loc":{"start":{"line":57,"column":25},"end":{"line":57,"column":59}},"type":"cond-expr","locations":[{"start":{"line":57,"column":38},"end":{"line":57,"column":47}},{"start":{"line":57,"column":50},"end":{"line":57,"column":59}}],"line":57},"6":{"loc":{"start":{"line":65,"column":17},"end":{"line":65,"column":51}},"type":"cond-expr","locations":[{"start":{"line":65,"column":30},"end":{"line":65,"column":39}},{"start":{"line":65,"column":42},"end":{"line":65,"column":51}}],"line":65},"7":{"loc":{"start":{"line":71,"column":21},"end":{"line":71,"column":55}},"type":"cond-expr","locations":[{"start":{"line":71,"column":34},"end":{"line":71,"column":43}},{"start":{"line":71,"column":46},"end":{"line":71,"column":55}}],"line":71},"8":{"loc":{"start":{"line":74,"column":32},"end":{"line":74,"column":66}},"type":"cond-expr","locations":[{"start":{"line":74,"column":45},"end":{"line":74,"column":54}},{"start":{"line":74,"column":57},"end":{"line":74,"column":66}}],"line":74},"9":{"loc":{"start":{"line":83,"column":9},"end":{"line":91,"column":9}},"type":"binary-expr","locations":[{"start":{"line":83,"column":9},"end":{"line":83,"column":30}},{"start":{"line":84,"column":10},"end":{"line":90,"column":29}}],"line":83},"10":{"loc":{"start":{"line":88,"column":21},"end":{"line":88,"column":55}},"type":"cond-expr","locations":[{"start":{"line":88,"column":34},"end":{"line":88,"column":43}},{"start":{"line":88,"column":46},"end":{"line":88,"column":55}}],"line":88},"11":{"loc":{"start":{"line":93,"column":7},"end":{"line":110,"column":7}},"type":"binary-expr","locations":[{"start":{"line":93,"column":7},"end":{"line":93,"column":16}},{"start":{"line":94,"column":8},"end":{"line":109,"column":27}}],"line":93},"12":{"loc":{"start":{"line":104,"column":23},"end":{"line":104,"column":57}},"type":"cond-expr","locations":[{"start":{"line":104,"column":36},"end":{"line":104,"column":45}},{"start":{"line":104,"column":48},"end":{"line":104,"column":57}}],"line":104}},"s":{"0":0,"1":0,"2":0,"3":0,"4":0,"5":0,"6":0,"7":0,"8":0,"9":0,"10":0,"11":0,"12":0,"13":0,"14":0},"f":{"0":0,"1":0,"2":0,"3":0,"4":0,"5":0},"b":{"0":[0],"1":[0],"2":[0,0],"3":[0,0],"4":[0,0],"5":[0,0],"6":[0,0],"7":[0,0],"8":[0,0],"9":[0,0],"10":[0,0],"11":[0,0],"12":[0,0]}}
,"/Users/mb/Desktop/vibewell/apps/mobile/src/components/beauty/BeautyServiceCard.tsx": {"path":"/Users/mb/Desktop/vibewell/apps/mobile/src/components/beauty/BeautyServiceCard.tsx","statementMap":{"0":{"start":{"line":12,"column":60},"end":{"line":93,"column":1}},"1":{"start":{"line":17,"column":2},"end":{"line":92,"column":4}},"2":{"start":{"line":23,"column":21},"end":{"line":23,"column":37}},"3":{"start":{"line":95,"column":15},"end":{"line":159,"column":2}}},"fnMap":{"0":{"name":"(anonymous_0)","decl":{"start":{"line":12,"column":60},"end":{"line":12,"column":61}},"loc":{"start":{"line":16,"column":6},"end":{"line":93,"column":1}},"line":16},"1":{"name":"(anonymous_1)","decl":{"start":{"line":23,"column":15},"end":{"line":23,"column":16}},"loc":{"start":{"line":23,"column":21},"end":{"line":23,"column":37}},"line":23}},"branchMap":{"0":{"loc":{"start":{"line":21,"column":27},"end":{"line":21,"column":61}},"type":"cond-expr","locations":[{"start":{"line":21,"column":40},"end":{"line":21,"column":49}},{"start":{"line":21,"column":52},"end":{"line":21,"column":61}}],"line":21},"1":{"loc":{"start":{"line":36,"column":21},"end":{"line":36,"column":55}},"type":"cond-expr","locations":[{"start":{"line":36,"column":34},"end":{"line":36,"column":43}},{"start":{"line":36,"column":46},"end":{"line":36,"column":55}}],"line":36},"2":{"loc":{"start":{"line":46,"column":21},"end":{"line":46,"column":55}},"type":"cond-expr","locations":[{"start":{"line":46,"column":34},"end":{"line":46,"column":43}},{"start":{"line":46,"column":46},"end":{"line":46,"column":55}}],"line":46},"3":{"loc":{"start":{"line":57,"column":23},"end":{"line":57,"column":57}},"type":"cond-expr","locations":[{"start":{"line":57,"column":36},"end":{"line":57,"column":45}},{"start":{"line":57,"column":48},"end":{"line":57,"column":57}}],"line":57},"4":{"loc":{"start":{"line":66,"column":23},"end":{"line":66,"column":57}},"type":"cond-expr","locations":[{"start":{"line":66,"column":36},"end":{"line":66,"column":45}},{"start":{"line":66,"column":48},"end":{"line":66,"column":57}}],"line":66},"5":{"loc":{"start":{"line":77,"column":25},"end":{"line":77,"column":59}},"type":"cond-expr","locations":[{"start":{"line":77,"column":38},"end":{"line":77,"column":47}},{"start":{"line":77,"column":50},"end":{"line":77,"column":59}}],"line":77},"6":{"loc":{"start":{"line":86,"column":7},"end":{"line":90,"column":7}},"type":"binary-expr","locations":[{"start":{"line":86,"column":7},"end":{"line":86,"column":23}},{"start":{"line":87,"column":8},"end":{"line":89,"column":15}}],"line":86}},"s":{"0":0,"1":0,"2":0,"3":0},"f":{"0":0,"1":0},"b":{"0":[0,0],"1":[0,0],"2":[0,0],"3":[0,0],"4":[0,0],"5":[0,0],"6":[0,0]}}
,"/Users/mb/Desktop/vibewell/apps/mobile/src/components/beauty/ReviewList.tsx": {"path":"/Users/mb/Desktop/vibewell/apps/mobile/src/components/beauty/ReviewList.tsx","statementMap":{"0":{"start":{"line":21,"column":46},"end":{"line":279,"column":1}},"1":{"start":{"line":27,"column":46},"end":{"line":27,"column":70}},"2":{"start":{"line":30,"column":24},"end":{"line":32,"column":11}},"3":{"start":{"line":31,"column":39},"end":{"line":31,"column":58}},"4":{"start":{"line":35,"column":29},"end":{"line":35,"column":44}},"5":{"start":{"line":36,"column":2},"end":{"line":38,"column":5}},"6":{"start":{"line":37,"column":4},"end":{"line":37,"column":44}},"7":{"start":{"line":41,"column":30},"end":{"line":44,"column":3}},"8":{"start":{"line":42,"column":4},"end":{"line":42,"column":39}},"9":{"start":{"line":42,"column":30},"end":{"line":42,"column":39}},"10":{"start":{"line":43,"column":4},"end":{"line":43,"column":42}},"11":{"start":{"line":47,"column":21},"end":{"line":65,"column":3}},"12":{"start":{"line":48,"column":17},"end":{"line":48,"column":37}},"13":{"start":{"line":49,"column":16},"end":{"line":49,"column":26}},"14":{"start":{"line":50,"column":17},"end":{"line":50,"column":47}},"15":{"start":{"line":51,"column":21},"end":{"line":51,"column":58}},"16":{"start":{"line":53,"column":4},"end":{"line":57,"column":5}},"17":{"start":{"line":54,"column":6},"end":{"line":54,"column":41}},"18":{"start":{"line":54,"column":26},"end":{"line":54,"column":41}},"19":{"start":{"line":55,"column":6},"end":{"line":55,"column":45}},"20":{"start":{"line":55,"column":26},"end":{"line":55,"column":45}},"21":{"start":{"line":56,"column":6},"end":{"line":56,"column":36}},"22":{"start":{"line":59,"column":4},"end":{"line":62,"column":5}},"23":{"start":{"line":60,"column":20},"end":{"line":60,"column":44}},"24":{"start":{"line":61,"column":6},"end":{"line":61,"column":62}},"25":{"start":{"line":64,"column":4},"end":{"line":64,"column":22}},"26":{"start":{"line":68,"column":27},"end":{"line":133,"column":3}},"27":{"start":{"line":69,"column":4},"end":{"line":132,"column":6}},"28":{"start":{"line":113,"column":14},"end":{"line":119,"column":16}},"29":{"start":{"line":135,"column":2},"end":{"line":278,"column":4}},"30":{"start":{"line":151,"column":25},"end":{"line":151,"column":48}},"31":{"start":{"line":185,"column":18},"end":{"line":191,"column":20}},"32":{"start":{"line":206,"column":16},"end":{"line":239,"column":23}},"33":{"start":{"line":247,"column":36},"end":{"line":247,"column":43}},"34":{"start":{"line":273,"column":23},"end":{"line":273,"column":47}},"35":{"start":{"line":281,"column":15},"end":{"line":413,"column":2}}},"fnMap":{"0":{"name":"(anonymous_0)","decl":{"start":{"line":21,"column":46},"end":{"line":21,"column":47}},"loc":{"start":{"line":26,"column":6},"end":{"line":279,"column":1}},"line":26},"1":{"name":"(anonymous_1)","decl":{"start":{"line":31,"column":22},"end":{"line":31,"column":23}},"loc":{"start":{"line":31,"column":39},"end":{"line":31,"column":58}},"line":31},"2":{"name":"(anonymous_2)","decl":{"start":{"line":36,"column":18},"end":{"line":36,"column":19}},"loc":{"start":{"line":36,"column":28},"end":{"line":38,"column":3}},"line":36},"3":{"name":"(anonymous_3)","decl":{"start":{"line":41,"column":30},"end":{"line":41,"column":31}},"loc":{"start":{"line":41,"column":49},"end":{"line":44,"column":3}},"line":41},"4":{"name":"(anonymous_4)","decl":{"start":{"line":47,"column":21},"end":{"line":47,"column":22}},"loc":{"start":{"line":47,"column":45},"end":{"line":65,"column":3}},"line":47},"5":{"name":"(anonymous_5)","decl":{"start":{"line":68,"column":27},"end":{"line":68,"column":28}},"loc":{"start":{"line":68,"column":59},"end":{"line":133,"column":3}},"line":68},"6":{"name":"(anonymous_6)","decl":{"start":{"line":112,"column":31},"end":{"line":112,"column":32}},"loc":{"start":{"line":113,"column":14},"end":{"line":119,"column":16}},"line":113},"7":{"name":"(anonymous_7)","decl":{"start":{"line":151,"column":19},"end":{"line":151,"column":20}},"loc":{"start":{"line":151,"column":25},"end":{"line":151,"column":48}},"line":151},"8":{"name":"(anonymous_8)","decl":{"start":{"line":184,"column":35},"end":{"line":184,"column":36}},"loc":{"start":{"line":185,"column":18},"end":{"line":191,"column":20}},"line":185},"9":{"name":"(anonymous_9)","decl":{"start":{"line":205,"column":35},"end":{"line":205,"column":36}},"loc":{"start":{"line":206,"column":16},"end":{"line":239,"column":23}},"line":206},"10":{"name":"(anonymous_10)","decl":{"start":{"line":247,"column":26},"end":{"line":247,"column":27}},"loc":{"start":{"line":247,"column":36},"end":{"line":247,"column":43}},"line":247},"11":{"name":"(anonymous_11)","decl":{"start":{"line":273,"column":17},"end":{"line":273,"column":18}},"loc":{"start":{"line":273,"column":23},"end":{"line":273,"column":47}},"line":273}},"branchMap":{"0":{"loc":{"start":{"line":30,"column":24},"end":{"line":32,"column":11}},"type":"cond-expr","locations":[{"start":{"line":31,"column":6},"end":{"line":31,"column":91}},{"start":{"line":32,"column":6},"end":{"line":32,"column":11}}],"line":30},"1":{"loc":{"start":{"line":42,"column":4},"end":{"line":42,"column":39}},"type":"if","locations":[{"start":{"line":42,"column":4},"end":{"line":42,"column":39}},{"start":{},"end":{}}],"line":42},"2":{"loc":{"start":{"line":53,"column":4},"end":{"line":57,"column":5}},"type":"if","locations":[{"start":{"line":53,"column":4},"end":{"line":57,"column":5}},{"start":{},"end":{}}],"line":53},"3":{"loc":{"start":{"line":54,"column":6},"end":{"line":54,"column":41}},"type":"if","locations":[{"start":{"line":54,"column":6},"end":{"line":54,"column":41}},{"start":{},"end":{}}],"line":54},"4":{"loc":{"start":{"line":55,"column":6},"end":{"line":55,"column":45}},"type":"if","locations":[{"start":{"line":55,"column":6},"end":{"line":55,"column":45}},{"start":{},"end":{}}],"line":55},"5":{"loc":{"start":{"line":59,"column":4},"end":{"line":62,"column":5}},"type":"if","locations":[{"start":{"line":59,"column":4},"end":{"line":62,"column":5}},{"start":{},"end":{}}],"line":59},"6":{"loc":{"start":{"line":61,"column":25},"end":{"line":61,"column":55}},"type":"cond-expr","locations":[{"start":{"line":61,"column":39},"end":{"line":61,"column":45}},{"start":{"line":61,"column":48},"end":{"line":61,"column":55}}],"line":61},"7":{"loc":{"start":{"line":73,"column":29},"end":{"line":73,"column":63}},"type":"cond-expr","locations":[{"start":{"line":73,"column":42},"end":{"line":73,"column":51}},{"start":{"line":73,"column":54},"end":{"line":73,"column":63}}],"line":73},"8":{"loc":{"start":{"line":78,"column":13},"end":{"line":91,"column":13}},"type":"cond-expr","locations":[{"start":{"line":79,"column":14},"end":{"line":79,"column":83}},{"start":{"line":81,"column":14},"end":{"line":90,"column":21}}],"line":78},"9":{"loc":{"start":{"line":84,"column":37},"end":{"line":84,"column":71}},"type":"cond-expr","locations":[{"start":{"line":84,"column":50},"end":{"line":84,"column":59}},{"start":{"line":84,"column":62},"end":{"line":84,"column":71}}],"line":84},"10":{"loc":{"start":{"line":96,"column":27},"end":{"line":96,"column":61}},"type":"cond-expr","locations":[{"start":{"line":96,"column":40},"end":{"line":96,"column":49}},{"start":{"line":96,"column":52},"end":{"line":96,"column":61}}],"line":96},"11":{"loc":{"start":{"line":104,"column":27},"end":{"line":104,"column":61}},"type":"cond-expr","locations":[{"start":{"line":104,"column":40},"end":{"line":104,"column":49}},{"start":{"line":104,"column":52},"end":{"line":104,"column":61}}],"line":104},"12":{"loc":{"start":{"line":117,"column":23},"end":{"line":117,"column":87}},"type":"cond-expr","locations":[{"start":{"line":117,"column":41},"end":{"line":117,"column":50}},{"start":{"line":117,"column":53},"end":{"line":117,"column":87}}],"line":117},"13":{"loc":{"start":{"line":117,"column":53},"end":{"line":117,"column":87}},"type":"cond-expr","locations":[{"start":{"line":117,"column":66},"end":{"line":117,"column":75}},{"start":{"line":117,"column":78},"end":{"line":117,"column":87}}],"line":117},"14":{"loc":{"start":{"line":126,"column":21},"end":{"line":126,"column":55}},"type":"cond-expr","locations":[{"start":{"line":126,"column":34},"end":{"line":126,"column":43}},{"start":{"line":126,"column":46},"end":{"line":126,"column":55}}],"line":126},"15":{"loc":{"start":{"line":141,"column":21},"end":{"line":141,"column":55}},"type":"cond-expr","locations":[{"start":{"line":141,"column":34},"end":{"line":141,"column":43}},{"start":{"line":141,"column":46},"end":{"line":141,"column":55}}],"line":141},"16":{"loc":{"start":{"line":149,"column":31},"end":{"line":149,"column":65}},"type":"cond-expr","locations":[{"start":{"line":149,"column":44},"end":{"line":149,"column":53}},{"start":{"line":149,"column":56},"end":{"line":149,"column":65}}],"line":149},"17":{"loc":{"start":{"line":156,"column":19},"end":{"line":156,"column":53}},"type":"cond-expr","locations":[{"start":{"line":156,"column":32},"end":{"line":156,"column":41}},{"start":{"line":156,"column":44},"end":{"line":156,"column":53}}],"line":156},"18":{"loc":{"start":{"line":161,"column":21},"end":{"line":161,"column":55}},"type":"cond-expr","locations":[{"start":{"line":161,"column":34},"end":{"line":161,"column":43}},{"start":{"line":161,"column":46},"end":{"line":161,"column":55}}],"line":161},"19":{"loc":{"start":{"line":171,"column":7},"end":{"line":268,"column":7}},"type":"cond-expr","locations":[{"start":{"line":172,"column":8},"end":{"line":251,"column":11}},{"start":{"line":253,"column":8},"end":{"line":267,"column":15}}],"line":171},"20":{"loc":{"start":{"line":178,"column":27},"end":{"line":178,"column":61}},"type":"cond-expr","locations":[{"start":{"line":178,"column":40},"end":{"line":178,"column":49}},{"start":{"line":178,"column":52},"end":{"line":178,"column":61}}],"line":178},"21":{"loc":{"start":{"line":189,"column":27},"end":{"line":189,"column":117}},"type":"cond-expr","locations":[{"start":{"line":189,"column":71},"end":{"line":189,"column":80}},{"start":{"line":189,"column":83},"end":{"line":189,"column":117}}],"line":189},"22":{"loc":{"start":{"line":189,"column":83},"end":{"line":189,"column":117}},"type":"cond-expr","locations":[{"start":{"line":189,"column":96},"end":{"line":189,"column":105}},{"start":{"line":189,"column":108},"end":{"line":189,"column":117}}],"line":189},"23":{"loc":{"start":{"line":197,"column":27},"end":{"line":197,"column":61}},"type":"cond-expr","locations":[{"start":{"line":197,"column":40},"end":{"line":197,"column":49}},{"start":{"line":197,"column":52},"end":{"line":197,"column":61}}],"line":197},"24":{"loc":{"start":{"line":200,"column":34},"end":{"line":200,"column":77}},"type":"cond-expr","locations":[{"start":{"line":200,"column":57},"end":{"line":200,"column":65}},{"start":{"line":200,"column":68},"end":{"line":200,"column":77}}],"line":200},"25":{"loc":{"start":{"line":210,"column":31},"end":{"line":210,"column":65}},"type":"cond-expr","locations":[{"start":{"line":210,"column":44},"end":{"line":210,"column":53}},{"start":{"line":210,"column":56},"end":{"line":210,"column":65}}],"line":210},"26":{"loc":{"start":{"line":218,"column":41},"end":{"line":218,"column":75}},"type":"cond-expr","locations":[{"start":{"line":218,"column":54},"end":{"line":218,"column":63}},{"start":{"line":218,"column":66},"end":{"line":218,"column":75}}],"line":218},"27":{"loc":{"start":{"line":234,"column":31},"end":{"line":234,"column":65}},"type":"cond-expr","locations":[{"start":{"line":234,"column":44},"end":{"line":234,"column":53}},{"start":{"line":234,"column":56},"end":{"line":234,"column":65}}],"line":234},"28":{"loc":{"start":{"line":257,"column":19},"end":{"line":257,"column":53}},"type":"cond-expr","locations":[{"start":{"line":257,"column":32},"end":{"line":257,"column":41}},{"start":{"line":257,"column":44},"end":{"line":257,"column":53}}],"line":257},"29":{"loc":{"start":{"line":262,"column":23},"end":{"line":262,"column":57}},"type":"cond-expr","locations":[{"start":{"line":262,"column":36},"end":{"line":262,"column":45}},{"start":{"line":262,"column":48},"end":{"line":262,"column":57}}],"line":262}},"s":{"0":0,"1":0,"2":0,"3":0,"4":0,"5":0,"6":0,"7":0,"8":0,"9":0,"10":0,"11":0,"12":0,"13":0,"14":0,"15":0,"16":0,"17":0,"18":0,"19":0,"20":0,"21":0,"22":0,"23":0,"24":0,"25":0,"26":0,"27":0,"28":0,"29":0,"30":0,"31":0,"32":0,"33":0,"34":0,"35":0},"f":{"0":0,"1":0,"2":0,"3":0,"4":0,"5":0,"6":0,"7":0,"8":0,"9":0,"10":0,"11":0},"b":{"0":[0,0],"1":[0,0],"2":[0,0],"3":[0,0],"4":[0,0],"5":[0,0],"6":[0,0],"7":[0,0],"8":[0,0],"9":[0,0],"10":[0,0],"11":[0,0],"12":[0,0],"13":[0,0],"14":[0,0],"15":[0,0],"16":[0,0],"17":[0,0],"18":[0,0],"19":[0,0],"20":[0,0],"21":[0,0],"22":[0,0],"23":[0,0],"24":[0,0],"25":[0,0],"26":[0,0],"27":[0,0],"28":[0,0],"29":[0,0]}}
,"/Users/mb/Desktop/vibewell/apps/mobile/src/components/branding/Logo.tsx": {"path":"/Users/mb/Desktop/vibewell/apps/mobile/src/components/branding/Logo.tsx","statementMap":{"0":{"start":{"line":5,"column":13},"end":{"line":24,"column":1}},"1":{"start":{"line":6,"column":2},"end":{"line":23,"column":8}}},"fnMap":{"0":{"name":"(anonymous_0)","decl":{"start":{"line":5,"column":13},"end":{"line":5,"column":14}},"loc":{"start":{"line":6,"column":2},"end":{"line":23,"column":8}},"line":6}},"branchMap":{"0":{"loc":{"start":{"line":5,"column":16},"end":{"line":5,"column":26}},"type":"default-arg","locations":[{"start":{"line":5,"column":24},"end":{"line":5,"column":26}}],"line":5},"1":{"loc":{"start":{"line":5,"column":28},"end":{"line":5,"column":39}},"type":"default-arg","locations":[{"start":{"line":5,"column":37},"end":{"line":5,"column":39}}],"line":5}},"s":{"0":0,"1":0},"f":{"0":0},"b":{"0":[0],"1":[0]}}
,"/Users/mb/Desktop/vibewell/apps/mobile/src/config/auth.ts": {"path":"/Users/mb/Desktop/vibewell/apps/mobile/src/config/auth.ts","statementMap":{"0":{"start":{"line":8,"column":55},"end":{"line":12,"column":1}},"1":{"start":{"line":14,"column":28},"end":{"line":14,"column":39}},"2":{"start":{"line":15,"column":31},"end":{"line":15,"column":44}},"3":{"start":{"line":16,"column":30},"end":{"line":16,"column":43}},"4":{"start":{"line":19,"column":28},"end":{"line":19,"column":63}},"5":{"start":{"line":22,"column":25},"end":{"line":28,"column":1}}},"fnMap":{},"branchMap":{},"s":{"0":0,"1":0,"2":0,"3":0,"4":0,"5":0},"f":{},"b":{}}
[...]
"line":106,"column":70},"end":{"line":112,"column":3}},"line":106},"9":{"name":"(anonymous_9)","decl":{"start":{"line":109,"column":23},"end":{"line":109,"column":24}},"loc":{"start":{"line":109,"column":36},"end":{"line":111,"column":5}},"line":109},"10":{"name":"(anonymous_10)","decl":{"start":{"line":114,"column":2},"end":{"line":114,"column":3}},"loc":{"start":{"line":114,"column":44},"end":{"line":123,"column":3}},"line":114},"11":{"name":"(anonymous_11)","decl":{"start":{"line":125,"column":2},"end":{"line":125,"column":3}},"loc":{"start":{"line":125,"column":60},"end":{"line":137,"column":3}},"line":125},"12":{"name":"(anonymous_12)","decl":{"start":{"line":139,"column":2},"end":{"line":139,"column":3}},"loc":{"start":{"line":139,"column":77},"end":{"line":153,"column":3}},"line":139},"13":{"name":"(anonymous_13)","decl":{"start":{"line":155,"column":2},"end":{"line":155,"column":3}},"loc":{"start":{"line":155,"column":47},"end":{"line":163,"column":3}},"line":155}},"branchMap":{"0":{"loc":{"start":{"line":27,"column":4},"end":{"line":29,"column":5}},"type":"if","locations":[{"start":{"line":27,"column":4},"end":{"line":29,"column":5}},{"start":{},"end":{}}],"line":27},"1":{"loc":{"start":{"line":36,"column":22},"end":{"line":36,"column":48}},"type":"binary-expr","locations":[{"start":{"line":36,"column":22},"end":{"line":36,"column":39}},{"start":{"line":36,"column":43},"end":{"line":36,"column":48}}],"line":36},"2":{"loc":{"start":{"line":38,"column":6},"end":{"line":40,"column":7}},"type":"if","locations":[{"start":{"line":38,"column":6},"end":{"line":40,"column":7}},{"start":{},"end":{}}],"line":38},"3":{"loc":{"start":{"line":38,"column":10},"end":{"line":38,"column":37}},"type":"binary-expr","locations":[{"start":{"line":38,"column":10},"end":{"line":38,"column":20}},{"start":{"line":38,"column":24},"end":{"line":38,"column":37}}],"line":38},"4":{"loc":{"start":{"line":52,"column":6},"end":{"line":54,"column":7}},"type":"if","locations":[{"start":{"line":52,"column":6},"end":{"line":54,"column":7}},{"start":{},"end":{}}],"line":52},"5":{"loc":{"start":{"line":65,"column":6},"end":{"line":68,"column":7}},"type":"if","locations":[{"start":{"line":65,"column":6},"end":{"line":68,"column":7}},{"start":{},"end":{}}],"line":65},"6":{"loc":{"start":{"line":128,"column":6},"end":{"line":131,"column":7}},"type":"if","locations":[{"start":{"line":128,"column":6},"end":{"line":131,"column":7}},{"start":{},"end":{}}],"line":128},"7":{"loc":{"start":{"line":142,"column":6},"end":{"line":147,"column":7}},"type":"if","locations":[{"start":{"line":142,"column":6},"end":{"line":147,"column":7}},{"start":{},"end":{}}],"line":142}},"s":{"0":0,"1":0,"2":0,"3":0,"4":0,"5":0,"6":0,"7":0,"8":0,"9":0,"10":0,"11":0,"12":0,"13":0,"14":0,"15":0,"16":0,"17":0,"18":0,"19":0,"20":0,"21":0,"22":0,"23":0,"24":0,"25":0,"26":0,"27":0,"28":0,"29":0,"30":0,"31":0,"32":0,"33":0,"34":0,"35":0,"36":0,"37":0,"38":0,"39":0,"40":0,"41":0,"42":0,"43":0,"44":0,"45":0,"46":0,"47":0,"48":0,"49":0,"50":0,"51":0,"52":0,"53":0,"54":0,"55":0,"56":0,"57":0,"58":0,"59":0,"60":0,"61":0,"62":0,"63":0,"64":0,"65":0,"66":0,"67":0,"68":0,"69":0,"70":0,"71":0,"72":0},"f":{"0":0,"1":0,"2":0,"3":0,"4":0,"5":0,"6":0,"7":0,"8":0,"9":0,"10":0,"11":0,"12":0,"13":0},"b":{"0":[0,0],"1":[0,0],"2":[0,0],"3":[0,0],"4":[0,0],"5":[0,0],"6":[0,0],"7":[0,0]}}
,"/Users/mb/Desktop/vibewell/apps/mobile/src/utils/offlineStorage.ts": {"path":"/Users/mb/Desktop/vibewell/apps/mobile/src/utils/offlineStorage.ts","statementMap":{"0":{"start":{"line":17,"column":29},"end":{"line":17,"column":45}},"1":{"start":{"line":18,"column":31},"end":{"line":18,"column":47}},"2":{"start":{"line":21,"column":4},"end":{"line":29,"column":5}},"3":{"start":{"line":22,"column":6},"end":{"line":26,"column":8}},"4":{"start":{"line":28,"column":6},"end":{"line":28,"column":57}},"5":{"start":{"line":33,"column":4},"end":{"line":40,"column":5}},"6":{"start":{"line":35,"column":23},"end":{"line":35,"column":73}},"7":{"start":{"line":36,"column":6},"end":{"line":36,"column":44}},"8":{"start":{"line":38,"column":6},"end":{"line":38,"column":61}},"9":{"start":{"line":39,"column":6},"end":{"line":39,"column":18}},"10":{"start":{"line":44,"column":4},"end":{"line":55,"column":5}},"11":{"start":{"line":45,"column":20},"end":{"line":45,"column":41}},"12":{"start":{"line":46,"column":6},"end":{"line":51,"column":9}},"13":{"start":{"line":52,"column":6},"end":{"line":52,"column":72}},"14":{"start":{"line":54,"column":6},"end":{"line":54,"column":61}},"15":{"start":{"line":59,"column":4},"end":{"line":65,"column":5}},"16":{"start":{"line":60,"column":20},"end":{"line":60,"column":62}},"17":{"start":{"line":61,"column":6},"end":{"line":61,"column":44}},"18":{"start":{"line":63,"column":6},"end":{"line":63,"column":59}},"19":{"start":{"line":64,"column":6},"end":{"line":64,"column":16}},"20":{"start":{"line":69,"column":18},"end":{"line":69,"column":39}},"21":{"start":{"line":70,"column":25},"end":{"line":70,"column":46}},"22":{"start":{"line":72,"column":4},"end":{"line":74,"column":5}},"23":{"start":{"line":73,"column":6},"end":{"line":73,"column":13}},"24":{"start":{"line":76,"column":43},"end":{"line":76,"column":45}},"25":{"start":{"line":78,"column":4},"end":{"line":88,"column":5}},"26":{"start":{"line":79,"column":6},"end":{"line":87,"column":7}},"27":{"start":{"line":80,"column":24},"end":{"line":80,"column":45}},"28":{"start":{"line":81,"column":8},"end":{"line":83,"column":9}},"29":{"start":{"line":82,"column":10},"end":{"line":82,"column":36}},"30":{"start":{"line":85,"column":8},"end":{"line":85,"column":61}},"31":{"start":{"line":86,"column":8},"end":{"line":86,"column":34}},"32":{"start":{"line":90,"column":4},"end":{"line":90,"column":79}},"33":{"start":{"line":94,"column":4},"end":{"line":94,"column":67}}},"fnMap":{"0":{"name":"(anonymous_0)","decl":{"start":{"line":20,"column":2},"end":{"line":20,"column":3}},"loc":{"start":{"line":20,"column":63},"end":{"line":30,"column":3}},"line":20},"1":{"name":"(anonymous_1)","decl":{"start":{"line":32,"column":2},"end":{"line":32,"column":3}},"loc":{"start":{"line":32,"column":50},"end":{"line":41,"column":3}},"line":32},"2":{"name":"(anonymous_2)","decl":{"start":{"line":43,"column":2},"end":{"line":43,"column":3}},"loc":{"start":{"line":43,"column":68},"end":{"line":56,"column":3}},"line":43},"3":{"name":"(anonymous_3)","decl":{"start":{"line":58,"column":2},"end":{"line":58,"column":3}},"loc":{"start":{"line":58,"column":51},"end":{"line":66,"column":3}},"line":58},"4":{"name":"(anonymous_4)","decl":{"start":{"line":68,"column":2},"end":{"line":68,"column":3}},"loc":{"start":{"line":68,"column":96},"end":{"line":91,"column":3}},"line":68},"5":{"name":"(anonymous_5)","decl":{"start":{"line":93,"column":2},"end":{"line":93,"column":3}},"loc":{"start":{"line":93,"column":43},"end":{"line":95,"column":3}},"line":93}},"branchMap":{"0":{"loc":{"start":{"line":36,"column":13},"end":{"line":36,"column":43}},"type":"cond-expr","locations":[{"start":{"line":36,"column":20},"end":{"line":36,"column":36}},{"start":{"line":36,"column":39},"end":{"line":36,"column":43}}],"line":36},"1":{"loc":{"start":{"line":61,"column":13},"end":{"line":61,"column":43}},"type":"cond-expr","locations":[{"start":{"line":61,"column":21},"end":{"line":61,"column":38}},{"start":{"line":61,"column":41},"end":{"line":61,"column":43}}],"line":61},"2":{"loc":{"start":{"line":72,"column":4},"end":{"line":74,"column":5}},"type":"if","locations":[{"start":{"line":72,"column":4},"end":{"line":74,"column":5}},{"start":{},"end":{}}],"line":72},"3":{"loc":{"start":{"line":81,"column":8},"end":{"line":83,"column":9}},"type":"if","locations":[{"start":{"line":81,"column":8},"end":{"line":83,"column":9}},{"start":{},"end":{}}],"line":81}},"s":{"0":0,"1":0,"2":0,"3":0,"4":0,"5":0,"6":0,"7":0,"8":0,"9":0,"10":0,"11":0,"12":0,"13":0,"14":0,"15":0,"16":0,"17":0,"18":0,"19":0,"20":0,"21":0,"22":0,"23":0,"24":0,"25":0,"26":0,"27":0,"28":0,"29":0,"30":0,"31":0,"32":0,"33":0},"f":{"0":0,"1":0,"2":0,"3":0,"4":0,"5":0},"b":{"0":[0,0],"1":[0,0],"2":[0,0],"3":[0,0]}}
,"/Users/mb/Desktop/vibewell/apps/mobile/tests/components/BookingFlow.test.tsx": {"path":"/Users/mb/Desktop/vibewell/apps/mobile/tests/components/BookingFlow.test.tsx","statementMap":{"0":{"start":{"line":8,"column":0},"end":{"line":8,"column":47}},"1":{"start":{"line":10,"column":0},"end":{"line":270,"column":3}},"2":{"start":{"line":11,"column":26},"end":{"line":21,"column":3}},"3":{"start":{"line":23,"column":28},"end":{"line":38,"column":3}},"4":{"start":{"line":40,"column":23},"end":{"line":55,"column":3}},"5":{"start":{"line":57,"column":24},"end":{"line":70,"column":3}},"6":{"start":{"line":72,"column":2},"end":{"line":86,"column":5}},"7":{"start":{"line":73,"column":4},"end":{"line":73,"column":25}},"8":{"start":{"line":76,"column":4},"end":{"line":76,"column":88}},"9":{"start":{"line":77,"column":4},"end":{"line":77,"column":78}},"10":{"start":{"line":78,"column":4},"end":{"line":78,"column":89}},"11":{"start":{"line":79,"column":4},"end":{"line":85,"column":7}},"12":{"start":{"line":88,"column":28},"end":{"line":94,"column":3}},"13":{"start":{"line":89,"column":4},"end":{"line":93,"column":6}},"14":{"start":{"line":96,"column":2},"end":{"line":111,"column":5}},"15":{"start":{"line":97,"column":42},"end":{"line":97,"column":76}},"16":{"start":{"line":100,"column":4},"end":{"line":100,"column":58}},"17":{"start":{"line":103,"column":4},"end":{"line":106,"column":7}},"18":{"start":{"line":104,"column":32},"end":{"line":104,"column":67}},"19":{"start":{"line":105,"column":6},"end":{"line":105,"column":47}},"20":{"start":{"line":109,"column":4},"end":{"line":109,"column":53}},"21":{"start":{"line":110,"column":4},"end":{"line":110,"column":54}},"22":{"start":{"line":113,"column":2},"end":{"line":134,"column":5}},"23":{"start":{"line":114,"column":42},"end":{"line":114,"column":76}},"24":{"start":{"line":117,"column":4},"end":{"line":120,"column":7}},"25":{"start":{"line":118,"column":32},"end":{"line":118,"column":67}},"26":{"start":{"line":119,"column":6},"end":{"line":119,"column":47}},"27":{"start":{"line":123,"column":30},"end":{"line":123,"column":65}},"28":{"start":{"line":124,"column":4},"end":{"line":124,"column":42}},"29":{"start":{"line":127,"column":4},"end":{"line":129,"column":7}},"30":{"start":{"line":128,"column":6},"end":{"line":128,"column":55}},"31":{"start":{"line":132,"column":4},"end":{"line":132,"column":58}},"32":{"start":{"line":133,"column":4},"end":{"line":133,"column":43}},"33":{"start":{"line":136,"column":2},"end":{"line":156,"column":5}},"34":{"start":{"line":137,"column":42},"end":{"line":137,"column":76}},"35":{"start":{"line":140,"column":4},"end":{"line":143,"column":7}},"36":{"start":{"line":141,"column":32},"end":{"line":141,"column":67}},"37":{"start":{"line":142,"column":6},"end":{"line":142,"column":44}},"38":{"start":{"line":146,"column":4},"end":{"line":150,"column":7}},"39":{"start":{"line":147,"column":27},"end":{"line":147,"column":57}},"40":{"start":{"line":148,"column":6},"end":{"line":148,"column":42}},"41":{"start":{"line":149,"column":6},"end":{"line":149,"column":39}},"42":{"start":{"line":153,"column":4},"end":{"line":155,"column":7}},"43":{"start":{"line":154,"column":6},"end":{"line":154,"column":59}},"44":{"start":{"line":158,"column":2},"end":{"line":196,"column":5}},"45":{"start":{"line":159,"column":55},"end":{"line":159,"column":89}},"46":{"start":{"line":162,"column":4},"end":{"line":165,"column":7}},"47":{"start":{"line":163,"column":32},"end":{"line":163,"column":67}},"48":{"start":{"line":164,"column":6},"end":{"line":164,"column":44}},"49":{"start":{"line":168,"column":4},"end":{"line":171,"column":7}},"50":{"start":{"line":169,"column":27},"end":{"line":169,"column":57}},"51":{"start":{"line":170,"column":6},"end":{"line":170,"column":39}},"52":{"start":{"line":174,"column":4},"end":{"line":177,"column":7}},"53":{"start":{"line":175,"column":24},"end":{"line":175,"column":51}},"54":{"start":{"line":176,"column":6},"end":{"line":176,"column":36}},"55":{"start":{"line":180,"column":26},"end":{"line":180,"column":63}},"56":{"start":{"line":181,"column":4},"end":{"line":181,"column":35}},"57":{"start":{"line":184,"column":4},"end":{"line":187,"column":7}},"58":{"start":{"line":185,"column":6},"end":{"line":185,"column":59}},"59":{"start":{"line":186,"column":6},"end":{"line":186,"column":80}},"60":{"start":{"line":190,"column":4},"end":{"line":195,"column":7}},"61":{"start":{"line":198,"column":2},"end":{"line":224,"column":5}},"62":{"start":{"line":200,"column":4},"end":{"line":200,"column":101}},"63":{"start":{"line":202,"column":26},"end":{"line":202,"column":60}},"64":{"start":{"line":205,"column":4},"end":{"line":208,"column":7}},"65":{"start":{"line":206,"column":6},"end":{"line":206,"column":69}},"66":{"start":{"line":207,"column":6},"end":{"line":207,"column":83}},"67":{"start":{"line":211,"column":24},"end":{"line":211,"column":42}},"68":{"start":{"line":212,"column":4},"end":{"line":212,"column":37}},"69":{"start":{"line":215,"column":4},"end":{"line":215,"column":92}},"70":{"start":{"line":218,"column":4},"end":{"line":218,"column":33}},"71":{"start":{"line":221,"column":4},"end":{"line":223,"column":7}},"72":{"start":{"line":222,"column":6},"end":{"line":222,"column":55}},"73":{"start":{"line":226,"column":2},"end":{"line":269,"column":5}},"74":{"start":{"line":228,"column":35},"end":{"line":232,"column":5}},"75":{"start":{"line":234,"column":55},"end":{"line":238,"column":5}},"76":{"start":{"line":241,"column":4},"end":{"line":244,"column":7}},"77":{"start":{"line":242,"column":32},"end":{"line":242,"column":67}},"78":{"start":{"line":243,"column":6},"end":{"line":243,"column":44}},"79":{"start":{"line":247,"column":4},"end":{"line":250,"column":7}},"80":{"start":{"line":248,"column":27},"end":{"line":248,"column":57}},"81":{"start":{"line":249,"column":6},"end":{"line":249,"column":39}},"82":{"start":{"line":253,"column":4},"end":{"line":256,"column":7}},"83":{"start":{"line":254,"column":24},"end":{"line":254,"column":51}},"84":{"start":{"line":255,"column":6},"end":{"line":255,"column":36}},"85":{"start":{"line":259,"column":26},"end":{"line":259,"column":63}},"86":{"start":{"line":260,"column":4},"end":{"line":260,"column":35}},"87":{"start":{"line":263,"column":4},"end":{"line":265,"column":7}},"88":{"start":{"line":264,"column":6},"end":{"line":264,"column":66}},"89":{"start":{"line":268,"column":4},"end":{"line":268,"column":53}}},"fnMap":{"0":{"name":"(anonymous_0)","decl":{"start":{"line":10,"column":41},"end":{"line":10,"column":42}},"loc":{"start":{"line":10,"column":47},"end":{"line":270,"column":1}},"line":10},"1":{"name":"(anonymous_1)","decl":{"start":{"line":72,"column":13},"end":{"line":72,"column":14}},"loc":{"start":{"line":72,"column":19},"end":{"line":86,"column":3}},"line":72},"2":{"name":"(anonymous_2)","decl":{"start":{"line":88,"column":28},"end":{"line":88,"column":29}},"loc":{"start":{"line":88,"column":56},"end":{"line":94,"column":3}},"line":88},"3":{"name":"(anonymous_3)","decl":{"start":{"line":96,"column":60},"end":{"line":96,"column":61}},"loc":{"start":{"line":96,"column":72},"end":{"line":111,"column":3}},"line":96},"4":{"name":"(anonymous_4)","decl":{"start":{"line":103,"column":18},"end":{"line":103,"column":19}},"loc":{"start":{"line":103,"column":24},"end":{"line":106,"column":5}},"line":103},"5":{"name":"(anonymous_5)","decl":{"start":{"line":113,"column":74},"end":{"line":113,"column":75}},"loc":{"start":{"line":113,"column":86},"end":{"line":134,"column":3}},"line":113},"6":{"name":"(anonymous_6)","decl":{"start":{"line":117,"column":18},"end":{"line":117,"column":19}},"loc":{"start":{"line":117,"column":24},"end":{"line":120,"column":5}},"line":117},"7":{"name":"(anonymous_7)","decl":{"start":{"line":127,"column":18},"end":{"line":127,"column":19}},"loc":{"start":{"line":127,"column":24},"end":{"line":129,"column":5}},"line":127},"8":{"name":"(anonymous_8)","decl":{"start":{"line":136,"column":75},"end":{"line":136,"column":76}},"loc":{"start":{"line":136,"column":87},"end":{"line":156,"column":3}},"line":136},"9":{"name":"(anonymous_9)","decl":{"start":{"line":140,"column":18},"end":{"line":140,"column":19}},"loc":{"start":{"line":140,"column":24},"end":{"line":143,"column":5}},"line":140},"10":{"name":"(anonymous_10)","decl":{"start":{"line":146,"column":18},"end":{"line":146,"column":19}},"loc":{"start":{"line":146,"column":24},"end":{"line":150,"column":5}},"line":146},"11":{"name":"(anonymous_11)","decl":{"start":{"line":153,"column":18},"end":{"line":153,"column":19}},"loc":{"start":{"line":153,"column":24},"end":{"line":155,"column":5}},"line":153},"12":{"name":"(anonymous_12)","decl":{"start":{"line":158,"column":65},"end":{"line":158,"column":66}},"loc":{"start":{"line":158,"column":77},"end":{"line":196,"column":3}},"line":158},"13":{"name":"(anonymous_13)","decl":{"start":{"line":162,"column":18},"end":{"line":162,"column":19}},"loc":{"start":{"line":162,"column":24},"end":{"line":165,"column":5}},"line":162},"14":{"name":"(anonymous_14)","decl":{"start":{"line":168,"column":18},"end":{"line":168,"column":19}},"loc":{"start":{"line":168,"column":24},"end":{"line":171,"column":5}},"line":168},"15":{"name":"(anonymous_15)","decl":{"start":{"line":174,"column":18},"end":{"line":174,"column":19}},"loc":{"start":{"line":174,"column":24},"end":{"line":177,"column":5}},"line":174},"16":{"name":"(anonymous_16)","decl":{"start":{"line":184,"column":18},"end":{"line":184,"column":19}},"loc":{"start":{"line":184,"column":24},"end":{"line":187,"column":5}},"line":184},"17":{"name":"(anonymous_17)","decl":{"start":{"line":198,"column":46},"end":{"line":198,"column":47}},"loc":{"start":{"line":198,"column":58},"end":{"line":224,"column":3}},"line":198},"18":{"name":"(anonymous_18)","decl":{"start":{"line":205,"column":18},"end":{"line":205,"column":19}},"loc":{"start":{"line":205,"column":24},"end":{"line":208,"column":5}},"line":205},"19":{"name":"(anonymous_19)","decl":{"start":{"line":221,"column":18},"end":{"line":221,"column":19}},"loc":{"start":{"line":221,"column":24},"end":{"line":223,"column":5}},"line":221},"20":{"name":"(anonymous_20)","decl":{"start":{"line":226,"column":61},"end":{"line":226,"column":62}},"loc":{"start":{"line":226,"column":73},"end":{"line":269,"column":3}},"line":226},"21":{"name":"(anonymous_21)","decl":{"start":{"line":241,"column":18},"end":{"line":241,"column":19}},"loc":{"start":{"line":241,"column":24},"end":{"line":244,"column":5}},"line":241},"22":{"name":"(anonymous_22)","decl":{"start":{"line":247,"column":18},"end":{"line":247,"column":19}},"loc":{"start":{"line":247,"column":24},"end":{"line":250,"column":5}},"line":247},"23":{"name":"(anonymous_23)","decl":{"start":{"line":253,"column":18},"end":{"line":253,"column":19}},"loc":{"start":{"line":253,"column":24},"end":{"line":256,"column":5}},"line":253},"24":{"name":"(anonymous_24)","decl":{"start":{"line":263,"column":18},"end":{"line":263,"column":19}},"loc":{"start":{"line":263,"column":24},"end":{"line":265,"column":5}},"line":263}},"branchMap":{},"s":{"0":0,"1":0,"2":0,"3":0,"4":0,"5":0,"6":0,"7":0,"8":0,"9":0,"10":0,"11":0,"12":0,"13":0,"14":0,"15":0,"16":0,"17":0,"18":0,"19":0,"20":0,"21":0,"22":0,"23":0,"24":0,"25":0,"26":0,"27":0,"28":0,"29":0,"30":0,"31":0,"32":0,"33":0,"34":0,"35":0,"36":0,"37":0,"38":0,"39":0,"40":0,"41":0,"42":0,"43":0,"44":0,"45":0,"46":0,"47":0,"48":0,"49":0,"50":0,"51":0,"52":0,"53":0,"54":0,"55":0,"56":0,"57":0,"58":0,"59":0,"60":0,"61":0,"62":0,"63":0,"64":0,"65":0,"66":0,"67":0,"68":0,"69":0,"70":0,"71":0,"72":0,"73":0,"74":0,"75":0,"76":0,"77":0,"78":0,"79":0,"80":0,"81":0,"82":0,"83":0,"84":0,"85":0,"86":0,"87":0,"88":0,"89":0},"f":{"0":0,"1":0,"2":0,"3":0,"4":0,"5":0,"6":0,"7":0,"8":0,"9":0,"10":0,"11":0,"12":0,"13":0,"14":0,"15":0,"16":0,"17":0,"18":0,"19":0,"20":0,"21":0,"22":0,"23":0,"24":0},"b":{}}
}
