{"/Users/mb/Desktop/vibewell/apps/web/src/app.ts": {"path":"/Users/mb/Desktop/vibewell/apps/web/src/app.ts","statementMap":{"0":{"start":{"line":27,"column":0},"end":{"line":27,"column":15}},"1":{"start":{"line":1,"column":20},"end":{"line":1,"column":null}},"2":{"start":{"line":2,"column":17},"end":{"line":2,"column":null}},"3":{"start":{"line":3,"column":19},"end":{"line":3,"column":null}},"4":{"start":{"line":5,"column":27},"end":{"line":5,"column":null}},"5":{"start":{"line":7,"column":28},"end":{"line":7,"column":null}},"6":{"start":{"line":9,"column":29},"end":{"line":9,"column":null}},"7":{"start":{"line":11,"column":12},"end":{"line":11,"column":null}},"8":{"start":{"line":14,"column":0},"end":{"line":14,"column":null}},"9":{"start":{"line":15,"column":0},"end":{"line":15,"column":null}},"10":{"start":{"line":16,"column":0},"end":{"line":16,"column":null}},"11":{"start":{"line":20,"column":0},"end":{"line":20,"column":null}},"12":{"start":{"line":22,"column":0},"end":{"line":22,"column":null}},"13":{"start":{"line":25,"column":0},"end":{"line":25,"column":null}},"14":{"start":{"line":27,"column":15},"end":{"line":27,"column":null}}},"fnMap":{},"branchMap":{},"s":{"0":0,"1":0,"2":0,"3":0,"4":0,"5":0,"6":0,"7":0,"8":0,"9":0,"10":0,"11":0,"12":0,"13":0,"14":0},"f":{},"b":{}}
,"/Users/mb/Desktop/vibewell/apps/web/src/setupTests.ts": {"path":"/Users/mb/Desktop/vibewell/apps/web/src/setupTests.ts","statementMap":{"0":{"start":{"line":1,"column":7},"end":{"line":1,"column":null}},"1":{"start":{"line":6,"column":4},"end":{"line":6,"column":null}},"2":{"start":{"line":7,"column":4},"end":{"line":7,"column":null}},"3":{"start":{"line":11,"column":1},"end":{"line":11,"column":null}},"4":{"start":{"line":13,"column":1},"end":{"line":41,"column":null}},"5":{"start":{"line":14,"column":10},"end":{"line":14,"column":null}},"6":{"start":{"line":16,"column":4},"end":{"line":20,"column":null}},"7":{"start":{"line":17,"column":6},"end":{"line":19,"column":null}},"8":{"start":{"line":18,"column":8},"end":{"line":18,"column":null}},"9":{"start":{"line":23,"column":4},"end":{"line":23,"column":null}},"10":{"start":{"line":26,"column":4},"end":{"line":26,"column":null}},"11":{"start":{"line":29,"column":4},"end":{"line":29,"column":null}},"12":{"start":{"line":32,"column":4},"end":{"line":36,"column":null}},"13":{"start":{"line":33,"column":6},"end":{"line":33,"column":null}},"14":{"start":{"line":35,"column":6},"end":{"line":35,"column":null}},"15":{"start":{"line":39,"column":4},"end":{"line":39,"column":null}},"16":{"start":{"line":43,"column":1},"end":{"line":65,"column":null}},"17":{"start":{"line":55,"column":4},"end":{"line":55,"column":null}},"18":{"start":{"line":56,"column":4},"end":{"line":56,"column":null}},"19":{"start":{"line":57,"column":4},"end":{"line":57,"column":null}},"20":{"start":{"line":58,"column":4},"end":{"line":58,"column":null}},"21":{"start":{"line":59,"column":4},"end":{"line":59,"column":null}},"22":{"start":{"line":60,"column":4},"end":{"line":60,"column":null}},"23":{"start":{"line":61,"column":4},"end":{"line":61,"column":null}},"24":{"start":{"line":62,"column":4},"end":{"line":62,"column":null}},"25":{"start":{"line":63,"column":4},"end":{"line":63,"column":null}},"26":{"start":{"line":67,"column":29},"end":{"line":67,"column":42}},"27":{"start":{"line":68,"column":0},"end":{"line":77,"column":null}},"28":{"start":{"line":69,"column":2},"end":{"line":75,"column":null}},"29":{"start":{"line":74,"column":4},"end":{"line":74,"column":null}},"30":{"start":{"line":76,"column":2},"end":{"line":76,"column":null}},"31":{"start":{"line":79,"column":0},"end":{"line":152,"column":null}},"32":{"start":{"line":106,"column":2},"end":{"line":108,"column":null}},"33":{"start":{"line":106,"column":34},"end":{"line":108,"column":null}},"34":{"start":{"line":107,"column":22},"end":{"line":107,"column":null}},"35":{"start":{"line":83,"column":6},"end":{"line":83,"column":null}},"36":{"start":{"line":86,"column":6},"end":{"line":86,"column":null}},"37":{"start":{"line":89,"column":6},"end":{"line":89,"column":null}},"38":{"start":{"line":92,"column":6},"end":{"line":92,"column":null}},"39":{"start":{"line":81,"column":12},"end":{"line":81,"column":null}},"40":{"start":{"line":95,"column":2},"end":{"line":98,"column":null}},"41":{"start":{"line":100,"column":3},"end":{"line":104,"column":null}},"42":{"start":{"line":100,"column":71},"end":{"line":104,"column":null}},"43":{"start":{"line":110,"column":2},"end":{"line":122,"column":null}},"44":{"start":{"line":112,"column":60},"end":{"line":121,"column":null}},"45":{"start":{"line":124,"column":2},"end":{"line":135,"column":null}},"46":{"start":{"line":137,"column":2},"end":{"line":138,"column":null}},"47":{"start":{"line":138,"column":4},"end":{"line":138,"column":null}},"48":{"start":{"line":138,"column":21},"end":{"line":138,"column":50}},"49":{"start":{"line":143,"column":6},"end":{"line":143,"column":null}},"50":{"start":{"line":148,"column":6},"end":{"line":148,"column":null}},"51":{"start":{"line":151,"column":3},"end":{"line":151,"column":null}},"52":{"start":{"line":154,"column":0},"end":{"line":156,"column":null}},"53":{"start":{"line":155,"column":2},"end":{"line":155,"column":null}},"54":{"start":{"line":158,"column":0},"end":{"line":160,"column":null}},"55":{"start":{"line":159,"column":2},"end":{"line":159,"column":null}}},"fnMap":{"0":{"name":"(anonymous_0)","decl":{"start":{"line":5,"column":2},"end":{"line":5,"column":14}},"loc":{"start":{"line":5,"column":40},"end":{"line":8,"column":null}}},"1":{"name":"(anonymous_1)","decl":{"start":{"line":15,"column":2},"end":{"line":15,"column":14}},"loc":{"start":{"line":15,"column":45},"end":{"line":21,"column":null}}},"2":{"name":"(anonymous_2)","decl":{"start":{"line":17,"column":35},"end":{"line":17,"column":36}},"loc":{"start":{"line":17,"column":48},"end":{"line":19,"column":null}}},"3":{"name":"(anonymous_3)","decl":{"start":{"line":22,"column":2},"end":{"line":22,"column":6}},"loc":{"start":{"line":22,"column":35},"end":{"line":24,"column":null}}},"4":{"name":"(anonymous_4)","decl":{"start":{"line":25,"column":2},"end":{"line":25,"column":6}},"loc":{"start":{"line":25,"column":41},"end":{"line":27,"column":null}}},"5":{"name":"(anonymous_5)","decl":{"start":{"line":28,"column":2},"end":{"line":28,"column":6}},"loc":{"start":{"line":28,"column":29},"end":{"line":30,"column":null}}},"6":{"name":"(anonymous_6)","decl":{"start":{"line":31,"column":2},"end":{"line":31,"column":9}},"loc":{"start":{"line":31,"column":44},"end":{"line":37,"column":null}}},"7":{"name":"(anonymous_7)","decl":{"start":{"line":38,"column":2},"end":{"line":38,"column":9}},"loc":{"start":{"line":38,"column":29},"end":{"line":40,"column":null}}},"8":{"name":"(anonymous_8)","decl":{"start":{"line":54,"column":2},"end":{"line":54,"column":14}},"loc":{"start":{"line":54,"column":42},"end":{"line":64,"column":null}}},"9":{"name":"(anonymous_9)","decl":{"start":{"line":68,"column":16},"end":{"line":68,"column":17}},"loc":{"start":{"line":68,"column":20},"end":{"line":77,"column":null}}},"10":{"name":"(anonymous_10)","decl":{"start":{"line":106,"column":27},"end":{"line":106,"column":34}},"loc":{"start":{"line":106,"column":34},"end":{"line":108,"column":null}}},"11":{"name":"(anonymous_11)","decl":{"start":{"line":107,"column":15},"end":{"line":107,"column":22}},"loc":{"start":{"line":107,"column":22},"end":{"line":107,"column":null}}},"12":{"name":"(anonymous_12)","decl":{"start":{"line":82,"column":4},"end":{"line":82,"column":12}},"loc":{"start":{"line":82,"column":40},"end":{"line":84,"column":null}}},"13":{"name":"(anonymous_13)","decl":{"start":{"line":85,"column":4},"end":{"line":85,"column":12}},"loc":{"start":{"line":85,"column":46},"end":{"line":87,"column":null}}},"14":{"name":"(anonymous_14)","decl":{"start":{"line":88,"column":4},"end":{"line":88,"column":15}},"loc":{"start":{"line":88,"column":34},"end":{"line":90,"column":null}}},"15":{"name":"(anonymous_15)","decl":{"start":{"line":91,"column":4},"end":{"line":91,"column":18}},"loc":{"start":{"line":91,"column":18},"end":{"line":93,"column":null}}},"16":{"name":"(anonymous_17)","decl":{"start":{"line":100,"column":64},"end":{"line":100,"column":71}},"loc":{"start":{"line":100,"column":71},"end":{"line":104,"column":null}}},"17":{"name":"(anonymous_18)","decl":{"start":{"line":112,"column":40},"end":{"line":112,"column":41}},"loc":{"start":{"line":112,"column":60},"end":{"line":121,"column":null}}},"18":{"name":"(anonymous_19)","decl":{"start":{"line":137,"column":33},"end":{"line":137,"column":34}},"loc":{"start":{"line":138,"column":4},"end":{"line":138,"column":null}}},"19":{"name":"(anonymous_20)","decl":{"start":{"line":138,"column":15},"end":{"line":138,"column":21}},"loc":{"start":{"line":138,"column":21},"end":{"line":138,"column":50}}},"20":{"name":"(anonymous_21)","decl":{"start":{"line":142,"column":4},"end":{"line":142,"column":16}},"loc":{"start":{"line":142,"column":75},"end":{"line":144,"column":null}}},"21":{"name":"(anonymous_22)","decl":{"start":{"line":145,"column":4},"end":{"line":145,"column":20}},"loc":{"start":{"line":145,"column":20},"end":{"line":145,"column":null}}},"22":{"name":"(anonymous_23)","decl":{"start":{"line":146,"column":4},"end":{"line":146,"column":23}},"loc":{"start":{"line":146,"column":23},"end":{"line":146,"column":null}}},"23":{"name":"(anonymous_24)","decl":{"start":{"line":147,"column":4},"end":{"line":147,"column":38}},"loc":{"start":{"line":147,"column":38},"end":{"line":149,"column":null}}},"24":{"name":"(anonymous_25)","decl":{"start":{"line":154,"column":11},"end":{"line":154,"column":null}},"loc":{"start":{"line":154,"column":11},"end":{"line":156,"column":null}}},"25":{"name":"(anonymous_26)","decl":{"start":{"line":158,"column":10},"end":{"line":158,"column":null}},"loc":{"start":{"line":158,"column":10},"end":{"line":160,"column":null}}}},"branchMap":{"0":{"loc":{"start":{"line":16,"column":4},"end":{"line":20,"column":null}},"type":"if","locations":[{"start":{"line":16,"column":4},"end":{"line":20,"column":null}}]},"1":{"loc":{"start":{"line":23,"column":11},"end":{"line":23,"column":null}},"type":"binary-expr","locations":[{"start":{"line":23,"column":11},"end":{"line":23,"column":43}},{"start":{"line":23,"column":47},"end":{"line":23,"column":null}}]},"2":{"loc":{"start":{"line":32,"column":4},"end":{"line":36,"column":null}},"type":"if","locations":[{"start":{"line":32,"column":4},"end":{"line":36,"column":null}},{"start":{"line":34,"column":11},"end":{"line":36,"column":null}}]},"3":{"loc":{"start":{"line":69,"column":2},"end":{"line":75,"column":null}},"type":"if","locations":[{"start":{"line":69,"column":2},"end":{"line":75,"column":null}}]},"4":{"loc":{"start":{"line":70,"column":4},"end":{"line":72,"column":null}},"type":"binary-expr","locations":[{"start":{"line":70,"column":4},"end":{"line":70,"column":36}},{"start":{"line":70,"column":36},"end":{"line":70,"column":null}},{"start":{"line":71,"column":6},"end":{"line":71,"column":null}},{"start":{"line":72,"column":5},"end":{"line":72,"column":36}},{"start":{"line":72,"column":36},"end":{"line":72,"column":null}}]},"5":{"loc":{"start":{"line":79,"column":0},"end":{"line":152,"column":null}},"type":"if","locations":[{"start":{"line":79,"column":0},"end":{"line":152,"column":null}}]},"6":{"loc":{"start":{"line":83,"column":13},"end":{"line":83,"column":null}},"type":"binary-expr","locations":[{"start":{"line":83,"column":13},"end":{"line":83,"column":28}},{"start":{"line":83,"column":32},"end":{"line":83,"column":null}}]}},"s":{"0":0,"1":0,"2":0,"3":0,"4":0,"5":0,"6":0,"7":0,"8":0,"9":0,"10":0,"11":0,"12":0,"13":0,"14":0,"15":0,"16":0,"17":0,"18":0,"19":0,"20":0,"21":0,"22":0,"23":0,"24":0,"25":0,"26":0,"27":0,"28":0,"29":0,"30":0,"31":0,"32":0,"33":0,"34":0,"35":0,"36":0,"37":0,"38":0,"39":0,"40":0,"41":0,"42":0,"43":0,"44":0,"45":0,"46":0,"47":0,"48":0,"49":0,"50":0,"51":0,"52":0,"53":0,"54":0,"55":0},"f":{"0":0,"1":0,"2":0,"3":0,"4":0,"5":0,"6":0,"7":0,"8":0,"9":0,"10":0,"11":0,"12":0,"13":0,"14":0,"15":0,"16":0,"17":0,"18":0,"19":0,"20":0,"21":0,"22":0,"23":0,"24":0,"25":0},"b":{"0":[0],"1":[0,0],"2":[0,0],"3":[0],"4":[0,0,0,0,0],"5":[0],"6":[0,0]}}
,"/Users/mb/Desktop/vibewell/apps/web/src/app/api/auth/[...auth]/route.ts": {"path":"/Users/mb/Desktop/vibewell/apps/web/src/app/api/auth/[...auth]/route.ts","statementMap":{"0":{"start":{"line":4,"column":15},"end":{"line":4,"column":18}},"1":{"start":{"line":4,"column":20},"end":{"line":4,"column":24}},"2":{"start":{"line":7,"column":13},"end":{"line":7,"column":20}},"3":{"start":{"line":2,"column":25},"end":{"line":2,"column":null}},"4":{"start":{"line":4,"column":29},"end":{"line":4,"column":37}},"5":{"start":{"line":7,"column":23},"end":{"line":7,"column":null}}},"fnMap":{},"branchMap":{},"s":{"0":0,"1":0,"2":0,"3":0,"4":0,"5":0},"f":{},"b":{}}
,"/Users/mb/Desktop/vibewell/apps/web/src/components/accessibility-panel.tsx": {"path":"/Users/mb/Desktop/vibewell/apps/web/src/components/accessibility-panel.tsx","statementMap":{"0":{"start":{"line":1,"column":18},"end":{"line":1,"column":null}}},"fnMap":{},"branchMap":{},"s":{"0":0},"f":{},"b":{}}
,"/Users/mb/Desktop/vibewell/apps/web/src/components/community-events.tsx": {"path":"/Users/mb/Desktop/vibewell/apps/web/src/components/community-events.tsx","statementMap":{"0":{"start":{"line":1,"column":17},"end":{"line":1,"column":null}}},"fnMap":{},"branchMap":{"0":{"loc":{"start":{"line":1,"column":17},"end":{"line":1,"column":null}},"type":"binary-expr","locations":[{"start":{"line":1,"column":17},"end":{"line":1,"column":31}},{"start":{"line":1,"column":35},"end":{"line":1,"column":null}}]}},"s":{"0":0},"f":{},"b":{"0":[0,0]}}
,"/Users/mb/Desktop/vibewell/apps/web/src/components/messaging.tsx": {"path":"/Users/mb/Desktop/vibewell/apps/web/src/components/messaging.tsx","statementMap":{"0":{"start":{"line":12,"column":0},"end":{"line":12,"column":15}},"1":{"start":{"line":7,"column":26},"end":{"line":7,"column":null}},"2":{"start":{"line":9,"column":14},"end":{"line":9,"column":null}},"3":{"start":{"line":12,"column":15},"end":{"line":12,"column":24}}},"fnMap":{},"branchMap":{},"s":{"0":0,"1":0,"2":0,"3":0},"f":{},"b":{}}
,"/Users/mb/Desktop/vibewell/apps/web/src/components/ar/ar-viewer.tsx": {"path":"/Users/mb/Desktop/vibewell/apps/web/src/components/ar/ar-viewer.tsx","statementMap":{"0":{"start":{"line":2,"column":20},"end":{"line":2,"column":36}},"1":{"start":{"line":2,"column":36},"end":{"line":2,"column":null}}},"fnMap":{},"branchMap":{},"s":{"0":0,"1":0},"f":{},"b":{}}
,"/Users/mb/Desktop/vibewell/apps/web/src/components/ui/accessibility.tsx": {"path":"/Users/mb/Desktop/vibewell/apps/web/src/components/ui/accessibility.tsx","statementMap":{"0":{"start":{"line":4,"column":9},"end":{"line":4,"column":33}},"1":{"start":{"line":5,"column":9},"end":{"line":5,"column":31}},"2":{"start":{"line":6,"column":9},"end":{"line":6,"column":33}},"3":{"start":{"line":7,"column":9},"end":{"line":7,"column":30}},"4":{"start":{"line":8,"column":9},"end":{"line":8,"column":33}},"5":{"start":{"line":9,"column":9},"end":{"line":9,"column":25}},"6":{"start":{"line":10,"column":9},"end":{"line":10,"column":31}},"7":{"start":{"line":4,"column":33},"end":{"line":4,"column":null}},"8":{"start":{"line":5,"column":31},"end":{"line":5,"column":null}},"9":{"start":{"line":6,"column":33},"end":{"line":6,"column":null}},"10":{"start":{"line":7,"column":30},"end":{"line":7,"column":null}},"11":{"start":{"line":8,"column":33},"end":{"line":8,"column":null}},"12":{"start":{"line":9,"column":25},"end":{"line":9,"column":null}},"13":{"start":{"line":10,"column":31},"end":{"line":10,"column":null}}},"fnMap":{},"branchMap":{},"s":{"0":0,"1":0,"2":0,"3":0,"4":0,"5":0,"6":0,"7":0,"8":0,"9":0,"10":0,"11":0,"12":0,"13":0},"f":{},"b":{}}
,"/Users/mb/Desktop/vibewell/apps/web/src/components/ui/accordion.tsx": {"path":"/Users/mb/Desktop/vibewell/apps/web/src/components/ui/accordion.tsx","statementMap":{"0":{"start":{"line":55,"column":9},"end":{"line":55,"column":18}},"1":{"start":{"line":55,"column":53},"end":{"line":55,"column":69}},"2":{"start":{"line":55,"column":20},"end":{"line":55,"column":33}},"3":{"start":{"line":55,"column":35},"end":{"line":55,"column":51}},"4":{"start":{"line":3,"column":23},"end":{"line":3,"column":null}},"5":{"start":{"line":4,"column":36},"end":{"line":4,"column":null}},"6":{"start":{"line":5,"column":28},"end":{"line":5,"column":null}},"7":{"start":{"line":6,"column":19},"end":{"line":6,"column":null}},"8":{"start":{"line":8,"column":18},"end":{"line":8,"column":41}},"9":{"start":{"line":16,"column":0},"end":{"line":16,"column":null}},"10":{"start":{"line":36,"column":0},"end":{"line":36,"column":null}},"11":{"start":{"line":53,"column":0},"end":{"line":53,"column":null}}},"fnMap":{},"branchMap":{},"s":{"0":0,"1":0,"2":0,"3":0,"4":0,"5":0,"6":0,"7":0,"8":0,"9":0,"10":0,"11":0},"f":{},"b":{}}
,"/Users/mb/Desktop/vibewell/apps/web/src/components/ui/error-boundary.tsx": {"path":"/Users/mb/Desktop/vibewell/apps/web/src/components/ui/error-boundary.tsx","statementMap":{"0":{"start":{"line":1,"column":9},"end":{"line":1,"column":30}},"1":{"start":{"line":2,"column":9},"end":{"line":2,"column":34}},"2":{"start":{"line":1,"column":30},"end":{"line":1,"column":null}},"3":{"start":{"line":2,"column":34},"end":{"line":2,"column":null}}},"fnMap":{},"branchMap":{},"s":{"0":0,"1":0,"2":0,"3":0},"f":{},"b":{}}
,"/Users/mb/Desktop/vibewell/apps/web/src/components/ui/icons.tsx": {"path":"/Users/mb/Desktop/vibewell/apps/web/src/components/ui/icons.tsx","statementMap":{"0":{"start":{"line":3,"column":9},"end":{"line":3,"column":null}},"1":{"start":{"line":1,"column":23},"end":{"line":1,"column":null}}},"fnMap":{},"branchMap":{},"s":{"0":0,"1":0},"f":{},"b":{}}
,"/Users/mb/Desktop/vibewell/apps/web/src/components/ui/index.ts": {"path":"/Users/mb/Desktop/vibewell/apps/web/src/components/ui/index.ts","statementMap":{"0":{"start":{"line":9,"column":14},"end":{"line":9,"column":null}},"1":{"start":{"line":10,"column":14},"end":{"line":10,"column":null}},"2":{"start":{"line":11,"column":14},"end":{"line":11,"column":null}},"3":{"start":{"line":12,"column":14},"end":{"line":12,"column":null}},"4":{"start":{"line":13,"column":14},"end":{"line":13,"column":null}},"5":{"start":{"line":14,"column":14},"end":{"line":14,"column":null}},"6":{"start":{"line":15,"column":14},"end":{"line":15,"column":null}},"7":{"start":{"line":16,"column":14},"end":{"line":16,"column":null}},"8":{"start":{"line":17,"column":14},"end":{"line":17,"column":null}},"9":{"start":{"line":18,"column":14},"end":{"line":18,"column":null}}},"fnMap":{},"branchMap":{},"s":{"0":0,"1":0,"2":0,"3":0,"4":0,"5":0,"6":0,"7":0,"8":0,"9":0},"f":{},"b":{}}
,"/Users/mb/Desktop/vibewell/apps/web/src/components/ui/popover.tsx": {"path":"/Users/mb/Desktop/vibewell/apps/web/src/components/ui/popover.tsx","statementMap":{"0":{"start":{"line":31,"column":9},"end":{"line":31,"column":16}},"1":{"start":{"line":31,"column":34},"end":{"line":31,"column":48}},"2":{"start":{"line":31,"column":18},"end":{"line":31,"column":32}},"3":{"start":{"line":3,"column":23},"end":{"line":3,"column":null}},"4":{"start":{"line":4,"column":34},"end":{"line":4,"column":null}},"5":{"start":{"line":6,"column":19},"end":{"line":6,"column":null}},"6":{"start":{"line":8,"column":16},"end":{"line":8,"column":37}},"7":{"start":{"line":10,"column":23},"end":{"line":10,"column":47}},"8":{"start":{"line":29,"column":0},"end":{"line":29,"column":null}}},"fnMap":{},"branchMap":{"0":{"loc":{"start":{"line":15,"column":16},"end":{"line":15,"column":32}},"type":"default-arg","locations":[{"start":{"line":15,"column":24},"end":{"line":15,"column":32}}]},"1":{"loc":{"start":{"line":15,"column":34},"end":{"line":15,"column":48}},"type":"default-arg","locations":[{"start":{"line":15,"column":47},"end":{"line":15,"column":48}}]}},"s":{"0":0,"1":0,"2":0,"3":0,"4":0,"5":0,"6":0,"7":0,"8":0},"f":{},"b":{"0":[0],"1":[0]}}
,"/Users/mb/Desktop/vibewell/apps/web/src/components/ui/progress.tsx": {"path":"/Users/mb/Desktop/vibewell/apps/web/src/components/ui/progress.tsx","statementMap":{"0":{"start":{"line":23,"column":9},"end":{"line":23,"column":null}},"1":{"start":{"line":1,"column":23},"end":{"line":1,"column":null}},"2":{"start":{"line":2,"column":35},"end":{"line":2,"column":null}},"3":{"start":{"line":4,"column":19},"end":{"line":4,"column":null}},"4":{"start":{"line":21,"column":0},"end":{"line":21,"column":null}}},"fnMap":{},"branchMap":{"0":{"loc":{"start":{"line":17,"column":48},"end":{"line":17,"column":60}},"type":"binary-expr","locations":[{"start":{"line":17,"column":48},"end":{"line":17,"column":57}},{"start":{"line":17,"column":57},"end":{"line":17,"column":60}}]}},"s":{"0":0,"1":0,"2":0,"3":0,"4":0},"f":{},"b":{"0":[0,0]}}
,"/Users/mb/Desktop/vibewell/apps/web/src/components/ui/scroll-area.tsx": {"path":"/Users/mb/Desktop/vibewell/apps/web/src/components/ui/scroll-area.tsx","statementMap":{"0":{"start":{"line":46,"column":9},"end":{"line":46,"column":19}},"1":{"start":{"line":46,"column":21},"end":{"line":46,"column":30}},"2":{"start":{"line":3,"column":23},"end":{"line":3,"column":null}},"3":{"start":{"line":4,"column":37},"end":{"line":4,"column":null}},"4":{"start":{"line":6,"column":19},"end":{"line":6,"column":null}},"5":{"start":{"line":24,"column":0},"end":{"line":24,"column":null}},"6":{"start":{"line":44,"column":0},"end":{"line":44,"column":null}}},"fnMap":{},"branchMap":{"0":{"loc":{"start":{"line":29,"column":16},"end":{"line":29,"column":40}},"type":"default-arg","locations":[{"start":{"line":29,"column":30},"end":{"line":29,"column":40}}]},"1":{"loc":{"start":{"line":35,"column":6},"end":{"line":35,"column":null}},"type":"binary-expr","locations":[{"start":{"line":35,"column":6},"end":{"line":35,"column":36}},{"start":{"line":35,"column":36},"end":{"line":35,"column":null}}]},"2":{"loc":{"start":{"line":36,"column":6},"end":{"line":36,"column":null}},"type":"binary-expr","locations":[{"start":{"line":36,"column":6},"end":{"line":36,"column":38}},{"start":{"line":36,"column":38},"end":{"line":36,"column":null}}]}},"s":{"0":0,"1":0,"2":0,"3":0,"4":0,"5":0,"6":0},"f":{},"b":{"0":[0],"1":[0,0],"2":[0,0]}}
,"/Users/mb/Desktop/vibewell/apps/web/src/components/ui/separator.tsx": {"path":"/Users/mb/Desktop/vibewell/apps/web/src/components/ui/separator.tsx","statementMap":{"0":{"start":{"line":26,"column":9},"end":{"line":26,"column":null}},"1":{"start":{"line":3,"column":23},"end":{"line":3,"column":null}},"2":{"start":{"line":4,"column":36},"end":{"line":4,"column":null}},"3":{"start":{"line":6,"column":19},"end":{"line":6,"column":null}},"4":{"start":{"line":24,"column":0},"end":{"line":24,"column":null}}},"fnMap":{},"branchMap":{"0":{"loc":{"start":{"line":11,"column":16},"end":{"line":11,"column":42}},"type":"default-arg","locations":[{"start":{"line":11,"column":30},"end":{"line":11,"column":42}}]},"1":{"loc":{"start":{"line":11,"column":44},"end":{"line":11,"column":61}},"type":"default-arg","locations":[{"start":{"line":11,"column":57},"end":{"line":11,"column":61}}]},"2":{"loc":{"start":{"line":18,"column":6},"end":{"line":18,"column":null}},"type":"cond-expr","locations":[{"start":{"line":18,"column":37},"end":{"line":18,"column":56}},{"start":{"line":18,"column":56},"end":{"line":18,"column":null}}]}},"s":{"0":0,"1":0,"2":0,"3":0,"4":0},"f":{},"b":{"0":[0],"1":[0],"2":[0,0]}}
,"/Users/mb/Desktop/vibewell/apps/web/src/components/ui/switch.tsx": {"path":"/Users/mb/Desktop/vibewell/apps/web/src/components/ui/switch.tsx","statementMap":{"0":{"start":{"line":28,"column":9},"end":{"line":28,"column":null}},"1":{"start":{"line":3,"column":23},"end":{"line":3,"column":null}},"2":{"start":{"line":4,"column":34},"end":{"line":4,"column":null}},"3":{"start":{"line":5,"column":19},"end":{"line":5,"column":null}},"4":{"start":{"line":26,"column":0},"end":{"line":26,"column":null}}},"fnMap":{},"branchMap":{},"s":{"0":0,"1":0,"2":0,"3":0,"4":0},"f":{},"b":{}}
,"/Users/mb/Desktop/vibewell/apps/web/src/components/ui/tabs.tsx": {"path":"/Users/mb/Desktop/vibewell/apps/web/src/components/ui/tabs.tsx","statementMap":{"0":{"start":{"line":54,"column":9},"end":{"line":54,"column":13}},"1":{"start":{"line":54,"column":38},"end":{"line":54,"column":49}},"2":{"start":{"line":54,"column":15},"end":{"line":54,"column":23}},"3":{"start":{"line":54,"column":25},"end":{"line":54,"column":36}},"4":{"start":{"line":3,"column":23},"end":{"line":3,"column":null}},"5":{"start":{"line":4,"column":31},"end":{"line":4,"column":null}},"6":{"start":{"line":5,"column":19},"end":{"line":5,"column":null}},"7":{"start":{"line":7,"column":13},"end":{"line":7,"column":31}},"8":{"start":{"line":22,"column":0},"end":{"line":22,"column":null}},"9":{"start":{"line":37,"column":0},"end":{"line":37,"column":null}},"10":{"start":{"line":52,"column":0},"end":{"line":52,"column":null}}},"fnMap":{},"branchMap":{},"s":{"0":0,"1":0,"2":0,"3":0,"4":0,"5":0,"6":0,"7":0,"8":0,"9":0,"10":0},"f":{},"b":{}}
,"/Users/mb/Desktop/vibewell/apps/web/src/components/ui/tooltip.tsx": {"path":"/Users/mb/Desktop/vibewell/apps/web/src/components/ui/tooltip.tsx","statementMap":{"0":{"start":{"line":29,"column":9},"end":{"line":29,"column":16}},"1":{"start":{"line":29,"column":34},"end":{"line":29,"column":48}},"2":{"start":{"line":29,"column":50},"end":{"line":29,"column":65}},"3":{"start":{"line":29,"column":18},"end":{"line":29,"column":32}},"4":{"start":{"line":3,"column":23},"end":{"line":3,"column":null}},"5":{"start":{"line":4,"column":34},"end":{"line":4,"column":null}},"6":{"start":{"line":5,"column":19},"end":{"line":5,"column":null}},"7":{"start":{"line":7,"column":24},"end":{"line":7,"column":49}},"8":{"start":{"line":9,"column":16},"end":{"line":9,"column":37}},"9":{"start":{"line":11,"column":23},"end":{"line":11,"column":47}},"10":{"start":{"line":27,"column":0},"end":{"line":27,"column":null}}},"fnMap":{},"branchMap":{"0":{"loc":{"start":{"line":16,"column":16},"end":{"line":16,"column":30}},"type":"default-arg","locations":[{"start":{"line":16,"column":29},"end":{"line":16,"column":30}}]}},"s":{"0":0,"1":0,"2":0,"3":0,"4":0,"5":0,"6":0,"7":0,"8":0,"9":0,"10":0},"f":{},"b":{"0":[0]}}
,"/Users/mb/Desktop/vibewell/apps/web/src/config/third-party.ts": {"path":"/Users/mb/Desktop/vibewell/apps/web/src/config/third-party.ts","statementMap":{"0":{"start":{"line":4,"column":13},"end":{"line":4,"column":52}},"1":{"start":{"line":4,"column":52},"end":{"line":4,"column":null}}},"fnMap":{},"branchMap":{},"s":{"0":0,"1":0},"f":{},"b":{}}
,"/Users/mb/Desktop/vibewell/apps/web/src/graphql/types/index.ts": {"path":"/Users/mb/Desktop/vibewell/apps/web/src/graphql/types/index.ts","statementMap":{"0":{"start":{"line":2,"column":14},"end":{"line":2,"column":null}},"1":{"start":{"line":4,"column":14},"end":{"line":4,"column":null}},"2":{"start":{"line":6,"column":14},"end":{"line":6,"column":null}},"3":{"start":{"line":8,"column":14},"end":{"line":8,"column":null}}},"fnMap":{},"branchMap":{},"s":{"0":0,"1":0,"2":0,"3":0},"f":{},"b":{}}
,"/Users/mb/Desktop/vibewell/apps/web/src/lib/api/cache.ts": {"path":"/Users/mb/Desktop/vibewell/apps/web/src/lib/api/cache.ts","statementMap":{"0":{"start":{"line":17,"column":13},"end":{"line":17,"column":21}},"1":{"start":{"line":18,"column":13},"end":{"line":18,"column":24}},"2":{"start":{"line":9,"column":45},"end":{"line":9,"column":null}},"3":{"start":{"line":17,"column":24},"end":{"line":17,"column":40}},"4":{"start":{"line":18,"column":27},"end":{"line":18,"column":46}}},"fnMap":{},"branchMap":{},"s":{"0":0,"1":0,"2":0,"3":0,"4":0},"f":{},"b":{}}
,"/Users/mb/Desktop/vibewell/apps/web/src/lib/ar/model-cache.ts": {"path":"/Users/mb/Desktop/vibewell/apps/web/src/lib/ar/model-cache.ts","statementMap":{"0":{"start":{"line":13,"column":23},"end":{"line":13,"column":null}},"1":{"start":{"line":13,"column":9},"end":{"line":13,"column":23}},"2":{"start":{"line":9,"column":43},"end":{"line":9,"column":null}}},"fnMap":{},"branchMap":{},"s":{"0":0,"1":0,"2":0},"f":{},"b":{}}
,"/Users/mb/Desktop/vibewell/apps/web/src/lib/graphql/schema.ts": {"path":"/Users/mb/Desktop/vibewell/apps/web/src/lib/graphql/schema.ts","statementMap":{"0":{"start":{"line":259,"column":0},"end":{"line":259,"column":15}},"1":{"start":{"line":12,"column":13},"end":{"line":12,"column":21}},"2":{"start":{"line":9,"column":20},"end":{"line":9,"column":null}},"3":{"start":{"line":12,"column":24},"end":{"line":258,"column":1}},"4":{"start":{"line":259,"column":15},"end":{"line":259,"column":24}}},"fnMap":{},"branchMap":{},"s":{"0":0,"1":0,"2":0,"3":0,"4":0},"f":{},"b":{}}
,"/Users/mb/Desktop/vibewell/apps/web/src/lib/websocket/rate-limiter.ts": {"path":"/Users/mb/Desktop/vibewell/apps/web/src/lib/websocket/rate-limiter.ts","statementMap":{"0":{"start":{"line":13,"column":31},"end":{"line":13,"column":null}},"1":{"start":{"line":13,"column":9},"end":{"line":13,"column":31}},"2":{"start":{"line":9,"column":59},"end":{"line":9,"column":null}}},"fnMap":{},"branchMap":{},"s":{"0":0,"1":0,"2":0},"f":{},"b":{}}
,"/Users/mb/Desktop/vibewell/apps/web/src/mocks/handlers/index.ts": {"path":"/Users/mb/Desktop/vibewell/apps/web/src/mocks/handlers/index.ts","statementMap":{"0":{"start":{"line":9,"column":13},"end":{"line":9,"column":24}},"1":{"start":{"line":1,"column":29},"end":{"line":1,"column":null}},"2":{"start":{"line":2,"column":32},"end":{"line":2,"column":null}},"3":{"start":{"line":3,"column":32},"end":{"line":3,"column":null}},"4":{"start":{"line":4,"column":29},"end":{"line":4,"column":null}},"5":{"start":{"line":5,"column":27},"end":{"line":5,"column":null}},"6":{"start":{"line":6,"column":27},"end":{"line":6,"column":null}},"7":{"start":{"line":9,"column":24},"end":{"line":16,"column":null}}},"fnMap":{},"branchMap":{},"s":{"0":0,"1":0,"2":0,"3":0,"4":0,"5":0,"6":0,"7":0},"f":{},"b":{}}
,"/Users/mb/Desktop/vibewell/apps/web/src/utils/mobile-optimizations.ts": {"path":"/Users/mb/Desktop/vibewell/apps/web/src/utils/mobile-optimizations.ts","statementMap":{"0":{"start":{"line":16,"column":14},"end":{"line":16,"column":null}}},"fnMap":{},"branchMap":{},"s":{"0":0},"f":{},"b":{}}
,"/Users/mb/Desktop/vibewell/apps/web/src/utils/state-manager-compat.ts": {"path":"/Users/mb/Desktop/vibewell/apps/web/src/utils/state-manager-compat.ts","statementMap":{"0":{"start":{"line":17,"column":9},"end":{"line":17,"column":null}},"1":{"start":{"line":15,"column":14},"end":{"line":15,"column":null}}},"fnMap":{},"branchMap":{},"s":{"0":0,"1":0},"f":{},"b":{}}
,"/Users/mb/Desktop/vibewell/apps/web/src/utils/state-manager.ts": {"path":"/Users/mb/Desktop/vibewell/apps/web/src/utils/state-manager.ts","statementMap":{"0":{"start":{"line":17,"column":9},"end":{"line":17,"column":null}},"1":{"start":{"line":15,"column":14},"end":{"line":15,"column":null}}},"fnMap":{},"branchMap":{},"s":{"0":0,"1":0},"f":{},"b":{}}
}
