{"/Users/mb/Desktop/vibewell/mobile/App.tsx": {"path":"/Users/mb/Desktop/vibewell/mobile/App.tsx","statementMap":{"0":{"start":{"line":13,"column":2},"end":{"line":26,"column":4}}},"fnMap":{"0":{"name":"App","decl":{"start":{"line":12,"column":24},"end":{"line":12,"column":27}},"loc":{"start":{"line":12,"column":30},"end":{"line":27,"column":1}},"line":12}},"branchMap":{},"s":{"0":0},"f":{"0":0},"b":{}}
,"/Users/mb/Desktop/vibewell/mobile/global.d.ts": {"path":"/Users/mb/Desktop/vibewell/mobile/global.d.ts","statementMap":{},"fnMap":{},"branchMap":{},"s":{},"f":{},"b":{}}
,"/Users/mb/Desktop/vibewell/mobile/index.ts": {"path":"/Users/mb/Desktop/vibewell/mobile/index.ts","statementMap":{"0":{"start":{"line":8,"column":0},"end":{"line":8,"column":27}}},"fnMap":{},"branchMap":{},"s":{"0":0},"f":{},"b":{}}
,"/Users/mb/Desktop/vibewell/mobile/src/App.tsx": {"path":"/Users/mb/Desktop/vibewell/mobile/src/App.tsx","statementMap":{"0":{"start":{"line":12,"column":2},"end":{"line":25,"column":4}}},"fnMap":{"0":{"name":"App","decl":{"start":{"line":11,"column":24},"end":{"line":11,"column":27}},"loc":{"start":{"line":11,"column":30},"end":{"line":26,"column":1}},"line":11}},"branchMap":{},"s":{"0":0},"f":{"0":0},"b":{}}
,"/Users/mb/Desktop/vibewell/mobile/src/config.ts": {"path":"/Users/mb/Desktop/vibewell/mobile/src/config.ts","statementMap":{"0":{"start":{"line":2,"column":29},"end":{"line":2,"column":55}},"1":{"start":{"line":5,"column":25},"end":{"line":11,"column":1}},"2":{"start":{"line":14,"column":27},"end":{"line":20,"column":1}},"3":{"start":{"line":23,"column":24},"end":{"line":28,"column":1}},"4":{"start":{"line":31,"column":28},"end":{"line":37,"column":1}},"5":{"start":{"line":40,"column":36},"end":{"line":40,"column":67}},"6":{"start":{"line":43,"column":34},"end":{"line":48,"column":1}}},"fnMap":{},"branchMap":{"0":{"loc":{"start":{"line":9,"column":15},"end":{"line":9,"column":53}},"type":"cond-expr","locations":[{"start":{"line":9,"column":25},"end":{"line":9,"column":38}},{"start":{"line":9,"column":41},"end":{"line":9,"column":53}}],"line":9},"1":{"loc":{"start":{"line":10,"column":12},"end":{"line":10,"column":39}},"type":"cond-expr","locations":[{"start":{"line":10,"column":22},"end":{"line":10,"column":29}},{"start":{"line":10,"column":32},"end":{"line":10,"column":39}}],"line":10}},"s":{"0":7,"1":7,"2":7,"3":7,"4":7,"5":7,"6":7},"f":{},"b":{"0":[7,0],"1":[7,0]},"_coverageSchema":"1a1c01bbd47fc00a2c39e90264f33305004495a9","hash":"c80a1cd6304078942f3f3f9b12e9f9ce752c3b25"}
,"/Users/mb/Desktop/vibewell/mobile/src/ar/ARScene.tsx": {"path":"/Users/mb/Desktop/vibewell/mobile/src/ar/ARScene.tsx","statementMap":{"0":{"start":{"line":10,"column":40},"end":{"line":22,"column":1}},"1":{"start":{"line":11,"column":2},"end":{"line":21,"column":16}}},"fnMap":{"0":{"name":"(anonymous_0)","decl":{"start":{"line":10,"column":40},"end":{"line":10,"column":41}},"loc":{"start":{"line":11,"column":2},"end":{"line":21,"column":16}},"line":11}},"branchMap":{},"s":{"0":0,"1":0},"f":{"0":0},"b":{}}
,"/Users/mb/Desktop/vibewell/mobile/src/ar/LoadingOverlay.tsx": {"path":"/Users/mb/Desktop/vibewell/mobile/src/ar/LoadingOverlay.tsx","statementMap":{"0":{"start":{"line":5,"column":69},"end":{"line":48,"column":1}},"1":{"start":{"line":6,"column":18},"end":{"line":6,"column":35}},"2":{"start":{"line":7,"column":16},"end":{"line":7,"column":33}},"3":{"start":{"line":9,"column":22},"end":{"line":9,"column":74}},"4":{"start":{"line":9,"column":46},"end":{"line":9,"column":72}},"5":{"start":{"line":10,"column":20},"end":{"line":10,"column":85}},"6":{"start":{"line":10,"column":44},"end":{"line":10,"column":83}},"7":{"start":{"line":12,"column":2},"end":{"line":22,"column":9}},"8":{"start":{"line":14,"column":4},"end":{"line":21,"column":6}},"9":{"start":{"line":24,"column":2},"end":{"line":37,"column":17}},"10":{"start":{"line":25,"column":4},"end":{"line":36,"column":5}},"11":{"start":{"line":26,"column":6},"end":{"line":26,"column":55}},"12":{"start":{"line":27,"column":6},"end":{"line":35,"column":7}},"13":{"start":{"line":28,"column":8},"end":{"line":34,"column":13}},"14":{"start":{"line":29,"column":10},"end":{"line":29,"column":40}},"15":{"start":{"line":30,"column":10},"end":{"line":33,"column":18}},"16":{"start":{"line":31,"column":12},"end":{"line":31,"column":30}},"17":{"start":{"line":32,"column":12},"end":{"line":32,"column":32}},"18":{"start":{"line":39,"column":2},"end":{"line":47,"column":4}},"19":{"start":{"line":50,"column":15},"end":{"line":61,"column":2}}},"fnMap":{"0":{"name":"(anonymous_0)","decl":{"start":{"line":5,"column":69},"end":{"line":5,"column":70}},"loc":{"start":{"line":5,"column":94},"end":{"line":48,"column":1}},"line":5},"1":{"name":"(anonymous_1)","decl":{"start":{"line":9,"column":39},"end":{"line":9,"column":40}},"loc":{"start":{"line":9,"column":46},"end":{"line":9,"column":72}},"line":9},"2":{"name":"(anonymous_2)","decl":{"start":{"line":10,"column":37},"end":{"line":10,"column":38}},"loc":{"start":{"line":10,"column":44},"end":{"line":10,"column":83}},"line":10},"3":{"name":"(anonymous_3)","decl":{"start":{"line":12,"column":12},"end":{"line":12,"column":13}},"loc":{"start":{"line":12,"column":18},"end":{"line":22,"column":3}},"line":12},"4":{"name":"(anonymous_4)","decl":{"start":{"line":24,"column":12},"end":{"line":24,"column":13}},"loc":{"start":{"line":24,"column":18},"end":{"line":37,"column":3}},"line":24},"5":{"name":"(anonymous_5)","decl":{"start":{"line":28,"column":9},"end":{"line":28,"column":10}},"loc":{"start":{"line":28,"column":21},"end":{"line":34,"column":9}},"line":28},"6":{"name":"(anonymous_6)","decl":{"start":{"line":30,"column":21},"end":{"line":30,"column":22}},"loc":{"start":{"line":30,"column":27},"end":{"line":33,"column":11}},"line":30}},"branchMap":{"0":{"loc":{"start":{"line":25,"column":4},"end":{"line":36,"column":5}},"type":"if","locations":[{"start":{"line":25,"column":4},"end":{"line":36,"column":5}},{"start":{},"end":{}}],"line":25},"1":{"loc":{"start":{"line":27,"column":6},"end":{"line":35,"column":7}},"type":"if","locations":[{"start":{"line":27,"column":6},"end":{"line":35,"column":7}},{"start":{},"end":{}}],"line":27}},"s":{"0":0,"1":0,"2":0,"3":0,"4":0,"5":0,"6":0,"7":0,"8":0,"9":0,"10":0,"11":0,"12":0,"13":0,"14":0,"15":0,"16":0,"17":0,"18":0,"19":0},"f":{"0":0,"1":0,"2":0,"3":0,"4":0,"5":0,"6":0},"b":{"0":[0,0],"1":[0,0]}}
,"/Users/mb/Desktop/vibewell/mobile/src/ar/modelConfig.ts": {"path":"/Users/mb/Desktop/vibewell/mobile/src/ar/modelConfig.ts","statementMap":{"0":{"start":{"line":10,"column":36},"end":{"line":14,"column":1}}},"fnMap":{},"branchMap":{},"s":{"0":0},"f":{},"b":{}}
,"/Users/mb/Desktop/vibewell/mobile/src/components/LanguageSelector.tsx": {"path":"/Users/mb/Desktop/vibewell/mobile/src/components/LanguageSelector.tsx","statementMap":{"0":{"start":{"line":24,"column":58},"end":{"line":129,"column":1}},"1":{"start":{"line":31,"column":36},"end":{"line":31,"column":66}},"2":{"start":{"line":32,"column":50},"end":{"line":32,"column":91}},"3":{"start":{"line":33,"column":36},"end":{"line":33,"column":60}},"4":{"start":{"line":35,"column":2},"end":{"line":38,"column":9}},"5":{"start":{"line":37,"column":4},"end":{"line":37,"column":40}},"6":{"start":{"line":40,"column":31},"end":{"line":63,"column":3}},"7":{"start":{"line":41,"column":4},"end":{"line":43,"column":5}},"8":{"start":{"line":42,"column":6},"end":{"line":42,"column":13}},"9":{"start":{"line":45,"column":4},"end":{"line":45,"column":23}},"10":{"start":{"line":46,"column":4},"end":{"line":62,"column":5}},"11":{"start":{"line":47,"column":22},"end":{"line":47,"column":53}},"12":{"start":{"line":48,"column":6},"end":{"line":58,"column":7}},"13":{"start":{"line":49,"column":8},"end":{"line":49,"column":42}},"14":{"start":{"line":50,"column":8},"end":{"line":50,"column":41}},"15":{"start":{"line":52,"column":8},"end":{"line":55,"column":16}},"16":{"start":{"line":53,"column":10},"end":{"line":53,"column":30}},"17":{"start":{"line":54,"column":10},"end":{"line":54,"column":20}},"18":{"start":{"line":57,"column":8},"end":{"line":57,"column":28}},"19":{"start":{"line":60,"column":6},"end":{"line":60,"column":55}},"20":{"start":{"line":61,"column":6},"end":{"line":61,"column":26}},"21":{"start":{"line":65,"column":29},"end":{"line":92,"column":3}},"22":{"start":{"line":66,"column":23},"end":{"line":66,"column":53}},"23":{"start":{"line":68,"column":4},"end":{"line":91,"column":6}},"24":{"start":{"line":71,"column":23},"end":{"line":71,"column":54}},"25":{"start":{"line":94,"column":2},"end":{"line":128,"column":4}},"26":{"start":{"line":121,"column":38},"end":{"line":121,"column":47}},"27":{"start":{"line":131,"column":15},"end":{"line":232,"column":2}}},"fnMap":{"0":{"name":"(anonymous_0)","decl":{"start":{"line":24,"column":58},"end":{"line":24,"column":59}},"loc":{"start":{"line":30,"column":6},"end":{"line":129,"column":1}},"line":30},"1":{"name":"(anonymous_1)","decl":{"start":{"line":35,"column":12},"end":{"line":35,"column":13}},"loc":{"start":{"line":35,"column":18},"end":{"line":38,"column":3}},"line":35},"2":{"name":"(anonymous_2)","decl":{"start":{"line":40,"column":31},"end":{"line":40,"column":32}},"loc":{"start":{"line":40,"column":63},"end":{"line":63,"column":3}},"line":40},"3":{"name":"(anonymous_3)","decl":{"start":{"line":52,"column":19},"end":{"line":52,"column":20}},"loc":{"start":{"line":52,"column":25},"end":{"line":55,"column":9}},"line":52},"4":{"name":"(anonymous_4)","decl":{"start":{"line":65,"column":29},"end":{"line":65,"column":30}},"loc":{"start":{"line":65,"column":69},"end":{"line":92,"column":3}},"line":65},"5":{"name":"(anonymous_5)","decl":{"start":{"line":71,"column":17},"end":{"line":71,"column":18}},"loc":{"start":{"line":71,"column":23},"end":{"line":71,"column":54}},"line":71},"6":{"name":"(anonymous_6)","decl":{"start":{"line":121,"column":28},"end":{"line":121,"column":29}},"loc":{"start":{"line":121,"column":38},"end":{"line":121,"column":47}},"line":121}},"branchMap":{"0":{"loc":{"start":{"line":27,"column":2},"end":{"line":27,"column":18}},"type":"default-arg","locations":[{"start":{"line":27,"column":14},"end":{"line":27,"column":18}}],"line":27},"1":{"loc":{"start":{"line":28,"column":2},"end":{"line":28,"column":23}},"type":"default-arg","locations":[{"start":{"line":28,"column":19},"end":{"line":28,"column":23}}],"line":28},"2":{"loc":{"start":{"line":41,"column":4},"end":{"line":43,"column":5}},"type":"if","locations":[{"start":{"line":41,"column":4},"end":{"line":43,"column":5}},{"start":{},"end":{}}],"line":41},"3":{"loc":{"start":{"line":48,"column":6},"end":{"line":58,"column":7}},"type":"if","locations":[{"start":{"line":48,"column":6},"end":{"line":58,"column":7}},{"start":{"line":56,"column":13},"end":{"line":58,"column":7}}],"line":48},"4":{"loc":{"start":{"line":70,"column":37},"end":{"line":70,"column":78}},"type":"binary-expr","locations":[{"start":{"line":70,"column":37},"end":{"line":70,"column":47}},{"start":{"line":70,"column":51},"end":{"line":70,"column":78}}],"line":70},"5":{"loc":{"start":{"line":74,"column":9},"end":{"line":74,"column":66}},"type":"binary-expr","locations":[{"start":{"line":74,"column":9},"end":{"line":74,"column":18}},{"start":{"line":74,"column":22},"end":{"line":74,"column":66}}],"line":74},"6":{"loc":{"start":{"line":76,"column":45},"end":{"line":76,"column":78}},"type":"binary-expr","locations":[{"start":{"line":76,"column":45},"end":{"line":76,"column":55}},{"start":{"line":76,"column":59},"end":{"line":76,"column":78}}],"line":76},"7":{"loc":{"start":{"line":79,"column":11},"end":{"line":83,"column":11}},"type":"binary-expr","locations":[{"start":{"line":79,"column":11},"end":{"line":79,"column":25}},{"start":{"line":79,"column":29},"end":{"line":79,"column":57}},{"start":{"line":80,"column":12},"end":{"line":82,"column":19}}],"line":79},"8":{"loc":{"start":{"line":80,"column":44},"end":{"line":80,"column":77}},"type":"binary-expr","locations":[{"start":{"line":80,"column":44},"end":{"line":80,"column":54}},{"start":{"line":80,"column":58},"end":{"line":80,"column":77}}],"line":80},"9":{"loc":{"start":{"line":85,"column":9},"end":{"line":89,"column":9}},"type":"binary-expr","locations":[{"start":{"line":85,"column":9},"end":{"line":85,"column":19}},{"start":{"line":86,"column":10},"end":{"line":88,"column":17}}],"line":85},"10":{"loc":{"start":{"line":112,"column":11},"end":{"line":124,"column":11}},"type":"cond-expr","locations":[{"start":{"line":113,"column":12},"end":{"line":116,"column":19}},{"start":{"line":118,"column":12},"end":{"line":123,"column":14}}],"line":112},"11":{"loc":{"start":{"line":142,"column":19},"end":{"line":142,"column":49}},"type":"cond-expr","locations":[{"start":{"line":142,"column":43},"end":{"line":142,"column":44}},{"start":{"line":142,"column":47},"end":{"line":142,"column":49}}],"line":142}},"s":{"0":0,"1":0,"2":0,"3":0,"4":0,"5":0,"6":0,"7":0,"8":0,"9":0,"10":0,"11":0,"12":0,"13":0,"14":0,"15":0,"16":0,"17":0,"18":0,"19":0,"20":0,"21":0,"22":0,"23":0,"24":0,"25":0,"26":0,"27":0},"f":{"0":0,"1":0,"2":0,"3":0,"4":0,"5":0,"6":0},"b":{"0":[0],"1":[0],"2":[0,0],"3":[0,0],"4":[0,0],"5":[0,0],"6":[0,0],"7":[0,0,0],"8":[0,0],"9":[0,0],"10":[0,0],"11":[0,0]}}
,"/Users/mb/Desktop/vibewell/mobile/src/components/beauty/BeautyCategories.tsx": {"path":"/Users/mb/Desktop/vibewell/mobile/src/components/beauty/BeautyCategories.tsx","statementMap":{"0":{"start":{"line":19,"column":42},"end":{"line":49,"column":1}},"1":{"start":{"line":20,"column":2},"end":{"line":48,"column":4}},"2":{"start":{"line":51,"column":58},"end":{"line":85,"column":1}},"3":{"start":{"line":56,"column":21},"end":{"line":64,"column":3}},"4":{"start":{"line":66,"column":2},"end":{"line":84,"column":4}},"5":{"start":{"line":74,"column":8},"end":{"line":81,"column":10}},"6":{"start":{"line":79,"column":25},"end":{"line":79,"column":54}},"7":{"start":{"line":87,"column":15},"end":{"line":113,"column":2}}},"fnMap":{"0":{"name":"(anonymous_0)","decl":{"start":{"line":19,"column":42},"end":{"line":19,"column":43}},"loc":{"start":{"line":19,"column":96},"end":{"line":49,"column":1}},"line":19},"1":{"name":"(anonymous_1)","decl":{"start":{"line":51,"column":58},"end":{"line":51,"column":59}},"loc":{"start":{"line":55,"column":6},"end":{"line":85,"column":1}},"line":55},"2":{"name":"(anonymous_2)","decl":{"start":{"line":73,"column":22},"end":{"line":73,"column":23}},"loc":{"start":{"line":74,"column":8},"end":{"line":81,"column":10}},"line":74},"3":{"name":"(anonymous_3)","decl":{"start":{"line":79,"column":19},"end":{"line":79,"column":20}},"loc":{"start":{"line":79,"column":25},"end":{"line":79,"column":54}},"line":79}},"branchMap":{"0":{"loc":{"start":{"line":25,"column":27},"end":{"line":27,"column":50}},"type":"cond-expr","locations":[{"start":{"line":26,"column":15},"end":{"line":26,"column":49}},{"start":{"line":27,"column":15},"end":{"line":27,"column":49}}],"line":25},"1":{"loc":{"start":{"line":26,"column":15},"end":{"line":26,"column":49}},"type":"cond-expr","locations":[{"start":{"line":26,"column":28},"end":{"line":26,"column":37}},{"start":{"line":26,"column":40},"end":{"line":26,"column":49}}],"line":26},"2":{"loc":{"start":{"line":27,"column":15},"end":{"line":27,"column":49}},"type":"cond-expr","locations":[{"start":{"line":27,"column":28},"end":{"line":27,"column":37}},{"start":{"line":27,"column":40},"end":{"line":27,"column":49}}],"line":27},"3":{"loc":{"start":{"line":35,"column":15},"end":{"line":35,"column":76}},"type":"cond-expr","locations":[{"start":{"line":35,"column":28},"end":{"line":35,"column":37}},{"start":{"line":35,"column":41},"end":{"line":35,"column":75}}],"line":35},"4":{"loc":{"start":{"line":35,"column":41},"end":{"line":35,"column":75}},"type":"cond-expr","locations":[{"start":{"line":35,"column":54},"end":{"line":35,"column":63}},{"start":{"line":35,"column":66},"end":{"line":35,"column":75}}],"line":35},"5":{"loc":{"start":{"line":41,"column":19},"end":{"line":41,"column":80}},"type":"cond-expr","locations":[{"start":{"line":41,"column":32},"end":{"line":41,"column":41}},{"start":{"line":41,"column":45},"end":{"line":41,"column":79}}],"line":41},"6":{"loc":{"start":{"line":41,"column":45},"end":{"line":41,"column":79}},"type":"cond-expr","locations":[{"start":{"line":41,"column":58},"end":{"line":41,"column":67}},{"start":{"line":41,"column":70},"end":{"line":41,"column":79}}],"line":41}},"s":{"0":0,"1":0,"2":0,"3":0,"4":0,"5":0,"6":0,"7":0},"f":{"0":0,"1":0,"2":0,"3":0},"b":{"0":[0,0],"1":[0,0],"2":[0,0],"3":[0,0],"4":[0,0],"5":[0,0],"6":[0,0]}}
,"/Users/mb/Desktop/vibewell/mobile/src/components/beauty/BeautyFilters.tsx": {"path":"/Users/mb/Desktop/vibewell/mobile/src/components/beauty/BeautyFilters.tsx","statementMap":{"0":{"start":{"line":25,"column":38},"end":{"line":32,"column":1}},"1":{"start":{"line":34,"column":52},"end":{"line":197,"column":1}},"2":{"start":{"line":41,"column":32},"end":{"line":41,"column":89}},"3":{"start":{"line":43,"column":2},"end":{"line":47,"column":32}},"4":{"start":{"line":44,"column":4},"end":{"line":46,"column":5}},"5":{"start":{"line":45,"column":6},"end":{"line":45,"column":52}},"6":{"start":{"line":49,"column":22},"end":{"line":51,"column":3}},"7":{"start":{"line":50,"column":4},"end":{"line":50,"column":32}},"8":{"start":{"line":53,"column":29},"end":{"line":55,"column":3}},"9":{"start":{"line":54,"column":4},"end":{"line":54,"column":21}},"10":{"start":{"line":57,"column":23},"end":{"line":59,"column":3}},"11":{"start":{"line":58,"column":4},"end":{"line":58,"column":52}},"12":{"start":{"line":58,"column":24},"end":{"line":58,"column":49}},"13":{"start":{"line":61,"column":20},"end":{"line":61,"column":67}},"14":{"start":{"line":62,"column":26},"end":{"line":62,"column":85}},"15":{"start":{"line":63,"column":21},"end":{"line":63,"column":70}},"16":{"start":{"line":65,"column":2},"end":{"line":196,"column":4}},"17":{"start":{"line":94,"column":42},"end":{"line":94,"column":85}},"18":{"start":{"line":104,"column":42},"end":{"line":104,"column":85}},"19":{"start":{"line":123,"column":42},"end":{"line":123,"column":88}},"20":{"start":{"line":133,"column":42},"end":{"line":133,"column":88}},"21":{"start":{"line":145,"column":18},"end":{"line":157,"column":37}},"22":{"start":{"line":148,"column":35},"end":{"line":148,"column":68}},"23":{"start":{"line":168,"column":44},"end":{"line":168,"column":75}},"24":{"start":{"line":199,"column":15},"end":{"line":361,"column":2}}},"fnMap":{"0":{"name":"(anonymous_0)","decl":{"start":{"line":34,"column":52},"end":{"line":34,"column":53}},"loc":{"start":{"line":40,"column":6},"end":{"line":197,"column":1}},"line":40},"1":{"name":"(anonymous_1)","decl":{"start":{"line":43,"column":12},"end":{"line":43,"column":13}},"loc":{"start":{"line":43,"column":18},"end":{"line":47,"column":3}},"line":43},"2":{"name":"(anonymous_2)","decl":{"start":{"line":49,"column":22},"end":{"line":49,"column":23}},"loc":{"start":{"line":49,"column":28},"end":{"line":51,"column":3}},"line":49},"3":{"name":"(anonymous_3)","decl":{"start":{"line":53,"column":29},"end":{"line":53,"column":30}},"loc":{"start":{"line":53,"column":35},"end":{"line":55,"column":3}},"line":53},"4":{"name":"(anonymous_4)","decl":{"start":{"line":57,"column":23},"end":{"line":57,"column":24}},"loc":{"start":{"line":57,"column":89},"end":{"line":59,"column":3}},"line":57},"5":{"name":"(anonymous_5)","decl":{"start":{"line":58,"column":15},"end":{"line":58,"column":16}},"loc":{"start":{"line":58,"column":24},"end":{"line":58,"column":49}},"line":58},"6":{"name":"(anonymous_6)","decl":{"start":{"line":94,"column":31},"end":{"line":94,"column":32}},"loc":{"start":{"line":94,"column":42},"end":{"line":94,"column":85}},"line":94},"7":{"name":"(anonymous_7)","decl":{"start":{"line":104,"column":31},"end":{"line":104,"column":32}},"loc":{"start":{"line":104,"column":42},"end":{"line":104,"column":85}},"line":104},"8":{"name":"(anonymous_8)","decl":{"start":{"line":123,"column":31},"end":{"line":123,"column":32}},"loc":{"start":{"line":123,"column":42},"end":{"line":123,"column":88}},"line":123},"9":{"name":"(anonymous_9)","decl":{"start":{"line":133,"column":31},"end":{"line":133,"column":32}},"loc":{"start":{"line":133,"column":42},"end":{"line":133,"column":88}},"line":133},"10":{"name":"(anonymous_10)","decl":{"start":{"line":144,"column":40},"end":{"line":144,"column":41}},"loc":{"start":{"line":145,"column":18},"end":{"line":157,"column":37}},"line":145},"11":{"name":"(anonymous_11)","decl":{"start":{"line":148,"column":29},"end":{"line":148,"column":30}},"loc":{"start":{"line":148,"column":35},"end":{"line":148,"column":68}},"line":148},"12":{"name":"(anonymous_12)","decl":{"start":{"line":168,"column":33},"end":{"line":168,"column":34}},"loc":{"start":{"line":168,"column":44},"end":{"line":168,"column":75}},"line":168}},"branchMap":{"0":{"loc":{"start":{"line":41,"column":55},"end":{"line":41,"column":88}},"type":"binary-expr","locations":[{"start":{"line":41,"column":55},"end":{"line":41,"column":69}},{"start":{"line":41,"column":73},"end":{"line":41,"column":88}}],"line":41},"1":{"loc":{"start":{"line":44,"column":4},"end":{"line":46,"column":5}},"type":"if","locations":[{"start":{"line":44,"column":4},"end":{"line":46,"column":5}},{"start":{},"end":{}}],"line":44},"2":{"loc":{"start":{"line":45,"column":17},"end":{"line":45,"column":50}},"type":"binary-expr","locations":[{"start":{"line":45,"column":17},"end":{"line":45,"column":31}},{"start":{"line":45,"column":35},"end":{"line":45,"column":50}}],"line":45},"3":{"loc":{"start":{"line":61,"column":20},"end":{"line":61,"column":67}},"type":"cond-expr","locations":[{"start":{"line":61,"column":33},"end":{"line":61,"column":48}},{"start":{"line":61,"column":51},"end":{"line":61,"column":67}}],"line":61},"4":{"loc":{"start":{"line":62,"column":26},"end":{"line":62,"column":85}},"type":"cond-expr","locations":[{"start":{"line":62,"column":39},"end":{"line":62,"column":60}},{"start":{"line":62,"column":63},"end":{"line":62,"column":85}}],"line":62},"5":{"loc":{"start":{"line":63,"column":21},"end":{"line":63,"column":70}},"type":"cond-expr","locations":[{"start":{"line":63,"column":34},"end":{"line":63,"column":50}},{"start":{"line":63,"column":53},"end":{"line":63,"column":70}}],"line":63},"6":{"loc":{"start":{"line":72,"column":41},"end":{"line":72,"column":94}},"type":"cond-expr","locations":[{"start":{"line":72,"column":54},"end":{"line":72,"column":72}},{"start":{"line":72,"column":75},"end":{"line":72,"column":94}}],"line":72},"7":{"loc":{"start":{"line":77,"column":59},"end":{"line":77,"column":87}},"type":"cond-expr","locations":[{"start":{"line":77,"column":72},"end":{"line":77,"column":78}},{"start":{"line":77,"column":81},"end":{"line":77,"column":87}}],"line":77},"8":{"loc":{"start":{"line":93,"column":23},"end":{"line":93,"column":44}},"type":"binary-expr","locations":[{"start":{"line":93,"column":23},"end":{"line":93,"column":39}},{"start":{"line":93,"column":43},"end":{"line":93,"column":44}}],"line":93},"9":{"loc":{"start":{"line":95,"column":39},"end":{"line":95,"column":73}},"type":"cond-expr","locations":[{"start":{"line":95,"column":52},"end":{"line":95,"column":61}},{"start":{"line":95,"column":64},"end":{"line":95,"column":73}}],"line":95},"10":{"loc":{"start":{"line":96,"column":39},"end":{"line":96,"column":70}},"type":"cond-expr","locations":[{"start":{"line":96,"column":52},"end":{"line":96,"column":58}},{"start":{"line":96,"column":61},"end":{"line":96,"column":70}}],"line":96},"11":{"loc":{"start":{"line":97,"column":32},"end":{"line":97,"column":66}},"type":"cond-expr","locations":[{"start":{"line":97,"column":45},"end":{"line":97,"column":54}},{"start":{"line":97,"column":57},"end":{"line":97,"column":66}}],"line":97},"12":{"loc":{"start":{"line":103,"column":23},"end":{"line":103,"column":46}},"type":"binary-expr","locations":[{"start":{"line":103,"column":23},"end":{"line":103,"column":39}},{"start":{"line":103,"column":43},"end":{"line":103,"column":46}}],"line":103},"13":{"loc":{"start":{"line":105,"column":39},"end":{"line":105,"column":73}},"type":"cond-expr","locations":[{"start":{"line":105,"column":52},"end":{"line":105,"column":61}},{"start":{"line":105,"column":64},"end":{"line":105,"column":73}}],"line":105},"14":{"loc":{"start":{"line":106,"column":39},"end":{"line":106,"column":70}},"type":"cond-expr","locations":[{"start":{"line":106,"column":52},"end":{"line":106,"column":58}},{"start":{"line":106,"column":61},"end":{"line":106,"column":70}}],"line":106},"15":{"loc":{"start":{"line":107,"column":32},"end":{"line":107,"column":66}},"type":"cond-expr","locations":[{"start":{"line":107,"column":45},"end":{"line":107,"column":54}},{"start":{"line":107,"column":57},"end":{"line":107,"column":66}}],"line":107},"16":{"loc":{"start":{"line":122,"column":23},"end":{"line":122,"column":48}},"type":"binary-expr","locations":[{"start":{"line":122,"column":23},"end":{"line":122,"column":42}},{"start":{"line":122,"column":46},"end":{"line":122,"column":48}}],"line":122},"17":{"loc":{"start":{"line":124,"column":39},"end":{"line":124,"column":73}},"type":"cond-expr","locations":[{"start":{"line":124,"column":52},"end":{"line":124,"column":61}},{"start":{"line":124,"column":64},"end":{"line":124,"column":73}}],"line":124},"18":{"loc":{"start":{"line":125,"column":39},"end":{"line":125,"column":70}},"type":"cond-expr","locations":[{"start":{"line":125,"column":52},"end":{"line":125,"column":58}},{"start":{"line":125,"column":61},"end":{"line":125,"column":70}}],"line":125},"19":{"loc":{"start":{"line":126,"column":32},"end":{"line":126,"column":66}},"type":"cond-expr","locations":[{"start":{"line":126,"column":45},"end":{"line":126,"column":54}},{"start":{"line":126,"column":57},"end":{"line":126,"column":66}}],"line":126},"20":{"loc":{"start":{"line":132,"column":23},"end":{"line":132,"column":49}},"type":"binary-expr","locations":[{"start":{"line":132,"column":23},"end":{"line":132,"column":42}},{"start":{"line":132,"column":46},"end":{"line":132,"column":49}}],"line":132},"21":{"loc":{"start":{"line":134,"column":39},"end":{"line":134,"column":73}},"type":"cond-expr","locations":[{"start":{"line":134,"column":52},"end":{"line":134,"column":61}},{"start":{"line":134,"column":64},"end":{"line":134,"column":73}}],"line":134},"22":{"loc":{"start":{"line":135,"column":39},"end":{"line":135,"column":70}},"type":"cond-expr","locations":[{"start":{"line":135,"column":52},"end":{"line":135,"column":58}},{"start":{"line":135,"column":61},"end":{"line":135,"column":70}}],"line":135},"23":{"loc":{"start":{"line":136,"column":32},"end":{"line":136,"column":66}},"type":"cond-expr","locations":[{"start":{"line":136,"column":45},"end":{"line":136,"column":54}},{"start":{"line":136,"column":57},"end":{"line":136,"column":66}}],"line":136},"24":{"loc":{"start":{"line":152,"column":22},"end":{"line":152,"column":75}},"type":"binary-expr","locations":[{"start":{"line":152,"column":22},"end":{"line":152,"column":50}},{"start":{"line":152,"column":54},"end":{"line":152,"column":75}}],"line":152},"25":{"loc":{"start":{"line":153,"column":22},"end":{"line":153,"column":57}},"type":"binary-expr","locations":[{"start":{"line":153,"column":22},"end":{"line":153,"column":32}},{"start":{"line":153,"column":36},"end":{"line":153,"column":57}}],"line":153},"26":{"loc":{"start":{"line":155,"column":23},"end":{"line":155,"column":59}},"type":"cond-expr","locations":[{"start":{"line":155,"column":38},"end":{"line":155,"column":43}},{"start":{"line":155,"column":46},"end":{"line":155,"column":59}}],"line":155},"27":{"loc":{"start":{"line":167,"column":25},"end":{"line":167,"column":50}},"type":"binary-expr","locations":[{"start":{"line":167,"column":25},"end":{"line":167,"column":41}},{"start":{"line":167,"column":45},"end":{"line":167,"column":50}}],"line":167},"28":{"loc":{"start":{"line":169,"column":56},"end":{"line":169,"column":90}},"type":"cond-expr","locations":[{"start":{"line":169,"column":69},"end":{"line":169,"column":78}},{"start":{"line":169,"column":81},"end":{"line":169,"column":90}}],"line":169},"29":{"loc":{"start":{"line":170,"column":30},"end":{"line":170,"column":95}},"type":"cond-expr","locations":[{"start":{"line":170,"column":49},"end":{"line":170,"column":83}},{"start":{"line":170,"column":86},"end":{"line":170,"column":95}}],"line":170},"30":{"loc":{"start":{"line":170,"column":49},"end":{"line":170,"column":83}},"type":"cond-expr","locations":[{"start":{"line":170,"column":62},"end":{"line":170,"column":71}},{"start":{"line":170,"column":74},"end":{"line":170,"column":83}}],"line":170},"31":{"loc":{"start":{"line":173,"column":19},"end":{"line":173,"column":89}},"type":"cond-expr","locations":[{"start":{"line":173,"column":38},"end":{"line":173,"column":67}},{"start":{"line":173,"column":70},"end":{"line":173,"column":89}}],"line":173},"32":{"loc":{"start":{"line":181,"column":42},"end":{"line":181,"column":78}},"type":"binary-expr","locations":[{"start":{"line":181,"column":42},"end":{"line":181,"column":52}},{"start":{"line":181,"column":56},"end":{"line":181,"column":78}}],"line":181},"33":{"loc":{"start":{"line":184,"column":47},"end":{"line":184,"column":82}},"type":"binary-expr","locations":[{"start":{"line":184,"column":47},"end":{"line":184,"column":57}},{"start":{"line":184,"column":61},"end":{"line":184,"column":82}}],"line":184},"34":{"loc":{"start":{"line":187,"column":42},"end":{"line":187,"column":78}},"type":"binary-expr","locations":[{"start":{"line":187,"column":42},"end":{"line":187,"column":52}},{"start":{"line":187,"column":56},"end":{"line":187,"column":78}}],"line":187}},"s":{"0":0,"1":0,"2":0,"3":0,"4":0,"5":0,"6":0,"7":0,"8":0,"9":0,"10":0,"11":0,"12":0,"13":0,"14":0,"15":0,"16":0,"17":0,"18":0,"19":0,"20":0,"21":0,"22":0,"23":0,"24":0},"f":{"0":0,"1":0,"2":0,"3":0,"4":0,"5":0,"6":0,"7":0,"8":0,"9":0,"10":0,"11":0,"12":0},"b":{"0":[0,0],"1":[0,0],"2":[0,0],"3":[0,0],"4":[0,0],"5":[0,0],"6":[0,0],"7":[0,0],"8":[0,0],"9":[0,0],"10":[0,0],"11":[0,0],"12":[0,0],"13":[0,0],"14":[0,0],"15":[0,0],"16":[0,0],"17":[0,0],"18":[0,0],"19":[0,0],"20":[0,0],"21":[0,0],"22":[0,0],"23":[0,0],"24":[0,0],"25":[0,0],"26":[0,0],"27":[0,0],"28":[0,0],"29":[0,0],"30":[0,0],"31":[0,0],"32":[0,0],"33":[0,0],"34":[0,0]}}
,"/Users/mb/Desktop/vibewell/mobile/src/components/beauty/BeautyReviewCard.tsx": {"path":"/Users/mb/Desktop/vibewell/mobile/src/components/beauty/BeautyReviewCard.tsx","statementMap":{"0":{"start":{"line":15,"column":58},"end":{"line":158,"column":1}},"1":{"start":{"line":22,"column":24},"end":{"line":22,"column":87}},"2":{"start":{"line":25,"column":22},"end":{"line":72,"column":3}},"3":{"start":{"line":26,"column":33},"end":{"line":26,"column":35}},"4":{"start":{"line":27,"column":19},"end":{"line":27,"column":32}},"5":{"start":{"line":28,"column":22},"end":{"line":28,"column":40}},"6":{"start":{"line":29,"column":24},"end":{"line":29,"column":41}},"7":{"start":{"line":32,"column":4},"end":{"line":42,"column":5}},"8":{"start":{"line":32,"column":17},"end":{"line":32,"column":18}},"9":{"start":{"line":33,"column":6},"end":{"line":41,"column":8}},"10":{"start":{"line":45,"column":4},"end":{"line":55,"column":5}},"11":{"start":{"line":46,"column":6},"end":{"line":54,"column":8}},"12":{"start":{"line":58,"column":23},"end":{"line":58,"column":44}},"13":{"start":{"line":59,"column":4},"end":{"line":69,"column":5}},"14":{"start":{"line":59,"column":17},"end":{"line":59,"column":18}},"15":{"start":{"line":60,"column":6},"end":{"line":68,"column":8}},"16":{"start":{"line":71,"column":4},"end":{"line":71,"column":17}},"17":{"start":{"line":74,"column":2},"end":{"line":157,"column":4}},"18":{"start":{"line":160,"column":15},"end":{"line":236,"column":2}}},"fnMap":{"0":{"name":"(anonymous_0)","decl":{"start":{"line":15,"column":58},"end":{"line":15,"column":59}},"loc":{"start":{"line":20,"column":6},"end":{"line":158,"column":1}},"line":20},"1":{"name":"(anonymous_1)","decl":{"start":{"line":25,"column":22},"end":{"line":25,"column":23}},"loc":{"start":{"line":25,"column":43},"end":{"line":72,"column":3}},"line":25}},"branchMap":{"0":{"loc":{"start":{"line":45,"column":4},"end":{"line":55,"column":5}},"type":"if","locations":[{"start":{"line":45,"column":4},"end":{"line":55,"column":5}},{"start":{},"end":{}}],"line":45},"1":{"loc":{"start":{"line":77,"column":25},"end":{"line":77,"column":59}},"type":"cond-expr","locations":[{"start":{"line":77,"column":38},"end":{"line":77,"column":47}},{"start":{"line":77,"column":50},"end":{"line":77,"column":59}}],"line":77},"2":{"loc":{"start":{"line":90,"column":23},"end":{"line":90,"column":57}},"type":"cond-expr","locations":[{"start":{"line":90,"column":36},"end":{"line":90,"column":45}},{"start":{"line":90,"column":48},"end":{"line":90,"column":57}}],"line":90},"3":{"loc":{"start":{"line":96,"column":23},"end":{"line":96,"column":57}},"type":"cond-expr","locations":[{"start":{"line":96,"column":36},"end":{"line":96,"column":45}},{"start":{"line":96,"column":48},"end":{"line":96,"column":57}}],"line":96},"4":{"loc":{"start":{"line":106,"column":21},"end":{"line":106,"column":55}},"type":"cond-expr","locations":[{"start":{"line":106,"column":34},"end":{"line":106,"column":43}},{"start":{"line":106,"column":46},"end":{"line":106,"column":55}}],"line":106},"5":{"loc":{"start":{"line":116,"column":17},"end":{"line":116,"column":51}},"type":"cond-expr","locations":[{"start":{"line":116,"column":30},"end":{"line":116,"column":39}},{"start":{"line":116,"column":42},"end":{"line":116,"column":51}}],"line":116},"6":{"loc":{"start":{"line":130,"column":19},"end":{"line":130,"column":53}},"type":"cond-expr","locations":[{"start":{"line":130,"column":32},"end":{"line":130,"column":41}},{"start":{"line":130,"column":44},"end":{"line":130,"column":53}}],"line":130},"7":{"loc":{"start":{"line":134,"column":21},"end":{"line":134,"column":55}},"type":"cond-expr","locations":[{"start":{"line":134,"column":34},"end":{"line":134,"column":43}},{"start":{"line":134,"column":46},"end":{"line":134,"column":55}}],"line":134},"8":{"loc":{"start":{"line":146,"column":19},"end":{"line":146,"column":53}},"type":"cond-expr","locations":[{"start":{"line":146,"column":32},"end":{"line":146,"column":41}},{"start":{"line":146,"column":44},"end":{"line":146,"column":53}}],"line":146},"9":{"loc":{"start":{"line":150,"column":21},"end":{"line":150,"column":55}},"type":"cond-expr","locations":[{"start":{"line":150,"column":34},"end":{"line":150,"column":43}},{"start":{"line":150,"column":46},"end":{"line":150,"column":55}}],"line":150}},"s":{"0":0,"1":0,"2":0,"3":0,"4":0,"5":0,"6":0,"7":0,"8":0,"9":0,"10":0,"11":0,"12":0,"13":0,"14":0,"15":0,"16":0,"17":0,"18":0},"f":{"0":0,"1":0},"b":{"0":[0,0],"1":[0,0],"2":[0,0],"3":[0,0],"4":[0,0],"5":[0,0],"6":[0,0],"7":[0,0],"8":[0,0],"9":[0,0]}}
,"/Users/mb/Desktop/vibewell/mobile/src/components/beauty/BeautyReviewForm.tsx": {"path":"/Users/mb/Desktop/vibewell/mobile/src/components/beauty/BeautyReviewForm.tsx","statementMap":{"0":{"start":{"line":22,"column":58},"end":{"line":208,"column":1}},"1":{"start":{"line":27,"column":30},"end":{"line":27,"column":41}},"2":{"start":{"line":28,"column":32},"end":{"line":28,"column":44}},"3":{"start":{"line":29,"column":26},"end":{"line":29,"column":38}},"4":{"start":{"line":30,"column":42},"end":{"line":30,"column":57}},"5":{"start":{"line":32,"column":28},"end":{"line":34,"column":3}},"6":{"start":{"line":33,"column":4},"end":{"line":33,"column":25}},"7":{"start":{"line":36,"column":23},"end":{"line":91,"column":3}},"8":{"start":{"line":37,"column":4},"end":{"line":37,"column":23}},"9":{"start":{"line":39,"column":21},"end":{"line":43,"column":5}},"10":{"start":{"line":45,"column":29},"end":{"line":45,"column":51}},"11":{"start":{"line":48,"column":4},"end":{"line":51,"column":5}},"12":{"start":{"line":49,"column":6},"end":{"line":49,"column":64}},"13":{"start":{"line":50,"column":6},"end":{"line":50,"column":39}},"14":{"start":{"line":53,"column":4},"end":{"line":57,"column":5}},"15":{"start":{"line":54,"column":27},"end":{"line":54,"column":68}},"16":{"start":{"line":55,"column":6},"end":{"line":55,"column":41}},"17":{"start":{"line":56,"column":6},"end":{"line":56,"column":13}},"18":{"start":{"line":59,"column":4},"end":{"line":59,"column":26}},"19":{"start":{"line":61,"column":4},"end":{"line":90,"column":5}},"20":{"start":{"line":62,"column":38},"end":{"line":67,"column":7}},"21":{"start":{"line":69,"column":22},"end":{"line":69,"column":56}},"22":{"start":{"line":71,"column":6},"end":{"line":84,"column":7}},"23":{"start":{"line":73,"column":8},"end":{"line":73,"column":21}},"24":{"start":{"line":74,"column":8},"end":{"line":74,"column":23}},"25":{"start":{"line":75,"column":8},"end":{"line":75,"column":20}},"26":{"start":{"line":77,"column":8},"end":{"line":81,"column":10}},"27":{"start":{"line":83,"column":8},"end":{"line":83,"column":94}},"28":{"start":{"line":86,"column":6},"end":{"line":86,"column":55}},"29":{"start":{"line":87,"column":6},"end":{"line":87,"column":92}},"30":{"start":{"line":89,"column":6},"end":{"line":89,"column":29}},"31":{"start":{"line":93,"column":22},"end":{"line":113,"column":3}},"32":{"start":{"line":94,"column":33},"end":{"line":94,"column":35}},"33":{"start":{"line":96,"column":4},"end":{"line":110,"column":5}},"34":{"start":{"line":96,"column":17},"end":{"line":96,"column":18}},"35":{"start":{"line":97,"column":6},"end":{"line":109,"column":8}},"36":{"start":{"line":100,"column":25},"end":{"line":100,"column":45}},"37":{"start":{"line":112,"column":4},"end":{"line":112,"column":17}},"38":{"start":{"line":115,"column":2},"end":{"line":207,"column":4}},"39":{"start":{"line":210,"column":15},"end":{"line":274,"column":2}}},"fnMap":{"0":{"name":"(anonymous_0)","decl":{"start":{"line":22,"column":58},"end":{"line":22,"column":59}},"loc":{"start":{"line":26,"column":6},"end":{"line":208,"column":1}},"line":26},"1":{"name":"(anonymous_1)","decl":{"start":{"line":32,"column":28},"end":{"line":32,"column":29}},"loc":{"start":{"line":32,"column":51},"end":{"line":34,"column":3}},"line":32},"2":{"name":"(anonymous_2)","decl":{"start":{"line":36,"column":23},"end":{"line":36,"column":24}},"loc":{"start":{"line":36,"column":35},"end":{"line":91,"column":3}},"line":36},"3":{"name":"(anonymous_3)","decl":{"start":{"line":93,"column":22},"end":{"line":93,"column":23}},"loc":{"start":{"line":93,"column":43},"end":{"line":113,"column":3}},"line":93},"4":{"name":"(anonymous_4)","decl":{"start":{"line":100,"column":19},"end":{"line":100,"column":20}},"loc":{"start":{"line":100,"column":25},"end":{"line":100,"column":45}},"line":100}},"branchMap":{"0":{"loc":{"start":{"line":48,"column":4},"end":{"line":51,"column":5}},"type":"if","locations":[{"start":{"line":48,"column":4},"end":{"line":51,"column":5}},{"start":{},"end":{}}],"line":48},"1":{"loc":{"start":{"line":53,"column":4},"end":{"line":57,"column":5}},"type":"if","locations":[{"start":{"line":53,"column":4},"end":{"line":57,"column":5}},{"start":{},"end":{}}],"line":53},"2":{"loc":{"start":{"line":71,"column":6},"end":{"line":84,"column":7}},"type":"if","locations":[{"start":{"line":71,"column":6},"end":{"line":84,"column":7}},{"start":{"line":82,"column":13},"end":{"line":84,"column":7}}],"line":71},"3":{"loc":{"start":{"line":104,"column":18},"end":{"line":104,"column":55}},"type":"cond-expr","locations":[{"start":{"line":104,"column":32},"end":{"line":104,"column":38}},{"start":{"line":104,"column":41},"end":{"line":104,"column":55}}],"line":104},"4":{"loc":{"start":{"line":119,"column":27},"end":{"line":119,"column":61}},"type":"cond-expr","locations":[{"start":{"line":119,"column":40},"end":{"line":119,"column":49}},{"start":{"line":119,"column":52},"end":{"line":119,"column":61}}],"line":119},"5":{"loc":{"start":{"line":123,"column":19},"end":{"line":123,"column":53}},"type":"cond-expr","locations":[{"start":{"line":123,"column":32},"end":{"line":123,"column":41}},{"start":{"line":123,"column":44},"end":{"line":123,"column":53}}],"line":123},"6":{"loc":{"start":{"line":132,"column":21},"end":{"line":132,"column":55}},"type":"cond-expr","locations":[{"start":{"line":132,"column":34},"end":{"line":132,"column":43}},{"start":{"line":132,"column":46},"end":{"line":132,"column":55}}],"line":132},"7":{"loc":{"start":{"line":145,"column":21},"end":{"line":145,"column":55}},"type":"cond-expr","locations":[{"start":{"line":145,"column":34},"end":{"line":145,"column":43}},{"start":{"line":145,"column":46},"end":{"line":145,"column":55}}],"line":145},"8":{"loc":{"start":{"line":153,"column":23},"end":{"line":153,"column":57}},"type":"cond-expr","locations":[{"start":{"line":153,"column":36},"end":{"line":153,"column":45}},{"start":{"line":153,"column":48},"end":{"line":153,"column":57}}],"line":153},"9":{"loc":{"start":{"line":154,"column":33},"end":{"line":154,"column":67}},"type":"cond-expr","locations":[{"start":{"line":154,"column":46},"end":{"line":154,"column":55}},{"start":{"line":154,"column":58},"end":{"line":154,"column":67}}],"line":154},"10":{"loc":{"start":{"line":155,"column":29},"end":{"line":155,"column":63}},"type":"cond-expr","locations":[{"start":{"line":155,"column":42},"end":{"line":155,"column":51}},{"start":{"line":155,"column":54},"end":{"line":155,"column":63}}],"line":155},"11":{"loc":{"start":{"line":159,"column":34},"end":{"line":159,"column":68}},"type":"cond-expr","locations":[{"start":{"line":159,"column":47},"end":{"line":159,"column":56}},{"start":{"line":159,"column":59},"end":{"line":159,"column":68}}],"line":159},"12":{"loc":{"start":{"line":172,"column":21},"end":{"line":172,"column":55}},"type":"cond-expr","locations":[{"start":{"line":172,"column":34},"end":{"line":172,"column":43}},{"start":{"line":172,"column":46},"end":{"line":172,"column":55}}],"line":172},"13":{"loc":{"start":{"line":180,"column":23},"end":{"line":180,"column":57}},"type":"cond-expr","locations":[{"start":{"line":180,"column":36},"end":{"line":180,"column":45}},{"start":{"line":180,"column":48},"end":{"line":180,"column":57}}],"line":180},"14":{"loc":{"start":{"line":181,"column":33},"end":{"line":181,"column":67}},"type":"cond-expr","locations":[{"start":{"line":181,"column":46},"end":{"line":181,"column":55}},{"start":{"line":181,"column":58},"end":{"line":181,"column":67}}],"line":181},"15":{"loc":{"start":{"line":182,"column":29},"end":{"line":182,"column":63}},"type":"cond-expr","locations":[{"start":{"line":182,"column":42},"end":{"line":182,"column":51}},{"start":{"line":182,"column":54},"end":{"line":182,"column":63}}],"line":182},"16":{"loc":{"start":{"line":186,"column":34},"end":{"line":186,"column":68}},"type":"cond-expr","locations":[{"start":{"line":186,"column":47},"end":{"line":186,"column":56}},{"start":{"line":186,"column":59},"end":{"line":186,"column":68}}],"line":186},"17":{"loc":{"start":{"line":196,"column":23},"end":{"line":196,"column":45}},"type":"cond-expr","locations":[{"start":{"line":196,"column":38},"end":{"line":196,"column":41}},{"start":{"line":196,"column":44},"end":{"line":196,"column":45}}],"line":196},"18":{"loc":{"start":{"line":202,"column":13},"end":{"line":202,"column":61}},"type":"cond-expr","locations":[{"start":{"line":202,"column":28},"end":{"line":202,"column":43}},{"start":{"line":202,"column":46},"end":{"line":202,"column":61}}],"line":202}},"s":{"0":0,"1":0,"2":0,"3":0,"4":0,"5":0,"6":0,"7":0,"8":0,"9":0,"10":0,"11":0,"12":0,"13":0,"14":0,"15":0,"16":0,"17":0,"18":0,"19":0,"20":0,"21":0,"22":0,"23":0,"24":0,"25":0,"26":0,"27":0,"28":0,"29":0,"30":0,"31":0,"32":0,"33":0,"34":0,"35":0,"36":0,"37":0,"38":0,"39":0},"f":{"0":0,"1":0,"2":0,"3":0,"4":0},"b":{"0":[0,0],"1":[0,0],"2":[0,0],"3":[0,0],"4":[0,0],"5":[0,0],"6":[0,0],"7":[0,0],"8":[0,0],"9":[0,0],"10":[0,0],"11":[0,0],"12":[0,0],"13":[0,0],"14":[0,0],"15":[0,0],"16":[0,0],"17":[0,0],"18":[0,0]}}
,"/Users/mb/Desktop/vibewell/mobile/src/components/beauty/BeautyReviews.tsx": {"path":"/Users/mb/Desktop/vibewell/mobile/src/components/beauty/BeautyReviews.tsx","statementMap":{"0":{"start":{"line":24,"column":22},"end":{"line":248,"column":1}},"1":{"start":{"line":25,"column":44},"end":{"line":25,"column":59}},"2":{"start":{"line":26,"column":30},"end":{"line":26,"column":41}},"3":{"start":{"line":27,"column":32},"end":{"line":27,"column":44}},"4":{"start":{"line":28,"column":42},"end":{"line":28,"column":57}},"5":{"start":{"line":30,"column":29},"end":{"line":58,"column":3}},"6":{"start":{"line":31,"column":4},"end":{"line":34,"column":5}},"7":{"start":{"line":32,"column":6},"end":{"line":32,"column":66}},"8":{"start":{"line":33,"column":6},"end":{"line":33,"column":13}},"9":{"start":{"line":36,"column":4},"end":{"line":36,"column":26}},"10":{"start":{"line":38,"column":4},"end":{"line":57,"column":5}},"11":{"start":{"line":39,"column":6},"end":{"line":47,"column":7}},"12":{"start":{"line":40,"column":8},"end":{"line":46,"column":11}},"13":{"start":{"line":49,"column":6},"end":{"line":49,"column":30}},"14":{"start":{"line":50,"column":6},"end":{"line":50,"column":19}},"15":{"start":{"line":51,"column":6},"end":{"line":51,"column":21}},"16":{"start":{"line":52,"column":6},"end":{"line":52,"column":64}},"17":{"start":{"line":54,"column":6},"end":{"line":54,"column":78}},"18":{"start":{"line":56,"column":6},"end":{"line":56,"column":29}},"19":{"start":{"line":60,"column":22},"end":{"line":74,"column":3}},"20":{"start":{"line":61,"column":4},"end":{"line":73,"column":6}},"21":{"start":{"line":64,"column":10},"end":{"line":70,"column":12}},"22":{"start":{"line":76,"column":27},"end":{"line":109,"column":3}},"23":{"start":{"line":77,"column":4},"end":{"line":108,"column":11}},"24":{"start":{"line":111,"column":2},"end":{"line":247,"column":4}},"25":{"start":{"line":125,"column":25},"end":{"line":125,"column":47}},"26":{"start":{"line":151,"column":34},"end":{"line":151,"column":41}},"27":{"start":{"line":161,"column":30},"end":{"line":161,"column":53}},"28":{"start":{"line":176,"column":31},"end":{"line":176,"column":54}},"29":{"start":{"line":192,"column":18},"end":{"line":202,"column":37}},"30":{"start":{"line":194,"column":35},"end":{"line":194,"column":50}},"31":{"start":{"line":250,"column":15},"end":{"line":401,"column":2}}},"fnMap":{"0":{"name":"(anonymous_0)","decl":{"start":{"line":24,"column":22},"end":{"line":24,"column":23}},"loc":{"start":{"line":24,"column":95},"end":{"line":248,"column":1}},"line":24},"1":{"name":"(anonymous_1)","decl":{"start":{"line":30,"column":29},"end":{"line":30,"column":30}},"loc":{"start":{"line":30,"column":41},"end":{"line":58,"column":3}},"line":30},"2":{"name":"(anonymous_2)","decl":{"start":{"line":60,"column":22},"end":{"line":60,"column":23}},"loc":{"start":{"line":60,"column":42},"end":{"line":74,"column":3}},"line":60},"3":{"name":"(anonymous_3)","decl":{"start":{"line":63,"column":29},"end":{"line":63,"column":30}},"loc":{"start":{"line":64,"column":10},"end":{"line":70,"column":12}},"line":64},"4":{"name":"(anonymous_4)","decl":{"start":{"line":76,"column":27},"end":{"line":76,"column":28}},"loc":{"start":{"line":77,"column":4},"end":{"line":108,"column":11}},"line":77},"5":{"name":"(anonymous_5)","decl":{"start":{"line":125,"column":19},"end":{"line":125,"column":20}},"loc":{"start":{"line":125,"column":25},"end":{"line":125,"column":47}},"line":125},"6":{"name":"(anonymous_6)","decl":{"start":{"line":151,"column":24},"end":{"line":151,"column":25}},"loc":{"start":{"line":151,"column":34},"end":{"line":151,"column":41}},"line":151},"7":{"name":"(anonymous_7)","decl":{"start":{"line":161,"column":24},"end":{"line":161,"column":25}},"loc":{"start":{"line":161,"column":30},"end":{"line":161,"column":53}},"line":161},"8":{"name":"(anonymous_8)","decl":{"start":{"line":176,"column":25},"end":{"line":176,"column":26}},"loc":{"start":{"line":176,"column":31},"end":{"line":176,"column":54}},"line":176},"9":{"name":"(anonymous_9)","decl":{"start":{"line":191,"column":37},"end":{"line":191,"column":38}},"loc":{"start":{"line":192,"column":18},"end":{"line":202,"column":37}},"line":192},"10":{"name":"(anonymous_10)","decl":{"start":{"line":194,"column":29},"end":{"line":194,"column":30}},"loc":{"start":{"line":194,"column":35},"end":{"line":194,"column":50}},"line":194}},"branchMap":{"0":{"loc":{"start":{"line":31,"column":4},"end":{"line":34,"column":5}},"type":"if","locations":[{"start":{"line":31,"column":4},"end":{"line":34,"column":5}},{"start":{},"end":{}}],"line":31},"1":{"loc":{"start":{"line":39,"column":6},"end":{"line":47,"column":7}},"type":"if","locations":[{"start":{"line":39,"column":6},"end":{"line":47,"column":7}},{"start":{},"end":{}}],"line":39},"2":{"loc":{"start":{"line":66,"column":18},"end":{"line":66,"column":50}},"type":"cond-expr","locations":[{"start":{"line":66,"column":35},"end":{"line":66,"column":41}},{"start":{"line":66,"column":44},"end":{"line":66,"column":50}}],"line":66},"3":{"loc":{"start":{"line":68,"column":19},"end":{"line":68,"column":82}},"type":"cond-expr","locations":[{"start":{"line":68,"column":36},"end":{"line":68,"column":45}},{"start":{"line":68,"column":48},"end":{"line":68,"column":82}}],"line":68},"4":{"loc":{"start":{"line":68,"column":48},"end":{"line":68,"column":82}},"type":"cond-expr","locations":[{"start":{"line":68,"column":61},"end":{"line":68,"column":70}},{"start":{"line":68,"column":73},"end":{"line":68,"column":82}}],"line":68},"5":{"loc":{"start":{"line":79,"column":25},"end":{"line":79,"column":59}},"type":"cond-expr","locations":[{"start":{"line":79,"column":38},"end":{"line":79,"column":47}},{"start":{"line":79,"column":50},"end":{"line":79,"column":59}}],"line":79},"6":{"loc":{"start":{"line":83,"column":25},"end":{"line":83,"column":111}},"type":"binary-expr","locations":[{"start":{"line":83,"column":25},"end":{"line":83,"column":40}},{"start":{"line":83,"column":44},"end":{"line":83,"column":111}}],"line":83},"7":{"loc":{"start":{"line":89,"column":21},"end":{"line":89,"column":55}},"type":"cond-expr","locations":[{"start":{"line":89,"column":34},"end":{"line":89,"column":43}},{"start":{"line":89,"column":46},"end":{"line":89,"column":55}}],"line":89},"8":{"loc":{"start":{"line":95,"column":21},"end":{"line":95,"column":55}},"type":"cond-expr","locations":[{"start":{"line":95,"column":34},"end":{"line":95,"column":43}},{"start":{"line":95,"column":46},"end":{"line":95,"column":55}}],"line":95},"9":{"loc":{"start":{"line":104,"column":17},"end":{"line":104,"column":51}},"type":"cond-expr","locations":[{"start":{"line":104,"column":30},"end":{"line":104,"column":39}},{"start":{"line":104,"column":42},"end":{"line":104,"column":51}}],"line":104},"10":{"loc":{"start":{"line":116,"column":19},"end":{"line":116,"column":53}},"type":"cond-expr","locations":[{"start":{"line":116,"column":32},"end":{"line":116,"column":41}},{"start":{"line":116,"column":44},"end":{"line":116,"column":53}}],"line":116},"11":{"loc":{"start":{"line":123,"column":31},"end":{"line":123,"column":65}},"type":"cond-expr","locations":[{"start":{"line":123,"column":44},"end":{"line":123,"column":53}},{"start":{"line":123,"column":56},"end":{"line":123,"column":65}}],"line":123},"12":{"loc":{"start":{"line":127,"column":48},"end":{"line":127,"column":82}},"type":"cond-expr","locations":[{"start":{"line":127,"column":61},"end":{"line":127,"column":70}},{"start":{"line":127,"column":73},"end":{"line":127,"column":82}}],"line":127},"13":{"loc":{"start":{"line":130,"column":21},"end":{"line":130,"column":55}},"type":"cond-expr","locations":[{"start":{"line":130,"column":34},"end":{"line":130,"column":43}},{"start":{"line":130,"column":46},"end":{"line":130,"column":55}}],"line":130},"14":{"loc":{"start":{"line":137,"column":7},"end":{"line":154,"column":7}},"type":"cond-expr","locations":[{"start":{"line":138,"column":8},"end":{"line":146,"column":15}},{"start":{"line":148,"column":8},"end":{"line":153,"column":10}}],"line":137},"15":{"loc":{"start":{"line":139,"column":58},"end":{"line":139,"column":92}},"type":"cond-expr","locations":[{"start":{"line":139,"column":71},"end":{"line":139,"column":80}},{"start":{"line":139,"column":83},"end":{"line":139,"column":92}}],"line":139},"16":{"loc":{"start":{"line":142,"column":21},"end":{"line":142,"column":55}},"type":"cond-expr","locations":[{"start":{"line":142,"column":34},"end":{"line":142,"column":43}},{"start":{"line":142,"column":46},"end":{"line":142,"column":55}}],"line":142},"17":{"loc":{"start":{"line":166,"column":31},"end":{"line":166,"column":65}},"type":"cond-expr","locations":[{"start":{"line":166,"column":44},"end":{"line":166,"column":53}},{"start":{"line":166,"column":56},"end":{"line":166,"column":65}}],"line":166},"18":{"loc":{"start":{"line":171,"column":25},"end":{"line":171,"column":59}},"type":"cond-expr","locations":[{"start":{"line":171,"column":38},"end":{"line":171,"column":47}},{"start":{"line":171,"column":50},"end":{"line":171,"column":59}}],"line":171},"19":{"loc":{"start":{"line":179,"column":51},"end":{"line":179,"column":85}},"type":"cond-expr","locations":[{"start":{"line":179,"column":64},"end":{"line":179,"column":73}},{"start":{"line":179,"column":76},"end":{"line":179,"column":85}}],"line":179},"20":{"loc":{"start":{"line":186,"column":25},"end":{"line":186,"column":59}},"type":"cond-expr","locations":[{"start":{"line":186,"column":38},"end":{"line":186,"column":47}},{"start":{"line":186,"column":50},"end":{"line":186,"column":59}}],"line":186},"21":{"loc":{"start":{"line":200,"column":29},"end":{"line":200,"column":92}},"type":"cond-expr","locations":[{"start":{"line":200,"column":46},"end":{"line":200,"column":55}},{"start":{"line":200,"column":58},"end":{"line":200,"column":92}}],"line":200},"22":{"loc":{"start":{"line":200,"column":58},"end":{"line":200,"column":92}},"type":"cond-expr","locations":[{"start":{"line":200,"column":71},"end":{"line":200,"column":80}},{"start":{"line":200,"column":83},"end":{"line":200,"column":92}}],"line":200},"23":{"loc":{"start":{"line":210,"column":25},"end":{"line":210,"column":59}},"type":"cond-expr","locations":[{"start":{"line":210,"column":38},"end":{"line":210,"column":47}},{"start":{"line":210,"column":50},"end":{"line":210,"column":59}}],"line":210},"24":{"loc":{"start":{"line":218,"column":37},"end":{"line":218,"column":71}},"type":"cond-expr","locations":[{"start":{"line":218,"column":50},"end":{"line":218,"column":59}},{"start":{"line":218,"column":62},"end":{"line":218,"column":71}}],"line":218},"25":{"loc":{"start":{"line":219,"column":27},"end":{"line":219,"column":61}},"type":"cond-expr","locations":[{"start":{"line":219,"column":40},"end":{"line":219,"column":49}},{"start":{"line":219,"column":52},"end":{"line":219,"column":61}}],"line":219},"26":{"loc":{"start":{"line":220,"column":33},"end":{"line":220,"column":67}},"type":"cond-expr","locations":[{"start":{"line":220,"column":46},"end":{"line":220,"column":55}},{"start":{"line":220,"column":58},"end":{"line":220,"column":67}}],"line":220},"27":{"loc":{"start":{"line":224,"column":38},"end":{"line":224,"column":72}},"type":"cond-expr","locations":[{"start":{"line":224,"column":51},"end":{"line":224,"column":60}},{"start":{"line":224,"column":63},"end":{"line":224,"column":72}}],"line":224},"28":{"loc":{"start":{"line":234,"column":27},"end":{"line":234,"column":49}},"type":"cond-expr","locations":[{"start":{"line":234,"column":42},"end":{"line":234,"column":45}},{"start":{"line":234,"column":48},"end":{"line":234,"column":49}}],"line":234},"29":{"loc":{"start":{"line":240,"column":17},"end":{"line":240,"column":65}},"type":"cond-expr","locations":[{"start":{"line":240,"column":32},"end":{"line":240,"column":47}},{"start":{"line":240,"column":50},"end":{"line":240,"column":65}}],"line":240}},"s":{"0":0,"1":0,"2":0,"3":0,"4":0,"5":0,"6":0,"7":0,"8":0,"9":0,"10":0,"11":0,"12":0,"13":0,"14":0,"15":0,"16":0,"17":0,"18":0,"19":0,"20":0,"21":0,"22":0,"23":0,"24":0,"25":0,"26":0,"27":0,"28":0,"29":0,"30":0,"31":0},"f":{"0":0,"1":0,"2":0,"3":0,"4":0,"5":0,"6":0,"7":0,"8":0,"9":0,"10":0},"b":{"0":[0,0],"1":[0,0],"2":[0,0],"3":[0,0],"4":[0,0],"5":[0,0],"6":[0,0],"7":[0,0],"8":[0,0],"9":[0,0],"10":[0,0],"11":[0,0],"12":[0,0],"13":[0,0],"14":[0,0],"15":[0,0],"16":[0,0],"17":[0,0],"18":[0,0],"19":[0,0],"20":[0,0],"21":[0,0],"22":[0,0],"23":[0,0],"24":[0,0],"25":[0,0],"26":[0,0],"27":[0,0],"28":[0,0],"29":[0,0]}}
,"/Users/mb/Desktop/vibewell/mobile/src/components/beauty/BeautySearch.tsx": {"path":"/Users/mb/Desktop/vibewell/mobile/src/components/beauty/BeautySearch.tsx","statementMap":{"0":{"start":{"line":22,"column":50},"end":{"line":113,"column":1}},"1":{"start":{"line":29,"column":25},"end":{"line":29,"column":35}},"2":{"start":{"line":30,"column":36},"end":{"line":30,"column":55}},"3":{"start":{"line":31,"column":24},"end":{"line":31,"column":61}},"4":{"start":{"line":33,"column":2},"end":{"line":39,"column":33}},"5":{"start":{"line":34,"column":4},"end":{"line":38,"column":15}},"6":{"start":{"line":41,"column":23},"end":{"line":43,"column":3}},"7":{"start":{"line":42,"column":4},"end":{"line":42,"column":23}},"8":{"start":{"line":45,"column":16},"end":{"line":48,"column":4}},"9":{"start":{"line":50,"column":2},"end":{"line":112,"column":4}},"10":{"start":{"line":80,"column":25},"end":{"line":80,"column":43}},"11":{"start":{"line":81,"column":24},"end":{"line":81,"column":43}},"12":{"start":{"line":97,"column":12},"end":{"line":97,"column":32}},"13":{"start":{"line":98,"column":12},"end":{"line":98,"column":31}},"14":{"start":{"line":115,"column":15},"end":{"line":149,"column":2}}},"fnMap":{"0":{"name":"(anonymous_0)","decl":{"start":{"line":22,"column":50},"end":{"line":22,"column":51}},"loc":{"start":{"line":28,"column":6},"end":{"line":113,"column":1}},"line":28},"1":{"name":"(anonymous_1)","decl":{"start":{"line":33,"column":12},"end":{"line":33,"column":13}},"loc":{"start":{"line":33,"column":18},"end":{"line":39,"column":3}},"line":33},"2":{"name":"(anonymous_2)","decl":{"start":{"line":41,"column":23},"end":{"line":41,"column":24}},"loc":{"start":{"line":41,"column":29},"end":{"line":43,"column":3}},"line":41},"3":{"name":"(anonymous_3)","decl":{"start":{"line":80,"column":19},"end":{"line":80,"column":20}},"loc":{"start":{"line":80,"column":25},"end":{"line":80,"column":43}},"line":80},"4":{"name":"(anonymous_4)","decl":{"start":{"line":81,"column":18},"end":{"line":81,"column":19}},"loc":{"start":{"line":81,"column":24},"end":{"line":81,"column":43}},"line":81},"5":{"name":"(anonymous_5)","decl":{"start":{"line":96,"column":19},"end":{"line":96,"column":20}},"loc":{"start":{"line":96,"column":25},"end":{"line":99,"column":11}},"line":96}},"branchMap":{"0":{"loc":{"start":{"line":26,"column":2},"end":{"line":26,"column":43}},"type":"default-arg","locations":[{"start":{"line":26,"column":16},"end":{"line":26,"column":43}}],"line":26},"1":{"loc":{"start":{"line":27,"column":2},"end":{"line":27,"column":19}},"type":"default-arg","locations":[{"start":{"line":27,"column":14},"end":{"line":27,"column":19}}],"line":27},"2":{"loc":{"start":{"line":31,"column":43},"end":{"line":31,"column":60}},"type":"cond-expr","locations":[{"start":{"line":31,"column":55},"end":{"line":31,"column":56}},{"start":{"line":31,"column":59},"end":{"line":31,"column":60}}],"line":31},"3":{"loc":{"start":{"line":35,"column":15},"end":{"line":35,"column":32}},"type":"cond-expr","locations":[{"start":{"line":35,"column":27},"end":{"line":35,"column":28}},{"start":{"line":35,"column":31},"end":{"line":35,"column":32}}],"line":35},"4":{"loc":{"start":{"line":56,"column":29},"end":{"line":56,"column":63}},"type":"cond-expr","locations":[{"start":{"line":56,"column":42},"end":{"line":56,"column":51}},{"start":{"line":56,"column":54},"end":{"line":56,"column":63}}],"line":56},"5":{"loc":{"start":{"line":57,"column":25},"end":{"line":57,"column":59}},"type":"cond-expr","locations":[{"start":{"line":57,"column":38},"end":{"line":57,"column":47}},{"start":{"line":57,"column":50},"end":{"line":57,"column":59}}],"line":57},"6":{"loc":{"start":{"line":65,"column":17},"end":{"line":65,"column":51}},"type":"cond-expr","locations":[{"start":{"line":65,"column":30},"end":{"line":65,"column":39}},{"start":{"line":65,"column":42},"end":{"line":65,"column":51}}],"line":65},"7":{"loc":{"start":{"line":71,"column":21},"end":{"line":71,"column":55}},"type":"cond-expr","locations":[{"start":{"line":71,"column":34},"end":{"line":71,"column":43}},{"start":{"line":71,"column":46},"end":{"line":71,"column":55}}],"line":71},"8":{"loc":{"start":{"line":74,"column":32},"end":{"line":74,"column":66}},"type":"cond-expr","locations":[{"start":{"line":74,"column":45},"end":{"line":74,"column":54}},{"start":{"line":74,"column":57},"end":{"line":74,"column":66}}],"line":74},"9":{"loc":{"start":{"line":83,"column":9},"end":{"line":91,"column":9}},"type":"binary-expr","locations":[{"start":{"line":83,"column":9},"end":{"line":83,"column":30}},{"start":{"line":84,"column":10},"end":{"line":90,"column":29}}],"line":83},"10":{"loc":{"start":{"line":88,"column":21},"end":{"line":88,"column":55}},"type":"cond-expr","locations":[{"start":{"line":88,"column":34},"end":{"line":88,"column":43}},{"start":{"line":88,"column":46},"end":{"line":88,"column":55}}],"line":88},"11":{"loc":{"start":{"line":93,"column":7},"end":{"line":110,"column":7}},"type":"binary-expr","locations":[{"start":{"line":93,"column":7},"end":{"line":93,"column":16}},{"start":{"line":94,"column":8},"end":{"line":109,"column":27}}],"line":93},"12":{"loc":{"start":{"line":104,"column":23},"end":{"line":104,"column":57}},"type":"cond-expr","locations":[{"start":{"line":104,"column":36},"end":{"line":104,"column":45}},{"start":{"line":104,"column":48},"end":{"line":104,"column":57}}],"line":104}},"s":{"0":0,"1":0,"2":0,"3":0,"4":0,"5":0,"6":0,"7":0,"8":0,"9":0,"10":0,"11":0,"12":0,"13":0,"14":0},"f":{"0":0,"1":0,"2":0,"3":0,"4":0,"5":0},"b":{"0":[0],"1":[0],"2":[0,0],"3":[0,0],"4":[0,0],"5":[0,0],"6":[0,0],"7":[0,0],"8":[0,0],"9":[0,0],"10":[0,0],"11":[0,0],"12":[0,0]}}
,"/Users/mb/Desktop/vibewell/mobile/src/components/beauty/BeautyServiceCard.tsx": {"path":"/Users/mb/Desktop/vibewell/mobile/src/components/beauty/BeautyServiceCard.tsx","statementMap":{"0":{"start":{"line":12,"column":60},"end":{"line":93,"column":1}},"1":{"start":{"line":17,"column":2},"end":{"line":92,"column":4}},"2":{"start":{"line":23,"column":21},"end":{"line":23,"column":37}},"3":{"start":{"line":95,"column":15},"end":{"line":159,"column":2}}},"fnMap":{"0":{"name":"(anonymous_0)","decl":{"start":{"line":12,"column":60},"end":{"line":12,"column":61}},"loc":{"start":{"line":16,"column":6},"end":{"line":93,"column":1}},"line":16},"1":{"name":"(anonymous_1)","decl":{"start":{"line":23,"column":15},"end":{"line":23,"column":16}},"loc":{"start":{"line":23,"column":21},"end":{"line":23,"column":37}},"line":23}},"branchMap":{"0":{"loc":{"start":{"line":21,"column":27},"end":{"line":21,"column":61}},"type":"cond-expr","locations":[{"start":{"line":21,"column":40},"end":{"line":21,"column":49}},{"start":{"line":21,"column":52},"end":{"line":21,"column":61}}],"line":21},"1":{"loc":{"start":{"line":36,"column":21},"end":{"line":36,"column":55}},"type":"cond-expr","locations":[{"start":{"line":36,"column":34},"end":{"line":36,"column":43}},{"start":{"line":36,"column":46},"end":{"line":36,"column":55}}],"line":36},"2":{"loc":{"start":{"line":46,"column":21},"end":{"line":46,"column":55}},"type":"cond-expr","locations":[{"start":{"line":46,"column":34},"end":{"line":46,"column":43}},{"start":{"line":46,"column":46},"end":{"line":46,"column":55}}],"line":46},"3":{"loc":{"start":{"line":57,"column":23},"end":{"line":57,"column":57}},"type":"cond-expr","locations":[{"start":{"line":57,"column":36},"end":{"line":57,"column":45}},{"start":{"line":57,"column":48},"end":{"line":57,"column":57}}],"line":57},"4":{"loc":{"start":{"line":66,"column":23},"end":{"line":66,"column":57}},"type":"cond-expr","locations":[{"start":{"line":66,"column":36},"end":{"line":66,"column":45}},{"start":{"line":66,"column":48},"end":{"line":66,"column":57}}],"line":66},"5":{"loc":{"start":{"line":77,"column":25},"end":{"line":77,"column":59}},"type":"cond-expr","locations":[{"start":{"line":77,"column":38},"end":{"line":77,"column":47}},{"start":{"line":77,"column":50},"end":{"line":77,"column":59}}],"line":77},"6":{"loc":{"start":{"line":86,"column":7},"end":{"line":90,"column":7}},"type":"binary-expr","locations":[{"start":{"line":86,"column":7},"end":{"line":86,"column":23}},{"start":{"line":87,"column":8},"end":{"line":89,"column":15}}],"line":86}},"s":{"0":0,"1":0,"2":0,"3":0},"f":{"0":0,"1":0},"b":{"0":[0,0],"1":[0,0],"2":[0,0],"3":[0,0],"4":[0,0],"5":[0,0],"6":[0,0]}}
,"/Users/mb/Desktop/vibewell/mobile/src/components/beauty/ReviewForm.tsx": {"path":"/Users/mb/Desktop/vibewell/mobile/src/components/beauty/ReviewForm.tsx","statementMap":{"0":{"start":{"line":23,"column":46},"end":{"line":224,"column":1}},"1":{"start":{"line":30,"column":30},"end":{"line":30,"column":49}},"2":{"start":{"line":31,"column":32},"end":{"line":31,"column":52}},"3":{"start":{"line":32,"column":34},"end":{"line":32,"column":54}},"4":{"start":{"line":33,"column":42},"end":{"line":33,"column":66}},"5":{"start":{"line":36,"column":2},"end":{"line":42,"column":18}},"6":{"start":{"line":37,"column":4},"end":{"line":41,"column":5}},"7":{"start":{"line":38,"column":6},"end":{"line":38,"column":19}},"8":{"start":{"line":39,"column":6},"end":{"line":39,"column":21}},"9":{"start":{"line":40,"column":6},"end":{"line":40,"column":22}},"10":{"start":{"line":45,"column":22},"end":{"line":64,"column":3}},"11":{"start":{"line":46,"column":33},"end":{"line":46,"column":35}},"12":{"start":{"line":47,"column":4},"end":{"line":62,"column":5}},"13":{"start":{"line":47,"column":17},"end":{"line":47,"column":18}},"14":{"start":{"line":48,"column":6},"end":{"line":61,"column":8}},"15":{"start":{"line":51,"column":25},"end":{"line":51,"column":37}},"16":{"start":{"line":63,"column":4},"end":{"line":63,"column":17}},"17":{"start":{"line":67,"column":23},"end":{"line":101,"column":3}},"18":{"start":{"line":68,"column":4},"end":{"line":71,"column":5}},"19":{"start":{"line":69,"column":6},"end":{"line":69,"column":60}},"20":{"start":{"line":70,"column":6},"end":{"line":70,"column":13}},"21":{"start":{"line":73,"column":4},"end":{"line":76,"column":5}},"22":{"start":{"line":74,"column":6},"end":{"line":74,"column":53}},"23":{"start":{"line":75,"column":6},"end":{"line":75,"column":13}},"24":{"start":{"line":78,"column":4},"end":{"line":78,"column":26}},"25":{"start":{"line":79,"column":4},"end":{"line":100,"column":5}},"26":{"start":{"line":80,"column":38},"end":{"line":85,"column":7}},"27":{"start":{"line":87,"column":22},"end":{"line":87,"column":56}},"28":{"start":{"line":89,"column":6},"end":{"line":94,"column":7}},"29":{"start":{"line":90,"column":8},"end":{"line":90,"column":24}},"30":{"start":{"line":91,"column":8},"end":{"line":91,"column":18}},"31":{"start":{"line":93,"column":8},"end":{"line":93,"column":75}},"32":{"start":{"line":96,"column":6},"end":{"line":96,"column":55}},"33":{"start":{"line":97,"column":6},"end":{"line":97,"column":70}},"34":{"start":{"line":99,"column":6},"end":{"line":99,"column":29}},"35":{"start":{"line":103,"column":2},"end":{"line":223,"column":4}},"36":{"start":{"line":226,"column":15},"end":{"line":306,"column":2}}},"fnMap":{"0":{"name":"(anonymous_0)","decl":{"start":{"line":23,"column":46},"end":{"line":23,"column":47}},"loc":{"start":{"line":29,"column":6},"end":{"line":224,"column":1}},"line":29},"1":{"name":"(anonymous_1)","decl":{"start":{"line":36,"column":18},"end":{"line":36,"column":19}},"loc":{"start":{"line":36,"column":24},"end":{"line":42,"column":3}},"line":36},"2":{"name":"(anonymous_2)","decl":{"start":{"line":45,"column":22},"end":{"line":45,"column":23}},"loc":{"start":{"line":45,"column":43},"end":{"line":64,"column":3}},"line":45},"3":{"name":"(anonymous_3)","decl":{"start":{"line":51,"column":19},"end":{"line":51,"column":20}},"loc":{"start":{"line":51,"column":25},"end":{"line":51,"column":37}},"line":51},"4":{"name":"(anonymous_4)","decl":{"start":{"line":67,"column":23},"end":{"line":67,"column":24}},"loc":{"start":{"line":67,"column":35},"end":{"line":101,"column":3}},"line":67}},"branchMap":{"0":{"loc":{"start":{"line":37,"column":4},"end":{"line":41,"column":5}},"type":"if","locations":[{"start":{"line":37,"column":4},"end":{"line":41,"column":5}},{"start":{},"end":{}}],"line":37},"1":{"loc":{"start":{"line":55,"column":18},"end":{"line":55,"column":47}},"type":"cond-expr","locations":[{"start":{"line":55,"column":32},"end":{"line":55,"column":38}},{"start":{"line":55,"column":41},"end":{"line":55,"column":47}}],"line":55},"2":{"loc":{"start":{"line":57,"column":19},"end":{"line":57,"column":79}},"type":"cond-expr","locations":[{"start":{"line":57,"column":33},"end":{"line":57,"column":42}},{"start":{"line":57,"column":45},"end":{"line":57,"column":79}}],"line":57},"3":{"loc":{"start":{"line":57,"column":45},"end":{"line":57,"column":79}},"type":"cond-expr","locations":[{"start":{"line":57,"column":58},"end":{"line":57,"column":67}},{"start":{"line":57,"column":70},"end":{"line":57,"column":79}}],"line":57},"4":{"loc":{"start":{"line":58,"column":30},"end":{"line":58,"column":51}},"type":"cond-expr","locations":[{"start":{"line":58,"column":44},"end":{"line":58,"column":45}},{"start":{"line":58,"column":48},"end":{"line":58,"column":51}}],"line":58},"5":{"loc":{"start":{"line":68,"column":4},"end":{"line":71,"column":5}},"type":"if","locations":[{"start":{"line":68,"column":4},"end":{"line":71,"column":5}},{"start":{},"end":{}}],"line":68},"6":{"loc":{"start":{"line":73,"column":4},"end":{"line":76,"column":5}},"type":"if","locations":[{"start":{"line":73,"column":4},"end":{"line":76,"column":5}},{"start":{},"end":{}}],"line":73},"7":{"loc":{"start":{"line":89,"column":6},"end":{"line":94,"column":7}},"type":"if","locations":[{"start":{"line":89,"column":6},"end":{"line":94,"column":7}},{"start":{"line":92,"column":13},"end":{"line":94,"column":7}}],"line":89},"8":{"loc":{"start":{"line":114,"column":31},"end":{"line":114,"column":65}},"type":"cond-expr","locations":[{"start":{"line":114,"column":44},"end":{"line":114,"column":53}},{"start":{"line":114,"column":56},"end":{"line":114,"column":65}}],"line":114},"9":{"loc":{"start":{"line":121,"column":25},"end":{"line":121,"column":59}},"type":"cond-expr","locations":[{"start":{"line":121,"column":38},"end":{"line":121,"column":47}},{"start":{"line":121,"column":50},"end":{"line":121,"column":59}}],"line":121},"10":{"loc":{"start":{"line":130,"column":23},"end":{"line":130,"column":57}},"type":"cond-expr","locations":[{"start":{"line":130,"column":36},"end":{"line":130,"column":45}},{"start":{"line":130,"column":48},"end":{"line":130,"column":57}}],"line":130},"11":{"loc":{"start":{"line":138,"column":23},"end":{"line":138,"column":57}},"type":"cond-expr","locations":[{"start":{"line":138,"column":36},"end":{"line":138,"column":45}},{"start":{"line":138,"column":48},"end":{"line":138,"column":57}}],"line":138},"12":{"loc":{"start":{"line":149,"column":23},"end":{"line":149,"column":57}},"type":"cond-expr","locations":[{"start":{"line":149,"column":36},"end":{"line":149,"column":45}},{"start":{"line":149,"column":48},"end":{"line":149,"column":57}}],"line":149},"13":{"loc":{"start":{"line":159,"column":33},"end":{"line":159,"column":67}},"type":"cond-expr","locations":[{"start":{"line":159,"column":46},"end":{"line":159,"column":55}},{"start":{"line":159,"column":58},"end":{"line":159,"column":67}}],"line":159},"14":{"loc":{"start":{"line":160,"column":23},"end":{"line":160,"column":57}},"type":"cond-expr","locations":[{"start":{"line":160,"column":36},"end":{"line":160,"column":45}},{"start":{"line":160,"column":48},"end":{"line":160,"column":57}}],"line":160},"15":{"loc":{"start":{"line":161,"column":29},"end":{"line":161,"column":63}},"type":"cond-expr","locations":[{"start":{"line":161,"column":42},"end":{"line":161,"column":51}},{"start":{"line":161,"column":54},"end":{"line":161,"column":63}}],"line":161},"16":{"loc":{"start":{"line":167,"column":34},"end":{"line":167,"column":68}},"type":"cond-expr","locations":[{"start":{"line":167,"column":47},"end":{"line":167,"column":56}},{"start":{"line":167,"column":59},"end":{"line":167,"column":68}}],"line":167},"17":{"loc":{"start":{"line":173,"column":23},"end":{"line":173,"column":57}},"type":"cond-expr","locations":[{"start":{"line":173,"column":36},"end":{"line":173,"column":45}},{"start":{"line":173,"column":48},"end":{"line":173,"column":57}}],"line":173},"18":{"loc":{"start":{"line":183,"column":33},"end":{"line":183,"column":67}},"type":"cond-expr","locations":[{"start":{"line":183,"column":46},"end":{"line":183,"column":55}},{"start":{"line":183,"column":58},"end":{"line":183,"column":67}}],"line":183},"19":{"loc":{"start":{"line":184,"column":23},"end":{"line":184,"column":57}},"type":"cond-expr","locations":[{"start":{"line":184,"column":36},"end":{"line":184,"column":45}},{"start":{"line":184,"column":48},"end":{"line":184,"column":57}}],"line":184},"20":{"loc":{"start":{"line":185,"column":29},"end":{"line":185,"column":63}},"type":"cond-expr","locations":[{"start":{"line":185,"column":42},"end":{"line":185,"column":51}},{"start":{"line":185,"column":54},"end":{"line":185,"column":63}}],"line":185},"21":{"loc":{"start":{"line":191,"column":34},"end":{"line":191,"column":68}},"type":"cond-expr","locations":[{"start":{"line":191,"column":47},"end":{"line":191,"column":56}},{"start":{"line":191,"column":59},"end":{"line":191,"column":68}}],"line":191},"22":{"loc":{"start":{"line":200,"column":25},"end":{"line":200,"column":47}},"type":"cond-expr","locations":[{"start":{"line":200,"column":40},"end":{"line":200,"column":43}},{"start":{"line":200,"column":46},"end":{"line":200,"column":47}}],"line":200},"23":{"loc":{"start":{"line":205,"column":13},"end":{"line":209,"column":13}},"type":"cond-expr","locations":[{"start":{"line":206,"column":14},"end":{"line":206,"column":64}},{"start":{"line":208,"column":14},"end":{"line":208,"column":72}}],"line":205},"24":{"loc":{"start":{"line":215,"column":23},"end":{"line":215,"column":57}},"type":"cond-expr","locations":[{"start":{"line":215,"column":36},"end":{"line":215,"column":45}},{"start":{"line":215,"column":48},"end":{"line":215,"column":57}}],"line":215}},"s":{"0":0,"1":0,"2":0,"3":0,"4":0,"5":0,"6":0,"7":0,"8":0,"9":0,"10":0,"11":0,"12":0,"13":0,"14":0,"15":0,"16":0,"17":0,"18":0,"19":0,"20":0,"21":0,"22":0,"23":0,"24":0,"25":0,"26":0,"27":0,"28":0,"29":0,"30":0,"31":0,"32":0,"33":0,"34":0,"35":0,"36":0},"f":{"0":0,"1":0,"2":0,"3":0,"4":0},"b":{"0":[0,0],"1":[0,0],"2":[0,0],"3":[0,0],"4":[0,0],"5":[0,0],"6":[0,0],"7":[0,0],"8":[0,0],"9":[0,0],"10":[0,0],"11":[0,0],"12":[0,0],"13":[0,0],"14":[0,0],"15":[0,0],"16":[0,0],"17":[0,0],"18":[0,0],"19":[0,0],"20":[0,0],"21":[0,0],"22":[0,0],"23":[0,0],"24":[0,0]}}
,"/Users/mb/Desktop/vibewell/mobile/src/components/beauty/ReviewList.tsx": {"path":"/Users/mb/Desktop/vibewell/mobile/src/components/beauty/ReviewList.tsx","statementMap":{"0":{"start":{"line":21,"column":46},"end":{"line":279,"column":1}},"1":{"start":{"line":27,"column":46},"end":{"line":27,"column":70}},"2":{"start":{"line":30,"column":24},"end":{"line":32,"column":11}},"3":{"start":{"line":31,"column":39},"end":{"line":31,"column":58}},"4":{"start":{"line":35,"column":29},"end":{"line":35,"column":44}},"5":{"start":{"line":36,"column":2},"end":{"line":38,"column":5}},"6":{"start":{"line":37,"column":4},"end":{"line":37,"column":44}},"7":{"start":{"line":41,"column":30},"end":{"line":44,"column":3}},"8":{"start":{"line":42,"column":4},"end":{"line":42,"column":39}},"9":{"start":{"line":42,"column":30},"end":{"line":42,"column":39}},"10":{"start":{"line":43,"column":4},"end":{"line":43,"column":42}},"11":{"start":{"line":47,"column":21},"end":{"line":65,"column":3}},"12":{"start":{"line":48,"column":17},"end":{"line":48,"column":37}},"13":{"start":{"line":49,"column":16},"end":{"line":49,"column":26}},"14":{"start":{"line":50,"column":17},"end":{"line":50,"column":47}},"15":{"start":{"line":51,"column":21},"end":{"line":51,"column":58}},"16":{"start":{"line":53,"column":4},"end":{"line":57,"column":5}},"17":{"start":{"line":54,"column":6},"end":{"line":54,"column":41}},"18":{"start":{"line":54,"column":26},"end":{"line":54,"column":41}},"19":{"start":{"line":55,"column":6},"end":{"line":55,"column":45}},"20":{"start":{"line":55,"column":26},"end":{"line":55,"column":45}},"21":{"start":{"line":56,"column":6},"end":{"line":56,"column":36}},"22":{"start":{"line":59,"column":4},"end":{"line":62,"column":5}},"23":{"start":{"line":60,"column":20},"end":{"line":60,"column":44}},"24":{"start":{"line":61,"column":6},"end":{"line":61,"column":62}},"25":{"start":{"line":64,"column":4},"end":{"line":64,"column":22}},"26":{"start":{"line":68,"column":27},"end":{"line":133,"column":3}},"27":{"start":{"line":69,"column":4},"end":{"line":132,"column":6}},"28":{"start":{"line":113,"column":14},"end":{"line":119,"column":16}},"29":{"start":{"line":135,"column":2},"end":{"line":278,"column":4}},"30":{"start":{"line":151,"column":25},"end":{"line":151,"column":48}},"31":{"start":{"line":185,"column":18},"end":{"line":191,"column":20}},"32":{"start":{"line":206,"column":16},"end":{"line":239,"column":23}},"33":{"start":{"line":247,"column":36},"end":{"line":247,"column":43}},"34":{"start":{"line":273,"column":23},"end":{"line":273,"column":47}},"35":{"start":{"line":281,"column":15},"end":{"line":413,"column":2}}},"fnMap":{"0":{"name":"(anonymous_0)","decl":{"start":{"line":21,"column":46},"end":{"line":21,"column":47}},"loc":{"start":{"line":26,"column":6},"end":{"line":279,"column":1}},"line":26},"1":{"name":"(anonymous_1)","decl":{"start":{"line":31,"column":22},"end":{"line":31,"column":23}},"loc":{"start":{"line":31,"column":39},"end":{"line":31,"column":58}},"line":31},"2":{"name":"(anonymous_2)","decl":{"start":{"line":36,"column":18},"end":{"line":36,"column":19}},"loc":{"start":{"line":36,"column":28},"end":{"line":38,"column":3}},"line":36},"3":{"name":"(anonymous_3)","decl":{"start":{"line":41,"column":30},"end":{"line":41,"column":31}},"loc":{"start":{"line":41,"column":49},"end":{"line":44,"column":3}},"line":41},"4":{"name":"(anonymous_4)","decl":{"start":{"line":47,"column":21},"end":{"line":47,"column":22}},"loc":{"start":{"line":47,"column":45},"end":{"line":65,"column":3}},"line":47},"5":{"name":"(anonymous_5)","decl":{"start":{"line":68,"column":27},"end":{"line":68,"column":28}},"loc":{"start":{"line":68,"column":59},"end":{"line":133,"column":3}},"line":68},"6":{"name":"(anonymous_6)","decl":{"start":{"line":112,"column":31},"end":{"line":112,"column":32}},"loc":{"start":{"line":113,"column":14},"end":{"line":119,"column":16}},"line":113},"7":{"name":"(anonymous_7)","decl":{"start":{"line":151,"column":19},"end":{"line":151,"column":20}},"loc":{"start":{"line":151,"column":25},"end":{"line":151,"column":48}},"line":151},"8":{"name":"(anonymous_8)","decl":{"start":{"line":184,"column":35},"end":{"line":184,"column":36}},"loc":{"start":{"line":185,"column":18},"end":{"line":191,"column":20}},"line":185},"9":{"name":"(anonymous_9)","decl":{"start":{"line":205,"column":35},"end":{"line":205,"column":36}},"loc":{"start":{"line":206,"column":16},"end":{"line":239,"column":23}},"line":206},"10":{"name":"(anonymous_10)","decl":{"start":{"line":247,"column":26},"end":{"line":247,"column":27}},"loc":{"start":{"line":247,"column":36},"end":{"line":247,"column":43}},"line":247},"11":{"name":"(anonymous_11)","decl":{"start":{"line":273,"column":17},"end":{"line":273,"column":18}},"loc":{"start":{"line":273,"column":23},"end":{"line":273,"column":47}},"line":273}},"branchMap":{"0":{"loc":{"start":{"li
[...]
,"/Users/mb/Desktop/vibewell/mobile/src/utils/notifications.ts": {"path":"/Users/mb/Desktop/vibewell/mobile/src/utils/notifications.ts","statementMap":{"0":{"start":{"line":14,"column":4},"end":{"line":16,"column":5}},"1":{"start":{"line":15,"column":6},"end":{"line":15,"column":19}},"2":{"start":{"line":18,"column":4},"end":{"line":48,"column":5}},"3":{"start":{"line":19,"column":41},"end":{"line":19,"column":82}},"4":{"start":{"line":20,"column":24},"end":{"line":20,"column":38}},"5":{"start":{"line":22,"column":6},"end":{"line":25,"column":7}},"6":{"start":{"line":23,"column":27},"end":{"line":23,"column":72}},"7":{"start":{"line":24,"column":8},"end":{"line":24,"column":29}},"8":{"start":{"line":27,"column":6},"end":{"line":29,"column":7}},"9":{"start":{"line":28,"column":8},"end":{"line":28,"column":21}},"10":{"start":{"line":31,"column":20},"end":{"line":33,"column":8}},"11":{"start":{"line":35,"column":6},"end":{"line":42,"column":7}},"12":{"start":{"line":36,"column":8},"end":{"line":41,"column":11}},"13":{"start":{"line":44,"column":6},"end":{"line":44,"column":24}},"14":{"start":{"line":46,"column":6},"end":{"line":46,"column":72}},"15":{"start":{"line":47,"column":6},"end":{"line":47,"column":19}},"16":{"start":{"line":55,"column":4},"end":{"line":69,"column":5}},"17":{"start":{"line":56,"column":29},"end":{"line":64,"column":8}},"18":{"start":{"line":65,"column":6},"end":{"line":65,"column":28}},"19":{"start":{"line":67,"column":6},"end":{"line":67,"column":61}},"20":{"start":{"line":68,"column":6},"end":{"line":68,"column":18}},"21":{"start":{"line":73,"column":4},"end":{"line":79,"column":5}},"22":{"start":{"line":74,"column":6},"end":{"line":74,"column":75}},"23":{"start":{"line":75,"column":6},"end":{"line":75,"column":18}},"24":{"start":{"line":77,"column":6},"end":{"line":77,"column":60}},"25":{"start":{"line":78,"column":6},"end":{"line":78,"column":19}},"26":{"start":{"line":85,"column":4},"end":{"line":85,"column":67}},"27":{"start":{"line":91,"column":4},"end":{"line":91,"column":75}}},"fnMap":{"0":{"name":"(anonymous_0)","decl":{"start":{"line":13,"column":2},"end":{"line":13,"column":3}},"loc":{"start":{"line":13,"column":46},"end":{"line":49,"column":3}},"line":13},"1":{"name":"(anonymous_1)","decl":{"start":{"line":51,"column":2},"end":{"line":51,"column":3}},"loc":{"start":{"line":54,"column":4},"end":{"line":70,"column":3}},"line":54},"2":{"name":"(anonymous_2)","decl":{"start":{"line":72,"column":2},"end":{"line":72,"column":3}},"loc":{"start":{"line":72,"column":58},"end":{"line":80,"column":3}},"line":72},"3":{"name":"(anonymous_3)","decl":{"start":{"line":82,"column":2},"end":{"line":82,"column":3}},"loc":{"start":{"line":84,"column":4},"end":{"line":86,"column":3}},"line":84},"4":{"name":"(anonymous_4)","decl":{"start":{"line":88,"column":2},"end":{"line":88,"column":3}},"loc":{"start":{"line":90,"column":4},"end":{"line":92,"column":3}},"line":90}},"branchMap":{"0":{"loc":{"start":{"line":14,"column":4},"end":{"line":16,"column":5}},"type":"if","locations":[{"start":{"line":14,"column":4},"end":{"line":16,"column":5}},{"start":{},"end":{}}],"line":14},"1":{"loc":{"start":{"line":22,"column":6},"end":{"line":25,"column":7}},"type":"if","locations":[{"start":{"line":22,"column":6},"end":{"line":25,"column":7}},{"start":{},"end":{}}],"line":22},"2":{"loc":{"start":{"line":27,"column":6},"end":{"line":29,"column":7}},"type":"if","locations":[{"start":{"line":27,"column":6},"end":{"line":29,"column":7}},{"start":{},"end":{}}],"line":27},"3":{"loc":{"start":{"line":35,"column":6},"end":{"line":42,"column":7}},"type":"if","locations":[{"start":{"line":35,"column":6},"end":{"line":42,"column":7}},{"start":{},"end":{}}],"line":35},"4":{"loc":{"start":{"line":60,"column":16},"end":{"line":60,"column":34}},"type":"binary-expr","locations":[{"start":{"line":60,"column":16},"end":{"line":60,"column":28}},{"start":{"line":60,"column":32},"end":{"line":60,"column":34}}],"line":60},"5":{"loc":{"start":{"line":63,"column":17},"end":{"line":63,"column":32}},"type":"binary-expr","locations":[{"start":{"line":63,"column":17},"end":{"line":63,"column":24}},{"start":{"line":63,"column":28},"end":{"line":63,"column":32}}],"line":63}},"s":{"0":0,"1":0,"2":0,"3":0,"4":0,"5":0,"6":0,"7":0,"8":0,"9":0,"10":0,"11":0,"12":0,"13":0,"14":0,"15":0,"16":0,"17":0,"18":0,"19":0,"20":0,"21":0,"22":0,"23":0,"24":0,"25":0,"26":0,"27":0},"f":{"0":0,"1":0,"2":0,"3":0,"4":0},"b":{"0":[0,0],"1":[0,0],"2":[0,0],"3":[0,0],"4":[0,0],"5":[0,0]}}
,"/Users/mb/Desktop/vibewell/mobile/src/utils/offline-storage.ts": {"path":"/Users/mb/Desktop/vibewell/mobile/src/utils/offline-storage.ts","statementMap":{"0":{"start":{"line":16,"column":4},"end":{"line":16,"column":31}},"1":{"start":{"line":17,"column":4},"end":{"line":17,"column":25}},"2":{"start":{"line":18,"column":4},"end":{"line":18,"column":31}},"3":{"start":{"line":22,"column":4},"end":{"line":24,"column":5}},"4":{"start":{"line":23,"column":6},"end":{"line":23,"column":53}},"5":{"start":{"line":25,"column":4},"end":{"line":25,"column":35}},"6":{"start":{"line":29,"column":4},"end":{"line":36,"column":7}},"7":{"start":{"line":30,"column":25},"end":{"line":30,"column":39}},"8":{"start":{"line":31,"column":6},"end":{"line":31,"column":49}},"9":{"start":{"line":33,"column":6},"end":{"line":35,"column":7}},"10":{"start":{"line":34,"column":8},"end":{"line":34,"column":32}},"11":{"start":{"line":40,"column":4},"end":{"line":54,"column":5}},"12":{"start":{"line":41,"column":35},"end":{"line":45,"column":7}},"13":{"start":{"line":46,"column":6},"end":{"line":46,"column":60}},"14":{"start":{"line":47,"column":6},"end":{"line":49,"column":7}},"15":{"start":{"line":48,"column":8},"end":{"line":48,"column":38}},"16":{"start":{"line":50,"column":6},"end":{"line":50,"column":18}},"17":{"start":{"line":52,"column":6},"end":{"line":52,"column":50}},"18":{"start":{"line":53,"column":6},"end":{"line":53,"column":19}},"19":{"start":{"line":58,"column":4},"end":{"line":68,"column":5}},"20":{"start":{"line":59,"column":24},"end":{"line":59,"column":55}},"21":{"start":{"line":60,"column":6},"end":{"line":63,"column":7}},"22":{"start":{"line":61,"column":37},"end":{"line":61,"column":58}},"23":{"start":{"line":62,"column":8},"end":{"line":62,"column":25}},"24":{"start":{"line":64,"column":6},"end":{"line":64,"column":18}},"25":{"start":{"line":66,"column":6},"end":{"line":66,"column":50}},"26":{"start":{"line":67,"column":6},"end":{"line":67,"column":18}},"27":{"start":{"line":72,"column":4},"end":{"line":79,"column":5}},"28":{"start":{"line":73,"column":6},"end":{"line":73,"column":41}},"29":{"start":{"line":74,"column":6},"end":{"line":74,"column":33}},"30":{"start":{"line":75,"column":6},"end":{"line":75,"column":18}},"31":{"start":{"line":77,"column":6},"end":{"line":77,"column":51}},"32":{"start":{"line":78,"column":6},"end":{"line":78,"column":19}},"33":{"start":{"line":83,"column":4},"end":{"line":98,"column":5}},"34":{"start":{"line":84,"column":6},"end":{"line":97,"column":7}},"35":{"start":{"line":87,"column":8},"end":{"line":87,"column":40}},"36":{"start":{"line":90,"column":8},"end":{"line":90,"column":27}},"37":{"start":{"line":91,"column":8},"end":{"line":91,"column":62}},"38":{"start":{"line":92,"column":8},"end":{"line":92,"column":35}},"39":{"start":{"line":94,"column":8},"end":{"line":94,"column":59}},"40":{"start":{"line":95,"column":8},"end":{"line":95,"column":28}},"41":{"start":{"line":96,"column":8},"end":{"line":96,"column":62}},"42":{"start":{"line":104,"column":4},"end":{"line":106,"column":7}},"43":{"start":{"line":105,"column":6},"end":{"line":105,"column":32}},"44":{"start":{"line":110,"column":4},"end":{"line":117,"column":5}},"45":{"start":{"line":111,"column":6},"end":{"line":111,"column":33}},"46":{"start":{"line":112,"column":6},"end":{"line":112,"column":29}},"47":{"start":{"line":113,"column":6},"end":{"line":113,"column":18}},"48":{"start":{"line":115,"column":6},"end":{"line":115,"column":54}},"49":{"start":{"line":116,"column":6},"end":{"line":116,"column":19}},"50":{"start":{"line":121,"column":4},"end":{"line":131,"column":5}},"51":{"start":{"line":122,"column":24},"end":{"line":122,"column":55}},"52":{"start":{"line":123,"column":6},"end":{"line":126,"column":7}},"53":{"start":{"line":124,"column":43},"end":{"line":124,"column":64}},"54":{"start":{"line":125,"column":8},"end":{"line":125,"column":27}},"55":{"start":{"line":127,"column":6},"end":{"line":127,"column":19}},"56":{"start":{"line":129,"column":6},"end":{"line":129,"column":57}},"57":{"start":{"line":130,"column":6},"end":{"line":130,"column":19}},"58":{"start":{"line":135,"column":4},"end":{"line":147,"column":5}},"59":{"start":{"line":136,"column":24},"end":{"line":136,"column":55}},"60":{"start":{"line":137,"column":6},"end":{"line":142,"column":7}},"61":{"start":{"line":138,"column":43},"end":{"line":138,"column":64}},"62":{"start":{"line":139,"column":8},"end":{"line":139,"column":29}},"63":{"start":{"line":140,"column":8},"end":{"line":140,"column":62}},"64":{"start":{"line":141,"column":8},"end":{"line":141,"column":20}},"65":{"start":{"line":143,"column":6},"end":{"line":143,"column":19}},"66":{"start":{"line":145,"column":6},"end":{"line":145,"column":57}},"67":{"start":{"line":146,"column":6},"end":{"line":146,"column":19}},"68":{"start":{"line":151,"column":4},"end":{"line":157,"column":5}},"69":{"start":{"line":152,"column":19},"end":{"line":152,"column":50}},"70":{"start":{"line":153,"column":6},"end":{"line":153,"column":23}},"71":{"start":{"line":155,"column":6},"end":{"line":155,"column":54}},"72":{"start":{"line":156,"column":6},"end":{"line":156,"column":16}}},"fnMap":{"0":{"name":"(anonymous_0)","decl":{"start":{"line":15,"column":2},"end":{"line":15,"column":3}},"loc":{"start":{"line":15,"column":24},"end":{"line":19,"column":3}},"line":15},"1":{"name":"(anonymous_1)","decl":{"start":{"line":21,"column":2},"end":{"line":21,"column":3}},"loc":{"start":{"line":21,"column":46},"end":{"line":26,"column":3}},"line":21},"2":{"name":"(anonymous_2)","decl":{"start":{"line":28,"column":2},"end":{"line":28,"column":3}},"loc":{"start":{"line":28,"column":32},"end":{"line":37,"column":3}},"line":28},"3":{"name":"(anonymous_3)","decl":{"start":{"line":29,"column":29},"end":{"line":29,"column":30}},"loc":{"start":{"line":29,"column":38},"end":{"line":36,"column":5}},"line":29},"4":{"name":"(anonymous_4)","decl":{"start":{"line":39,"column":2},"end":{"line":39,"column":3}},"loc":{"start":{"line":39,"column":69},"end":{"line":55,"column":3}},"line":39},"5":{"name":"(anonymous_5)","decl":{"start":{"line":57,"column":2},"end":{"line":57,"column":3}},"loc":{"start":{"line":57,"column":58},"end":{"line":69,"column":3}},"line":57},"6":{"name":"(anonymous_6)","decl":{"start":{"line":71,"column":2},"end":{"line":71,"column":3}},"loc":{"start":{"line":71,"column":57},"end":{"line":80,"column":3}},"line":71},"7":{"name":"(anonymous_7)","decl":{"start":{"line":82,"column":2},"end":{"line":82,"column":3}},"loc":{"start":{"line":82,"column":50},"end":{"line":99,"column":3}},"line":82},"8":{"name":"(anonymous_8)","decl":{"start":{"line":101,"column":2},"end":{"line":101,"column":3}},"loc":{"start":{"line":101,"column":70},"end":{"line":107,"column":3}},"line":101},"9":{"name":"(anonymous_9)","decl":{"start":{"line":104,"column":23},"end":{"line":104,"column":24}},"loc":{"start":{"line":104,"column":36},"end":{"line":106,"column":5}},"line":104},"10":{"name":"(anonymous_10)","decl":{"start":{"line":109,"column":2},"end":{"line":109,"column":3}},"loc":{"start":{"line":109,"column":44},"end":{"line":118,"column":3}},"line":109},"11":{"name":"(anonymous_11)","decl":{"start":{"line":120,"column":2},"end":{"line":120,"column":3}},"loc":{"start":{"line":120,"column":60},"end":{"line":132,"column":3}},"line":120},"12":{"name":"(anonymous_12)","decl":{"start":{"line":134,"column":2},"end":{"line":134,"column":3}},"loc":{"start":{"line":134,"column":77},"end":{"line":148,"column":3}},"line":134},"13":{"name":"(anonymous_13)","decl":{"start":{"line":150,"column":2},"end":{"line":150,"column":3}},"loc":{"start":{"line":150,"column":47},"end":{"line":158,"column":3}},"line":150}},"branchMap":{"0":{"loc":{"start":{"line":22,"column":4},"end":{"line":24,"column":5}},"type":"if","locations":[{"start":{"line":22,"column":4},"end":{"line":24,"column":5}},{"start":{},"end":{}}],"line":22},"1":{"loc":{"start":{"line":31,"column":22},"end":{"line":31,"column":48}},"type":"binary-expr","locations":[{"start":{"line":31,"column":22},"end":{"line":31,"column":39}},{"start":{"line":31,"column":43},"end":{"line":31,"column":48}}],"line":31},"2":{"loc":{"start":{"line":33,"column":6},"end":{"line":35,"column":7}},"type":"if","locations":[{"start":{"line":33,"column":6},"end":{"line":35,"column":7}},{"start":{},"end":{}}],"line":33},"3":{"loc":{"start":{"line":33,"column":10},"end":{"line":33,"column":37}},"type":"binary-expr","locations":[{"start":{"line":33,"column":10},"end":{"line":33,"column":20}},{"start":{"line":33,"column":24},"end":{"line":33,"column":37}}],"line":33},"4":{"loc":{"start":{"line":47,"column":6},"end":{"line":49,"column":7}},"type":"if","locations":[{"start":{"line":47,"column":6},"end":{"line":49,"column":7}},{"start":{},"end":{}}],"line":47},"5":{"loc":{"start":{"line":60,"column":6},"end":{"line":63,"column":7}},"type":"if","locations":[{"start":{"line":60,"column":6},"end":{"line":63,"column":7}},{"start":{},"end":{}}],"line":60},"6":{"loc":{"start":{"line":123,"column":6},"end":{"line":126,"column":7}},"type":"if","locations":[{"start":{"line":123,"column":6},"end":{"line":126,"column":7}},{"start":{},"end":{}}],"line":123},"7":{"loc":{"start":{"line":137,"column":6},"end":{"line":142,"column":7}},"type":"if","locations":[{"start":{"line":137,"column":6},"end":{"line":142,"column":7}},{"start":{},"end":{}}],"line":137}},"s":{"0":0,"1":0,"2":0,"3":0,"4":0,"5":0,"6":0,"7":0,"8":0,"9":0,"10":0,"11":0,"12":0,"13":0,"14":0,"15":0,"16":0,"17":0,"18":0,"19":0,"20":0,"21":0,"22":0,"23":0,"24":0,"25":0,"26":0,"27":0,"28":0,"29":0,"30":0,"31":0,"32":0,"33":0,"34":0,"35":0,"36":0,"37":0,"38":0,"39":0,"40":0,"41":0,"42":0,"43":0,"44":0,"45":0,"46":0,"47":0,"48":0,"49":0,"50":0,"51":0,"52":0,"53":0,"54":0,"55":0,"56":0,"57":0,"58":0,"59":0,"60":0,"61":0,"62":0,"63":0,"64":0,"65":0,"66":0,"67":0,"68":0,"69":0,"70":0,"71":0,"72":0},"f":{"0":0,"1":0,"2":0,"3":0,"4":0,"5":0,"6":0,"7":0,"8":0,"9":0,"10":0,"11":0,"12":0,"13":0},"b":{"0":[0,0],"1":[0,0],"2":[0,0],"3":[0,0],"4":[0,0],"5":[0,0],"6":[0,0],"7":[0,0]}}
,"/Users/mb/Desktop/vibewell/mobile/src/utils/offlineStorage.ts": {"path":"/Users/mb/Desktop/vibewell/mobile/src/utils/offlineStorage.ts","statementMap":{"0":{"start":{"line":12,"column":29},"end":{"line":12,"column":45}},"1":{"start":{"line":13,"column":31},"end":{"line":13,"column":47}},"2":{"start":{"line":16,"column":4},"end":{"line":23,"column":5}},"3":{"start":{"line":17,"column":6},"end":{"line":20,"column":8}},"4":{"start":{"line":22,"column":6},"end":{"line":22,"column":57}},"5":{"start":{"line":27,"column":4},"end":{"line":33,"column":5}},"6":{"start":{"line":28,"column":19},"end":{"line":28,"column":69}},"7":{"start":{"line":29,"column":6},"end":{"line":29,"column":44}},"8":{"start":{"line":31,"column":6},"end":{"line":31,"column":61}},"9":{"start":{"line":32,"column":6},"end":{"line":32,"column":18}},"10":{"start":{"line":37,"column":4},"end":{"line":48,"column":5}},"11":{"start":{"line":38,"column":20},"end":{"line":38,"column":41}},"12":{"start":{"line":39,"column":6},"end":{"line":44,"column":9}},"13":{"start":{"line":45,"column":6},"end":{"line":45,"column":72}},"14":{"start":{"line":47,"column":6},"end":{"line":47,"column":61}},"15":{"start":{"line":52,"column":4},"end":{"line":58,"column":5}},"16":{"start":{"line":53,"column":20},"end":{"line":53,"column":62}},"17":{"start":{"line":54,"column":6},"end":{"line":54,"column":44}},"18":{"start":{"line":56,"column":6},"end":{"line":56,"column":59}},"19":{"start":{"line":57,"column":6},"end":{"line":57,"column":16}},"20":{"start":{"line":62,"column":18},"end":{"line":62,"column":39}},"21":{"start":{"line":63,"column":25},"end":{"line":63,"column":46}},"22":{"start":{"line":65,"column":4},"end":{"line":67,"column":5}},"23":{"start":{"line":66,"column":6},"end":{"line":66,"column":13}},"24":{"start":{"line":69,"column":43},"end":{"line":69,"column":45}},"25":{"start":{"line":71,"column":4},"end":{"line":81,"column":5}},"26":{"start":{"line":72,"column":6},"end":{"line":80,"column":7}},"27":{"start":{"line":73,"column":24},"end":{"line":73,"column":45}},"28":{"start":{"line":74,"column":8},"end":{"line":76,"column":9}},"29":{"start":{"line":75,"column":10},"end":{"line":75,"column":36}},"30":{"start":{"line":78,"column":8},"end":{"line":78,"column":61}},"31":{"start":{"line":79,"column":8},"end":{"line":79,"column":34}},"32":{"start":{"line":83,"column":4},"end":{"line":83,"column":79}},"33":{"start":{"line":87,"column":4},"end":{"line":87,"column":67}}},"fnMap":{"0":{"name":"(anonymous_0)","decl":{"start":{"line":15,"column":2},"end":{"line":15,"column":3}},"loc":{"start":{"line":15,"column":63},"end":{"line":24,"column":3}},"line":15},"1":{"name":"(anonymous_1)","decl":{"start":{"line":26,"column":2},"end":{"line":26,"column":3}},"loc":{"start":{"line":26,"column":50},"end":{"line":34,"column":3}},"line":26},"2":{"name":"(anonymous_2)","decl":{"start":{"line":36,"column":2},"end":{"line":36,"column":3}},"loc":{"start":{"line":36,"column":68},"end":{"line":49,"column":3}},"line":36},"3":{"name":"(anonymous_3)","decl":{"start":{"line":51,"column":2},"end":{"line":51,"column":3}},"loc":{"start":{"line":51,"column":51},"end":{"line":59,"column":3}},"line":51},"4":{"name":"(anonymous_4)","decl":{"start":{"line":61,"column":2},"end":{"line":61,"column":3}},"loc":{"start":{"line":61,"column":96},"end":{"line":84,"column":3}},"line":61},"5":{"name":"(anonymous_5)","decl":{"start":{"line":86,"column":2},"end":{"line":86,"column":3}},"loc":{"start":{"line":86,"column":43},"end":{"line":88,"column":3}},"line":86}},"branchMap":{"0":{"loc":{"start":{"line":29,"column":13},"end":{"line":29,"column":43}},"type":"cond-expr","locations":[{"start":{"line":29,"column":20},"end":{"line":29,"column":36}},{"start":{"line":29,"column":39},"end":{"line":29,"column":43}}],"line":29},"1":{"loc":{"start":{"line":54,"column":13},"end":{"line":54,"column":43}},"type":"cond-expr","locations":[{"start":{"line":54,"column":21},"end":{"line":54,"column":38}},{"start":{"line":54,"column":41},"end":{"line":54,"column":43}}],"line":54},"2":{"loc":{"start":{"line":65,"column":4},"end":{"line":67,"column":5}},"type":"if","locations":[{"start":{"line":65,"column":4},"end":{"line":67,"column":5}},{"start":{},"end":{}}],"line":65},"3":{"loc":{"start":{"line":74,"column":8},"end":{"line":76,"column":9}},"type":"if","locations":[{"start":{"line":74,"column":8},"end":{"line":76,"column":9}},{"start":{},"end":{}}],"line":74}},"s":{"0":0,"1":0,"2":0,"3":0,"4":0,"5":0,"6":0,"7":0,"8":0,"9":0,"10":0,"11":0,"12":0,"13":0,"14":0,"15":0,"16":0,"17":0,"18":0,"19":0,"20":0,"21":0,"22":0,"23":0,"24":0,"25":0,"26":0,"27":0,"28":0,"29":0,"30":0,"31":0,"32":0,"33":0},"f":{"0":0,"1":0,"2":0,"3":0,"4":0,"5":0},"b":{"0":[0,0],"1":[0,0],"2":[0,0],"3":[0,0]}}
}
