<?xml version="1.0" encoding="UTF-8"?>
<testsuites name="jest tests" tests="209" failures="108" errors="0" time="36.799">
  <testsuite name="ProductAnalytics" errors="0" failures="2" skipped="0" timestamp="2025-04-17T23:57:08" time="3.486" tests="5">
    <testcase classname="ProductAnalytics renders loading state initially" name="ProductAnalytics renders loading state initially" time="0.062">
    </testcase>
    <testcase classname="ProductAnalytics renders error state when product is not found" name="ProductAnalytics renders error state when product is not found" time="1.021">
      <failure>Error: Unable to find an element with the text: No Product Found. This could be because the text is broken up by multiple elements. In this case, you can provide a function for your text matcher to make your matcher more flexible.

Ignored nodes: comments, script, style
&lt;body&gt;
  &lt;div&gt;
    &lt;div
      class=&quot;grid gap-4&quot;
    &gt;
      &lt;div
        class=&quot;rounded-lg border bg-card text-card-foreground shadow-sm&quot;
      &gt;
        &lt;div
          class=&quot;flex flex-col space-y-1.5 p-6&quot;
        &gt;
          &lt;h3
            class=&quot;text-2xl font-semibold leading-none tracking-tight&quot;
          &gt;
            Loading Product Analytics...
          &lt;/h3&gt;
        &lt;/div&gt;
        &lt;div
          class=&quot;p-6 pt-0&quot;
        &gt;
          &lt;div
            class=&quot;h-[300px] flex items-center justify-center&quot;
          &gt;
            &lt;div
              class=&quot;animate-spin rounded-full h-12 w-12 border-b-2 border-primary&quot;
            /&gt;
          &lt;/div&gt;
        &lt;/div&gt;
      &lt;/div&gt;
    &lt;/div&gt;
  &lt;/div&gt;
&lt;/body&gt;
    at waitForWrapper (/Users/mb/Desktop/vibewell/node_modules/@testing-library/dom/dist/wait-for.js:163:27)
    at Object.&lt;anonymous&gt; (/Users/mb/Desktop/vibewell/src/__tests__/unit/product-analytics.test.tsx:68:18)
    at Promise.then.completed (/Users/mb/Desktop/vibewell/node_modules/jest-circus/build/utils.js:298:28)
    at new Promise (&lt;anonymous&gt;)
    at callAsyncCircusFn (/Users/mb/Desktop/vibewell/node_modules/jest-circus/build/utils.js:231:10)
    at _callCircusTest (/Users/mb/Desktop/vibewell/node_modules/jest-circus/build/run.js:316:40)
    at processTicksAndRejections (node:internal/process/task_queues:95:5)
    at _runTest (/Users/mb/Desktop/vibewell/node_modules/jest-circus/build/run.js:252:3)
    at _runTestsForDescribeBlock (/Users/mb/Desktop/vibewell/node_modules/jest-circus/build/run.js:126:9)
    at _runTestsForDescribeBlock (/Users/mb/Desktop/vibewell/node_modules/jest-circus/build/run.js:121:9)
    at run (/Users/mb/Desktop/vibewell/node_modules/jest-circus/build/run.js:71:3)
    at runAndTransformResultsToJestFormat (/Users/mb/Desktop/vibewell/node_modules/jest-circus/build/legacy-code-todo-rewrite/jestAdapterInit.js:122:21)
    at jestAdapter (/Users/mb/Desktop/vibewell/node_modules/jest-circus/build/legacy-code-todo-rewrite/jestAdapter.js:79:19)
    at runTestInternal (/Users/mb/Desktop/vibewell/node_modules/jest-runner/build/runTest.js:367:16)
    at runTest (/Users/mb/Desktop/vibewell/node_modules/jest-runner/build/runTest.js:444:34)</failure>
    </testcase>
    <testcase classname="ProductAnalytics renders product analytics when data is loaded" name="ProductAnalytics renders product analytics when data is loaded" time="1.014">
      <failure>Error: Unable to find an element with the text: Test Product. This could be because the text is broken up by multiple elements. In this case, you can provide a function for your text matcher to make your matcher more flexible.

Ignored nodes: comments, script, style
&lt;body&gt;
  &lt;div&gt;
    &lt;div
      class=&quot;grid gap-4&quot;
    &gt;
      &lt;div
        class=&quot;rounded-lg border bg-card text-card-foreground shadow-sm&quot;
      &gt;
        &lt;div
          class=&quot;flex flex-col space-y-1.5 p-6&quot;
        &gt;
          &lt;h3
            class=&quot;text-2xl font-semibold leading-none tracking-tight&quot;
          &gt;
            Loading Product Analytics...
          &lt;/h3&gt;
        &lt;/div&gt;
        &lt;div
          class=&quot;p-6 pt-0&quot;
        &gt;
          &lt;div
            class=&quot;h-[300px] flex items-center justify-center&quot;
          &gt;
            &lt;div
              class=&quot;animate-spin rounded-full h-12 w-12 border-b-2 border-primary&quot;
            /&gt;
          &lt;/div&gt;
        &lt;/div&gt;
      &lt;/div&gt;
    &lt;/div&gt;
  &lt;/div&gt;
&lt;/body&gt;
    at waitForWrapper (/Users/mb/Desktop/vibewell/node_modules/@testing-library/dom/dist/wait-for.js:163:27)
    at Object.&lt;anonymous&gt; (/Users/mb/Desktop/vibewell/src/__tests__/unit/product-analytics.test.tsx:77:18)
    at Promise.then.completed (/Users/mb/Desktop/vibewell/node_modules/jest-circus/build/utils.js:298:28)
    at new Promise (&lt;anonymous&gt;)
    at callAsyncCircusFn (/Users/mb/Desktop/vibewell/node_modules/jest-circus/build/utils.js:231:10)
    at _callCircusTest (/Users/mb/Desktop/vibewell/node_modules/jest-circus/build/run.js:316:40)
    at _runTest (/Users/mb/Desktop/vibewell/node_modules/jest-circus/build/run.js:252:3)
    at _runTestsForDescribeBlock (/Users/mb/Desktop/vibewell/node_modules/jest-circus/build/run.js:126:9)
    at _runTestsForDescribeBlock (/Users/mb/Desktop/vibewell/node_modules/jest-circus/build/run.js:121:9)
    at run (/Users/mb/Desktop/vibewell/node_modules/jest-circus/build/run.js:71:3)
    at runAndTransformResultsToJestFormat (/Users/mb/Desktop/vibewell/node_modules/jest-circus/build/legacy-code-todo-rewrite/jestAdapterInit.js:122:21)
    at jestAdapter (/Users/mb/Desktop/vibewell/node_modules/jest-circus/build/legacy-code-todo-rewrite/jestAdapter.js:79:19)
    at runTestInternal (/Users/mb/Desktop/vibewell/node_modules/jest-runner/build/runTest.js:367:16)
    at runTest (/Users/mb/Desktop/vibewell/node_modules/jest-runner/build/runTest.js:444:34)</failure>
    </testcase>
    <testcase classname="ProductAnalytics fetches data with correct parameters based on timeRange" name="ProductAnalytics fetches data with correct parameters based on timeRange" time="0.036">
    </testcase>
    <testcase classname="ProductAnalytics handles error gracefully when API call fails" name="ProductAnalytics handles error gracefully when API call fails" time="0.021">
    </testcase>
  </testsuite>
  <testsuite name="PushNotificationProvider" errors="0" failures="1" skipped="0" timestamp="2025-04-17T23:57:11" time="1.666" tests="4">
    <testcase classname="PushNotificationProvider renders its children" name="PushNotificationProvider renders its children" time="0.026">
    </testcase>
    <testcase classname="PushNotificationProvider requests notification permission when triggered" name="PushNotificationProvider requests notification permission when triggered" time="0.015">
    </testcase>
    <testcase classname="PushNotificationProvider shows a notification" name="PushNotificationProvider shows a notification" time="1.038">
      <failure>Error: expect(jest.fn()).toHaveBeenCalledWith(...expected)

Expected: &quot;Test Notification&quot;, ObjectContaining {&quot;body&quot;: &quot;This is a test notification&quot;}

Number of calls: 0

Ignored nodes: comments, script, style
&lt;html&gt;
  &lt;head /&gt;
  &lt;body&gt;
    &lt;div&gt;
      &lt;div&gt;
        Test
      &lt;/div&gt;
    &lt;/div&gt;
  &lt;/body&gt;
&lt;/html&gt;
    at toHaveBeenCalledWith (/Users/mb/Desktop/vibewell/src/providers/__tests__/push-notification-provider.test.tsx:101:32)
    at runWithExpensiveErrorDiagnosticsDisabled (/Users/mb/Desktop/vibewell/node_modules/@testing-library/dom/dist/config.js:47:12)
    at checkCallback (/Users/mb/Desktop/vibewell/node_modules/@testing-library/dom/dist/wait-for.js:124:77)
    at checkRealTimersCallback (/Users/mb/Desktop/vibewell/node_modules/@testing-library/dom/dist/wait-for.js:118:16)
    at Timeout.task [as _onTimeout] (/Users/mb/Desktop/vibewell/node_modules/jsdom/lib/jsdom/browser/Window.js:520:19)
    at listOnTimeout (node:internal/timers:569:17)
    at processTimers (node:internal/timers:512:7)</failure>
    </testcase>
    <testcase classname="PushNotificationProvider saves token to the database after permission is granted" name="PushNotificationProvider saves token to the database after permission is granted" time="0.071">
    </testcase>
  </testsuite>
  <testsuite name="Button component - Accessibility" errors="0" failures="1" skipped="0" timestamp="2025-04-17T23:57:13" time="0.885" tests="5">
    <testcase classname="Button component - Accessibility should not have accessibility violations with default settings" name="Button component - Accessibility should not have accessibility violations with default settings" time="0.141">
    </testcase>
    <testcase classname="Button component - Accessibility should maintain accessibility when disabled" name="Button component - Accessibility should maintain accessibility when disabled" time="0.082">
    </testcase>
    <testcase classname="Button component - Accessibility should maintain accessibility with aria attributes" name="Button component - Accessibility should maintain accessibility with aria attributes" time="0.061">
      <failure>Error: expect(received).toBe(expected) // Object.is equality

Expected: 0
Received: 1
    at Object.toBe (/Users/mb/Desktop/vibewell/src/components/ui/AccessibleButton.test.tsx:25:39)</failure>
    </testcase>
    <testcase classname="Button component - Accessibility should maintain accessibility when used as a form submit button" name="Button component - Accessibility should maintain accessibility when used as a form submit button" time="0.055">
    </testcase>
    <testcase classname="Button component - Accessibility should maintain accessibility when rendered as a link" name="Button component - Accessibility should maintain accessibility when rendered as a link" time="0.055">
    </testcase>
  </testsuite>
  <testsuite name="Meditation Flow Integration" errors="0" failures="5" skipped="0" timestamp="2025-04-17T23:57:14" time="0.851" tests="5">
    <testcase classname="Meditation Flow Integration completes full meditation session flow" name="Meditation Flow Integration completes full meditation session flow" time="0.042">
      <failure>Error: Element type is invalid: expected a string (for built-in components) or a class/function (for composite components) but got: undefined. You likely forgot to export your component from the file it&apos;s defined in, or you might have mixed up default and named imports.

Check the render method of `MeditationEnvironment`.
    at createFiberFromTypeAndProps (/Users/mb/Desktop/vibewell/node_modules/react-dom/cjs/react-dom-client.development.js:4259:28)
    at createFiberFromElement (/Users/mb/Desktop/vibewell/node_modules/react-dom/cjs/react-dom-client.development.js:4273:14)
    at createChild (/Users/mb/Desktop/vibewell/node_modules/react-dom/cjs/react-dom-client.development.js:7297:26)
    at reconcileChildrenArray (/Users/mb/Desktop/vibewell/node_modules/react-dom/cjs/react-dom-client.development.js:7629:25)
    at reconcileChildFibersImpl (/Users/mb/Desktop/vibewell/node_modules/react-dom/cjs/react-dom-client.development.js:7952:30)
    at /Users/mb/Desktop/vibewell/node_modules/react-dom/cjs/react-dom-client.development.js:8057:33
    at reconcileChildren (/Users/mb/Desktop/vibewell/node_modules/react-dom/cjs/react-dom-client.development.js:8621:13)
    at beginWork (/Users/mb/Desktop/vibewell/node_modules/react-dom/cjs/react-dom-client.development.js:10793:13)
    at runWithFiberInDEV (/Users/mb/Desktop/vibewell/node_modules/react-dom/cjs/react-dom-client.development.js:1522:13)
    at performUnitOfWork (/Users/mb/Desktop/vibewell/node_modules/react-dom/cjs/react-dom-client.development.js:15140:22)
    at workLoopSync (/Users/mb/Desktop/vibewell/node_modules/react-dom/cjs/react-dom-client.development.js:14956:41)
    at renderRootSync (/Users/mb/Desktop/vibewell/node_modules/react-dom/cjs/react-dom-client.development.js:14936:11)
    at performWorkOnRoot (/Users/mb/Desktop/vibewell/node_modules/react-dom/cjs/react-dom-client.development.js:14462:44)
    at performWorkOnRootViaSchedulerTask (/Users/mb/Desktop/vibewell/node_modules/react-dom/cjs/react-dom-client.development.js:16216:7)
    at flushActQueue (/Users/mb/Desktop/vibewell/node_modules/react/cjs/react.development.js:566:34)
    at Object.&lt;anonymous&gt;.process.env.NODE_ENV.exports.act (/Users/mb/Desktop/vibewell/node_modules/react/cjs/react.development.js:859:10)
    at /Users/mb/Desktop/vibewell/node_modules/@testing-library/react/dist/act-compat.js:47:25
    at renderRoot (/Users/mb/Desktop/vibewell/node_modules/@testing-library/react/dist/pure.js:190:26)
    at render (/Users/mb/Desktop/vibewell/node_modules/@testing-library/react/dist/pure.js:292:10)
    at render (/Users/mb/Desktop/vibewell/src/tests/utils/test-utils.tsx:20:19)
    at Object.&lt;anonymous&gt; (/Users/mb/Desktop/vibewell/src/tests/integration/meditation-flow.test.tsx:29:49)
    at Promise.then.completed (/Users/mb/Desktop/vibewell/node_modules/jest-circus/build/utils.js:298:28)
    at new Promise (&lt;anonymous&gt;)
    at callAsyncCircusFn (/Users/mb/Desktop/vibewell/node_modules/jest-circus/build/utils.js:231:10)
    at _callCircusTest (/Users/mb/Desktop/vibewell/node_modules/jest-circus/build/run.js:316:40)
    at _runTest (/Users/mb/Desktop/vibewell/node_modules/jest-circus/build/run.js:252:3)
    at _runTestsForDescribeBlock (/Users/mb/Desktop/vibewell/node_modules/jest-circus/build/run.js:126:9)
    at _runTestsForDescribeBlock (/Users/mb/Desktop/vibewell/node_modules/jest-circus/build/run.js:121:9)
    at run (/Users/mb/Desktop/vibewell/node_modules/jest-circus/build/run.js:71:3)
    at runAndTransformResultsToJestFormat (/Users/mb/Desktop/vibewell/node_modules/jest-circus/build/legacy-code-todo-rewrite/jestAdapterInit.js:122:21)
    at jestAdapter (/Users/mb/Desktop/vibewell/node_modules/jest-circus/build/legacy-code-todo-rewrite/jestAdapter.js:79:19)
    at runTestInternal (/Users/mb/Desktop/vibewell/node_modules/jest-runner/build/runTest.js:367:16)
    at runTest (/Users/mb/Desktop/vibewell/node_modules/jest-runner/build/runTest.js:444:34)</failure>
    </testcase>
    <testcase classname="Meditation Flow Integration handles meditation session interruptions" name="Meditation Flow Integration handles meditation session interruptions" time="0.01">
      <failure>Error: Element type is invalid: expected a string (for built-in components) or a class/function (for composite components) but got: undefined. You likely forgot to export your component from the file it&apos;s defined in, or you might have mixed up default and named imports.

Check the render method of `MeditationEnvironment`.
    at createFiberFromTypeAndProps (/Users/mb/Desktop/vibewell/node_modules/react-dom/cjs/react-dom-client.development.js:4259:28)
    at createFiberFromElement (/Users/mb/Desktop/vibewell/node_modules/react-dom/cjs/react-dom-client.development.js:4273:14)
    at createChild (/Users/mb/Desktop/vibewell/node_modules/react-dom/cjs/react-dom-client.development.js:7297:26)
    at reconcileChildrenArray (/Users/mb/Desktop/vibewell/node_modules/react-dom/cjs/react-dom-client.development.js:7629:25)
    at reconcileChildFibersImpl (/Users/mb/Desktop/vibewell/node_modules/react-dom/cjs/react-dom-client.development.js:7952:30)
    at /Users/mb/Desktop/vibewell/node_modules/react-dom/cjs/react-dom-client.development.js:8057:33
    at reconcileChildren (/Users/mb/Desktop/vibewell/node_modules/react-dom/cjs/react-dom-client.development.js:8621:13)
    at beginWork (/Users/mb/Desktop/vibewell/node_modules/react-dom/cjs/react-dom-client.development.js:10793:13)
    at runWithFiberInDEV (/Users/mb/Desktop/vibewell/node_modules/react-dom/cjs/react-dom-client.development.js:1522:13)
    at performUnitOfWork (/Users/mb/Desktop/vibewell/node_modules/react-dom/cjs/react-dom-client.development.js:15140:22)
    at workLoopSync (/Users/mb/Desktop/vibewell/node_modules/react-dom/cjs/react-dom-client.development.js:14956:41)
    at renderRootSync (/Users/mb/Desktop/vibewell/node_modules/react-dom/cjs/react-dom-client.development.js:14936:11)
    at performWorkOnRoot (/Users/mb/Desktop/vibewell/node_modules/react-dom/cjs/react-dom-client.development.js:14462:44)
    at performWorkOnRootViaSchedulerTask (/Users/mb/Desktop/vibewell/node_modules/react-dom/cjs/react-dom-client.development.js:16216:7)
    at flushActQueue (/Users/mb/Desktop/vibewell/node_modules/react/cjs/react.development.js:566:34)
    at Object.&lt;anonymous&gt;.process.env.NODE_ENV.exports.act (/Users/mb/Desktop/vibewell/node_modules/react/cjs/react.development.js:859:10)
    at /Users/mb/Desktop/vibewell/node_modules/@testing-library/react/dist/act-compat.js:47:25
    at renderRoot (/Users/mb/Desktop/vibewell/node_modules/@testing-library/react/dist/pure.js:190:26)
    at render (/Users/mb/Desktop/vibewell/node_modules/@testing-library/react/dist/pure.js:292:10)
    at render (/Users/mb/Desktop/vibewell/src/tests/utils/test-utils.tsx:20:19)
    at Object.&lt;anonymous&gt; (/Users/mb/Desktop/vibewell/src/tests/integration/meditation-flow.test.tsx:62:33)
    at Promise.then.completed (/Users/mb/Desktop/vibewell/node_modules/jest-circus/build/utils.js:298:28)
    at new Promise (&lt;anonymous&gt;)
    at callAsyncCircusFn (/Users/mb/Desktop/vibewell/node_modules/jest-circus/build/utils.js:231:10)
    at _callCircusTest (/Users/mb/Desktop/vibewell/node_modules/jest-circus/build/run.js:316:40)
    at _runTest (/Users/mb/Desktop/vibewell/node_modules/jest-circus/build/run.js:252:3)
    at _runTestsForDescribeBlock (/Users/mb/Desktop/vibewell/node_modules/jest-circus/build/run.js:126:9)
    at _runTestsForDescribeBlock (/Users/mb/Desktop/vibewell/node_modules/jest-circus/build/run.js:121:9)
    at run (/Users/mb/Desktop/vibewell/node_modules/jest-circus/build/run.js:71:3)
    at runAndTransformResultsToJestFormat (/Users/mb/Desktop/vibewell/node_modules/jest-circus/build/legacy-code-todo-rewrite/jestAdapterInit.js:122:21)
    at jestAdapter (/Users/mb/Desktop/vibewell/node_modules/jest-circus/build/legacy-code-todo-rewrite/jestAdapter.js:79:19)
    at runTestInternal (/Users/mb/Desktop/vibewell/node_modules/jest-runner/build/runTest.js:367:16)
    at runTest (/Users/mb/Desktop/vibewell/node_modules/jest-runner/build/runTest.js:444:34)</failure>
    </testcase>
    <testcase classname="Meditation Flow Integration maintains meditation preferences across sessions" name="Meditation Flow Integration maintains meditation preferences across sessions" time="0.012">
      <failure>Error: Element type is invalid: expected a string (for built-in components) or a class/function (for composite components) but got: undefined. You likely forgot to export your component from the file it&apos;s defined in, or you might have mixed up default and named imports.

Check the render method of `MeditationEnvironment`.
    at createFiberFromTypeAndProps (/Users/mb/Desktop/vibewell/node_modules/react-dom/cjs/react-dom-client.development.js:4259:28)
    at createFiberFromElement (/Users/mb/Desktop/vibewell/node_modules/react-dom/cjs/react-dom-client.development.js:4273:14)
    at createChild (/Users/mb/Desktop/vibewell/node_modules/react-dom/cjs/react-dom-client.development.js:7297:26)
    at reconcileChildrenArray (/Users/mb/Desktop/vibewell/node_modules/react-dom/cjs/react-dom-client.development.js:7629:25)
    at reconcileChildFibersImpl (/Users/mb/Desktop/vibewell/node_modules/react-dom/cjs/react-dom-client.development.js:7952:30)
    at /Users/mb/Desktop/vibewell/node_modules/react-dom/cjs/react-dom-client.development.js:8057:33
    at reconcileChildren (/Users/mb/Desktop/vibewell/node_modules/react-dom/cjs/react-dom-client.development.js:8621:13)
    at beginWork (/Users/mb/Desktop/vibewell/node_modules/react-dom/cjs/react-dom-client.development.js:10793:13)
    at runWithFiberInDEV (/Users/mb/Desktop/vibewell/node_modules/react-dom/cjs/react-dom-client.development.js:1522:13)
    at performUnitOfWork (/Users/mb/Desktop/vibewell/node_modules/react-dom/cjs/react-dom-client.development.js:15140:22)
    at workLoopSync (/Users/mb/Desktop/vibewell/node_modules/react-dom/cjs/react-dom-client.development.js:14956:41)
    at renderRootSync (/Users/mb/Desktop/vibewell/node_modules/react-dom/cjs/react-dom-client.development.js:14936:11)
    at performWorkOnRoot (/Users/mb/Desktop/vibewell/node_modules/react-dom/cjs/react-dom-client.development.js:14462:44)
    at performWorkOnRootViaSchedulerTask (/Users/mb/Desktop/vibewell/node_modules/react-dom/cjs/react-dom-client.development.js:16216:7)
    at flushActQueue (/Users/mb/Desktop/vibewell/node_modules/react/cjs/react.development.js:566:34)
    at Object.&lt;anonymous&gt;.process.env.NODE_ENV.exports.act (/Users/mb/Desktop/vibewell/node_modules/react/cjs/react.development.js:859:10)
    at /Users/mb/Desktop/vibewell/node_modules/@testing-library/react/dist/act-compat.js:47:25
    at renderRoot (/Users/mb/Desktop/vibewell/node_modules/@testing-library/react/dist/pure.js:190:26)
    at render (/Users/mb/Desktop/vibewell/node_modules/@testing-library/react/dist/pure.js:292:10)
    at render (/Users/mb/Desktop/vibewell/src/tests/utils/test-utils.tsx:20:19)
    at Object.&lt;anonymous&gt; (/Users/mb/Desktop/vibewell/src/tests/integration/meditation-flow.test.tsx:101:59)
    at Promise.then.completed (/Users/mb/Desktop/vibewell/node_modules/jest-circus/build/utils.js:298:28)
    at new Promise (&lt;anonymous&gt;)
    at callAsyncCircusFn (/Users/mb/Desktop/vibewell/node_modules/jest-circus/build/utils.js:231:10)
    at _callCircusTest (/Users/mb/Desktop/vibewell/node_modules/jest-circus/build/run.js:316:40)
    at _runTest (/Users/mb/Desktop/vibewell/node_modules/jest-circus/build/run.js:252:3)
    at _runTestsForDescribeBlock (/Users/mb/Desktop/vibewell/node_modules/jest-circus/build/run.js:126:9)
    at _runTestsForDescribeBlock (/Users/mb/Desktop/vibewell/node_modules/jest-circus/build/run.js:121:9)
    at run (/Users/mb/Desktop/vibewell/node_modules/jest-circus/build/run.js:71:3)
    at runAndTransformResultsToJestFormat (/Users/mb/Desktop/vibewell/node_modules/jest-circus/build/legacy-code-todo-rewrite/jestAdapterInit.js:122:21)
    at jestAdapter (/Users/mb/Desktop/vibewell/node_modules/jest-circus/build/legacy-code-todo-rewrite/jestAdapter.js:79:19)
    at runTestInternal (/Users/mb/Desktop/vibewell/node_modules/jest-runner/build/runTest.js:367:16)
    at runTest (/Users/mb/Desktop/vibewell/node_modules/jest-runner/build/runTest.js:444:34)</failure>
    </testcase>
    <testcase classname="Meditation Flow Integration handles errors gracefully" name="Meditation Flow Integration handles errors gracefully" time="0.007">
      <failure>Error: Element type is invalid: expected a string (for built-in components) or a class/function (for composite components) but got: undefined. You likely forgot to export your component from the file it&apos;s defined in, or you might have mixed up default and named imports.

Check the render method of `MeditationEnvironment`.
    at createFiberFromTypeAndProps (/Users/mb/Desktop/vibewell/node_modules/react-dom/cjs/react-dom-client.development.js:4259:28)
    at createFiberFromElement (/Users/mb/Desktop/vibewell/node_modules/react-dom/cjs/react-dom-client.development.js:4273:14)
    at createChild (/Users/mb/Desktop/vibewell/node_modules/react-dom/cjs/react-dom-client.development.js:7297:26)
    at reconcileChildrenArray (/Users/mb/Desktop/vibewell/node_modules/react-dom/cjs/react-dom-client.development.js:7629:25)
    at reconcileChildFibersImpl (/Users/mb/Desktop/vibewell/node_modules/react-dom/cjs/react-dom-client.development.js:7952:30)
    at /Users/mb/Desktop/vibewell/node_modules/react-dom/cjs/react-dom-client.development.js:8057:33
    at reconcileChildren (/Users/mb/Desktop/vibewell/node_modules/react-dom/cjs/react-dom-client.development.js:8621:13)
    at beginWork (/Users/mb/Desktop/vibewell/node_modules/react-dom/cjs/react-dom-client.development.js:10793:13)
    at runWithFiberInDEV (/Users/mb/Desktop/vibewell/node_modules/react-dom/cjs/react-dom-client.development.js:1522:13)
    at performUnitOfWork (/Users/mb/Desktop/vibewell/node_modules/react-dom/cjs/react-dom-client.development.js:15140:22)
    at workLoopSync (/Users/mb/Desktop/vibewell/node_modules/react-dom/cjs/react-dom-client.development.js:14956:41)
    at renderRootSync (/Users/mb/Desktop/vibewell/node_modules/react-dom/cjs/react-dom-client.development.js:14936:11)
    at performWorkOnRoot (/Users/mb/Desktop/vibewell/node_modules/react-dom/cjs/react-dom-client.development.js:14462:44)
    at performWorkOnRootViaSchedulerTask (/Users/mb/Desktop/vibewell/node_modules/react-dom/cjs/react-dom-client.development.js:16216:7)
    at flushActQueue (/Users/mb/Desktop/vibewell/node_modules/react/cjs/react.development.js:566:34)
    at Object.&lt;anonymous&gt;.process.env.NODE_ENV.exports.act (/Users/mb/Desktop/vibewell/node_modules/react/cjs/react.development.js:859:10)
    at /Users/mb/Desktop/vibewell/node_modules/@testing-library/react/dist/act-compat.js:47:25
    at renderRoot (/Users/mb/Desktop/vibewell/node_modules/@testing-library/react/dist/pure.js:190:26)
    at render (/Users/mb/Desktop/vibewell/node_modules/@testing-library/react/dist/pure.js:292:10)
    at render (/Users/mb/Desktop/vibewell/src/tests/utils/test-utils.tsx:20:19)
    at Object.&lt;anonymous&gt; (/Users/mb/Desktop/vibewell/src/tests/integration/meditation-flow.test.tsx:148:45)
    at Promise.then.completed (/Users/mb/Desktop/vibewell/node_modules/jest-circus/build/utils.js:298:28)
    at new Promise (&lt;anonymous&gt;)
    at callAsyncCircusFn (/Users/mb/Desktop/vibewell/node_modules/jest-circus/build/utils.js:231:10)
    at _callCircusTest (/Users/mb/Desktop/vibewell/node_modules/jest-circus/build/run.js:316:40)
    at _runTest (/Users/mb/Desktop/vibewell/node_modules/jest-circus/build/run.js:252:3)
    at _runTestsForDescribeBlock (/Users/mb/Desktop/vibewell/node_modules/jest-circus/build/run.js:126:9)
    at _runTestsForDescribeBlock (/Users/mb/Desktop/vibewell/node_modules/jest-circus/build/run.js:121:9)
    at run (/Users/mb/Desktop/vibewell/node_modules/jest-circus/build/run.js:71:3)
    at runAndTransformResultsToJestFormat (/Users/mb/Desktop/vibewell/node_modules/jest-circus/build/legacy-code-todo-rewrite/jestAdapterInit.js:122:21)
    at jestAdapter (/Users/mb/Desktop/vibewell/node_modules/jest-circus/build/legacy-code-todo-rewrite/jestAdapter.js:79:19)
    at runTestInternal (/Users/mb/Desktop/vibewell/node_modules/jest-runner/build/runTest.js:367:16)
    at runTest (/Users/mb/Desktop/vibewell/node_modules/jest-runner/build/runTest.js:444:34)</failure>
    </testcase>
    <testcase classname="Meditation Flow Integration syncs WebGL scene with meditation state" name="Meditation Flow Integration syncs WebGL scene with meditation state" time="0.01">
      <failure>Error: Element type is invalid: expected a string (for built-in components) or a class/function (for composite components) but got: undefined. You likely forgot to export your component from the file it&apos;s defined in, or you might have mixed up default and named imports.

Check the render method of `MeditationEnvironment`.
    at createFiberFromTypeAndProps (/Users/mb/Desktop/vibewell/node_modules/react-dom/cjs/react-dom-client.development.js:4259:28)
    at createFiberFromElement (/Users/mb/Desktop/vibewell/node_modules/react-dom/cjs/react-dom-client.development.js:4273:14)
    at createChild (/Users/mb/Desktop/vibewell/node_modules/react-dom/cjs/react-dom-client.development.js:7297:26)
    at reconcileChildrenArray (/Users/mb/Desktop/vibewell/node_modules/react-dom/cjs/react-dom-client.development.js:7629:25)
    at reconcileChildFibersImpl (/Users/mb/Desktop/vibewell/node_modules/react-dom/cjs/react-dom-client.development.js:7952:30)
    at /Users/mb/Desktop/vibewell/node_modules/react-dom/cjs/react-dom-client.development.js:8057:33
    at reconcileChildren (/Users/mb/Desktop/vibewell/node_modules/react-dom/cjs/react-dom-client.development.js:8621:13)
    at beginWork (/Users/mb/Desktop/vibewell/node_modules/react-dom/cjs/react-dom-client.development.js:10793:13)
    at runWithFiberInDEV (/Users/mb/Desktop/vibewell/node_modules/react-dom/cjs/react-dom-client.development.js:1522:13)
    at performUnitOfWork (/Users/mb/Desktop/vibewell/node_modules/react-dom/cjs/react-dom-client.development.js:15140:22)
    at workLoopSync (/Users/mb/Desktop/vibewell/node_modules/react-dom/cjs/react-dom-client.development.js:14956:41)
    at renderRootSync (/Users/mb/Desktop/vibewell/node_modules/react-dom/cjs/react-dom-client.development.js:14936:11)
    at performWorkOnRoot (/Users/mb/Desktop/vibewell/node_modules/react-dom/cjs/react-dom-client.development.js:14462:44)
    at performWorkOnRootViaSchedulerTask (/Users/mb/Desktop/vibewell/node_modules/react-dom/cjs/react-dom-client.development.js:16216:7)
    at flushActQueue (/Users/mb/Desktop/vibewell/node_modules/react/cjs/react.development.js:566:34)
    at Object.&lt;anonymous&gt;.process.env.NODE_ENV.exports.act (/Users/mb/Desktop/vibewell/node_modules/react/cjs/react.development.js:859:10)
    at /Users/mb/Desktop/vibewell/node_modules/@testing-library/react/dist/act-compat.js:47:25
    at renderRoot (/Users/mb/Desktop/vibewell/node_modules/@testing-library/react/dist/pure.js:190:26)
    at render (/Users/mb/Desktop/vibewell/node_modules/@testing-library/react/dist/pure.js:292:10)
    at render (/Users/mb/Desktop/vibewell/src/tests/utils/test-utils.tsx:20:19)
    at Object.&lt;anonymous&gt; (/Users/mb/Desktop/vibewell/src/tests/integration/meditation-flow.test.tsx:169:38)
    at Promise.then.completed (/Users/mb/Desktop/vibewell/node_modules/jest-circus/build/utils.js:298:28)
    at new Promise (&lt;anonymous&gt;)
    at callAsyncCircusFn (/Users/mb/Desktop/vibewell/node_modules/jest-circus/build/utils.js:231:10)
    at _callCircusTest (/Users/mb/Desktop/vibewell/node_modules/jest-circus/build/run.js:316:40)
    at _runTest (/Users/mb/Desktop/vibewell/node_modules/jest-circus/build/run.js:252:3)
    at _runTestsForDescribeBlock (/Users/mb/Desktop/vibewell/node_modules/jest-circus/build/run.js:126:9)
    at _runTestsForDescribeBlock (/Users/mb/Desktop/vibewell/node_modules/jest-circus/build/run.js:121:9)
    at run (/Users/mb/Desktop/vibewell/node_modules/jest-circus/build/run.js:71:3)
    at runAndTransformResultsToJestFormat (/Users/mb/Desktop/vibewell/node_modules/jest-circus/build/legacy-code-todo-rewrite/jestAdapterInit.js:122:21)
    at jestAdapter (/Users/mb/Desktop/vibewell/node_modules/jest-circus/build/legacy-code-todo-rewrite/jestAdapter.js:79:19)
    at runTestInternal (/Users/mb/Desktop/vibewell/node_modules/jest-runner/build/runTest.js:367:16)
    at runTest (/Users/mb/Desktop/vibewell/node_modules/jest-runner/build/runTest.js:444:34)</failure>
    </testcase>
  </testsuite>
  <testsuite name="AccessibleButton Component" errors="0" failures="4" skipped="0" timestamp="2025-04-17T23:57:15" time="0.687" tests="9">
    <testcase classname="AccessibleButton Component renders with default props" name="AccessibleButton Component renders with default props" time="0.055">
    </testcase>
    <testcase classname="AccessibleButton Component renders with different variants" name="AccessibleButton Component renders with different variants" time="0.033">
    </testcase>
    <testcase classname="AccessibleButton Component renders with different sizes" name="AccessibleButton Component renders with different sizes" time="0.022">
    </testcase>
    <testcase classname="AccessibleButton Component renders in loading state" name="AccessibleButton Component renders in loading state" time="0.017">
    </testcase>
    <testcase classname="AccessibleButton Component renders with icons" name="AccessibleButton Component renders with icons" time="0.007">
      <failure>Error: expect(received).toBe(expected) // Object.is equality

Expected: &quot;true&quot;
Received: null
    at Object.toBe (/Users/mb/Desktop/vibewell/src/__tests__/unit/accessible-button.test.tsx:85:50)
    at Promise.then.completed (/Users/mb/Desktop/vibewell/node_modules/jest-circus/build/utils.js:298:28)
    at new Promise (&lt;anonymous&gt;)
    at callAsyncCircusFn (/Users/mb/Desktop/vibewell/node_modules/jest-circus/build/utils.js:231:10)
    at _callCircusTest (/Users/mb/Desktop/vibewell/node_modules/jest-circus/build/run.js:316:40)
    at _runTest (/Users/mb/Desktop/vibewell/node_modules/jest-circus/build/run.js:252:3)
    at _runTestsForDescribeBlock (/Users/mb/Desktop/vibewell/node_modules/jest-circus/build/run.js:126:9)
    at _runTestsForDescribeBlock (/Users/mb/Desktop/vibewell/node_modules/jest-circus/build/run.js:121:9)
    at run (/Users/mb/Desktop/vibewell/node_modules/jest-circus/build/run.js:71:3)
    at runAndTransformResultsToJestFormat (/Users/mb/Desktop/vibewell/node_modules/jest-circus/build/legacy-code-todo-rewrite/jestAdapterInit.js:122:21)
    at jestAdapter (/Users/mb/Desktop/vibewell/node_modules/jest-circus/build/legacy-code-todo-rewrite/jestAdapter.js:79:19)
    at runTestInternal (/Users/mb/Desktop/vibewell/node_modules/jest-runner/build/runTest.js:367:16)
    at runTest (/Users/mb/Desktop/vibewell/node_modules/jest-runner/build/runTest.js:444:34)</failure>
    </testcase>
    <testcase classname="AccessibleButton Component handles click events" name="AccessibleButton Component handles click events" time="0.002">
      <failure>TypeError: _testinglibadapter.userEvent.setup is not a function
    at Object.setup (/Users/mb/Desktop/vibewell/src/__tests__/unit/accessible-button.test.tsx:91:28)
    at Promise.then.completed (/Users/mb/Desktop/vibewell/node_modules/jest-circus/build/utils.js:298:28)
    at new Promise (&lt;anonymous&gt;)
    at callAsyncCircusFn (/Users/mb/Desktop/vibewell/node_modules/jest-circus/build/utils.js:231:10)
    at _callCircusTest (/Users/mb/Desktop/vibewell/node_modules/jest-circus/build/run.js:316:40)
    at _runTest (/Users/mb/Desktop/vibewell/node_modules/jest-circus/build/run.js:252:3)
    at _runTestsForDescribeBlock (/Users/mb/Desktop/vibewell/node_modules/jest-circus/build/run.js:126:9)
    at _runTestsForDescribeBlock (/Users/mb/Desktop/vibewell/node_modules/jest-circus/build/run.js:121:9)
    at run (/Users/mb/Desktop/vibewell/node_modules/jest-circus/build/run.js:71:3)
    at runAndTransformResultsToJestFormat (/Users/mb/Desktop/vibewell/node_modules/jest-circus/build/legacy-code-todo-rewrite/jestAdapterInit.js:122:21)
    at jestAdapter (/Users/mb/Desktop/vibewell/node_modules/jest-circus/build/legacy-code-todo-rewrite/jestAdapter.js:79:19)
    at runTestInternal (/Users/mb/Desktop/vibewell/node_modules/jest-runner/build/runTest.js:367:16)
    at runTest (/Users/mb/Desktop/vibewell/node_modules/jest-runner/build/runTest.js:444:34)</failure>
    </testcase>
    <testcase classname="AccessibleButton Component should not trigger onClick when disabled" name="AccessibleButton Component should not trigger onClick when disabled" time="0.001">
      <failure>TypeError: _testinglibadapter.userEvent.setup is not a function
    at Object.setup (/Users/mb/Desktop/vibewell/src/__tests__/unit/accessible-button.test.tsx:102:28)
    at Promise.then.completed (/Users/mb/Desktop/vibewell/node_modules/jest-circus/build/utils.js:298:28)
    at new Promise (&lt;anonymous&gt;)
    at callAsyncCircusFn (/Users/mb/Desktop/vibewell/node_modules/jest-circus/build/utils.js:231:10)
    at _callCircusTest (/Users/mb/Desktop/vibewell/node_modules/jest-circus/build/run.js:316:40)
    at _runTest (/Users/mb/Desktop/vibewell/node_modules/jest-circus/build/run.js:252:3)
    at _runTestsForDescribeBlock (/Users/mb/Desktop/vibewell/node_modules/jest-circus/build/run.js:126:9)
    at _runTestsForDescribeBlock (/Users/mb/Desktop/vibewell/node_modules/jest-circus/build/run.js:121:9)
    at run (/Users/mb/Desktop/vibewell/node_modules/jest-circus/build/run.js:71:3)
    at runAndTransformResultsToJestFormat (/Users/mb/Desktop/vibewell/node_modules/jest-circus/build/legacy-code-todo-rewrite/jestAdapterInit.js:122:21)
    at jestAdapter (/Users/mb/Desktop/vibewell/node_modules/jest-circus/build/legacy-code-todo-rewrite/jestAdapter.js:79:19)
    at runTestInternal (/Users/mb/Desktop/vibewell/node_modules/jest-runner/build/runTest.js:367:16)
    at runTest (/Users/mb/Desktop/vibewell/node_modules/jest-runner/build/runTest.js:444:34)</failure>
    </testcase>
    <testcase classname="AccessibleButton Component should not trigger onClick when loading" name="AccessibleButton Component should not trigger onClick when loading" time="0.001">
      <failure>TypeError: _testinglibadapter.userEvent.setup is not a function
    at Object.setup (/Users/mb/Desktop/vibewell/src/__tests__/unit/accessible-button.test.tsx:117:28)
    at Promise.then.completed (/Users/mb/Desktop/vibewell/node_modules/jest-circus/build/utils.js:298:28)
    at new Promise (&lt;anonymous&gt;)
    at callAsyncCircusFn (/Users/mb/Desktop/vibewell/node_modules/jest-circus/build/utils.js:231:10)
    at _callCircusTest (/Users/mb/Desktop/vibewell/node_modules/jest-circus/build/run.js:316:40)
    at _runTest (/Users/mb/Desktop/vibewell/node_modules/jest-circus/build/run.js:252:3)
    at _runTestsForDescribeBlock (/Users/mb/Desktop/vibewell/node_modules/jest-circus/build/run.js:126:9)
    at _runTestsForDescribeBlock (/Users/mb/Desktop/vibewell/node_modules/jest-circus/build/run.js:121:9)
    at run (/Users/mb/Desktop/vibewell/node_modules/jest-circus/build/run.js:71:3)
    at runAndTransformResultsToJestFormat (/Users/mb/Desktop/vibewell/node_modules/jest-circus/build/legacy-code-todo-rewrite/jestAdapterInit.js:122:21)
    at jestAdapter (/Users/mb/Desktop/vibewell/node_modules/jest-circus/build/legacy-code-todo-rewrite/jestAdapter.js:79:19)
    at runTestInternal (/Users/mb/Desktop/vibewell/node_modules/jest-runner/build/runTest.js:367:16)
    at runTest (/Users/mb/Desktop/vibewell/node_modules/jest-runner/build/runTest.js:444:34)</failure>
    </testcase>
    <testcase classname="AccessibleButton Component has no accessibility violations" name="AccessibleButton Component has no accessibility violations" time="0.073">
    </testcase>
  </testsuite>
  <testsuite name="ErrorBoundary" errors="0" failures="2" skipped="0" timestamp="2025-04-17T23:57:15" time="0.634" tests="8">
    <testcase classname="ErrorBoundary renders children when there is no error" name="ErrorBoundary renders children when there is no error" time="0.02">
    </testcase>
    <testcase classname="ErrorBoundary renders fallback UI when an error occurs" name="ErrorBoundary renders fallback UI when an error occurs" time="0.035">
    </testcase>
    <testcase classname="ErrorBoundary renders custom fallback when provided" name="ErrorBoundary renders custom fallback when provided" time="0.004">
    </testcase>
    <testcase classname="ErrorBoundary calls onError when an error occurs" name="ErrorBoundary calls onError when an error occurs" time="0.012">
    </testcase>
    <testcase classname="ErrorBoundary resets the error state when &quot;Try Again&quot; is clicked" name="ErrorBoundary resets the error state when &quot;Try Again&quot; is clicked" time="0.018">
      <failure>TestingLibraryElementError: Found multiple elements with the text: /something went wrong/i

Here are the matching elements:

Ignored nodes: comments, script, style
&lt;h5
  class=&quot;mb-1 font-medium leading-none tracking-tight&quot;
&gt;
  Something went wrong
&lt;/h5&gt;

Ignored nodes: comments, script, style
&lt;h5
  class=&quot;mb-1 font-medium leading-none tracking-tight&quot;
&gt;
  Something went wrong
&lt;/h5&gt;

Ignored nodes: comments, script, style
&lt;h5
  class=&quot;mb-1 font-medium leading-none tracking-tight&quot;
&gt;
  Something went wrong
&lt;/h5&gt;

(If this is intentional, then use the `*AllBy*` variant of the query (like `queryAllByText`, `getAllByText`, or `findAllByText`)).

Ignored nodes: comments, script, style
&lt;body&gt;
  &lt;div&gt;
    &lt;div&gt;
      No error here
    &lt;/div&gt;
  &lt;/div&gt;
  &lt;div&gt;
    &lt;div
      class=&quot;p-4 rounded-lg border border-gray-200 shadow-sm bg-white&quot;
    &gt;
      &lt;div
        class=&quot;relative w-full rounded-lg border p-4 [&amp;&gt;svg~*]:pl-7 [&amp;&gt;svg+div]:translate-y-[-3px] [&amp;&gt;svg]:absolute [&amp;&gt;svg]:left-4 [&amp;&gt;svg]:top-4 border-destructive/50 text-destructive dark:border-destructive [&amp;&gt;svg]:text-destructive mb-4&quot;
        role=&quot;alert&quot;
      &gt;
        &lt;svg
          class=&quot;lucide lucide-circle-alert h-4 w-4&quot;
          fill=&quot;none&quot;
          height=&quot;24&quot;
          stroke=&quot;currentColor&quot;
          stroke-linecap=&quot;round&quot;
          stroke-linejoin=&quot;round&quot;
          stroke-width=&quot;2&quot;
          viewBox=&quot;0 0 24 24&quot;
          width=&quot;24&quot;
          xmlns=&quot;http://www.w3.org/2000/svg&quot;
        &gt;
          &lt;circle
            cx=&quot;12&quot;
            cy=&quot;12&quot;
            r=&quot;10&quot;
          /&gt;
          &lt;line
            x1=&quot;12&quot;
            x2=&quot;12&quot;
            y1=&quot;8&quot;
            y2=&quot;12&quot;
          /&gt;
          &lt;line
            x1=&quot;12&quot;
            x2=&quot;12.01&quot;
            y1=&quot;16&quot;
            y2=&quot;16&quot;
          /&gt;
        &lt;/svg&gt;
        &lt;h5
          class=&quot;mb-1 font-medium leading-none tracking-tight&quot;
        &gt;
          Something went wrong
        &lt;/h5&gt;
        &lt;div
          class=&quot;text-sm [&amp;_p]:leading-relaxed&quot;
        &gt;
          Test error
        &lt;/div&gt;
      &lt;/div&gt;
      &lt;div
        class=&quot;mt-4 text-gray-600 text-sm&quot;
      &gt;
        &lt;p&gt;
          We apologize for the inconvenience. You can try to recover by clicking the button below, or navigate to another page.
        &lt;/p&gt;
      &lt;/div&gt;
      &lt;div
        class=&quot;mt-6 flex justify-center&quot;
      &gt;
        &lt;button
          class=&quot;justify-center whitespace-nowrap rounded-md text-sm font-medium transition-colors focus-visible:outline-none focus-visible:ring-1 focus-visible:ring-ring disabled:pointer-events-none disabled:opacity-50 bg-primary text-primary-foreground shadow hover:bg-primary/90 h-9 px-4 py-2 flex items-center&quot;
        &gt;
          &lt;svg
            class=&quot;lucide lucide-refresh-ccw mr-2 h-4 w-4&quot;
            fill=&quot;none&quot;
            height=&quot;24&quot;
            stroke=&quot;currentColor&quot;
            stroke-linecap=&quot;round&quot;
            stroke-linejoin=&quot;round&quot;
            stroke-width=&quot;2&quot;
            viewBox=&quot;0 0 24 24&quot;
            width=&quot;24&quot;
            xmlns=&quot;http://www.w3.org/2000/svg&quot;
          &gt;
            &lt;path
              d=&quot;M21 12a9 9 0 0 0-9-9 9.75 9.75 0 0 0-6.74 2.74L3 8&quot;
            /&gt;
            &lt;path
              d=&quot;M3 3v5h5&quot;
            /&gt;
            &lt;path
              d=&quot;M3 12a9 9 0 0 0 9 9 9.75 9.75 0 0 0 6.74-2.74L21 16&quot;
            /&gt;
            &lt;path
              d=&quot;M16 16h5v5&quot;
            /&gt;
          &lt;/svg&gt;
          Try Again
        &lt;/button&gt;
      &lt;/div&gt;
    &lt;/div&gt;
  &lt;/div&gt;
  &lt;div&gt;
    &lt;div&gt;
      Custom error UI
    &lt;/div&gt;
  &lt;/div&gt;
  &lt;div&gt;
    &lt;div
      class=&quot;p-4 rounded-lg border border-gray-200 shadow-sm bg-white&quot;
    &gt;
      &lt;div
        class=&quot;relative w-full rounded-lg border p-4 [&amp;&gt;svg~*]:pl-7 [&amp;&gt;svg+div]:translate-y-[-3px] [&amp;&gt;svg]:absolute [&amp;&gt;svg]:left-4 [&amp;&gt;svg]:top-4 border-destructive/50 text-destructive dark:border-destructive [&amp;&gt;svg]:text-destructive mb-4&quot;
        role=&quot;alert&quot;
      &gt;
        &lt;svg
          class=&quot;lucide lucide-circle-alert h-4 w-4&quot;
          fill=&quot;none&quot;
          height=&quot;24&quot;
          stroke=&quot;currentColor&quot;
          stroke-linecap=&quot;round&quot;
          stroke-linejoin=&quot;round&quot;
          stroke-width=&quot;2&quot;
          viewBox=&quot;0 0 24 24&quot;
          width=&quot;24&quot;
          xmlns=&quot;http://www.w3.org/2000/svg&quot;
        &gt;
          &lt;circle
            cx=&quot;12&quot;
            cy=&quot;12&quot;
            r=&quot;10&quot;
          /&gt;
          &lt;line
            x1=&quot;12&quot;
            x2=&quot;12&quot;
            y1=&quot;8&quot;
            y2=&quot;12&quot;
          /&gt;
          &lt;line
            x1=&quot;12&quot;
            x2=&quot;12.01&quot;
            y1=&quot;16&quot;
            y2=&quot;16&quot;
          /&gt;
        &lt;/svg&gt;
        &lt;h5
          class=&quot;mb-1 font-medium leading-none tracking-tight&quot;
        &gt;
          Something went wrong
        &lt;/h5&gt;
        &lt;div
          class=&quot;text-sm [&amp;_p]:leading-relaxed&quot;
        &gt;
          Test error
        &lt;/div&gt;
      &lt;/div&gt;
      &lt;div
        class=&quot;mt-4 text-gray-600 text-sm&quot;
      &gt;
        &lt;p&gt;
          We apologize for the inconvenience. You can try to recover by clicking the button below, or navigate to another page.
        &lt;/p&gt;
      &lt;/div&gt;
      &lt;div
        class=&quot;mt-6 flex justify-center&quot;
      &gt;
        &lt;button
          class=&quot;justify-center whitespace-nowrap rounded-md text-sm font-medium transition-colors focus-visible:outline-none focus-visible:ring-1 focus-visible:ring-ring disabled:pointer-events-none disabled:opacity-50 bg-primary text-primary-foreground shadow hover:bg-primary/90 h-9 px-4 py-2 flex items-center&quot;
        &gt;
          &lt;svg
            class=&quot;lucide lucide-refresh-ccw mr-2 h-4 w-4&quot;
            fill=&quot;none&quot;
            height=&quot;24&quot;
            stroke=&quot;currentColor&quot;
            stroke-linecap=&quot;round&quot;
            stroke-linejoin=&quot;round&quot;
            stroke-width=&quot;2&quot;
            viewBox=&quot;0 0 24 24&quot;
            width=&quot;24&quot;
            xmlns=&quot;http://www.w3.org/2000/svg&quot;
          &gt;
            &lt;path
              d=&quot;M21 12a9 9 0 0 0-9-9 9.75 9.75 0 0 0-6.74 2.74L3 8&quot;
            /&gt;
            &lt;path
              d=&quot;M3 3v5h5&quot;
            /&gt;
            &lt;path
              d=&quot;M3 12a9 9 0 0 0 9 9 9.75 9.75 0 0 0 6.74-2.74L21 16&quot;
            /&gt;
            &lt;path
              d=&quot;M16 16h5v5&quot;
            /&gt;
          &lt;/svg&gt;
          Try Again
        &lt;/button&gt;
      &lt;/div&gt;
    &lt;/div&gt;
  &lt;/div&gt;
  &lt;div&gt;
    &lt;div
      class=&quot;p-4 rounded-lg border border-gray-200 shadow-sm bg-white&quot;
    &gt;
      &lt;div
        class=&quot;relative w-full rounded-lg border p-4 [&amp;&gt;svg~*]:pl-7 [&amp;&gt;svg+div]:translate-y-[-3px] [&amp;&gt;svg]:absolute [&amp;&gt;svg]:left-4 [&amp;&gt;svg]:top-4 border-destructive/50 text-destructive dark:border-destructive [&amp;&gt;svg]:text-destructive mb-4&quot;
        role=&quot;alert&quot;
      &gt;
        &lt;svg
          class=&quot;lucide lucide-circle-alert h-4 w-4&quot;
          fill=&quot;none&quot;
          height=&quot;24&quot;
          stroke=&quot;currentColor&quot;
          stroke-linecap=&quot;round&quot;
          stroke-linejoin=&quot;round&quot;
          stroke-width=&quot;2&quot;
          viewBox=&quot;0 0 24 24&quot;
          width=&quot;24&quot;
          xmlns=&quot;http://www.w3.org/2000/svg&quot;
        &gt;
          &lt;circle
            cx=&quot;12&quot;
            cy=&quot;12&quot;
            r=&quot;10&quot;
          /&gt;
          &lt;line
            x1=&quot;12&quot;
            x2=&quot;12&quot;
            y1=&quot;8&quot;
            y2=&quot;12&quot;
          /&gt;
          &lt;line
            x1=&quot;12&quot;
            x2=&quot;12.01&quot;
            y1=&quot;16&quot;
            y2=&quot;16&quot;
          /&gt;
        &lt;/svg&gt;
        &lt;h5
          class=&quot;mb-1 font-medium leading-none tracking-tight&quot;
        &gt;
          Something went wrong
        &lt;/h5&gt;
        &lt;div
          class=&quot;text-sm [&amp;_p]:leading-relaxed&quot;
        &gt;
          Test error
        &lt;/div&gt;
      &lt;/div&gt;
      &lt;div
        class=&quot;mt-4 text-gray-600 text-sm&quot;
      &gt;
        &lt;p&gt;
          We apologize for the inconvenience. You can try to recover by clicking the button below, or navigate to another page.
        &lt;/p&gt;
      &lt;/div&gt;
      &lt;div
        class=&quot;mt-6 flex justify-center&quot;
      &gt;
        &lt;button
          class=&quot;justify-center whitespace-nowrap rounded-md text-sm font-medium transition-colors focus-visible:outline-none focus-visible:ring-1 focus-visible:ring-ring disabled:pointer-events-none disabled:opacity-50 bg-primary text-primary-foreground shadow hover:bg-primary/90 h-9 px-4 py-2 flex items-center&quot;
        &gt;
          &lt;svg
            class=&quot;lucide lucide-refresh-ccw mr-2 h-4 w-4&quot;
            fill=&quot;none&quot;
            height=&quot;24&quot;
            stroke=&quot;currentColor&quot;
            stroke-linecap=&quot;round&quot;
            stroke-linejoin=&quot;round&quot;
            stroke-width=&quot;2&quot;
            viewBox=&quot;0 0 24 24&quot;
            width=&quot;24&quot;
            xmlns=&quot;http://www.w3.org/2000/svg&quot;
          &gt;
            &lt;path
              d=&quot;M21 12a9 9 0 0 0-9-9 9.75 9.75 0 0 0-6.74 2.74L3 8&quot;
            /&gt;
            &lt;path
              d=&quot;M3 3v5h5&quot;
            /&gt;
            &lt;path
              d=&quot;M3 12a9 9 0 0 0 9 9 9.75 9.75 0 0 0 6.74-2.74L21 16&quot;
            /&gt;
            &lt;path
              d=&quot;M16 16h5v5&quot;
            /&gt;
          &lt;/svg&gt;
          Try Again
        &lt;/button&gt;
      &lt;/div&gt;
    &lt;/div&gt;
  &lt;/div&gt;
&lt;/body&gt;
    at Object.getElementError (/Users/mb/Desktop/vibewell/node_modules/@testing-library/dom/dist/config.js:37:19)
    at getElementError (/Users/mb/Desktop/vibewell/node_modules/@testing-library/dom/dist/query-helpers.js:20:35)
    at getMultipleElementsFoundError (/Users/mb/Desktop/vibewell/node_modules/@testing-library/dom/dist/query-helpers.js:23:10)
    at /Users/mb/Desktop/vibewell/node_modules/@testing-library/dom/dist/query-helpers.js:55:13
    at /Users/mb/Desktop/vibewell/node_modules/@testing-library/dom/dist/query-helpers.js:95:19
    at Object.getByText (/Users/mb/Desktop/vibewell/src/__tests__/integration/error-boundary.test.tsx:94:19)
    at Promise.then.completed (/Users/mb/Desktop/vibewell/node_modules/jest-circus/build/utils.js:298:28)
    at new Promise (&lt;anonymous&gt;)
    at callAsyncCircusFn (/Users/mb/Desktop/vibewell/node_modules/jest-circus/build/utils.js:231:10)
    at _callCircusTest (/Users/mb/Desktop/vibewell/node_modules/jest-circus/build/run.js:316:40)
    at _runTest (/Users/mb/Desktop/vibewell/node_modules/jest-circus/build/run.js:252:3)
    at _runTestsForDescribeBlock (/Users/mb/Desktop/vibewell/node_modules/jest-circus/build/run.js:126:9)
    at _runTestsForDescribeBlock (/Users/mb/Desktop/vibewell/node_modules/jest-circus/build/run.js:121:9)
    at run (/Users/mb/Desktop/vibewell/node_modules/jest-circus/build/run.js:71:3)
    at runAndTransformResultsToJestFormat (/Users/mb/Desktop/vibewell/node_modules/jest-circus/build/legacy-code-todo-rewrite/jestAdapterInit.js:122:21)
    at jestAdapter (/Users/mb/Desktop/vibewell/node_modules/jest-circus/build/legacy-code-todo-rewrite/jestAdapter.js:79:19)
    at runTestInternal (/Users/mb/Desktop/vibewell/node_modules/jest-runner/build/runTest.js:367:16)
    at runTest (/Users/mb/Desktop/vibewell/node_modules/jest-runner/build/runTest.js:444:34)</failure>
    </testcase>
    <testcase classname="withErrorBoundary HOC wraps component with error boundary" name="withErrorBoundary HOC wraps component with error boundary" time="0.021">
      <failure>TestingLibraryElementError: Found multiple elements with the text: /something went wrong/i

Here are the matching elements:

Ignored nodes: comments, script, style
&lt;h5
  class=&quot;mb-1 font-medium leading-none tracking-tight&quot;
&gt;
  Something went wrong
&lt;/h5&gt;

Ignored nodes: comments, script, style
&lt;h5
  class=&quot;mb-1 font-medium leading-none tracking-tight&quot;
&gt;
  Something went wrong
&lt;/h5&gt;

Ignored nodes: comments, script, style
&lt;h5
  class=&quot;mb-1 font-medium leading-none tracking-tight&quot;
&gt;
  Something went wrong
&lt;/h5&gt;

Ignored nodes: comments, script, style
&lt;h5
  class=&quot;mb-1 font-medium leading-none tracking-tight&quot;
&gt;
  Something went wrong
&lt;/h5&gt;

(If this is intentional, then use the `*AllBy*` variant of the query (like `queryAllByText`, `getAllByText`, or `findAllByText`)).

Ignored nodes: comments, script, style
&lt;body&gt;
  &lt;div&gt;
    &lt;div&gt;
      No error here
    &lt;/div&gt;
  &lt;/div&gt;
  &lt;div&gt;
    &lt;div
      class=&quot;p-4 rounded-lg border border-gray-200 shadow-sm bg-white&quot;
    &gt;
      &lt;div
        class=&quot;relative w-full rounded-lg border p-4 [&amp;&gt;svg~*]:pl-7 [&amp;&gt;svg+div]:translate-y-[-3px] [&amp;&gt;svg]:absolute [&amp;&gt;svg]:left-4 [&amp;&gt;svg]:top-4 border-destructive/50 text-destructive dark:border-destructive [&amp;&gt;svg]:text-destructive mb-4&quot;
        role=&quot;alert&quot;
      &gt;
        &lt;svg
          class=&quot;lucide lucide-circle-alert h-4 w-4&quot;
          fill=&quot;none&quot;
          height=&quot;24&quot;
          stroke=&quot;currentColor&quot;
          stroke-linecap=&quot;round&quot;
          stroke-linejoin=&quot;round&quot;
          stroke-width=&quot;2&quot;
          viewBox=&quot;0 0 24 24&quot;
          width=&quot;24&quot;
          xmlns=&quot;http://www.w3.org/2000/svg&quot;
        &gt;
          &lt;circle
            cx=&quot;12&quot;
            cy=&quot;12&quot;
            r=&quot;10&quot;
          /&gt;
          &lt;line
            x1=&quot;12&quot;
            x2=&quot;12&quot;
            y1=&quot;8&quot;
            y2=&quot;12&quot;
          /&gt;
          &lt;line
            x1=&quot;12&quot;
            x2=&quot;12.01&quot;
            y1=&quot;16&quot;
            y2=&quot;16&quot;
          /&gt;
        &lt;/svg&gt;
        &lt;h5
          class=&quot;mb-1 font-medium leading-none tracking-tight&quot;
        &gt;
          Something went wrong
        &lt;/h5&gt;
        &lt;div
          class=&quot;text-sm [&amp;_p]:leading-relaxed&quot;
        &gt;
          Test error
        &lt;/div&gt;
      &lt;/div&gt;
      &lt;div
        class=&quot;mt-4 text-gray-600 text-sm&quot;
      &gt;
        &lt;p&gt;
          We apologize for the inconvenience. You can try to recover by clicking the button below, or navigate to another page.
        &lt;/p&gt;
      &lt;/div&gt;
      &lt;div
        class=&quot;mt-6 flex justify-center&quot;
      &gt;
        &lt;button
          class=&quot;justify-center whitespace-nowrap rounded-md text-sm font-medium transition-colors focus-visible:outline-none focus-visible:ring-1 focus-visible:ring-ring disabled:pointer-events-none disabled:opacity-50 bg-primary text-primary-foreground shadow hover:bg-primary/90 h-9 px-4 py-2 flex items-center&quot;
        &gt;
          &lt;svg
            class=&quot;lucide lucide-refresh-ccw mr-2 h-4 w-4&quot;
            fill=&quot;none&quot;
            height=&quot;24&quot;
            stroke=&quot;currentColor&quot;
            stroke-linecap=&quot;round&quot;
            stroke-linejoin=&quot;round&quot;
            stroke-width=&quot;2&quot;
            viewBox=&quot;0 0 24 24&quot;
            width=&quot;24&quot;
            xmlns=&quot;http://www.w3.org/2000/svg&quot;
          &gt;
            &lt;path
              d=&quot;M21 12a9 9 0 0 0-9-9 9.75 9.75 0 0 0-6.74 2.74L3 8&quot;
            /&gt;
            &lt;path
              d=&quot;M3 3v5h5&quot;
            /&gt;
            &lt;path
              d=&quot;M3 12a9 9 0 0 0 9 9 9.75 9.75 0 0 0 6.74-2.74L21 16&quot;
            /&gt;
            &lt;path
              d=&quot;M16 16h5v5&quot;
            /&gt;
          &lt;/svg&gt;
          Try Again
        &lt;/button&gt;
      &lt;/div&gt;
    &lt;/div&gt;
  &lt;/div&gt;
  &lt;div&gt;
    &lt;div&gt;
      Custom error UI
    &lt;/div&gt;
  &lt;/div&gt;
  &lt;div&gt;
    &lt;div
      class=&quot;p-4 rounded-lg border border-gray-200 shadow-sm bg-white&quot;
    &gt;
      &lt;div
        class=&quot;relative w-full rounded-lg border p-4 [&amp;&gt;svg~*]:pl-7 [&amp;&gt;svg+div]:translate-y-[-3px] [&amp;&gt;svg]:absolute [&amp;&gt;svg]:left-4 [&amp;&gt;svg]:top-4 border-destructive/50 text-destructive dark:border-destructive [&amp;&gt;svg]:text-destructive mb-4&quot;
        role=&quot;alert&quot;
      &gt;
        &lt;svg
          class=&quot;lucide lucide-circle-alert h-4 w-4&quot;
          fill=&quot;none&quot;
          height=&quot;24&quot;
          stroke=&quot;currentColor&quot;
          stroke-linecap=&quot;round&quot;
          stroke-linejoin=&quot;round&quot;
          stroke-width=&quot;2&quot;
          viewBox=&quot;0 0 24 24&quot;
          width=&quot;24&quot;
          xmlns=&quot;http://www.w3.org/2000/svg&quot;
        &gt;
          &lt;circle
            cx=&quot;12&quot;
            cy=&quot;12&quot;
            r=&quot;10&quot;
          /&gt;
          &lt;line
            x1=&quot;12&quot;
            x2=&quot;12&quot;
            y1=&quot;8&quot;
            y2=&quot;12&quot;
          /&gt;
          &lt;line
            x1=&quot;12&quot;
            x2=&quot;12.01&quot;
            y1=&quot;16&quot;
            y2=&quot;16&quot;
          /&gt;
        &lt;/svg&gt;
        &lt;h5
          class=&quot;mb-1 font-medium leading-none tracking-tight&quot;
        &gt;
          Something went wrong
        &lt;/h5&gt;
        &lt;div
          class=&quot;text-sm [&amp;_p]:leading-relaxed&quot;
        &gt;
          Test error
        &lt;/div&gt;
      &lt;/div&gt;
      &lt;div
        class=&quot;mt-4 text-gray-600 text-sm&quot;
      &gt;
        &lt;p&gt;
          We apologize for the inconvenience. You can try to recover by clicking the button below, or navigate to another page.
        &lt;/p&gt;
      &lt;/div&gt;
      &lt;div
        class=&quot;mt-6 flex justify-center&quot;
      &gt;
        &lt;button
          class=&quot;justify-center whitespace-nowrap rounded-md text-sm font-medium transition-colors focus-visible:outline-none focus-visible:ring-1 focus-visible:ring-ring disabled:pointer-events-none disabled:opacity-50 bg-primary text-prim...
    at Object.getElementError (/Users/mb/Desktop/vibewell/node_modules/@testing-library/dom/dist/config.js:37:19)
    at getElementError (/Users/mb/Desktop/vibewell/node_modules/@testing-library/dom/dist/query-helpers.js:20:35)
    at getMultipleElementsFoundError (/Users/mb/Desktop/vibewell/node_modules/@testing-library/dom/dist/query-helpers.js:23:10)
    at /Users/mb/Desktop/vibewell/node_modules/@testing-library/dom/dist/query-helpers.js:55:13
    at /Users/mb/Desktop/vibewell/node_modules/@testing-library/dom/dist/query-helpers.js:95:19
    at Object.getByText (/Users/mb/Desktop/vibewell/src/__tests__/integration/error-boundary.test.tsx:121:19)
    at Promise.then.completed (/Users/mb/Desktop/vibewell/node_modules/jest-circus/build/utils.js:298:28)
    at new Promise (&lt;anonymous&gt;)
    at callAsyncCircusFn (/Users/mb/Desktop/vibewell/node_modules/jest-circus/build/utils.js:231:10)
    at _callCircusTest (/Users/mb/Desktop/vibewell/node_modules/jest-circus/build/run.js:316:40)
    at _runTest (/Users/mb/Desktop/vibewell/node_modules/jest-circus/build/run.js:252:3)
    at _runTestsForDescribeBlock (/Users/mb/Desktop/vibewell/node_modules/jest-circus/build/run.js:126:9)
    at _runTestsForDescribeBlock (/Users/mb/Desktop/vibewell/node_modules/jest-circus/build/run.js:121:9)
    at run (/Users/mb/Desktop/vibewell/node_modules/jest-circus/build/run.js:71:3)
    at runAndTransformResultsToJestFormat (/Users/mb/Desktop/vibewell/node_modules/jest-circus/build/legacy-code-todo-rewrite/jestAdapterInit.js:122:21)
    at jestAdapter (/Users/mb/Desktop/vibewell/node_modules/jest-circus/build/legacy-code-todo-rewrite/jestAdapter.js:79:19)
    at runTestInternal (/Users/mb/Desktop/vibewell/node_modules/jest-runner/build/runTest.js:367:16)
    at runTest (/Users/mb/Desktop/vibewell/node_modules/jest-runner/build/runTest.js:444:34)</failure>
    </testcase>
    <testcase classname="withErrorBoundary HOC passes props to wrapped component" name="withErrorBoundary HOC passes props to wrapped component" time="0.005">
    </testcase>
    <testcase classname="withErrorBoundary HOC passes error boundary props correctly" name="withErrorBoundary HOC passes error boundary props correctly" time="0.011">
    </testcase>
  </testsuite>
  <testsuite name="AudioControls Accessibility" errors="0" failures="4" skipped="0" timestamp="2025-04-17T23:57:16" time="0.637" tests="4">
    <testcase classname="AudioControls Accessibility should have no accessibility violations" name="AudioControls Accessibility should have no accessibility violations" time="0.174">
      <failure>TypeError: glRef.current.getExtension is not a function
    at getExtension (/Users/mb/Desktop/vibewell/src/contexts/WebGLContext.tsx:50:35)
    at Object.react-stack-bottom-frame (/Users/mb/Desktop/vibewell/node_modules/react-dom/cjs/react-dom-client.development.js:23961:13)
    at runWithFiberInDEV (/Users/mb/Desktop/vibewell/node_modules/react-dom/cjs/react-dom-client.development.js:1522:13)
    at commitHookEffectListUnmount (/Users/mb/Desktop/vibewell/node_modules/react-dom/cjs/react-dom-client.development.js:11996:17)
    at commitHookPassiveUnmountEffects (/Users/mb/Desktop/vibewell/node_modules/react-dom/cjs/react-dom-client.development.js:12043:11)
    at commitPassiveUnmountEffectsInsideOfDeletedTree_begin (/Users/mb/Desktop/vibewell/node_modules/react-dom/cjs/react-dom-client.development.js:14269:13)
    at recursivelyTraversePassiveUnmountEffects (/Users/mb/Desktop/vibewell/node_modules/react-dom/cjs/react-dom-client.development.js:14167:13)
    at commitPassiveUnmountOnFiber (/Users/mb/Desktop/vibewell/node_modules/react-dom/cjs/react-dom-client.development.js:14194:11)
    at flushPassiveEffects (/Users/mb/Desktop/vibewell/node_modules/react-dom/cjs/react-dom-client.development.js:15736:9)
    at flushPendingEffects (/Users/mb/Desktop/vibewell/node_modules/react-dom/cjs/react-dom-client.development.js:15702:14)
    at flushSpawnedWork (/Users/mb/Desktop/vibewell/node_modules/react-dom/cjs/react-dom-client.development.js:15668:44)
    at commitRoot (/Users/mb/Desktop/vibewell/node_modules/react-dom/cjs/react-dom-client.development.js:15403:9)
    at performWorkOnRoot (/Users/mb/Desktop/vibewell/node_modules/react-dom/cjs/react-dom-client.development.js:14526:15)
    at performSyncWorkOnRoot (/Users/mb/Desktop/vibewell/node_modules/react-dom/cjs/react-dom-client.development.js:16231:7)
    at flushSyncWorkAcrossRoots_impl (/Users/mb/Desktop/vibewell/node_modules/react-dom/cjs/react-dom-client.development.js:16079:21)
    at flushSyncWork$1 (/Users/mb/Desktop/vibewell/node_modules/react-dom/cjs/react-dom-client.development.js:14721:12)
    at ReactDOMRoot.Object.&lt;anonymous&gt;.process.env.NODE_ENV.ReactDOMHydrationRoot.unmount.ReactDOMRoot.unmount [as unmount] (/Users/mb/Desktop/vibewell/node_modules/react-dom/cjs/react-dom-client.development.js:24774:11)
    at Object.unmount (/Users/mb/Desktop/vibewell/node_modules/@testing-library/react/dist/pure.js:164:12)
    at /Users/mb/Desktop/vibewell/node_modules/@testing-library/react/dist/pure.js:308:12
    at /Users/mb/Desktop/vibewell/node_modules/@testing-library/react/dist/act-compat.js:48:24
    at Object.&lt;anonymous&gt;.process.env.NODE_ENV.exports.act (/Users/mb/Desktop/vibewell/node_modules/react/cjs/react.development.js:789:22)
    at /Users/mb/Desktop/vibewell/node_modules/@testing-library/react/dist/act-compat.js:47:25
    at /Users/mb/Desktop/vibewell/node_modules/@testing-library/react/dist/pure.js:307:28
    at Array.forEach (&lt;anonymous&gt;)
    at cleanup (/Users/mb/Desktop/vibewell/node_modules/@testing-library/react/dist/pure.js:303:22)
    at Object.&lt;anonymous&gt; (/Users/mb/Desktop/vibewell/node_modules/@testing-library/react/dist/index.js:28:25)
    at Promise.then.completed (/Users/mb/Desktop/vibewell/node_modules/jest-circus/build/utils.js:298:28)
    at new Promise (&lt;anonymous&gt;)
    at callAsyncCircusFn (/Users/mb/Desktop/vibewell/node_modules/jest-circus/build/utils.js:231:10)
    at _callCircusHook (/Users/mb/Desktop/vibewell/node_modules/jest-circus/build/run.js:281:40)
    at _runTest (/Users/mb/Desktop/vibewell/node_modules/jest-circus/build/run.js:254:5)
    at _runTestsForDescribeBlock (/Users/mb/Desktop/vibewell/node_modules/jest-circus/build/run.js:126:9)
    at _runTestsForDescribeBlock (/Users/mb/Desktop/vibewell/node_modules/jest-circus/build/run.js:121:9)
    at run (/Users/mb/Desktop/vibewell/node_modules/jest-circus/build/run.js:71:3)
    at runAndTransformResultsToJestFormat (/Users/mb/Desktop/vibewell/node_modules/jest-circus/build/legacy-code-todo-rewrite/jestAdapterInit.js:122:21)
    at jestAdapter (/Users/mb/Desktop/vibewell/node_modules/jest-circus/build/legacy-code-todo-rewrite/jestAdapter.js:79:19)
    at runTestInternal (/Users/mb/Desktop/vibewell/node_modules/jest-runner/build/runTest.js:367:16)
    at runTest (/Users/mb/Desktop/vibewell/node_modules/jest-runner/build/runTest.js:444:34)</failure>
    </testcase>
    <testcase classname="AudioControls Accessibility should have proper ARIA labels for all controls" name="AudioControls Accessibility should have proper ARIA labels for all controls" time="0.018">
      <failure>TypeError: glRef.current.getExtension is not a function
    at getExtension (/Users/mb/Desktop/vibewell/src/contexts/WebGLContext.tsx:50:35)
    at Object.react-stack-bottom-frame (/Users/mb/Desktop/vibewell/node_modules/react-dom/cjs/react-dom-client.development.js:23961:13)
    at runWithFiberInDEV (/Users/mb/Desktop/vibewell/node_modules/react-dom/cjs/react-dom-client.development.js:1522:13)
    at commitHookEffectListUnmount (/Users/mb/Desktop/vibewell/node_modules/react-dom/cjs/react-dom-client.development.js:11996:17)
    at commitHookPassiveUnmountEffects (/Users/mb/Desktop/vibewell/node_modules/react-dom/cjs/react-dom-client.development.js:12043:11)
    at commitPassiveUnmountEffectsInsideOfDeletedTree_begin (/Users/mb/Desktop/vibewell/node_modules/react-dom/cjs/react-dom-client.development.js:14269:13)
    at recursivelyTraversePassiveUnmountEffects (/Users/mb/Desktop/vibewell/node_modules/react-dom/cjs/react-dom-client.development.js:14167:13)
    at commitPassiveUnmountOnFiber (/Users/mb/Desktop/vibewell/node_modules/react-dom/cjs/react-dom-client.development.js:14194:11)
    at flushPassiveEffects (/Users/mb/Desktop/vibewell/node_modules/react-dom/cjs/react-dom-client.development.js:15736:9)
    at flushPendingEffects (/Users/mb/Desktop/vibewell/node_modules/react-dom/cjs/react-dom-client.development.js:15702:14)
    at flushSpawnedWork (/Users/mb/Desktop/vibewell/node_modules/react-dom/cjs/react-dom-client.development.js:15668:44)
    at commitRoot (/Users/mb/Desktop/vibewell/node_modules/react-dom/cjs/react-dom-client.development.js:15403:9)
    at performWorkOnRoot (/Users/mb/Desktop/vibewell/node_modules/react-dom/cjs/react-dom-client.development.js:14526:15)
    at performSyncWorkOnRoot (/Users/mb/Desktop/vibewell/node_modules/react-dom/cjs/react-dom-client.development.js:16231:7)
    at flushSyncWorkAcrossRoots_impl (/Users/mb/Desktop/vibewell/node_modules/react-dom/cjs/react-dom-client.development.js:16079:21)
    at flushSyncWork$1 (/Users/mb/Desktop/vibewell/node_modules/react-dom/cjs/react-dom-client.development.js:14721:12)
    at ReactDOMRoot.Object.&lt;anonymous&gt;.process.env.NODE_ENV.ReactDOMHydrationRoot.unmount.ReactDOMRoot.unmount [as unmount] (/Users/mb/Desktop/vibewell/node_modules/react-dom/cjs/react-dom-client.development.js:24774:11)
    at Object.unmount (/Users/mb/Desktop/vibewell/node_modules/@testing-library/react/dist/pure.js:164:12)
    at /Users/mb/Desktop/vibewell/node_modules/@testing-library/react/dist/pure.js:308:12
    at /Users/mb/Desktop/vibewell/node_modules/@testing-library/react/dist/act-compat.js:48:24
    at Object.&lt;anonymous&gt;.process.env.NODE_ENV.exports.act (/Users/mb/Desktop/vibewell/node_modules/react/cjs/react.development.js:789:22)
    at /Users/mb/Desktop/vibewell/node_modules/@testing-library/react/dist/act-compat.js:47:25
    at /Users/mb/Desktop/vibewell/node_modules/@testing-library/react/dist/pure.js:307:28
    at Array.forEach (&lt;anonymous&gt;)
    at cleanup (/Users/mb/Desktop/vibewell/node_modules/@testing-library/react/dist/pure.js:303:22)
    at Object.&lt;anonymous&gt; (/Users/mb/Desktop/vibewell/node_modules/@testing-library/react/dist/index.js:28:25)
    at Promise.then.completed (/Users/mb/Desktop/vibewell/node_modules/jest-circus/build/utils.js:298:28)
    at new Promise (&lt;anonymous&gt;)
    at callAsyncCircusFn (/Users/mb/Desktop/vibewell/node_modules/jest-circus/build/utils.js:231:10)
    at _callCircusHook (/Users/mb/Desktop/vibewell/node_modules/jest-circus/build/run.js:281:40)
    at _runTest (/Users/mb/Desktop/vibewell/node_modules/jest-circus/build/run.js:254:5)
    at _runTestsForDescribeBlock (/Users/mb/Desktop/vibewell/node_modules/jest-circus/build/run.js:126:9)
    at _runTestsForDescribeBlock (/Users/mb/Desktop/vibewell/node_modules/jest-circus/build/run.js:121:9)
    at run (/Users/mb/Desktop/vibewell/node_modules/jest-circus/build/run.js:71:3)
    at runAndTransformResultsToJestFormat (/Users/mb/Desktop/vibewell/node_modules/jest-circus/build/legacy-code-todo-rewrite/jestAdapterInit.js:122:21)
    at jestAdapter (/Users/mb/Desktop/vibewell/node_modules/jest-circus/build/legacy-code-todo-rewrite/jestAdapter.js:79:19)
    at runTestInternal (/Users/mb/Desktop/vibewell/node_modules/jest-runner/build/runTest.js:367:16)
    at runTest (/Users/mb/Desktop/vibewell/node_modules/jest-runner/build/runTest.js:444:34)</failure>
    </testcase>
    <testcase classname="AudioControls Accessibility should have proper tab order" name="AudioControls Accessibility should have proper tab order" time="0.015">
      <failure>Error: expect(element).toHaveAttribute(&quot;tabIndex&quot;, &quot;0&quot;) // element.getAttribute(&quot;tabIndex&quot;) === &quot;0&quot;

Expected the element to have attribute:
  tabIndex=&quot;0&quot;
Received:
  null
    at toHaveAttribute (/Users/mb/Desktop/vibewell/src/tests/accessibility/audio-controls.test.tsx:58:23)
    at Array.forEach (&lt;anonymous&gt;)
    at Object.forEach (/Users/mb/Desktop/vibewell/src/tests/accessibility/audio-controls.test.tsx:57:14)
    at Promise.then.completed (/Users/mb/Desktop/vibewell/node_modules/jest-circus/build/utils.js:298:28)
    at new Promise (&lt;anonymous&gt;)
    at callAsyncCircusFn (/Users/mb/Desktop/vibewell/node_modules/jest-circus/build/utils.js:231:10)
    at _callCircusTest (/Users/mb/Desktop/vibewell/node_modules/jest-circus/build/run.js:316:40)
    at _runTest (/Users/mb/Desktop/vibewell/node_modules/jest-circus/build/run.js:252:3)
    at _runTestsForDescribeBlock (/Users/mb/Desktop/vibewell/node_modules/jest-circus/build/run.js:126:9)
    at _runTestsForDescribeBlock (/Users/mb/Desktop/vibewell/node_modules/jest-circus/build/run.js:121:9)
    at run (/Users/mb/Desktop/vibewell/node_modules/jest-circus/build/run.js:71:3)
    at runAndTransformResultsToJestFormat (/Users/mb/Desktop/vibewell/node_modules/jest-circus/build/legacy-code-todo-rewrite/jestAdapterInit.js:122:21)
    at jestAdapter (/Users/mb/Desktop/vibewell/node_modules/jest-circus/build/legacy-code-todo-rewrite/jestAdapter.js:79:19)
    at runTestInternal (/Users/mb/Desktop/vibewell/node_modules/jest-runner/build/runTest.js:367:16)
    at runTest (/Users/mb/Desktop/vibewell/node_modules/jest-runner/build/runTest.js:444:34)</failure>
      <failure>TypeError: glRef.current.getExtension is not a function
    at getExtension (/Users/mb/Desktop/vibewell/src/contexts/WebGLContext.tsx:50:35)
    at Object.react-stack-bottom-frame (/Users/mb/Desktop/vibewell/node_modules/react-dom/cjs/react-dom-client.development.js:23961:13)
    at runWithFiberInDEV (/Users/mb/Desktop/vibewell/node_modules/react-dom/cjs/react-dom-client.development.js:1522:13)
    at commitHookEffectListUnmount (/Users/mb/Desktop/vibewell/node_modules/react-dom/cjs/react-dom-client.development.js:11996:17)
    at commitHookPassiveUnmountEffects (/Users/mb/Desktop/vibewell/node_modules/react-dom/cjs/react-dom-client.development.js:12043:11)
    at commitPassiveUnmountEffectsInsideOfDeletedTree_begin (/Users/mb/Desktop/vibewell/node_modules/react-dom/cjs/react-dom-client.development.js:14269:13)
    at recursivelyTraversePassiveUnmountEffects (/Users/mb/Desktop/vibewell/node_modules/react-dom/cjs/react-dom-client.development.js:14167:13)
    at commitPassiveUnmountOnFiber (/Users/mb/Desktop/vibewell/node_modules/react-dom/cjs/react-dom-client.development.js:14194:11)
    at flushPassiveEffects (/Users/mb/Desktop/vibewell/node_modules/react-dom/cjs/react-dom-client.development.js:15736:9)
    at flushPendingEffects (/Users/mb/Desktop/vibewell/node_modules/react-dom/cjs/react-dom-client.development.js:15702:14)
    at flushSpawnedWork (/Users/mb/Desktop/vibewell/node_modules/react-dom/cjs/react-dom-client.development.js:15668:44)
    at commitRoot (/Users/mb/Desktop/vibewell/node_modules/react-dom/cjs/react-dom-client.development.js:15403:9)
    at performWorkOnRoot (/Users/mb/Desktop/vibewell/node_modules/react-dom/cjs/react-dom-client.development.js:14526:15)
    at performSyncWorkOnRoot (/Users/mb/Desktop/vibewell/node_modules/react-dom/cjs/react-dom-client.development.js:16231:7)
    at flushSyncWorkAcrossRoots_impl (/Users/mb/Desktop/vibewell/node_modules/react-dom/cjs/react-dom-client.development.js:16079:21)
    at flushSyncWork$1 (/Users/mb/Desktop/vibewell/node_modules/react-dom/cjs/react-dom-client.development.js:14721:12)
    at ReactDOMRoot.Object.&lt;anonymous&gt;.process.env.NODE_ENV.ReactDOMHydrationRoot.unmount.ReactDOMRoot.unmount [as unmount] (/Users/mb/Desktop/vibewell/node_modules/react-dom/cjs/react-dom-client.development.js:24774:11)
    at Object.unmount (/Users/mb/Desktop/vibewell/node_modules/@testing-library/react/dist/pure.js:164:12)
    at /Users/mb/Desktop/vibewell/node_modules/@testing-library/react/dist/pure.js:308:12
    at /Users/mb/Desktop/vibewell/node_modules/@testing-library/react/dist/act-compat.js:48:24
    at Object.&lt;anonymous&gt;.process.env.NODE_ENV.exports.act (/Users/mb/Desktop/vibewell/node_modules/react/cjs/react.development.js:789:22)
    at /Users/mb/Desktop/vibewell/node_modules/@testing-library/react/dist/act-compat.js:47:25
    at /Users/mb/Desktop/vibewell/node_modules/@testing-library/react/dist/pure.js:307:28
    at Array.forEach (&lt;anonymous&gt;)
    at cleanup (/Users/mb/Desktop/vibewell/node_modules/@testing-library/react/dist/pure.js:303:22)
    at Object.&lt;anonymous&gt; (/Users/mb/Desktop/vibewell/node_modules/@testing-library/react/dist/index.js:28:25)
    at Promise.then.completed (/Users/mb/Desktop/vibewell/node_modules/jest-circus/build/utils.js:298:28)
    at new Promise (&lt;anonymous&gt;)
    at callAsyncCircusFn (/Users/mb/Desktop/vibewell/node_modules/jest-circus/build/utils.js:231:10)
    at _callCircusHook (/Users/mb/Desktop/vibewell/node_modules/jest-circus/build/run.js:281:40)
    at _runTest (/Users/mb/Desktop/vibewell/node_modules/jest-circus/build/run.js:254:5)
    at _runTestsForDescribeBlock (/Users/mb/Desktop/vibewell/node_modules/jest-circus/build/run.js:126:9)
    at _runTestsForDescribeBlock (/Users/mb/Desktop/vibewell/node_modules/jest-circus/build/run.js:121:9)
    at run (/Users/mb/Desktop/vibewell/node_modules/jest-circus/build/run.js:71:3)
    at runAndTransformResultsToJestFormat (/Users/mb/Desktop/vibewell/node_modules/jest-circus/build/legacy-code-todo-rewrite/jestAdapterInit.js:122:21)
    at jestAdapter (/Users/mb/Desktop/vibewell/node_modules/jest-circus/build/legacy-code-todo-rewrite/jestAdapter.js:79:19)
    at runTestInternal (/Users/mb/Desktop/vibewell/node_modules/jest-runner/build/runTest.js:367:16)
    at runTest (/Users/mb/Desktop/vibewell/node_modules/jest-runner/build/runTest.js:444:34)</failure>
    </testcase>
    <testcase classname="AudioControls Accessibility should announce state changes to screen readers" name="AudioControls Accessibility should announce state changes to screen readers" time="0.012">
      <failure>Error: expect(element).toHaveAttribute(&quot;aria-pressed&quot;, &quot;false&quot;) // element.getAttribute(&quot;aria-pressed&quot;) === &quot;false&quot;

Expected the element to have attribute:
  aria-pressed=&quot;false&quot;
Received:
  null
    at Object.toHaveAttribute (/Users/mb/Desktop/vibewell/src/tests/accessibility/audio-controls.test.tsx:68:24)
    at Promise.then.completed (/Users/mb/Desktop/vibewell/node_modules/jest-circus/build/utils.js:298:28)
    at new Promise (&lt;anonymous&gt;)
    at callAsyncCircusFn (/Users/mb/Desktop/vibewell/node_modules/jest-circus/build/utils.js:231:10)
    at _callCircusTest (/Users/mb/Desktop/vibewell/node_modules/jest-circus/build/run.js:316:40)
    at _runTest (/Users/mb/Desktop/vibewell/node_modules/jest-circus/build/run.js:252:3)
    at _runTestsForDescribeBlock (/Users/mb/Desktop/vibewell/node_modules/jest-circus/build/run.js:126:9)
    at _runTestsForDescribeBlock (/Users/mb/Desktop/vibewell/node_modules/jest-circus/build/run.js:121:9)
    at run (/Users/mb/Desktop/vibewell/node_modules/jest-circus/build/run.js:71:3)
    at runAndTransformResultsToJestFormat (/Users/mb/Desktop/vibewell/node_modules/jest-circus/build/legacy-code-todo-rewrite/jestAdapterInit.js:122:21)
    at jestAdapter (/Users/mb/Desktop/vibewell/node_modules/jest-circus/build/legacy-code-todo-rewrite/jestAdapter.js:79:19)
    at runTestInternal (/Users/mb/Desktop/vibewell/node_modules/jest-runner/build/runTest.js:367:16)
    at runTest (/Users/mb/Desktop/vibewell/node_modules/jest-runner/build/runTest.js:444:34)</failure>
      <failure>TypeError: glRef.current.getExtension is not a function
    at getExtension (/Users/mb/Desktop/vibewell/src/contexts/WebGLContext.tsx:50:35)
    at Object.react-stack-bottom-frame (/Users/mb/Desktop/vibewell/node_modules/react-dom/cjs/react-dom-client.development.js:23961:13)
    at runWithFiberInDEV (/Users/mb/Desktop/vibewell/node_modules/react-dom/cjs/react-dom-client.development.js:1522:13)
    at commitHookEffectListUnmount (/Users/mb/Desktop/vibewell/node_modules/react-dom/cjs/react-dom-client.development.js:11996:17)
    at commitHookPassiveUnmountEffects (/Users/mb/Desktop/vibewell/node_modules/react-dom/cjs/react-dom-client.development.js:12043:11)
    at commitPassiveUnmountEffectsInsideOfDeletedTree_begin (/Users/mb/Desktop/vibewell/node_modules/react-dom/cjs/react-dom-client.development.js:14269:13)
    at recursivelyTraversePassiveUnmountEffects (/Users/mb/Desktop/vibewell/node_modules/react-dom/cjs/react-dom-client.development.js:14167:13)
[...]
              class=&quot;inline-flex items-center justify-center whitespace-nowrap rounded-md text-sm font-medium transition-colors focus-visible:outline-none focus-visible:ring-1 focus-visible:ring-ring disabled:pointer-events-none disabled:opacity-50 border border-input bg-background shadow-sm hover:bg-accent hover:text-accent-foreground h-9 px-4 py-2&quot;
            &gt;
              Skip for now
            &lt;/button&gt;
            &lt;button
              class=&quot;inline-flex items-center justify-center whitespace-nowrap rounded-md text-sm font-medium transition-colors focus-visible:outline-none focus-visible:ring-1 focus-visible:ring-ring disabled:pointer-events-none disabled:opacity-50 bg-primary text-primary-foreground shadow hover:bg-primary/90 h-9 px-4 py-2&quot;
            &gt;
              Next Step 
              &lt;svg
                class=&quot;lucide lucide-chevrons-right ml-2 h-4 w-4&quot;
                fill=&quot;none&quot;
                height=&quot;24&quot;
                stroke=&quot;currentColor&quot;
                stroke-linecap=&quot;round&quot;
                stroke-linejoin=&quot;round&quot;
                stroke-width=&quot;2&quot;
                viewBox=&quot;0 0 24 24&quot;
                width=&quot;24&quot;
                xmlns=&quot;http://www.w3.org/2000/svg&quot;
              &gt;
                &lt;path
                  d=&quot;m6 17 5-5-5-5&quot;
                /&gt;
                &lt;path
                  d=&quot;m13 17 5-5-5-5&quot;
                /&gt;
              &lt;/svg&gt;
            &lt;/button&gt;
          &lt;/div&gt;
        &lt;/div&gt;
      &lt;/div&gt;
      &lt;div
        class=&quot;mt-4 text-center&quot;
      &gt;
        &lt;p
          class=&quot;text-sm text-muted-foreground&quot;
        &gt;
          You can complete the remaining steps later. Your progress will be saved.
        &lt;/p&gt;
      &lt;/div&gt;
    &lt;/div&gt;
  &lt;/div&gt;
&lt;/body&gt;
    at Object.getElementError (/Users/mb/Desktop/vibewell/node_modules/@testing-library/dom/dist/config.js:37:19)
    at /Users/mb/Desktop/vibewell/node_modules/@testing-library/dom/dist/query-helpers.js:76:38
    at /Users/mb/Desktop/vibewell/node_modules/@testing-library/dom/dist/query-helpers.js:52:17
    at /Users/mb/Desktop/vibewell/node_modules/@testing-library/dom/dist/query-helpers.js:95:19
    at getByText (/Users/mb/Desktop/vibewell/src/components/business/__tests__/business-profile-wizard.test.tsx:126:32)
    at Object.&lt;anonymous&gt;.process.env.NODE_ENV.exports.act (/Users/mb/Desktop/vibewell/node_modules/react/cjs/react.development.js:789:22)
    at Object.&lt;anonymous&gt;.process.env.NODE_ENV.exports.act (/Users/mb/Desktop/vibewell/node_modules/react-dom/cjs/react-dom-test-utils.development.js:22:20)
    at Object.&lt;anonymous&gt; (/Users/mb/Desktop/vibewell/src/components/business/__tests__/business-profile-wizard.test.tsx:124:16)
    at Promise.then.completed (/Users/mb/Desktop/vibewell/node_modules/jest-circus/build/utils.js:298:28)
    at new Promise (&lt;anonymous&gt;)
    at callAsyncCircusFn (/Users/mb/Desktop/vibewell/node_modules/jest-circus/build/utils.js:231:10)
    at _callCircusTest (/Users/mb/Desktop/vibewell/node_modules/jest-circus/build/run.js:316:40)
    at _runTest (/Users/mb/Desktop/vibewell/node_modules/jest-circus/build/run.js:252:3)
    at _runTestsForDescribeBlock (/Users/mb/Desktop/vibewell/node_modules/jest-circus/build/run.js:126:9)
    at _runTestsForDescribeBlock (/Users/mb/Desktop/vibewell/node_modules/jest-circus/build/run.js:121:9)
    at run (/Users/mb/Desktop/vibewell/node_modules/jest-circus/build/run.js:71:3)
    at runAndTransformResultsToJestFormat (/Users/mb/Desktop/vibewell/node_modules/jest-circus/build/legacy-code-todo-rewrite/jestAdapterInit.js:122:21)
    at jestAdapter (/Users/mb/Desktop/vibewell/node_modules/jest-circus/build/legacy-code-todo-rewrite/jestAdapter.js:79:19)
    at runTestInternal (/Users/mb/Desktop/vibewell/node_modules/jest-runner/build/runTest.js:367:16)
    at runTest (/Users/mb/Desktop/vibewell/node_modules/jest-runner/build/runTest.js:444:34)</failure>
    </testcase>
    <testcase classname="BusinessProfileWizard attempts to submit the form on the last step" name="BusinessProfileWizard attempts to submit the form on the last step" time="0.018">
      <failure>TestingLibraryElementError: Unable to find an element with the text: Next. This could be because the text is broken up by multiple elements. In this case, you can provide a function for your text matcher to make your matcher more flexible.

Ignored nodes: comments, script, style
&lt;body&gt;
  &lt;div&gt;
    &lt;div
      class=&quot;container max-w-5xl mx-auto py-10&quot;
    &gt;
      &lt;div
        class=&quot;flex items-center gap-2 mb-8&quot;
      &gt;
        &lt;svg
          class=&quot;lucide lucide-building h-6 w-6 text-primary&quot;
          fill=&quot;none&quot;
          height=&quot;24&quot;
          stroke=&quot;currentColor&quot;
          stroke-linecap=&quot;round&quot;
          stroke-linejoin=&quot;round&quot;
          stroke-width=&quot;2&quot;
          viewBox=&quot;0 0 24 24&quot;
          width=&quot;24&quot;
          xmlns=&quot;http://www.w3.org/2000/svg&quot;
        &gt;
          &lt;rect
            height=&quot;20&quot;
            rx=&quot;2&quot;
            ry=&quot;2&quot;
            width=&quot;16&quot;
            x=&quot;4&quot;
            y=&quot;2&quot;
          /&gt;
          &lt;path
            d=&quot;M9 22v-4h6v4&quot;
          /&gt;
          &lt;path
            d=&quot;M8 6h.01&quot;
          /&gt;
          &lt;path
            d=&quot;M16 6h.01&quot;
          /&gt;
          &lt;path
            d=&quot;M12 6h.01&quot;
          /&gt;
          &lt;path
            d=&quot;M12 10h.01&quot;
          /&gt;
          &lt;path
            d=&quot;M12 14h.01&quot;
          /&gt;
          &lt;path
            d=&quot;M16 10h.01&quot;
          /&gt;
          &lt;path
            d=&quot;M16 14h.01&quot;
          /&gt;
          &lt;path
            d=&quot;M8 10h.01&quot;
          /&gt;
          &lt;path
            d=&quot;M8 14h.01&quot;
          /&gt;
        &lt;/svg&gt;
        &lt;h1
          class=&quot;text-2xl font-bold&quot;
        &gt;
          Business Profile Setup
        &lt;/h1&gt;
      &lt;/div&gt;
      &lt;div
        class=&quot;mb-8&quot;
      &gt;
        &lt;div
          class=&quot;flex justify-between relative&quot;
        &gt;
          &lt;div
            class=&quot;absolute h-1 bg-primary top-5 z-0 transition-all duration-300&quot;
            style=&quot;width: 0%; left: 0px;&quot;
          /&gt;
          &lt;div
            class=&quot;flex flex-col items-center z-10&quot;
          &gt;
            &lt;div
              class=&quot;
                    w-10 h-10 rounded-full flex items-center justify-center mb-2
                    bg-primary text-primary-foreground border-2 border-primary
                  &quot;
            &gt;
              &lt;svg
                class=&quot;lucide lucide-map-pin h-5 w-5&quot;
                fill=&quot;none&quot;
                height=&quot;24&quot;
                stroke=&quot;currentColor&quot;
                stroke-linecap=&quot;round&quot;
                stroke-linejoin=&quot;round&quot;
                stroke-width=&quot;2&quot;
                viewBox=&quot;0 0 24 24&quot;
                width=&quot;24&quot;
                xmlns=&quot;http://www.w3.org/2000/svg&quot;
              &gt;
                &lt;path
                  d=&quot;M20 10c0 4.993-5.539 10.193-7.399 11.799a1 1 0 0 1-1.202 0C9.539 20.193 4 14.993 4 10a8 8 0 0 1 16 0&quot;
                /&gt;
                &lt;circle
                  cx=&quot;12&quot;
                  cy=&quot;10&quot;
                  r=&quot;3&quot;
                /&gt;
              &lt;/svg&gt;
            &lt;/div&gt;
            &lt;span
              class=&quot;text-sm font-medium text-primary&quot;
            &gt;
              Location
            &lt;/span&gt;
          &lt;/div&gt;
          &lt;div
            class=&quot;flex flex-col items-center z-10&quot;
          &gt;
            &lt;div
              class=&quot;
                    w-10 h-10 rounded-full flex items-center justify-center mb-2
                    bg-muted text-muted-foreground
                  &quot;
            &gt;
              &lt;svg
                class=&quot;lucide lucide-scissors h-5 w-5&quot;
                fill=&quot;none&quot;
                height=&quot;24&quot;
                stroke=&quot;currentColor&quot;
                stroke-linecap=&quot;round&quot;
                stroke-linejoin=&quot;round&quot;
                stroke-width=&quot;2&quot;
                viewBox=&quot;0 0 24 24&quot;
                width=&quot;24&quot;
                xmlns=&quot;http://www.w3.org/2000/svg&quot;
              &gt;
                &lt;circle
                  cx=&quot;6&quot;
                  cy=&quot;6&quot;
                  r=&quot;3&quot;
                /&gt;
                &lt;path
                  d=&quot;M8.12 8.12 12 12&quot;
                /&gt;
                &lt;path
                  d=&quot;M20 4 8.12 15.88&quot;
                /&gt;
                &lt;circle
                  cx=&quot;6&quot;
                  cy=&quot;18&quot;
                  r=&quot;3&quot;
                /&gt;
                &lt;path
                  d=&quot;M14.8 14.8 20 20&quot;
                /&gt;
              &lt;/svg&gt;
            &lt;/div&gt;
            &lt;span
              class=&quot;text-sm text-muted-foreground&quot;
            &gt;
              Services
            &lt;/span&gt;
          &lt;/div&gt;
          &lt;div
            class=&quot;flex flex-col items-center z-10&quot;
          &gt;
            &lt;div
              class=&quot;
                    w-10 h-10 rounded-full flex items-center justify-center mb-2
                    bg-muted text-muted-foreground
                  &quot;
            &gt;
              &lt;svg
                class=&quot;lucide lucide-camera h-5 w-5&quot;
                fill=&quot;none&quot;
                height=&quot;24&quot;
                stroke=&quot;currentColor&quot;
                stroke-linecap=&quot;round&quot;
                stroke-linejoin=&quot;round&quot;
                stroke-width=&quot;2&quot;
                viewBox=&quot;0 0 24 24&quot;
                width=&quot;24&quot;
                xmlns=&quot;http://www.w3.org/2000/svg&quot;
              &gt;
                &lt;path
                  d=&quot;M14.5 4h-5L7 7H4a2 2 0 0 0-2 2v9a2 2 0 0 0 2 2h16a2 2 0 0 0 2-2V9a2 2 0 0 0-2-2h-3l-2.5-3z&quot;
                /&gt;
                &lt;circle
                  cx=&quot;12&quot;
                  cy=&quot;13&quot;
                  r=&quot;3&quot;
                /&gt;
              &lt;/svg&gt;
            &lt;/div&gt;
            &lt;span
              class=&quot;text-sm text-muted-foreground&quot;
            &gt;
              Photos
            &lt;/span&gt;
          &lt;/div&gt;
          &lt;div
            class=&quot;flex flex-col items-center z-10&quot;
          &gt;
            &lt;div
              class=&quot;
                    w-10 h-10 rounded-full flex items-center justify-center mb-2
                    bg-muted text-muted-foreground
                  &quot;
            &gt;
              &lt;svg
                class=&quot;lucide lucide-credit-card h-5 w-5&quot;
                fill=&quot;none&quot;
                height=&quot;24&quot;
                stroke=&quot;currentColor&quot;
                stroke-linecap=&quot;round&quot;
                stroke-linejoin=&quot;round&quot;
                stroke-width=&quot;2&quot;
                viewBox=&quot;0 0 24 24&quot;
                width=&quot;24&quot;
                xmlns=&quot;http://www.w3.org/2000/svg&quot;
              &gt;
                &lt;rect
                  height=&quot;14&quot;
                  rx=&quot;2&quot;
                  width=&quot;20&quot;
                  x=&quot;2&quot;
                  y=&quot;5&quot;
                /&gt;
                &lt;line
                  x1=&quot;2&quot;
                  x2=&quot;22&quot;
                  y1=&quot;10&quot;
                  y2=&quot;10&quot;
                /&gt;
              &lt;/svg&gt;
            &lt;/div&gt;
            &lt;span
              class=&quot;text-sm text-muted-foreground&quot;
            &gt;
              Payment
            &lt;/span&gt;
          &lt;/div&gt;
          &lt;div
            class=&quot;flex flex-col items-center z-10&quot;
          &gt;
            &lt;div
              class=&quot;
                    w-10 h-10 rounded-full flex items-center justify-center mb-2
                    bg-muted text-muted-foreground
                  &quot;
            &gt;
              &lt;svg
                class=&quot;lucide lucide-file-text h-5 w-5&quot;
                fill=&quot;none&quot;
                height=&quot;24&quot;
                stroke=&quot;currentColor&quot;
                stroke-linecap=&quot;round&quot;
                stroke-linejoin=&quot;round&quot;
                stroke-width=&quot;2&quot;
                viewBox=&quot;0 0 24 24&quot;
                width=&quot;24&quot;
                xmlns=&quot;http://www.w3.org/2000/svg&quot;
              &gt;
                &lt;path
                  d=&quot;M15 2H6a2 2 0 0 0-2 2v16a2 2 0 0 0 2 2h12a2 2 0 0 0 2-2V7Z&quot;
                /&gt;
                &lt;path
                  d=&quot;M14 2v4a2 2 0 0 0 2 2h4&quot;
                /&gt;
                &lt;path
                  d=&quot;M10 9H8&quot;
                /&gt;
                &lt;path
                  d=&quot;M16 13H8&quot;
                /&gt;
                &lt;path
                  d=&quot;M16 17H8&quot;
                /&gt;
              &lt;/svg&gt;
            &lt;/div&gt;
            &lt;span
              class=&quot;text-sm text-muted-foreground&quot;
            &gt;
              Policies
            &lt;/span&gt;
          &lt;/div&gt;
        &lt;/div&gt;
      &lt;/div&gt;
      &lt;div
        class=&quot;flex justify-between items-center mb-6&quot;
      &gt;
        &lt;p
          class=&quot;text-sm text-muted-foreground&quot;
        &gt;
          Step 
          1
           of 
          5
        &lt;/p&gt;
        &lt;p
          class=&quot;text-sm font-medium&quot;
        &gt;
          Location
        &lt;/p&gt;
      &lt;/div&gt;
      &lt;div
        class=&quot;rounded-lg bg-card text-card-foreground border shadow-sm&quot;
      &gt;
        &lt;div
          class=&quot;p-6&quot;
        &gt;
          &lt;div
            data-testid=&quot;location-form&quot;
          &gt;
            Location Form
            &lt;button
              data-testid=&quot;location-complete&quot;
            &gt;
              Set Address
            &lt;/button&gt;
          &lt;/div&gt;
        &lt;/div&gt;
        &lt;div
          class=&quot;p-6 border-t bg-muted/50 flex justify-between&quot;
        &gt;
          &lt;button
            class=&quot;inline-flex items-center justify-center whitespace-nowrap rounded-md text-sm font-medium transition-colors focus-visible:outline-none focus-visible:ring-1 focus-visible:ring-ring disabled:pointer-events-none disabled:opacity-50 border border-input bg-background shadow-sm hover:bg-accent hover:text-accent-foreground h-9 px-4 py-2&quot;
            disabled=&quot;&quot;
          &gt;
            Back
          &lt;/button&gt;
          &lt;div
            class=&quot;flex gap-2&quot;
          &gt;
            &lt;button
              class=&quot;inline-flex items-center justify-center whitespace-nowrap rounded-md text-sm font-medium transition-colors focus-visible:outline-none focus-visible:ring-1 focus-visible:ring-ring disabled:pointer-events-none disabled:opacity-50 border border-input bg-background shadow-sm hover:bg-accent hover:text-accent-foreground h-9 px-4 py-2&quot;
            &gt;
              Skip for now
            &lt;/button&gt;
            &lt;button
              class=&quot;inline-flex items-center justify-center whitespace-nowrap rounded-md text-sm font-medium transition-colors focus-visible:outline-none focus-visible:ring-1 focus-visible:ring-ring disabled:pointer-events-none disabled:opacity-50 bg-primary text-primary-foreground shadow hover:bg-primary/90 h-9 px-4 py-2&quot;
            &gt;
              Next Step 
              &lt;svg
                class=&quot;lucide lucide-chevrons-right ml-2 h-4 w-4&quot;
                fill=&quot;none&quot;
                height=&quot;24&quot;
                stroke=&quot;currentColor&quot;
                stroke-linecap=&quot;round&quot;
                stroke-linejoin=&quot;round&quot;
                stroke-width=&quot;2&quot;
                viewBox=&quot;0 0 24 24&quot;
                width=&quot;24&quot;
                xmlns=&quot;http://www.w3.org/2000/svg&quot;
              &gt;
                &lt;path
                  d=&quot;m6 17 5-5-5-5&quot;
                /&gt;
                &lt;path
                  d=&quot;m13 17 5-5-5-5&quot;
                /&gt;
              &lt;/svg&gt;
            &lt;/button&gt;
          &lt;/div&gt;
        &lt;/div&gt;
      &lt;/div&gt;
      &lt;div
        class=&quot;mt-4 text-center&quot;
      &gt;
        &lt;p
          class=&quot;text-sm text-muted-foreground&quot;
        &gt;
          You can complete the remaining steps later. Your progress will be saved.
        &lt;/p&gt;
      &lt;/div&gt;
    &lt;/div&gt;
  &lt;/div&gt;
&lt;/body&gt;
    at Object.getElementError (/Users/mb/Desktop/vibewell/node_modules/@testing-library/dom/dist/config.js:37:19)
    at /Users/mb/Desktop/vibewell/node_modules/@testing-library/dom/dist/query-helpers.js:76:38
    at /Users/mb/Desktop/vibewell/node_modules/@testing-library/dom/dist/query-helpers.js:52:17
    at /Users/mb/Desktop/vibewell/node_modules/@testing-library/dom/dist/query-helpers.js:95:19
    at getByText (/Users/mb/Desktop/vibewell/src/components/business/__tests__/business-profile-wizard.test.tsx:147:32)
    at Object.&lt;anonymous&gt;.process.env.NODE_ENV.exports.act (/Users/mb/Desktop/vibewell/node_modules/react/cjs/react.development.js:789:22)
    at Object.&lt;anonymous&gt;.process.env.NODE_ENV.exports.act (/Users/mb/Desktop/vibewell/node_modules/react-dom/cjs/react-dom-test-utils.development.js:22:20)
    at Object.&lt;anonymous&gt; (/Users/mb/Desktop/vibewell/src/components/business/__tests__/business-profile-wizard.test.tsx:145:16)
    at Promise.then.completed (/Users/mb/Desktop/vibewell/node_modules/jest-circus/build/utils.js:298:28)
    at new Promise (&lt;anonymous&gt;)
    at callAsyncCircusFn (/Users/mb/Desktop/vibewell/node_modules/jest-circus/build/utils.js:231:10)
    at _callCircusTest (/Users/mb/Desktop/vibewell/node_modules/jest-circus/build/run.js:316:40)
    at _runTest (/Users/mb/Desktop/vibewell/node_modules/jest-circus/build/run.js:252:3)
    at _runTestsForDescribeBlock (/Users/mb/Desktop/vibewell/node_modules/jest-circus/build/run.js:126:9)
    at _runTestsForDescribeBlock (/Users/mb/Desktop/vibewell/node_modules/jest-circus/build/run.js:121:9)
    at run (/Users/mb/Desktop/vibewell/node_modules/jest-circus/build/run.js:71:3)
    at runAndTransformResultsToJestFormat (/Users/mb/Desktop/vibewell/node_modules/jest-circus/build/legacy-code-todo-rewrite/jestAdapterInit.js:122:21)
    at jestAdapter (/Users/mb/Desktop/vibewell/node_modules/jest-circus/build/legacy-code-todo-rewrite/jestAdapter.js:79:19)
    at runTestInternal (/Users/mb/Desktop/vibewell/node_modules/jest-runner/build/runTest.js:367:16)
    at runTest (/Users/mb/Desktop/vibewell/node_modules/jest-runner/build/runTest.js:444:34)</failure>
    </testcase>
  </testsuite>
</testsuites>