<?xml version="1.0" encoding="UTF-8"?>
<testsuites name="jest tests" tests="279" failures="150" errors="0" time="62.844">
  <testsuite name="ProductAnalytics" errors="0" failures="2" skipped="0" timestamp="2025-04-13T23:06:37" time="3.452" tests="5">
    <testcase classname="ProductAnalytics renders loading state initially" name="ProductAnalytics renders loading state initially" time="0.074">
    </testcase>
    <testcase classname="ProductAnalytics renders error state when product is not found" name="ProductAnalytics renders error state when product is not found" time="1.019">
      <failure>Error: Unable to find an element with the text: No Product Found. This could be because the text is broken up by multiple elements. In this case, you can provide a function for your text matcher to make your matcher more flexible.

Ignored nodes: comments, script, style
&lt;body&gt;
  &lt;div&gt;
    &lt;div
      class=&quot;grid gap-4&quot;
    &gt;
      &lt;div
        class=&quot;rounded-lg border bg-card text-card-foreground shadow-sm&quot;
      &gt;
        &lt;div
          class=&quot;flex flex-col space-y-1.5 p-6&quot;
        &gt;
          &lt;h3
            class=&quot;text-2xl font-semibold leading-none tracking-tight&quot;
          &gt;
            Loading Product Analytics...
          &lt;/h3&gt;
        &lt;/div&gt;
        &lt;div
          class=&quot;p-6 pt-0&quot;
        &gt;
          &lt;div
            class=&quot;h-[300px] flex items-center justify-center&quot;
          &gt;
            &lt;div
              class=&quot;animate-spin rounded-full h-12 w-12 border-b-2 border-primary&quot;
            /&gt;
          &lt;/div&gt;
        &lt;/div&gt;
      &lt;/div&gt;
    &lt;/div&gt;
  &lt;/div&gt;
&lt;/body&gt;
    at waitForWrapper (/Users/mb/Desktop/vibewell/node_modules/@testing-library/dom/dist/wait-for.js:163:27)
    at Object.&lt;anonymous&gt; (/Users/mb/Desktop/vibewell/src/__tests__/unit/product-analytics.test.tsx:68:18)
    at Promise.then.completed (/Users/mb/Desktop/vibewell/node_modules/jest-circus/build/utils.js:298:28)
    at new Promise (&lt;anonymous&gt;)
    at callAsyncCircusFn (/Users/mb/Desktop/vibewell/node_modules/jest-circus/build/utils.js:231:10)
    at _callCircusTest (/Users/mb/Desktop/vibewell/node_modules/jest-circus/build/run.js:316:40)
    at processTicksAndRejections (node:internal/process/task_queues:105:5)
    at _runTest (/Users/mb/Desktop/vibewell/node_modules/jest-circus/build/run.js:252:3)
    at _runTestsForDescribeBlock (/Users/mb/Desktop/vibewell/node_modules/jest-circus/build/run.js:126:9)
    at _runTestsForDescribeBlock (/Users/mb/Desktop/vibewell/node_modules/jest-circus/build/run.js:121:9)
    at run (/Users/mb/Desktop/vibewell/node_modules/jest-circus/build/run.js:71:3)
    at runAndTransformResultsToJestFormat (/Users/mb/Desktop/vibewell/node_modules/jest-circus/build/legacy-code-todo-rewrite/jestAdapterInit.js:122:21)
    at jestAdapter (/Users/mb/Desktop/vibewell/node_modules/jest-circus/build/legacy-code-todo-rewrite/jestAdapter.js:79:19)
    at runTestInternal (/Users/mb/Desktop/vibewell/node_modules/jest-runner/build/runTest.js:367:16)
    at runTest (/Users/mb/Desktop/vibewell/node_modules/jest-runner/build/runTest.js:444:34)</failure>
    </testcase>
    <testcase classname="ProductAnalytics renders product analytics when data is loaded" name="ProductAnalytics renders product analytics when data is loaded" time="1.008">
      <failure>Error: Unable to find an element with the text: Test Product. This could be because the text is broken up by multiple elements. In this case, you can provide a function for your text matcher to make your matcher more flexible.

Ignored nodes: comments, script, style
&lt;body&gt;
  &lt;div&gt;
    &lt;div
      class=&quot;grid gap-4&quot;
    &gt;
      &lt;div
        class=&quot;rounded-lg border bg-card text-card-foreground shadow-sm&quot;
      &gt;
        &lt;div
          class=&quot;flex flex-col space-y-1.5 p-6&quot;
        &gt;
          &lt;h3
            class=&quot;text-2xl font-semibold leading-none tracking-tight&quot;
          &gt;
            Loading Product Analytics...
          &lt;/h3&gt;
        &lt;/div&gt;
        &lt;div
          class=&quot;p-6 pt-0&quot;
        &gt;
          &lt;div
            class=&quot;h-[300px] flex items-center justify-center&quot;
          &gt;
            &lt;div
              class=&quot;animate-spin rounded-full h-12 w-12 border-b-2 border-primary&quot;
            /&gt;
          &lt;/div&gt;
        &lt;/div&gt;
      &lt;/div&gt;
    &lt;/div&gt;
  &lt;/div&gt;
&lt;/body&gt;
    at waitForWrapper (/Users/mb/Desktop/vibewell/node_modules/@testing-library/dom/dist/wait-for.js:163:27)
    at Object.&lt;anonymous&gt; (/Users/mb/Desktop/vibewell/src/__tests__/unit/product-analytics.test.tsx:77:18)
    at Promise.then.completed (/Users/mb/Desktop/vibewell/node_modules/jest-circus/build/utils.js:298:28)
    at new Promise (&lt;anonymous&gt;)
    at callAsyncCircusFn (/Users/mb/Desktop/vibewell/node_modules/jest-circus/build/utils.js:231:10)
    at _callCircusTest (/Users/mb/Desktop/vibewell/node_modules/jest-circus/build/run.js:316:40)
    at _runTest (/Users/mb/Desktop/vibewell/node_modules/jest-circus/build/run.js:252:3)
    at _runTestsForDescribeBlock (/Users/mb/Desktop/vibewell/node_modules/jest-circus/build/run.js:126:9)
    at _runTestsForDescribeBlock (/Users/mb/Desktop/vibewell/node_modules/jest-circus/build/run.js:121:9)
    at run (/Users/mb/Desktop/vibewell/node_modules/jest-circus/build/run.js:71:3)
    at runAndTransformResultsToJestFormat (/Users/mb/Desktop/vibewell/node_modules/jest-circus/build/legacy-code-todo-rewrite/jestAdapterInit.js:122:21)
    at jestAdapter (/Users/mb/Desktop/vibewell/node_modules/jest-circus/build/legacy-code-todo-rewrite/jestAdapter.js:79:19)
    at runTestInternal (/Users/mb/Desktop/vibewell/node_modules/jest-runner/build/runTest.js:367:16)
    at runTest (/Users/mb/Desktop/vibewell/node_modules/jest-runner/build/runTest.js:444:34)</failure>
    </testcase>
    <testcase classname="ProductAnalytics fetches data with correct parameters based on timeRange" name="ProductAnalytics fetches data with correct parameters based on timeRange" time="0.015">
    </testcase>
    <testcase classname="ProductAnalytics handles error gracefully when API call fails" name="ProductAnalytics handles error gracefully when API call fails" time="0.011">
    </testcase>
  </testsuite>
  <testsuite name="Login API Endpoint" errors="0" failures="3" skipped="0" timestamp="2025-04-13T23:06:41" time="0.206" tests="6">
    <testcase classname="Login API Endpoint should return 400 for invalid email" name="Login API Endpoint should return 400 for invalid email" time="0.006">
    </testcase>
    <testcase classname="Login API Endpoint should return 400 for short password" name="Login API Endpoint should return 400 for short password" time="0.003">
    </testcase>
    <testcase classname="Login API Endpoint should return 401 for invalid credentials" name="Login API Endpoint should return 401 for invalid credentials" time="0.004">
      <failure>Error: expect(received).toBe(expected) // Object.is equality

Expected: 401
Received: 400
    at Object.toBe (/Users/mb/Desktop/vibewell/src/__tests__/integration/api-login.test.ts:110:29)</failure>
    </testcase>
    <testcase classname="Login API Endpoint should return 429 when rate limit is exceeded" name="Login API Endpoint should return 429 when rate limit is exceeded" time="0.008">
    </testcase>
    <testcase classname="Login API Endpoint should return 200 and user data for successful login" name="Login API Endpoint should return 200 and user data for successful login" time="0.003">
      <failure>Error: expect(received).toBe(expected) // Object.is equality

Expected: 200
Received: 429
    at Object.toBe (/Users/mb/Desktop/vibewell/src/__tests__/integration/api-login.test.ts:176:29)</failure>
    </testcase>
    <testcase classname="Login API Endpoint should return 500 when an unexpected error occurs" name="Login API Endpoint should return 500 when an unexpected error occurs" time="0.002">
      <failure>Error: expect(received).toBe(expected) // Object.is equality

Expected: 500
Received: 429
    at Object.toBe (/Users/mb/Desktop/vibewell/src/__tests__/integration/api-login.test.ts:204:29)</failure>
    </testcase>
  </testsuite>
  <testsuite name="Internationalization" errors="0" failures="3" skipped="0" timestamp="2025-04-13T23:06:41" time="0.292" tests="3">
    <testcase classname="Internationalization displays English text by default" name="Internationalization displays English text by default" time="0.011">
      <failure>TestingLibraryElementError: Unable to find an element with the text: Welcome to Vibewell. This could be because the text is broken up by multiple elements. In this case, you can provide a function for your text matcher to make your matcher more flexible.

Ignored nodes: comments, script, style
&lt;body&gt;
  &lt;div&gt;
    &lt;div&gt;
      &lt;h1&gt;
        common.welcome
      &lt;/h1&gt;
      &lt;button&gt;
        common.save
      &lt;/button&gt;
    &lt;/div&gt;
  &lt;/div&gt;
&lt;/body&gt;
    at Object.getElementError (/Users/mb/Desktop/vibewell/node_modules/@testing-library/dom/dist/config.js:37:19)
    at /Users/mb/Desktop/vibewell/node_modules/@testing-library/dom/dist/query-helpers.js:76:38
    at /Users/mb/Desktop/vibewell/node_modules/@testing-library/dom/dist/query-helpers.js:52:17
    at /Users/mb/Desktop/vibewell/node_modules/@testing-library/dom/dist/query-helpers.js:95:19
    at Object.getByText (/Users/mb/Desktop/vibewell/src/__tests__/i18n/i18n.test.tsx:49:19)
    at Promise.then.completed (/Users/mb/Desktop/vibewell/node_modules/jest-circus/build/utils.js:298:28)
    at new Promise (&lt;anonymous&gt;)
    at callAsyncCircusFn (/Users/mb/Desktop/vibewell/node_modules/jest-circus/build/utils.js:231:10)
    at _callCircusTest (/Users/mb/Desktop/vibewell/node_modules/jest-circus/build/run.js:316:40)
    at _runTest (/Users/mb/Desktop/vibewell/node_modules/jest-circus/build/run.js:252:3)
    at _runTestsForDescribeBlock (/Users/mb/Desktop/vibewell/node_modules/jest-circus/build/run.js:126:9)
    at _runTestsForDescribeBlock (/Users/mb/Desktop/vibewell/node_modules/jest-circus/build/run.js:121:9)
    at run (/Users/mb/Desktop/vibewell/node_modules/jest-circus/build/run.js:71:3)
    at runAndTransformResultsToJestFormat (/Users/mb/Desktop/vibewell/node_modules/jest-circus/build/legacy-code-todo-rewrite/jestAdapterInit.js:122:21)
    at jestAdapter (/Users/mb/Desktop/vibewell/node_modules/jest-circus/build/legacy-code-todo-rewrite/jestAdapter.js:79:19)
    at runTestInternal (/Users/mb/Desktop/vibewell/node_modules/jest-runner/build/runTest.js:367:16)
    at runTest (/Users/mb/Desktop/vibewell/node_modules/jest-runner/build/runTest.js:444:34)</failure>
    </testcase>
    <testcase classname="Internationalization changes language to Spanish" name="Internationalization changes language to Spanish" time="0.006">
      <failure>TestingLibraryElementError: Unable to find an element with the text: Bienvenido a Vibewell. This could be because the text is broken up by multiple elements. In this case, you can provide a function for your text matcher to make your matcher more flexible.

Ignored nodes: comments, script, style
&lt;body&gt;
  &lt;div&gt;
    &lt;div&gt;
      &lt;h1&gt;
        common.welcome
      &lt;/h1&gt;
      &lt;button&gt;
        common.save
      &lt;/button&gt;
    &lt;/div&gt;
  &lt;/div&gt;
&lt;/body&gt;
    at Object.getElementError (/Users/mb/Desktop/vibewell/node_modules/@testing-library/dom/dist/config.js:37:19)
    at /Users/mb/Desktop/vibewell/node_modules/@testing-library/dom/dist/query-helpers.js:76:38
    at /Users/mb/Desktop/vibewell/node_modules/@testing-library/dom/dist/query-helpers.js:52:17
    at /Users/mb/Desktop/vibewell/node_modules/@testing-library/dom/dist/query-helpers.js:95:19
    at Object.getByText (/Users/mb/Desktop/vibewell/src/__tests__/i18n/i18n.test.tsx:60:19)</failure>
    </testcase>
    <testcase classname="Internationalization handles missing translations gracefully" name="Internationalization handles missing translations gracefully" time="0.004">
      <failure>TestingLibraryElementError: Unable to find an element with the text: Welcome to Vibewell. This could be because the text is broken up by multiple elements. In this case, you can provide a function for your text matcher to make your matcher more flexible.

Ignored nodes: comments, script, style
&lt;body&gt;
  &lt;div&gt;
    &lt;div&gt;
      &lt;h1&gt;
        common.welcome
      &lt;/h1&gt;
      &lt;button&gt;
        common.save
      &lt;/button&gt;
    &lt;/div&gt;
  &lt;/div&gt;
&lt;/body&gt;
    at Object.getElementError (/Users/mb/Desktop/vibewell/node_modules/@testing-library/dom/dist/config.js:37:19)
    at /Users/mb/Desktop/vibewell/node_modules/@testing-library/dom/dist/query-helpers.js:76:38
    at /Users/mb/Desktop/vibewell/node_modules/@testing-library/dom/dist/query-helpers.js:52:17
    at /Users/mb/Desktop/vibewell/node_modules/@testing-library/dom/dist/query-helpers.js:95:19
    at Object.getByText (/Users/mb/Desktop/vibewell/src/__tests__/i18n/i18n.test.tsx:72:19)</failure>
    </testcase>
  </testsuite>
  <testsuite name="Form Component - Integration" errors="0" failures="4" skipped="0" timestamp="2025-04-13T23:06:41" time="0.331" tests="4">
    <testcase classname="Form Component - Integration should validate and submit form data" name="Form Component - Integration should validate and submit form data" time="0.022">
      <failure>TypeError: user.type is not a function
    at Object.type (/Users/mb/Desktop/vibewell/src/components/ui/Form.test.tsx:33:16)
    at Promise.then.completed (/Users/mb/Desktop/vibewell/node_modules/jest-circus/build/utils.js:298:28)
    at new Promise (&lt;anonymous&gt;)
    at callAsyncCircusFn (/Users/mb/Desktop/vibewell/node_modules/jest-circus/build/utils.js:231:10)
    at _callCircusTest (/Users/mb/Desktop/vibewell/node_modules/jest-circus/build/run.js:316:40)
    at _runTest (/Users/mb/Desktop/vibewell/node_modules/jest-circus/build/run.js:252:3)
    at _runTestsForDescribeBlock (/Users/mb/Desktop/vibewell/node_modules/jest-circus/build/run.js:126:9)
    at _runTestsForDescribeBlock (/Users/mb/Desktop/vibewell/node_modules/jest-circus/build/run.js:121:9)
    at run (/Users/mb/Desktop/vibewell/node_modules/jest-circus/build/run.js:71:3)
    at runAndTransformResultsToJestFormat (/Users/mb/Desktop/vibewell/node_modules/jest-circus/build/legacy-code-todo-rewrite/jestAdapterInit.js:122:21)
    at jestAdapter (/Users/mb/Desktop/vibewell/node_modules/jest-circus/build/legacy-code-todo-rewrite/jestAdapter.js:79:19)
    at runTestInternal (/Users/mb/Desktop/vibewell/node_modules/jest-runner/build/runTest.js:367:16)
    at runTest (/Users/mb/Desktop/vibewell/node_modules/jest-runner/build/runTest.js:444:34)</failure>
    </testcase>
    <testcase classname="Form Component - Integration should display validation errors for empty fields" name="Form Component - Integration should display validation errors for empty fields" time="0.046">
      <failure>TypeError: user.click is not a function
    at Object.click (/Users/mb/Desktop/vibewell/src/components/ui/Form.test.tsx:51:16)
    at Promise.then.completed (/Users/mb/Desktop/vibewell/node_modules/jest-circus/build/utils.js:298:28)
    at new Promise (&lt;anonymous&gt;)
    at callAsyncCircusFn (/Users/mb/Desktop/vibewell/node_modules/jest-circus/build/utils.js:231:10)
    at _callCircusTest (/Users/mb/Desktop/vibewell/node_modules/jest-circus/build/run.js:316:40)
    at _runTest (/Users/mb/Desktop/vibewell/node_modules/jest-circus/build/run.js:252:3)
    at _runTestsForDescribeBlock (/Users/mb/Desktop/vibewell/node_modules/jest-circus/build/run.js:126:9)
    at _runTestsForDescribeBlock (/Users/mb/Desktop/vibewell/node_modules/jest-circus/build/run.js:121:9)
    at run (/Users/mb/Desktop/vibewell/node_modules/jest-circus/build/run.js:71:3)
    at runAndTransformResultsToJestFormat (/Users/mb/Desktop/vibewell/node_modules/jest-circus/build/legacy-code-todo-rewrite/jestAdapterInit.js:122:21)
    at jestAdapter (/Users/mb/Desktop/vibewell/node_modules/jest-circus/build/legacy-code-todo-rewrite/jestAdapter.js:79:19)
    at runTestInternal (/Users/mb/Desktop/vibewell/node_modules/jest-runner/build/runTest.js:367:16)
    at runTest (/Users/mb/Desktop/vibewell/node_modules/jest-runner/build/runTest.js:444:34)</failure>
    </testcase>
    <testcase classname="Form Component - Integration should display validation error for invalid email format" name="Form Component - Integration should display validation error for invalid email format" time="0.008">
      <failure>TypeError: user.type is not a function
    at Object.type (/Users/mb/Desktop/vibewell/src/components/ui/Form.test.tsx:64:16)
    at Promise.then.completed (/Users/mb/Desktop/vibewell/node_modules/jest-circus/build/utils.js:298:28)
    at new Promise (&lt;anonymous&gt;)
    at callAsyncCircusFn (/Users/mb/Desktop/vibewell/node_modules/jest-circus/build/utils.js:231:10)
    at _callCircusTest (/Users/mb/Desktop/vibewell/node_modules/jest-circus/build/run.js:316:40)
    at _runTest (/Users/mb/Desktop/vibewell/node_modules/jest-circus/build/run.js:252:3)
    at _runTestsForDescribeBlock (/Users/mb/Desktop/vibewell/node_modules/jest-circus/build/run.js:126:9)
    at _runTestsForDescribeBlock (/Users/mb/Desktop/vibewell/node_modules/jest-circus/build/run.js:121:9)
    at run (/Users/mb/Desktop/vibewell/node_modules/jest-circus/build/run.js:71:3)
    at runAndTransformResultsToJestFormat (/Users/mb/Desktop/vibewell/node_modules/jest-circus/build/legacy-code-todo-rewrite/jestAdapterInit.js:122:21)
    at jestAdapter (/Users/mb/Desktop/vibewell/node_modules/jest-circus/build/legacy-code-todo-rewrite/jestAdapter.js:79:19)
    at runTestInternal (/Users/mb/Desktop/vibewell/node_modules/jest-runner/build/runTest.js:367:16)
    at runTest (/Users/mb/Desktop/vibewell/node_modules/jest-runner/build/runTest.js:444:34)</failure>
    </testcase>
    <testcase classname="Form Component - Integration should disable the submit button while submitting" name="Form Component - Integration should disable the submit button while submitting" time="0.006">
      <failure>TypeError: user.type is not a function
    at Object.type (/Users/mb/Desktop/vibewell/src/components/ui/Form.test.tsx:80:16)
    at Promise.then.completed (/Users/mb/Desktop/vibewell/node_modules/jest-circus/build/utils.js:298:28)
    at new Promise (&lt;anonymous&gt;)
    at callAsyncCircusFn (/Users/mb/Desktop/vibewell/node_modules/jest-circus/build/utils.js:231:10)
    at _callCircusTest (/Users/mb/Desktop/vibewell/node_modules/jest-circus/build/run.js:316:40)
    at _runTest (/Users/mb/Desktop/vibewell/node_modules/jest-circus/build/run.js:252:3)
    at _runTestsForDescribeBlock (/Users/mb/Desktop/vibewell/node_modules/jest-circus/build/run.js:126:9)
    at _runTestsForDescribeBlock (/Users/mb/Desktop/vibewell/node_modules/jest-circus/build/run.js:121:9)
    at run (/Users/mb/Desktop/vibewell/node_modules/jest-circus/build/run.js:71:3)
    at runAndTransformResultsToJestFormat (/Users/mb/Desktop/vibewell/node_modules/jest-circus/build/legacy-code-todo-rewrite/jestAdapterInit.js:122:21)
    at jestAdapter (/Users/mb/Desktop/vibewell/node_modules/jest-circus/build/legacy-code-todo-rewrite/jestAdapter.js:79:19)
    at runTestInternal (/Users/mb/Desktop/vibewell/node_modules/jest-runner/build/runTest.js:367:16)
    at runTest (/Users/mb/Desktop/vibewell/node_modules/jest-runner/build/runTest.js:444:34)</failure>
    </testcase>
  </testsuite>
  <testsuite name="Booking Service" errors="0" failures="12" skipped="0" timestamp="2025-04-13T23:06:42" time="0.202" tests="12">
    <testcase classname="Booking Service getBookings should fetch all bookings successfully" name="Booking Service getBookings should fetch all bookings successfully" time="0.003">
      <failure>TypeError: Cannot read properties of undefined (reading &apos;start&apos;)
    at Object.start (/Users/mb/Desktop/vibewell/src/services/booking-service.test.ts:51:11)
    at Promise.then.completed (/Users/mb/Desktop/vibewell/node_modules/jest-circus/build/utils.js:298:28)
    at new Promise (&lt;anonymous&gt;)
    at callAsyncCircusFn (/Users/mb/Desktop/vibewell/node_modules/jest-circus/build/utils.js:231:10)
    at _callCircusHook (/Users/mb/Desktop/vibewell/node_modules/jest-circus/build/run.js:281:40)
    at _runTestsForDescribeBlock (/Users/mb/Desktop/vibewell/node_modules/jest-circus/build/run.js:95:7)
    at run (/Users/mb/Desktop/vibewell/node_modules/jest-circus/build/run.js:71:3)
    at runAndTransformResultsToJestFormat (/Users/mb/Desktop/vibewell/node_modules/jest-circus/build/legacy-code-todo-rewrite/jestAdapterInit.js:122:21)
    at jestAdapter (/Users/mb/Desktop/vibewell/node_modules/jest-circus/build/legacy-code-todo-rewrite/jestAdapter.js:79:19)
    at runTestInternal (/Users/mb/Desktop/vibewell/node_modules/jest-runner/build/runTest.js:367:16)
    at runTest (/Users/mb/Desktop/vibewell/node_modules/jest-runner/build/runTest.js:444:34)</failure>
      <failure>TypeError: Cannot read properties of undefined (reading &apos;reset&apos;)
    at Object.reset (/Users/mb/Desktop/vibewell/src/services/booking-service.test.ts:60:11)
    at Promise.then.completed (/Users/mb/Desktop/vibewell/node_modules/jest-circus/build/utils.js:298:28)
    at new Promise (&lt;anonymous&gt;)
    at callAsyncCircusFn (/Users/mb/Desktop/vibewell/node_modules/jest-circus/build/utils.js:231:10)
    at _callCircusHook (/Users/mb/Desktop/vibewell/node_modules/jest-circus/build/run.js:281:40)
    at _runTest (/Users/mb/Desktop/vibewell/node_modules/jest-circus/build/run.js:254:5)
    at _runTestsForDescribeBlock (/Users/mb/Desktop/vibewell/node_modules/jest-circus/build/run.js:126:9)
    at _runTestsForDescribeBlock (/Users/mb/Desktop/vibewell/node_modules/jest-circus/build/run.js:121:9)
    at _runTestsForDescribeBlock (/Users/mb/Desktop/vibewell/node_modules/jest-circus/build/run.js:121:9)
    at run (/Users/mb/Desktop/vibewell/node_modules/jest-circus/build/run.js:71:3)
    at runAndTransformResultsToJestFormat (/Users/mb/Desktop/vibewell/node_modules/jest-circus/build/legacy-code-todo-rewrite/jestAdapterInit.js:122:21)
    at jestAdapter (/Users/mb/Desktop/vibewell/node_modules/jest-circus/build/legacy-code-todo-rewrite/jestAdapter.js:79:19)
    at runTestInternal (/Users/mb/Desktop/vibewell/node_modules/jest-runner/build/runTest.js:367:16)
    at runTest (/Users/mb/Desktop/vibewell/node_modules/jest-runner/build/runTest.js:444:34)</failure>
    </testcase>
    <testcase classname="Booking Service getBookings should handle filter parameters correctly" name="Booking Service getBookings should handle filter parameters correctly" time="0.001">
      <failure>TypeError: Cannot read properties of undefined (reading &apos;start&apos;)
    at Object.start (/Users/mb/Desktop/vibewell/src/services/booking-service.test.ts:51:11)
    at Promise.then.completed (/Users/mb/Desktop/vibewell/node_modules/jest-circus/build/utils.js:298:28)
    at new Promise (&lt;anonymous&gt;)
    at callAsyncCircusFn (/Users/mb/Desktop/vibewell/node_modules/jest-circus/build/utils.js:231:10)
    at _callCircusHook (/Users/mb/Desktop/vibewell/node_modules/jest-circus/build/run.js:281:40)
    at _runTestsForDescribeBlock (/Users/mb/Desktop/vibewell/node_modules/jest-circus/build/run.js:95:7)
    at run (/Users/mb/Desktop/vibewell/node_modules/jest-circus/build/run.js:71:3)
    at runAndTransformResultsToJestFormat (/Users/mb/Desktop/vibewell/node_modules/jest-circus/build/legacy-code-todo-rewrite/jestAdapterInit.js:122:21)
    at jestAdapter (/Users/mb/Desktop/vibewell/node_modules/jest-circus/build/legacy-code-todo-rewrite/jestAdapter.js:79:19)
    at runTestInternal (/Users/mb/Desktop/vibewell/node_modules/jest-runner/build/runTest.js:367:16)
    at runTest (/Users/mb/Desktop/vibewell/node_modules/jest-runner/build/runTest.js:444:34)</failure>
      <failure>TypeError: Cannot read properties of undefined (reading &apos;reset&apos;)
    at Object.reset (/Users/mb/Desktop/vibewell/src/services/booking-service.test.ts:60:11)
    at Promise.then.completed (/Users/mb/Desktop/vibewell/node_modules/jest-circus/build/utils.js:298:28)
    at new Promise (&lt;anonymous&gt;)
    at callAsyncCircusFn (/Users/mb/Desktop/vibewell/node_modules/jest-circus/build/utils.js:231:10)
    at _callCircusHook (/Users/mb/Desktop/vibewell/node_modules/jest-circus/build/run.js:281:40)
    at _runTest (/Users/mb/Desktop/vibewell/node_modules/jest-circus/build/run.js:254:5)
    at _runTestsForDescribeBlock (/Users/mb/Desktop/vibewell/node_modules/jest-circus/build/run.js:126:9)
    at _runTestsForDescribeBlock (/Users/mb/Desktop/vibewell/node_modules/jest-circus/build/run.js:121:9)
    at _runTestsForDescribeBlock (/Users/mb/Desktop/vibewell/node_modules/jest-circus/build/run.js:121:9)
    at run (/Users/mb/Desktop/vibewell/node_modules/jest-circus/build/run.js:71:3)
    at runAndTransformResultsToJestFormat (/Users/mb/Desktop/vibewell/node_modules/jest-circus/build/legacy-code-todo-rewrite/jestAdapterInit.js:122:21)
    at jestAdapter (/Users/mb/Desktop/vibewell/node_modules/jest-circus/build/legacy-code-todo-rewrite/jestAdapter.js:79:19)
    at runTestInternal (/Users/mb/Desktop/vibewell/node_modules/jest-runner/build/runTest.js:367:16)
    at runTest (/Users/mb/Desktop/vibewell/node_modules/jest-runner/build/runTest.js:444:34)</failure>
    </testcase>
    <testcase classname="Booking Service getBookings should handle error responses" name="Booking Service getBookings should handle error responses" time="0.001">
      <failure>TypeError: Cannot read properties of undefined (reading &apos;start&apos;)
    at Object.start (/Users/mb/Desktop/vibewell/src/services/booking-service.test.ts:51:11)
    at Promise.then.completed (/Users/mb/Desktop/vibewell/node_modules/jest-circus/build/utils.js:298:28)
    at new Promise (&lt;anonymous&gt;)
    at callAsyncCircusFn (/Users/mb/Desktop/vibewell/node_modules/jest-circus/build/utils.js:231:10)
    at _callCircusHook (/Users/mb/Desktop/vibewell/node_modules/jest-circus/build/run.js:281:40)
    at _runTestsForDescribeBlock (/Users/mb/Desktop/vibewell/node_modules/jest-circus/build/run.js:95:7)
    at run (/Users/mb/Desktop/vibewell/node_modules/jest-circus/build/run.js:71:3)
    at runAndTransformResultsToJestFormat (/Users/mb/Desktop/vibewell/node_modules/jest-circus/build/legacy-code-todo-rewrite/jestAdapterInit.js:122:21)
    at jestAdapter (/Users/mb/Desktop/vibewell/node_modules/jest-circus/build/legacy-code-todo-rewrite/jestAdapter.js:79:19)
    at runTestInternal (/Users/mb/Desktop/vibewell/node_modules/jest-runner/build/runTest.js:367:16)
    at runTest (/Users/mb/Desktop/vibewell/node_modules/jest-runner/build/runTest.js:444:34)</failure>
      <failure>TypeError: Cannot read properties of undefined (reading &apos;reset&apos;)
    at Object.reset (/Users/mb/Desktop/vibewell/src/services/booking-service.test.ts:60:11)
    at Promise.then.completed (/Users/mb/Desktop/vibewell/node_modules/jest-circus/build/utils.js:298:28)
    at new Promise (&lt;anonymous&gt;)
    at callAsyncCircusFn (/Users/mb/Desktop/vibewell/node_modules/jest-circus/build/utils.js:231:10)
    at _callCircusHook (/Users/mb/Desktop/vibewell/node_modules/jest-circus/build/run.js:281:40)
    at _runTest (/Users/mb/Desktop/vibewell/node_modules/jest-circus/build/run.js:254:5)
    at _runTestsForDescribeBlock (/Users/mb/Desktop/vibewell/node_modules/jest-circus/build/run.js:126:9)
    at _runTestsForDescribeBlock (/Users/mb/Desktop/vibewell/node_modules/jest-circus/build/run.js:121:9)
    at _runTestsForDescribeBlock (/Users/mb/Desktop/vibewell/node_modules/jest-circus/build/run.js:121:9)
    at run (/Users/mb/Desktop/vibewell/node_modules/jest-circus/build/run.js:71:3)
    at runAndTransformResultsToJestFormat (/Users/mb/Desktop/vibewell/node_modules/jest-circus/build/legacy-code-todo-rewrite/jestAdapterInit.js:122:21)
    at jestAdapter (/Users/mb/Desktop/vibewell/node_modules/jest-circus/build/legacy-code-todo-rewrite/jestAdapter.js:79:19)
    at runTestInternal (/Users/mb/Desktop/vibewell/node_modules/jest-runner/build/runTest.js:367:16)
    at runTest (/Users/mb/Desktop/vibewell/node_modules/jest-runner/build/runTest.js:444:34)</failure>
    </testcase>
    <testcase classname="Booking Service getBooking should fetch a booking by ID successfully" name="Booking Service getBooking should fetch a booking by ID successfully" time="0.001">
      <failure>TypeError: Cannot read properties of undefined (reading &apos;start&apos;)
    at Object.start (/Users/mb/Desktop/vibewell/src/services/booking-service.test.ts:51:11)
    at Promise.then.completed (/Users/mb/Desktop/vibewell/node_modules/jest-circus/build/utils.js:298:28)
    at new Promise (&lt;anonymous&gt;)
    at callAsyncCircusFn (/Users/mb/Desktop/vibewell/node_modules/jest-circus/build/utils.js:231:10)
    at _callCircusHook (/Users/mb/Desktop/vibewell/node_modules/jest-circus/build/run.js:281:40)
    at _runTestsForDescribeBlock (/Users/mb/Desktop/vibewell/node_modules/jest-circus/build/run.js:95:7)
    at run (/Users/mb/Desktop/vibewell/node_modules/jest-circus/build/run.js:71:3)
    at runAndTransformResultsToJestFormat (/Users/mb/Desktop/vibewell/node_modules/jest-circus/build/legacy-code-todo-rewrite/jestAdapterInit.js:122:21)
    at jestAdapter (/Users/mb/Desktop/vibewell/node_modules/jest-circus/build/legacy-code-todo-rewrite/jestAdapter.js:79:19)
    at runTestInternal (/Users/mb/Desktop/vibewell/node_modules/jest-runner/build/runTest.js:367:16)
    at runTest (/Users/mb/Desktop/vibewell/node_modules/jest-runner/build/runTest.js:444:34)</failure>
      <failure>TypeError: Cannot read properties of undefined (reading &apos;reset&apos;)
    at Object.reset (/Users/mb/Desktop/vibewell/src/services/booking-service.test.ts:60:11)
    at Promise.then.completed (/Users/mb/Desktop/vibewell/node_modules/jest-circus/build/utils.js:298:28)
    at new Promise (&lt;anonymous&gt;)
    at callAsyncCircusFn (/Users/mb/Desktop/vibewell/node_modules/jest-circus/build/utils.js:231:10)
    at _callCircusHook (/Users/mb/Desktop/vibewell/node_modules/jest-circus/build/run.js:281:40)
    at _runTest (/Users/mb/Desktop/vibewell/node_modules/jest-circus/build/run.js:254:5)
    at _runTestsForDescribeBlock (/Users/mb/Desktop/vibewell/node_modules/jest-circus/build/run.js:126:9)
    at _runTestsForDescribeBlock (/Users/mb/Desktop/vibewell/node_modules/jest-circus/build/run.js:121:9)
    at _runTestsForDescribeBlock (/Users/mb/Desktop/vibewell/node_modules/jest-circus/build/run.js:121:9)
    at run (/Users/mb/Desktop/vibewell/node_modules/jest-circus/build/run.js:71:3)
    at runAndTransformResultsToJestFormat (/Users/mb/Desktop/vibewell/node_modules/jest-circus/build/legacy-code-todo-rewrite/jestAdapterInit.js:122:21)
    at jestAdapter (/Users/mb/Desktop/vibewell/node_modules/jest-circus/build/legacy-code-todo-rewrite/jestAdapter.js:79:19)
    at runTestInternal (/Users/mb/Desktop/vibewell/node_modules/jest-runner/build/runTest.js:367:16)
    at runTest (/Users/mb/Desktop/vibewell/node_modules/jest-runner/build/runTest.js:444:34)</failure>
    </testcase>
    <testcase classname="Booking Service getBooking should handle booking not found" name="Booking Service getBooking should handle booking not found" time="0.001">
      <failure>TypeError: Cannot read properties of undefined (reading &apos;start&apos;)
    at Object.start (/Users/mb/Desktop/vibewell/src/services/booking-service.test.ts:51:11)
    at Promise.then.completed (/Users/mb/Desktop/vibewell/node_modules/jest-circus/build/utils.js:298:28)
    at new Promise (&lt;anonymous&gt;)
    at callAsyncCircusFn (/Users/mb/Desktop/vibewell/node_modules/jest-circus/build/utils.js:231:10)
    at _callCircusHook (/Users/mb/Desktop/vibewell/node_modules/jest-circus/build/run.js:281:40)
    at _runTestsForDescribeBlock (/Users/mb/Desktop/vibewell/node_modules/jest-circus/build/run.js:95:7)
    at run (/Users/mb/Desktop/vibewell/node_modules/jest-circus/build/run.js:71:3)
    at runAndTransformResultsToJestFormat (/Users/mb/Desktop/vibewell/node_modules/jest-circus/build/legacy-code-todo-rewrite/jestAdapterInit.js:122:21)
    at jestAdapter (/Users/mb/Desktop/vibewell/node_modules/jest-circus/build/legacy-code-todo-rewrite/jestAdapter.js:79:19)
    at runTestInternal (/Users/mb/Desktop/vibewell/node_modules/jest-runner/build/runTest.js:367:16)
    at runTest (/Users/mb/Desktop/vibewell/node_modules/jest-runner/build/runTest.js:444:34)</failure>
      <failure>TypeError: Cannot read properties of undefined (reading &apos;reset&apos;)
    at Object.reset (/Users/mb/Desktop/vibewell/src/services/booking-service.test.ts:60:11)
    at Promise.then.completed (/Users/mb/Desktop/vibewell/node_modules/jest-circus/build/utils.js:298:28)
    at new Promise (&lt;anonymous&gt;)
    at callAsyncCircusFn (/Users/mb/Desktop/vibewell/node_modules/jest-circus/build/utils.js:231:10)
    at _callCircusHook (/Users/mb/Desktop/vibewell/node_modules/jest-circus/build/run.js:281:40)
    at _runTest (/Users/mb/Desktop/vibewell/node_modules/jest-circus/build/run.js:254:5)
    at _runTestsForDescribeBlock (/Users/mb/Desktop/vibewell/node_modules/jest-circus/build/run.js:126:9)
    at _runTestsForDescribeBlock (/Users/mb/Desktop/vibewell/node_modules/jest-circus/build/run.js:121:9)
    at _runTestsForDescribeBlock (/Users/mb/Desktop/vibewell/node_modules/jest-circus/build/run.js:121:9)
    at run (/Users/mb/Desktop/vibewell/node_modules/jest-circus/build/run.js:71:3)
    at runAndTransformResultsToJestFormat (/Users/mb/Desktop/vibewell/node_modules/jest-circus/build/legacy-code-todo-rewrite/jestAdapterInit.js:122:21)
    at jestAdapter (/Users/mb/Desktop/vibewell/node_modules/jest-circus/build/legacy-code-todo-rewrite/jestAdapter.js:79:19)
    at runTestInternal (/Users/mb/Desktop/vibewell/node_modules/jest-runner/build/runTest.js:367:16)
    at runTest (/Users/mb/Desktop/vibewell/node_modules/jest-runner/build/runTest.js:444:34)</failure>
    </testcase>
    <testcase classname="Booking Service createBooking should create a booking successfully" name="Booking Service createBooking should create a booking successfully" time="0.001">
      <failure>TypeError: Cannot read properties of undefined (reading &apos;start&apos;)
    at Object.start (/Users/mb/Desktop/vibewell/src/services/booking-service.test.ts:51:11)
    at Promise.then.completed (/Users/mb/Desktop/vibewell/node_modules/jest-circus/build/utils.js:298:28)
    at new Promise (&lt;anonymous&gt;)
    at callAsyncCircusFn (/Users/mb/Desktop/vibewell/node_modules/jest-circus/build/utils.js:231:10)
    at _callCircusHook (/Users/mb/Desktop/vibewell/node_modules/jest-circus/build/run.js:281:40)
    at _runTestsForDescribeBlock (/Users/mb/Desktop/vibewell/node_modules/jest-circus/build/run.js:95:7)
    at run (/Users/mb/Desktop/vibewell/node_modules/jest-circus/build/run.js:71:3)
    at runAndTransformResultsToJestFormat (/Users/mb/Desktop/vibewell/node_modules/jest-circus/build/legacy-code-todo-rewrite/jestAdapterInit.js:122:21)
    at jestAdapter (/Users/mb/Desktop/vibewell/node_modules/jest-circus/build/legacy-code-todo-rewrite/jestAdapter.js:79:19)
    at runTestInternal (/Users/mb/Desktop/vibewell/node_modules/jest-runner/build/runTest.js:367:16)
    at runTest (/Users/mb/Desktop/vibewell/node_modules/jest-runner/build/runTest.js:444:34)</failure>
      <failure>TypeError: Cannot read properties of undefined (reading &apos;reset&apos;)
    at Object.reset (/Users/mb/Desktop/vibewell/src/services/booking-service.test.ts:60:11)
    at Promise.then.completed (/Users/mb/Desktop/vibewell/node_modules/jest-circus/build/utils.js:298:28)
    at new Promise (&lt;anonymous&gt;)
    at callAsyncCircusFn (/Users/mb/Desktop/vibewell/node_modules/jest-circus/build/utils.js:231:10)
    at _callCircusHook (/Users/mb/Desktop/vibewell/node_modules/jest-circus/build/run.js:281:40)
    at _runTest (/Users/mb/Desktop/vibewell/node_modules/jest-circus/build/run.js:254:5)
    at _runTestsForDescribeBlock (/Users/mb/Desktop/vibewell/node_modules/jest-circus/build/run.js:126:9)
    at _runTestsForDescribeBlock (/Users/mb/Desktop/vibewell/node_modules/jest-circus/build/run.js:121:9)
    at _runTestsForDescribeBlock (/Users/mb/Desktop/vibewell/node_modules/jest-circus/build/run.js:121:9)
    at run (/Users/mb/Desktop/vibewell/node_modules/jest-circus/build/run.js:71:3)
    at runAndTransformResultsToJestFormat (/Users/mb/Desktop/vibewell/node_modules/jest-circus/build/legacy-code-todo-rewrite/jestAdapterInit.js:122:21)
    at jestAdapter (/Users/mb/Desktop/vibewell/node_modules/jest-circus/build/legacy-code-todo-rewrite/jestAdapter.js:79:19)
    at runTestInternal (/Users/mb/Desktop/vibewell/node_modules/jest-runner/build/runTest.js:367:16)
    at runTest (/Users/mb/Desktop/vibewell/node_modules/jest-runner/build/runTest.js:444:34)</failure>
    </testcase>
    <testcase classname="Booking Service createBooking should handle validation errors" name="Booking Service createBooking should handle validation errors" time="0.003">
      <failure>TypeError: Cannot read properties of undefined (reading &apos;start&apos;)
    at Object.start (/Users/mb/Desktop/vibewell/src/services/booking-service.test.ts:51:11)
    at Promise.then.completed (/Users/mb/Desktop/vibewell/node_modules/jest-circus/build/utils.js:298:28)
    at new Promise (&lt;anonymous&gt;)
    at callAsyncCircusFn (/Users/mb/Desktop/vibewell/node_modules/jest-circus/build/utils.js:231:10)
    at _callCircusHook (/Users/mb/Desktop/vibewell/node_modules/jest-circus/build/run.js:281:40)
    at _runTestsForDescribeBlock (/Users/mb/Desktop/vibewell/node_modules/jest-circus/build/run.js:95:7)
    at run (/Users/mb/Desktop/vibewell/node_modules/jest-circus/build/run.js:71:3)
    at runAndTransformResultsToJestFormat (/Users/mb/Desktop/vibewell/node_modules/jest-circus/build/legacy-code-todo-rewrite/jestAdapterInit.js:122:21)
    at jestAdapter (/Users/mb/Desktop/vibewell/node_modules/jest-circus/build/legacy-code-todo-rewrite/jestAdapter.js:79:19)
    at runTestInternal (/Users/mb/Desktop/vibewell/node_modules/jest-runner/build/runTest.js:367:16)
    at runTest (/Users/mb/Desktop/vibewell/node_modules/jest-runner/build/runTest.js:444:34)</failure>
      <failure>TypeError: Cannot read properties of undefined (reading &apos;reset&apos;)
    at Object.reset (/Users/mb/Desktop/vibewell/src/services/booking-service.test.ts:60:11)
    at Promise.then.completed (/Users/mb/Desktop/vibewell/node_modules/jest-circus/build/utils.js:298:28)
    at new Promise (&lt;anonymous&gt;)
    at callAsyncCircusFn (/Users/mb/Desktop/vibewell/node_modules/jest-circus/build/utils.js:231:10)
    at _callCircusHook (/Users/mb/Desktop/vibewell/node_modules/jest-circus/build/run.js:281:40)
    at _runTest (/Users/mb/Desktop/vibewell/node_modules/jest-circus/build/run.js:254:5)
    at _runTestsForDescribeBlock (/Users/mb/Desktop/vibewell/node_modules/jest-circus/build/run.js:126:9)
    at _runTestsForDescribeBlock (/Users/mb/Desktop/vibewell/node_modules/jest-circus/build/run.js:121:9)
    at _runTestsForDescribeBlock (/Users/mb/Desktop/vibewell/node_modules/jest-circus/build/run.js:121:9)
    at run (/Users/mb/Desktop/vibewell/node_modules/jest-circus/build/run.js:71:3)
    at runAndTransformResultsToJestFormat (/Users/mb/Desktop/vibewell/node_modules/jest-circus/build/legacy-code-todo-rewrite/jestAdapterInit.js:122:21)
    at jestAdapter (/Users/mb/Desktop/vibewell/node_modules/jest-circus/build/legacy-code-todo-rewrite/jestAdapter.js:79:19)
    at runTestInternal (/Users/mb/Desktop/vibewell/node_modules/jest-runner/build/runTest.js:367:16)
    at runTest (/Users/mb/Desktop/vibewell/node_modules/jest-runner/build/runTest.js:444:34)</failure>
    </testcase>
    <testcase classname="Booking Service updateBooking should update a booking successfully" name="Booking Service updateBooking should update a booking successfully" time="0.001">
      <failure>TypeError: Cannot read properties of undefined (reading &apos;start&apos;)
    at Object.start (/Users/mb/Desktop/vibewell/src/services/booking-service.test.ts:51:11)
    at Promise.then.completed (/Users/mb/Desktop/vibewell/node_modules/jest-circus/build/utils.js:298:28)
    at new Promise (&lt;anonymous&gt;)
    at callAsyncCircusFn (/Users/mb/Desktop/vibewell/node_modules/jest-circus/build/utils.js:231:10)
    at _callCircusHook (/Users/mb/Desktop/vibewell/node_modules/jest-circus/build/run.js:281:40)
    at _runTestsForDescribeBlock (/Users/mb/Desktop/vibewell/node_modules/jest-circus/build/run.js:95:7)
    at run (/Users/mb/Desktop/vibewell/node_modules/jest-circus/build/run.js:71:3)
    at runAndTransformResultsToJestFormat (/Users/mb/Desktop/vibewell/node_modules/jest-circus/build/legacy-code-todo-rewrite/jestAdapterInit.js:122:21)
    at jestAdapter (/Users/mb/Desktop/vibewell/node_modules/jest-circus/build/legacy-code-todo-rewrite/jestAdapter.js:79:19)
    at runTestInternal (/Users/mb/Desktop/vibewell/node_modules/jest-runner/build/runTest.js:367:16)
    at runTest (/Users/mb/Desktop/vibewell/node_modules/jest-runner/build/runTest.js:444:34)</failure>
      <failure>TypeError: Cannot read properties of undefined (reading &apos;reset&apos;)
    at Object.reset (/Users/mb/Desktop/vibewell/src/services/booking-service.test.ts:60:11)
    at Promise.then.completed (/Users/mb/Desktop/vibewell/node_modules/jest-circus/build/utils.js:298:28)
    at new Promise (&lt;anonymous&gt;)
    at callAsyncCircusFn (/Users/mb/Desktop/vibewell/node_modules/jest-circus/build/utils.js:231:10)
    at _callCircusHook (/Users/mb/Desktop/vibewell/node_modules/jest-circus/build/run.js:281:40)
    at _runTest (/Users/mb/Desktop/vibewell/node_modules/jest-circus/build/run.js:254:5)
    at _runTestsForDescribeBlock (/Users/mb/Desktop/vibewell/node_modules/jest-circus/build/run.js:126:9)
    at _runTestsForDescribeBlock (/Users/mb/Desktop/vibewell/node_modules/jest-circus/build/run.js:121:9)
    at _runTestsForDescribeBlock (/Users/mb/Desktop/vibewell/node_modules/jest-circus/build/run.js:121:9)
    at run (/Users/mb/Desktop/vibewell/node_modules/jest-circus/build/run.js:71:3)
    at runAndTransformResultsToJestFormat (/Users/mb/Desktop/vibewell/node_modules/jest-circus/build/legacy-code-todo-rewrite/jestAdapterInit.js:122:21)
    at jestAdapter (/Users/mb/Desktop/vibewell/node_modules/jest-circus/build/legacy-code-todo-rewrite/jestAdapter.js:79:19)
    at runTestInternal (/Users/mb/Desktop/vibewell/node_modules/jest-runner/build/runTest.js:367:16)
    at runTest (/Users/mb/Desktop/vibewell/node_modules/jest-runner/build/runTest.js:444:34)</failure>
    </testcase>
    <testcase classname="Booking Service cancelBooking should cancel a booking successfully" name="Booking Service cancelBooking should cancel a booking successfully" time="0.001">
      <failure>TypeError: Cannot read properties of undefined (reading &apos;start&apos;)
    at Object.start (/Users/mb/Desktop/vibewell/src/services/booking-service.test.ts:51:11)
    at Promise.then.completed (/Users/mb/Desktop/vibewell/node_modules/jest-circus/build/utils.js:298:28)
    at new Promise (&lt;anonymous&gt;)
    at callAsyncCircusFn (/Users/mb/Desktop/vibewell/node_modules/jest-circus/build/utils.js:231:10)
    at _callCircusHook (/Users/mb/Desktop/vibewell/node_modules/jest-circus/build/run.js:281:40)
    at _runTestsForDescribeBlock (/Users/mb/Desktop/vibewell/node_modules/jest-circus/build/run.js:95:7)
    at run (/Users/mb/Desktop/vibewell/node_modules/jest-circus/build/run.js:71:3)
    at runAndTransformResultsToJestFormat (/Users/mb/Desktop/vibewell/node_modules/jest-circus/build/legacy-code-todo-rewrite/jestAdapterInit.js:122:21)
    at jestAdapter (/Users/mb/Desktop/vibewell/node_modules/jest-circus/build/legacy-code-todo-rewrite/jestAdapter.js:79:19)
    at runTestInternal (/Users/mb/Desktop/vibewell/node_modules/jest-runner/build/runTest.js:367:16)
    at runTest (/Users/mb/Desktop/vibewell/node_modules/jest-runner/build/runTest.js:444:34)</failure>
      <failure>TypeError: Cannot read properties of undefined (reading &apos;reset&apos;)
    at Object.reset (/Users/mb/Desktop/vibewell/src/services/booking-service.test.ts:60:11)
    at Promise.then.completed (/Users/mb/Desktop/vibewell/node_modules/jest-circus/build/utils.js:298:28)
    at new Promise (&lt;anonymous&gt;)
    at callAsyncCircusFn (/Users/mb/Desktop/vibewell/node_modules/jest-circus/build/utils.js:231:10)
    at _callCircusHook (/Users/mb/Desktop/vibewell/node_modules/jest-circus/build/run.js:281:40)
    at _runTest (/Users/mb/Desktop/vibewell/node_modules/jest-circus/build/run.js:254:5)
    at _runTestsForDescribeBlock (/Users/mb/Desktop/vibewell/node_modules/jest-circus/build/run.js:126:9)
    at _runTestsForDescribeBlock (/Users/mb/Desktop/vibewell/node_modules/jest-circus/build/run.js:121:9)
    at _runTestsForDescribeBlock (/Users/mb/Desktop/vibewell/node_modules/jest-circus/build/run.js:121:9)
    at run (/Users/mb/Desktop/vibewell/node_modules/jest-circus/build/run.js:71:3)
    at runAndTransformResultsToJestFormat (/Users/mb/Desktop/vibewell/node_modules/jest-circus/build/legacy-code-todo-rewrite/jestAdapterInit.js:122:21)
    at jestAdapter (/Users/mb/Desktop/vibewell/node_modules/jest-circus/build/legacy-code-todo-rewrite/jestAdapter.js:79:19)
    at runTestInternal (/Users/mb/Desktop/vibewell/node_modules/jest-runner/build/runTest.js:367:16)
    at runTest (/Users/mb/Desktop/vibewell/node_modules/jest-runner/build/runTest.js:444:34)</failure>
    </testcase>
    <testcase classname="Booking Service completeBooking should mark a booking as completed successfully" name="Booking Service completeBooking should mark a booking as completed successfully" time="0.002">
      <failure>TypeError: Cannot read properties of undefined (reading &apos;start&apos;)
    at Object.start (/Users/mb/Desktop/vibewell/src/services/booking-service.test.ts:51:11)
    at Promise.then.completed (/Users/mb/Desktop/vibewell/node_modules/jest-circus/build/utils.js:298:28)
    at new Promise (&lt;anonymous&gt;)
    at callAsyncCircusFn (/Users/mb/Desktop/vibewell/node_modules/jest-circus/build/utils.js:231:10)
    at _callCircusHook (/Users/mb/Desktop/vibewell/node_modules/jest-circus/build/run.js:281:40)
    at _runTestsForDescribeBlock (/Users/mb/Desktop/vibewell/node_modules/jest-circus/build/run.js:95:7)
    at run (/Users/mb/Desktop/vibewell/node_modules/jest-circus/build/run.js:71:3)
    at runAndTransformResultsToJestFormat (/Users/mb/Desktop/vibewell/node_modules/jest-circus/build/legacy-code-todo-rewrite/jestAdapterInit.js:122:21)
    at jestAdapter (/Users/mb/Desktop/vibewell/node_modules/jest-circus/build/legacy-code-todo-rewrite/jestAdapter.js:79:19)
    at runTestInternal (/Users/mb/Desktop/vibewell/node_modules/jest-runner/build/runTest.js:367:16)
    at runTest (/Users/mb/Desktop/vibewell/node_modules/jest-runner/build/runTest.js:444:34)</failure>
      <failure>TypeError: Cannot read properties of undefined (reading &apos;reset&apos;)
    at Object.reset (/Users/mb/Desktop/vibewell/src/services/booking-service.test.ts:60:11)
    at Promise.then.completed (/Users/mb/Desktop/vibewell/node_modules/jest-circus/build/utils.js:298:28)
    at new Promise (&lt;anonymous&gt;)
    at callAsyncCircusFn (/Users/mb/Desktop/vibewell/node_modules/jest-circus/build/utils.js:231:10)
    at _callCircusHook (/Users/mb/Desktop/vibewell/node_modules/jest-circus/build/run.js:281:40)
    at _runTest (/Users/mb/Desktop/vibewell/node_modules/jest-circus/build/run.js:254:5)
    at _runTestsForDescribeBlock (/Users/mb/Desktop/vibewell/node_modules/jest-circus/build/run.js:126:9)
    at _runTestsForDescribeBlock (/Users/mb/Desktop/vibewell/node_modules/jest-circus/build/run.js:121:9)
    at _runTestsForDescribeBlock (/Users/mb/Desktop/vibewell/node_modules/jest-circus/build/run.js:121:9)
    at run (/Users/mb/Desktop/vibewell/node_modules/jest-circus/build/run.js:71:3)
    at runAndTransformResultsToJestFormat (/Users/mb/Desktop/vibewell/node_modules/jest-circus/build/legacy-code-todo-rewrite/jestAdapterInit.js:122:21)
    at jestAdapter (/Users/mb/Desktop/vibewell/node_modules/jest-circus/build/legacy-code-todo-rewrite/jestAdapter.js:79:19)
    at runTestInternal (/Users/mb/Desktop/vibewell/node_modules/jest-runner/build/runTest.js:367:16)
    at runTest (/Users/mb/Desktop/vibewell/node_modules/jest-runner/build/runTest.js:444:34)</failure>
    </testcase>
    <testcase classname="Booking Service deleteBooking should delete a booking successfully" name="Booking Service deleteBooking should delete a booking successfully" time="0.001">
      <failure>TypeError: Cannot read properties of undefined (reading &apos;start&apos;)
    at Object.start (/Users/mb/Desktop/vibewell/src/services/booking-service.test.ts:51:11)
    at Promise.then.completed (/Users/mb/Desktop/vibewell/node_modules/jest-circus/build/utils.js:298:28)
    at new Promise (&lt;anonymous&gt;)
    at callAsyncCircusFn (/Users/mb/Desktop/vibewell/node_modules/jest-circus/build/utils.js:231:10)
    at _callCircusHook (/Users/mb/Desktop/vibewell/node_modules/jest-circus/build/run.js:281:40)
    at _runTestsForDescribeBlock (/Users/mb/Desktop/vibewell/node_modules/jest-circus/build/run.js:95:7)
    at run (/Users/mb/Desktop/vibewell/node_modules/jest-circus/build/run.js:71:3)
    at runAndTransformResultsToJestFormat (/Users/mb/Desktop/vibewell/node_modules/jest-circus/build/legacy-code-todo-rewrite/jestAdapterInit.js:122:21)
    at jestAdapter (/Users/mb/Desktop/vibewell/node_modules/jest-circus/build/legacy-code-todo-rewrite/jestAdapter.js:79:19)
    at runTestInternal (/Users/mb/Desktop/vibewell/node_modules/jest-runner/build/runTest.js:367:16)
    at runTest (/Users/mb/Desktop/vibewell/node_modules/jest-runner/build/runTest.js:444:34)</failure>
      <failure>TypeError: Cannot read properties of undefined (reading &apos;reset&apos;)
    at Object.reset (/Users/mb/Desktop/vibewell/src/services/booking-service.test.ts:60:11)
    at Promise.then.completed (/Users/mb/Desktop/vibewell/node_modules/jest-circus/build/utils.js:298:28)
    at new Promise (&lt;anonymous&gt;)
    at callAsyncCircusFn (/Users/mb/Desktop/vibewell/node_modules/jest-circus/build/utils.js:231:10)
    at _callCircusHook (/Users/mb/Desktop/vibewell/node_modules/jest-circus/build/run.js:281:40)
    at _runTest (/Users/mb/Desktop/vibewell/node_modules/jest-circus/build/run.js:254:5)
    at _runTestsForDescribeBlock (/Users/mb/Desktop/vibewell/node_modules/jest-circus/build/run.js:126:9)
    at _runTestsForDescribeBlock (/Users/mb/Desktop/vibewell/node_modules/jest-circus/build/run.js:121:9)
    at _runTestsForDescribeBlock (/Users/mb/Desktop/vibewell/node_modules/jest-circus/build/run.js:121:9)
    at run (/Users/mb/Desktop/vibewell/node_modules/jest-circus/build/run.js:71:3)
    at runAndTransformResultsToJestFormat (/Users/mb/Desktop/vibewell/node_modules/jest-circus/build/legacy-code-todo-rewrite/jestAdapterInit.js:122:21)
    at jestAdapter (/Users/mb/Desktop/vibewell/node_modules/jest-circus/build/legacy-code-todo-rewrite/jestAdapter.js:79:19)
    at runTestInternal (/Users/mb/Desktop/vibewell/node_modules/jest-runner/build/runTest.js:367:16)
    at runTest (/Users/mb/Desktop/vibewell/node_modules/jest-runner/build/runTest.js:444:34)</failure>
    </testcase>
    <testcase classname="Booking Service deleteBooking should handle deletion of non-existent booking" name="Booking Service deleteBooking should handle deletion of non-existent booking" time="0.006">
      <failure>TypeError: Cannot read properties of undefined (reading &apos;start&apos;)
    at Object.start (/Users/mb/Desktop/vibewell/src/services/booking-service.test.ts:51:11)
    at Promise.then.completed (/Users/mb/Desktop/vibewell/node_modules/jest-circus/build/utils.js:298:28)
    at new Promise (&lt;anonymous&gt;)
    at callAsyncCircusFn (/Users/mb/Desktop/vibewell/node_modules/jest-circus/build/utils.js:231:10)
    at _callCircusHook (/Users/mb/Desktop/vibewell/node_modules/jest-circus/build/run.js:281:40)
    at _runTestsForDescribeBlock (/Users/mb/Desktop/vibewell/node_modules/jest-circus/build/run.js:95:7)
    at run (/Users/mb/Desktop/vibewell/node_modules/jest-circus/build/run.js:71:3)
    at runAndTransformResultsToJestFormat (/Users/mb/Desktop/vibewell/node_modules/jest-circus/build/legacy-code-todo-rewrite/jestAdapterInit.js:122:21)
    at jestAdapter (/Users/mb/Desktop/vibewell/node_modules/jest-circus/build/legacy-code-todo-rewrite/jestAdapter.js:79:19)
    at runTestInternal (/Users/mb/Desktop/vibewell/node_modules/jest-runner/build/runTest.js:367:16)
    at runTest (/Users/mb/Desktop/vibewell/node_modules/jest-runner/build/runTest.js:444:34)</failure>
      <failure>TypeError: Cannot read properties of undefined (reading &apos;reset&apos;)
    at Object.reset (/Users/mb/Desktop/vibewell/src/services/booking-service.test.ts:60:11)
    at Promise.then.completed (/Users/mb/Desktop/vibewell/node_modules/jest-circus/build/utils.js:298:28)
    at new Promise (&lt;anonymous&gt;)
    at callAsyncCircusFn (/Users/mb/Desktop/vibewell/node_modules/jest-circus/build/utils.js:231:10)
    at _callCircusHook (/Users/mb/Desktop/vibewell/node_modules/jest-circus/build/run.js:281:40)
    at _runTest (/Users/mb/Desktop/vibewell/node_modules/jest-circus/build/run.js:254:5)
    at _runTestsForDescribeBlock (/Users/mb/Desktop/vibewell/node_modules/jest-circus/build/run.js:126:9)
    at _runTestsForDescribeBlock (/Users/mb/Desktop/vibewell/node_modules/jest-circus/build/run.js:121:9)
    at _runTestsForDescribeBlock (/Users/mb/Desktop/vibewell/node_modules/jest-circus/build/run.js:121:9)
    at run (/Users/mb/Desktop/vibewell/node_modules/jest-circus/build/run.js:71:3)
    at runAndTransformResultsToJestFormat (/Users/mb/Desktop/vibewell/node_modules/jest-circus/build/legacy-code-todo-rewrite/jestAdapterInit.js:122:21)
    at jestAdapter (/Users/mb/Desktop/vibewell/node_modules/jest-circus/build/legacy-code-todo-rewrite/jestAdapter.js:79:19)
    at runTestInternal (/Users/mb/Desktop/vibewell/node_modules/jest-runner/build/runTest.js:367:16)
    at runTest (/Users/mb/Desktop/vibewell/node_modules/jest-runner/build/runTest.js:444:34)</failure>
    </testcase>
    <testcase classname=" Test execution failure: could be caused by test hooks like &apos;afterAll&apos;." name=" Test execution failure: could be caused by test hooks like &apos;afterAll&apos;." time="0">
      <failure>{&quot;message&quot;:&quot;&quot;,&quot;stack&quot;:&quot;TypeError: Cannot read properties of undefined (reading &apos;stop&apos;)\n    at Object.stop (/Users/mb/Desktop/vibewell/src/services/booking-service.test.ts:55:11)\n    at Promise.then.completed (/Users/mb/Desktop/vibewell/node_modules/jest-circus/build/utils.js:298:28)\n    at new Promise (&lt;anonymous&gt;)\n    at callAsyncCircusFn (/Users/mb/Desktop/vibewell/node_modules/jest-circus/build/utils.js:231:10)\n    at _callCircusHook (/Users/mb/Desktop/vibewell/node_modules/jest-circus/build/run.js:281:40)\n    at _runTestsForDescribeBlock (/Users/mb/Desktop/vibewell/node_modules/jest-circus/build/run.js:154:7)\n    at run (/Users/mb/Desktop/vibewell/node_modules/jest-circus/build/run.js:71:3)\n    at runAndTransformResultsToJestFormat (/Users/mb/Desktop/vibewell/node_modules/jest-circus/build/legacy-code-todo-rewrite/jestAdapterInit.js:122:21)\n    at jestAdapter (/Users/mb/Desktop/vibewell/node_modules/jest-circus/build/legacy-code-todo-rewrite/jestAdapter.js:79:19)\n    at runTestInternal (/Users/mb/Desktop/vibewell/node_modules/jest-runner/build/runTest.js:367:16)\n    at runTest (/Users/mb/Desktop/vibewell/node_modules/jest-runner/build/runTest.js:444:34)&quot;}</failure>
    </testcase>
  </testsuite>
  <testsuite name="NotificationService" errors="0" failures="16" skipped="0" timestamp="2025-04-13T23:06:42" time="0.196" tests="16">
    <testcase classname="NotificationService getNotifications should fetch notifications with no filters" name="NotificationService getNotifications should fetch notifications with no filters" time="0.002">
      <failure>TypeError: Cannot read properties of undefined (reading &apos;getNotifications&apos;)
    at Object.getNotifications (/Users/mb/Desktop/vibewell/src/services/__tests__/notification-service.test.ts:86:48)
    at Promise.then.completed (/Users/mb/Desktop/vibewell/node_modules/jest-circus/build/utils.js:298:28)
    at new Promise (&lt;anonymous&gt;)
    at callAsyncCircusFn (/Users/mb/Desktop/vibewell/node_modules/jest-circus/build/utils.js:231:10)
    at _callCircusTest (/Users/mb/Desktop/vibewell/node_modules/jest-circus/build/run.js:316:40)
    at _runTest (/Users/mb/Desktop/vibewell/node_modules/jest-circus/build/run.js:252:3)
    at _runTestsForDescribeBlock (/Users/mb/Desktop/vibewell/node_modules/jest-circus/build/run.js:126:9)
    at _runTestsForDescribeBlock (/Users/mb/Desktop/vibewell/node_modules/jest-circus/build/run.js:121:9)
    at _runTestsForDescribeBlock (/Users/mb/Desktop/vibewell/node_modules/jest-circus/build/run.js:121:9)
    at run (/Users/mb/Desktop/vibewell/node_modules/jest-circus/build/run.js:71:3)
    at runAndTransformResultsToJestFormat (/Users/mb/Desktop/vibewell/node_modules/jest-circus/build/legacy-code-todo-rewrite/jestAdapterInit.js:122:21)
    at jestAdapter (/Users/mb/Desktop/vibewell/node_modules/jest-circus/build/legacy-code-todo-rewrite/jestAdapter.js:79:19)
    at runTestInternal (/Users/mb/Desktop/vibewell/node_modules/jest-runner/build/runTest.js:367:16)
    at runTest (/Users/mb/Desktop/vibewell/node_modules/jest-runner/build/runTest.js:444:34)</failure>
    </testcase>
    <testcase classname="NotificationService getNotifications should handle status filter correctly" name="NotificationService getNotifications should handle status filter correctly" time="0.002">
      <failure>TypeError: Cannot read properties of undefined (reading &apos;getNotifications&apos;)
    at Object.getNotifications (/Users/mb/Desktop/vibewell/src/services/__tests__/notification-service.test.ts:100:33)
    at Promise.then.completed (/Users/mb/Desktop/vibewell/node_modules/jest-circus/build/utils.js:298:28)
    at new Promise (&lt;anonymous&gt;)
    at callAsyncCircusFn (/Users/mb/Desktop/vibewell/node_modules/jest-circus/build/utils.js:231:10)
    at _callCircusTest (/Users/mb/Desktop/vibewell/node_modules/jest-circus/build/run.js:316:40)
    at _runTest (/Users/mb/Desktop/vibewell/node_modules/jest-circus/build/run.js:252:3)
    at _runTestsForDescribeBlock (/Users/mb/Desktop/vibewell/node_modules/jest-circus/build/run.js:126:9)
    at _runTestsForDescribeBlock (/Users/mb/Desktop/vibewell/node_modules/jest-circus/build/run.js:121:9)
    at _runTestsForDescribeBlock (/Users/mb/Desktop/vibewell/node_modules/jest-circus/build/run.js:121:9)
    at run (/Users/mb/Desktop/vibewell/node_modules/jest-circus/build/run.js:71:3)
    at runAndTransformResultsToJestFormat (/Users/mb/Desktop/vibewell/node_modules/jest-circus/build/legacy-code-todo-rewrite/jestAdapterInit.js:122:21)
    at jestAdapter (/Users/mb/Desktop/vibewell/node_modules/jest-circus/build/legacy-code-todo-rewrite/jestAdapter.js:79:19)
    at runTestInternal (/Users/mb/Desktop/vibewell/node_modules/jest-runner/build/runTest.js:367:16)
    at runTest (/Users/mb/Desktop/vibewell/node_modules/jest-runner/build/runTest.js:444:34)</failure>
    </testcase>
    <testcase classname="NotificationService getNotifications should handle array of statuses correctly" name="NotificationService getNotifications should handle array of statuses correctly" time="0.002">
      <failure>TypeError: Cannot read properties of undefined (reading &apos;getNotifications&apos;)
    at Object.getNotifications (/Users/mb/Desktop/vibewell/src/services/__tests__/notification-service.test.ts:112:33)
    at Promise.then.completed (/Users/mb/Desktop/vibewell/node_modules/jest-circus/build/utils.js:298:28)
    at new Promise (&lt;anonymous&gt;)
    at callAsyncCircusFn (/Users/mb/Desktop/vibewell/node_modules/jest-circus/build/utils.js:231:10)
    at _callCircusTest (/Users/mb/Desktop/vibewell/node_modules/jest-circus/build/run.js:316:40)
    at _runTest (/Users/mb/Desktop/vibewell/node_modules/jest-circus/build/run.js:252:3)
    at _runTestsForDescribeBlock (/Users/mb/Desktop/vibewell/node_modules/jest-circus/build/run.js:126:9)
    at _runTestsForDescribeBlock (/Users/mb/Desktop/vibewell/node_modules/jest-circus/build/run.js:121:9)
    at _runTestsForDescribeBlock (/Users/mb/Desktop/vibewell/node_modules/jest-circus/build/run.js:121:9)
    at run (/Users/mb/Desktop/vibewell/node_modules/jest-circus/build/run.js:71:3)
    at runAndTransformResultsToJestFormat (/Users/mb/Desktop/vibewell/node_modules/jest-circus/build/legacy-code-todo-rewrite/jestAdapterInit.js:122:21)
    at jestAdapter (/Users/mb/Desktop/vibewell/node_modules/jest-circus/build/legacy-code-todo-rewrite/jestAdapter.js:79:19)
    at runTestInternal (/Users/mb/Desktop/vibewell/node_modules/jest-runner/build/runTest.js:367:16)
    at runTest (/Users/mb/Desktop/vibewell/node_modules/jest-runner/build/runTest.js:444:34)</failure>
    </testcase>
    <testcase classname="NotificationService getNotifications should handle type filter correctly" name="NotificationService getNotifications should handle type filter correctly" time="0.001">
      <failure>TypeError: Cannot read properties of undefined (reading &apos;getNotifications&apos;)
    at Object.getNotifications (/Users/mb/Desktop/vibewell/src/services/__tests__/notification-service.test.ts:124:33)
    at Promise.then.completed (/Users/mb/Desktop/vibewell/node_modules/jest-circus/build/utils.js:298:28)
    at new Promise (&lt;anonymous&gt;)
    at callAsyncCircusFn (/Users/mb/Desktop/vibewell/node_modules/jest-circus/build/utils.js:231:10)
    at _callCircusTest (/Users/mb/Desktop/vibewell/node_modules/jest-circus/build/run.js:316:40)
    at _runTest (/Users/mb/Desktop/vibewell/node_modules/jest-circus/build/run.js:252:3)
    at _runTestsForDescribeBlock (/Users/mb/Desktop/vibewell/node_modules/jest-circus/build/run.js:126:9)
    at _runTestsForDescribeBlock (/Users/mb/Desktop/vibewell/node_modules/jest-circus/build/run.js:121:9)
    at _runTestsForDescribeBlock (/Users/mb/Desktop/vibewell/node_modules/jest-circus/build/run.js:121:9)
    at run (/Users/mb/Desktop/vibewell/node_modules/jest-circus/build/run.js:71:3)
    at runAndTransformResultsToJestFormat (/Users/mb/Desktop/vibewell/node_modules/jest-circus/build/legacy-code-todo-rewrite/jestAdapterInit.js:122:21)
    at jestAdapter (/Users/mb/Desktop/vibewell/node_modules/jest-circus/build/legacy-code-todo-rewrite/jestAdapter.js:79:19)
    at runTestInternal (/Users/mb/Desktop/vibewell/node_modules/jest-runner/build/runTest.js:367:16)
    at runTest (/Users/mb/Desktop/vibewell/node_modules/jest-runner/build/runTest.js:444:34)</failure>
    </testcase>
    <testcase classname="NotificationService getNotifications should handle multiple filter types correctly" name="NotificationService getNotifications should handle multiple filter types correctly" time="0.001">
      <failure>TypeError: Cannot read properties of undefined (reading &apos;getNotifications&apos;)
    at Object.getNotifications (/Users/mb/Desktop/vibewell/src/services/__tests__/notification-service.test.ts:141:33)
    at Promise.then.completed (/Users/mb/Desktop/vibewell/node_modules/jest-circus/build/utils.js:298:28)
    at new Promise (&lt;anonymous&gt;)
    at callAsyncCircusFn (/Users/mb/Desktop/vibewell/node_modules/jest-circus/build/utils.js:231:10)
    at _callCircusTest (/Users/mb/Desktop/vibewell/node_modules/jest-circus/build/run.js:316:40)
    at _runTest (/Users/mb/Desktop/vibewell/node_modules/jest-circus/build/run.js:252:3)
    at _runTestsForDescribeBlock (/Users/mb/Desktop/vibewell/node_modules/jest-circus/build/run.js:126:9)
    at _runTestsForDescribeBlock (/Users/mb/Desktop/vibewell/node_modules/jest-circus/build/run.js:121:9)
    at _runTestsForDescribeBlock (/Users/mb/Desktop/vibewell/node_modules/jest-circus/build/run.js:121:9)
    at run (/Users/mb/Desktop/vibewell/node_modules/jest-circus/build/run.js:71:3)
    at runAndTransformResultsToJestFormat (/Users/mb/Desktop/vibewell/node_modules/jest-circus/build/legacy-code-todo-rewrite/jestAdapterInit.js:122:21)
    at jestAdapter (/Users/mb/Desktop/vibewell/node_modules/jest-circus/build/legacy-code-todo-rewrite/jestAdapter.js:79:19)
    at runTestInternal (/Users/mb/Desktop/vibewell/node_modules/jest-runner/build/runTest.js:367:16)
    at runTest (/Users/mb/Desktop/vibewell/node_modules/jest-runner/build/runTest.js:444:34)</failure>
    </testcase>
    <testcase classname="NotificationService getNotifications should handle errors correctly" name="NotificationService getNotifications should handle errors correctly" time="0.002">
      <failure>TypeError: Cannot read properties of undefined (reading &apos;getNotifications&apos;)
    at Object.getNotifications (/Users/mb/Desktop/vibewell/src/services/__tests__/notification-service.test.ts:151:48)
    at Promise.then.completed (/Users/mb/Desktop/vibewell/node_modules/jest-circus/build/utils.js:298:28)
    at new Promise (&lt;anonymous&gt;)
    at callAsyncCircusFn (/Users/mb/Desktop/vibewell/node_modules/jest-circus/build/utils.js:231:10)
    at _callCircusTest (/Users/mb/Desktop/vibewell/node_modules/jest-circus/build/run.js:316:40)
    at _runTest (/Users/mb/Desktop/vibewell/node_modules/jest-circus/build/run.js:252:3)
    at _runTestsForDescribeBlock (/Users/mb/Desktop/vibewell/node_modules/jest-circus/build/run.js:126:9)
    at _runTestsForDescribeBlock (/Users/mb/Desktop/vibewell/node_modules/jest-circus/build/run.js:121:9)
    at _runTestsForDescribeBlock (/Users/mb/Desktop/vibewell/node_modules/jest-circus/build/run.js:121:9)
    at run (/Users/mb/Desktop/vibewell/node_modules/jest-circus/build/run.js:71:3)
    at runAndTransformResultsToJestFormat (/Users/mb/Desktop/vibewell/node_modules/jest-circus/build/legacy-code-todo-rewrite/jestAdapterInit.js:122:21)
    at jestAdapter (/Users/mb/Desktop/vibewell/node_modules/jest-circus/build/legacy-code-todo-rewrite/jestAdapter.js:79:19)
    at runTestInternal (/Users/mb/Desktop/vibewell/node_modules/jest-runner/build/runTest.js:367:16)
    at runTest (/Users/mb/Desktop/vibewell/node_modules/jest-runner/build/runTest.js:444:34)</failure>
    </testcase>
    <testcase classname="NotificationService getUnreadCount should fetch unread notification count" name="NotificationService getUnreadCount should fetch unread notification count" time="0.001">
      <failure>TypeError: Cannot read properties of undefined (reading &apos;getUnreadCount&apos;)
    at Object.getUnreadCount (/Users/mb/Desktop/vibewell/src/services/__tests__/notification-service.test.ts:162:48)
    at Promise.then.completed (/Users/mb/Desktop/vibewell/node_modules/jest-circus/build/utils.js:298:28)
    at new Promise (&lt;anonymous&gt;)
    at callAsyncCircusFn (/Users/mb/Desktop/vibewell/node_modules/jest-circus/build/utils.js:231:10)
    at _callCircusTest (/Users/mb/Desktop/vibewell/node_modules/jest-circus/build/run.js:316:40)
    at _runTest (/Users/mb/Desktop/vibewell/node_modules/jest-circus/build/run.js:252:3)
    at _runTestsForDescribeBlock (/Users/mb/Desktop/vibewell/node_modules/jest-circus/build/run.js:126:9)
    at _runTestsForDescribeBlock (/Users/mb/Desktop/vibewell/node_modules/jest-circus/build/run.js:121:9)
    at _runTestsForDescribeBlock (/Users/mb/Desktop/vibewell/node_modules/jest-circus/build/run.js:121:9)
    at run (/Users/mb/Desktop/vibewell/node_modules/jest-circus/build/run.js:71:3)
    at runAndTransformResultsToJestFormat (/Users/mb/Desktop/vibewell/node_modules/jest-circus/build/legacy-code-todo-rewrite/jestAdapterInit.js:122:21)
    at jestAdapter (/Users/mb/Desktop/vibewell/node_modules/jest-circus/build/legacy-code-todo-rewrite/jestAdapter.js:79:19)
    at runTestInternal (/Users/mb/Desktop/vibewell/node_modules/jest-runner/build/runTest.js:367:16)
    at runTest (/Users/mb/Desktop/vibewell/node_modules/jest-runner/build/runTest.js:444:34)</failure>
    </testcase>
    <testcase classname="NotificationService getUnreadCount should handle errors correctly" name="NotificationService getUnreadCount should handle errors correctly" time="0.002">
      <failure>TypeError: Cannot read properties of undefined (reading &apos;getUnreadCount&apos;)
    at Object.getUnreadCount (/Users/mb/Desktop/vibewell/src/services/__tests__/notification-service.test.ts:172:48)
    at Promise.then.completed (/Users/mb/Desktop/vibewell/node_modules/jest-circus/build/utils.js:298:28)
    at new Promise (&lt;anonymous&gt;)
    at callAsyncCircusFn (/Users/mb/Desktop/vibewell/node_modules/jest-circus/build/utils.js:231:10)
    at _callCircusTest (/Users/mb/Desktop/vibewell/node_modules/jest-circus/build/run.js:316:40)
    at _runTest (/Users/mb/Desktop/vibewell/node_modules/jest-circus/build/run.js:252:3)
    at _runTestsForDescribeBlock (/Users/mb/Desktop/vibewell/node_modules/jest-circus/build/run.js:126:9)
    at _runTestsForDescribeBlock (/Users/mb/Desktop/vibewell/node_modules/jest-circus/build/run.js:121:9)
    at _runTestsForDescribeBlock (/Users/mb/Desktop/vibewell/node_modules/jest-circus/build/run.js:121:9)
    at run (/Users/mb/Desktop/vibewell/node_modules/jest-circus/build/run.js:71:3)
    at runAndTransformResultsToJestFormat (/Users/mb/Desktop/vibewell/node_modules/jest-circus/build/legacy-code-todo-rewrite/jestAdapterInit.js:122:21)
    at jestAdapter (/Users/mb/Desktop/vibewell/node_modules/jest-circus/build/legacy-code-todo-rewrite/jestAdapter.js:79:19)
    at runTestInternal (/Users/mb/Desktop/vibewell/node_modules/jest-runner/build/runTest.js:367:16)
    at runTest (/Users/mb/Desktop/vibewell/node_modules/jest-runner/build/runTest.js:444:34)</failure>
    </testcase>
    <testcase classname="NotificationService markAsRead should mark a notification as read" name="NotificationService markAsRead should mark a notification as read" time="0.002">
      <failure>TypeError: Cannot read properties of undefined (reading &apos;markAsRead&apos;)
    at Object.markAsRead (/Users/mb/Desktop/vibewell/src/services/__tests__/notification-service.test.ts:184:48)
    at Promise.then.completed (/Users/mb/Desktop/vibewell/node_modules/jest-circus/build/utils.js:298:28)
    at new Promise (&lt;anonymous&gt;)
    at callAsyncCircusFn (/Users/mb/Desktop/vibewell/node_modules/jest-circus/build/utils.js:231:10)
    at _callCircusTest (/Users/mb/Desktop/vibewell/node_modules/jest-circus/build/run.js:316:40)
    at _runTest (/Users/mb/Desktop/vibewell/node_modules/jest-circus/build/run.js:252:3)
    at _runTestsForDescribeBlock (/Users/mb/Desktop/vibewell/node_modules/jest-circus/build/run.js:126:9)
    at _runTestsForDescribeBlock (/Users/mb/Desktop/vibewell/node_modules/jest-circus/build/run.js:121:9)
    at _runTestsForDescribeBlock (/Users/mb/Desktop/vibewell/node_modules/jest-circus/build/run.js:121:9)
    at run (/Users/mb/Desktop/vibewell/node_modules/jest-circus/build/run.js:71:3)
    at runAndTransformResultsToJestFormat (/Users/mb/Desktop/vibewell/node_modules/jest-circus/build/legacy-code-todo-rewrite/jestAdapterInit.js:122:21)
    at jestAdapter (/Users/mb/Desktop/vibewell/node_modules/jest-circus/build/legacy-code-todo-rewrite/jestAdapter.js:79:19)
    at runTestInternal (/Users/mb/Desktop/vibewell/node_modules/jest-runner/build/runTest.js:367:16)
    at runTest (/Users/mb/Desktop/vibewell/node_modules/jest-runner/build/runTest.js:444:34)</failure>
    </testcase>
    <testcase classname="NotificationService markAllAsRead should mark all notifications as read" name="NotificationService markAllAsRead should mark all notifications as read" time="0.001">
      <failure>TypeError: Cannot read properties of undefined (reading &apos;markAllAsRead&apos;)
    at Object.markAllAsRead (/Users/mb/Desktop/vibewell/src/services/__tests__/notification-service.test.ts:196:48)
    at Promise.then.completed (/Users/mb/Desktop/vibewell/node_modules/jest-circus/build/utils.js:298:28)
    at new Promise (&lt;anonymous&gt;)
    at callAsyncCircusFn (/Users/mb/Desktop/vibewell/node_modules/jest-circus/build/utils.js:231:10)
    at _callCircusTest (/Users/mb/Desktop/vibewell/node_modules/jest-circus/build/run.js:316:40)
    at _runTest (/Users/mb/Desktop/vibewell/node_modules/jest-circus/build/run.js:252:3)
    at _runTestsForDescribeBlock (/Users/mb/Desktop/vibewell/node_modules/jest-circus/build/run.js:126:9)
    at _runTestsForDescribeBlock (/Users/mb/Desktop/vibewell/node_modules/jest-circus/build/run.js:121:9)
    at _runTestsForDescribeBlock (/Users/mb/Desktop/vibewell/node_modules/jest-circus/build/run.js:121:9)
    at run (/Users/mb/Desktop/vibewell/node_modules/jest-circus/build/run.js:71:3)
    at runAndTransformResultsToJestFormat (/Users/mb/Desktop/vibewell/node_modules/jest-circus/build/legacy-code-todo-rewrite/jestAdapterInit.js:122:21)
    at jestAdapter (/Users/mb/Desktop/vibewell/node_modules/jest-circus/build/legacy-code-todo-rewrite/jestAdapter.js:79:19)
    at runTestInternal (/Users/mb/Desktop/vibewell/node_modules/jest-runner/build/runTest.js:367:16)
    at runTest (/Users/mb/Desktop/vibewell/node_modules/jest-runner/build/runTest.js:444:34)</failure>
    </testcase>
    <testcase classname="NotificationService archiveNotification should archive a notification" name="NotificationService archiveNotification should archive a notification" time="0.001">
      <failure>TypeError: Cannot read properties of undefined (reading &apos;archiveNotification&apos;)
    at Object.archiveNotification (/Users/mb/Desktop/vibewell/src/services/__tests__/notification-service.test.ts:209:48)
    at Promise.then.completed (/Users/mb/Desktop/vibewell/node_modules/jest-circus/build/utils.js:298:28)
    at new Promise (&lt;anonymous&gt;)
    at callAsyncCircusFn (/Users/mb/Desktop/vibewell/node_modules/jest-circus/build/utils.js:231:10)
    at _callCircusTest (/Users/mb/Desktop/vibewell/node_modules/jest-circus/build/run.js:316:40)
    at _runTest (/Users/mb/Desktop/vibewell/node_modules/jest-circus/build/run.js:252:3)
    at _runTestsForDescribeBlock (/Users/mb/Desktop/vibewell/node_modules/jest-circus/build/run.js:126:9)
    at _runTestsForDescribeBlock (/Users/mb/Desktop/vibewell/node_modules/jest-circus/build/run.js:121:9)
    at _runTestsForDescribeBlock (/Users/mb/Desktop/vibewell/node_modules/jest-circus/build/run.js:121:9)
    at run (/Users/mb/Desktop/vibewell/node_modules/jest-circus/build/run.js:71:3)
    at runAndTransformResultsToJestFormat (/Users/mb/Desktop/vibewell/node_modules/jest-circus/build/legacy-code-todo-rewrite/jestAdapterInit.js:122:21)
    at jestAdapter (/Users/mb/Desktop/vibewell/node_modules/jest-circus/build/legacy-code-todo-rewrite/jestAdapter.js:79:19)
    at runTestInternal (/Users/mb/Desktop/vibewell/node_modules/jest-runner/build/runTest.js:367:16)
    at runTest (/Users/mb/Desktop/vibewell/node_modules/jest-runner/build/runTest.js:444:34)</failure>
    </testcase>
    <testcase classname="NotificationService deleteNotification should delete a notification" name="NotificationService deleteNotification should delete a notification" time="0.006">
      <failure>TypeError: Cannot read properties of undefined (reading &apos;deleteNotification&apos;)
    at Object.deleteNotification (/Users/mb/Desktop/vibewell/src/services/__tests__/notification-service.test.ts:221:48)
    at Promise.then.completed (/Users/mb/Desktop/vibewell/node_modules/jest-circus/build/utils.js:298:28)
    at new Promise (&lt;anonymous&gt;)
    at callAsyncCircusFn (/Users/mb/Desktop/vibewell/node_modules/jest-circus/build/utils.js:231:10)
    at _callCircusTest (/Users/mb/Desktop/vibewell/node_modules/jest-circus/build/run.js:316:40)
    at _runTest (/Users/mb/Desktop/vibewell/node_modules/jest-circus/build/run.js:252:3)
    at _runTestsForDescribeBlock (/Users/mb/Desktop/vibewell/node_modules/jest-circus/build/run.js:126:9)
    at _runTestsForDescribeBlock (/Users/mb/Desktop/vibewell/node_modules/jest-circus/build/run.js:121:9)
    at _runTestsForDescribeBlock (/Users/mb/Desktop/vibewell/node_modules/jest-circus/build/run.js:121:9)
    at run (/Users/mb/Desktop/vibewell/node_modules/jest-circus/build/run.js:71:3)
    at runAndTransformResultsToJestFormat (/Users/mb/Desktop/vibewell/node_modules/jest-circus/build/legacy-code-todo-rewrite/jestAdapterInit.js:122:21)
    at jestAdapter (/Users/mb/Desktop/vibewell/node_modules/jest-circus/build/legacy-code-todo-rewrite/jestAdapter.js:79:19)
    at runTestInternal (/Users/mb/Desktop/vibewell/node_modules/jest-runner/build/runTest.js:367:16)
    at runTest (/Users/mb/Desktop/vibewell/node_modules/jest-runner/build/runTest.js:444:34)</failure>
    </testcase>
    <testcase classname="NotificationService getPreferences should fetch notification preferences" name="NotificationService getPreferences should fetch notification preferences" time="0.002">
      <failure>TypeError: Cannot read properties of undefined (reading &apos;getPreferences&apos;)
    at Object.getPreferences (/Users/mb/Desktop/vibewell/src/services/__tests__/notification-service.test.ts:232:48)
    at Promise.then.completed (/Users/mb/Desktop/vibewell/node_modules/jest-circus/build/utils.js:298:28)
    at new Promise (&lt;anonymous&gt;)
    at callAsyncCircusFn (/Users/mb/Desktop/vibewell/node_modules/jest-circus/build/utils.js:231:10)
    at _callCircusTest (/Users/mb/Desktop/vibewell/node_modules/jest-circus/build/run.js:316:40)
    at _runTest (/Users/mb/Desktop/vibewell/node_modules/jest-circus/build/run.js:252:3)
    at _runTestsForDescribeBlock (/Users/mb/Desktop/vibewell/node_modules/jest-circus/build/run.js:126:9)
    at _runTestsForDescribeBlock (/Users/mb/Desktop/vibewell/node_modules/jest-circus/build/run.js:121:9)
    at _runTestsForDescribeBlock (/Users/mb/Desktop/vibewell/node_modules/jest-circus/build/run.js:121:9)
    at run (/Users/mb/Desktop/vibewell/node_modules/jest-circus/build/run.js:71:3)
    at runAndTransformResultsToJestFormat (/Users/mb/Desktop/vibewell/node_modules/jest-circus/build/legacy-code-todo-rewrite/jestAdapterInit.js:122:21)
    at jestAdapter (/Users/mb/Desktop/vibewell/node_modules/jest-circus/build/legacy-code-todo-rewrite/jestAdapter.js:79:19)
    at runTestInternal (/Users/mb/Desktop/vibewell/node_modules/jest-runner/build/runTest.js:367:16)
    at runTest (/Users/mb/Desktop/vibewell/node_modules/jest-runner/build/runTest.js:444:34)</failure>
    </testcase>
    <testcase classname="NotificationService updatePreferences should update notification preferences" name="NotificationService updatePreferences should update notification preferences" time="0.002">
      <failure>TypeError: Cannot read properties of undefined (reading &apos;updatePreferences&apos;)
    at Object.updatePreferences (/Users/mb/Desktop/vibewell/src/services/__tests__/notification-service.test.ts:265:48)
    at Promise.then.completed (/Users/mb/Desktop/vibewell/node_modules/jest-circus/build/utils.js:298:28)
    at new Promise (&lt;anonymous&gt;)
    at callAsyncCircusFn (/Users/mb/Desktop/vibewell/node_modules/jest-circus/build/utils.js:231:10)
    at _callCircusTest (/Users/mb/Desktop/vibewell/node_modules/jest-circus/build/run.js:316:40)
    at _runTest (/Users/mb/Desktop/vibewell/node_modules/jest-circus/build/run.js:252:3)
    at _runTestsForDescribeBlock (/Users/mb/Desktop/vibewell/node_modules/jest-circus/build/run.js:126:9)
    at _runTestsForDescribeBlock (/Users/mb/Desktop/vibewell/node_modules/jest-circus/build/run.js:121:9)
[...]
    at jestAdapter (/Users/mb/Desktop/vibewell/node_modules/jest-circus/build/legacy-code-todo-rewrite/jestAdapter.js:79:19)
    at runTestInternal (/Users/mb/Desktop/vibewell/node_modules/jest-runner/build/runTest.js:367:16)
    at runTest (/Users/mb/Desktop/vibewell/node_modules/jest-runner/build/runTest.js:444:34)</failure>
    </testcase>
    <testcase classname="Form Integration displays validation error for invalid email" name="Form Integration displays validation error for invalid email" time="0.006">
      <failure>TypeError: _userevent.default.setup is not a function
    at setup (/Users/mb/Desktop/vibewell/src/test-utils/setup.tsx:11:21)
    at Object.&lt;anonymous&gt; (/Users/mb/Desktop/vibewell/src/__tests__/integration/form.test.tsx:114:27)
    at Promise.then.completed (/Users/mb/Desktop/vibewell/node_modules/jest-circus/build/utils.js:298:28)
    at new Promise (&lt;anonymous&gt;)
    at callAsyncCircusFn (/Users/mb/Desktop/vibewell/node_modules/jest-circus/build/utils.js:231:10)
    at _callCircusTest (/Users/mb/Desktop/vibewell/node_modules/jest-circus/build/run.js:316:40)
    at _runTest (/Users/mb/Desktop/vibewell/node_modules/jest-circus/build/run.js:252:3)
    at _runTestsForDescribeBlock (/Users/mb/Desktop/vibewell/node_modules/jest-circus/build/run.js:126:9)
    at _runTestsForDescribeBlock (/Users/mb/Desktop/vibewell/node_modules/jest-circus/build/run.js:121:9)
    at run (/Users/mb/Desktop/vibewell/node_modules/jest-circus/build/run.js:71:3)
    at runAndTransformResultsToJestFormat (/Users/mb/Desktop/vibewell/node_modules/jest-circus/build/legacy-code-todo-rewrite/jestAdapterInit.js:122:21)
    at jestAdapter (/Users/mb/Desktop/vibewell/node_modules/jest-circus/build/legacy-code-todo-rewrite/jestAdapter.js:79:19)
    at runTestInternal (/Users/mb/Desktop/vibewell/node_modules/jest-runner/build/runTest.js:367:16)
    at runTest (/Users/mb/Desktop/vibewell/node_modules/jest-runner/build/runTest.js:444:34)</failure>
    </testcase>
    <testcase classname="Form Integration submits form with valid data" name="Form Integration submits form with valid data" time="0.001">
      <failure>TypeError: _userevent.default.setup is not a function
    at setup (/Users/mb/Desktop/vibewell/src/test-utils/setup.tsx:11:21)
    at Object.&lt;anonymous&gt; (/Users/mb/Desktop/vibewell/src/__tests__/integration/form.test.tsx:134:27)
    at Promise.then.completed (/Users/mb/Desktop/vibewell/node_modules/jest-circus/build/utils.js:298:28)
    at new Promise (&lt;anonymous&gt;)
    at callAsyncCircusFn (/Users/mb/Desktop/vibewell/node_modules/jest-circus/build/utils.js:231:10)
    at _callCircusTest (/Users/mb/Desktop/vibewell/node_modules/jest-circus/build/run.js:316:40)
    at _runTest (/Users/mb/Desktop/vibewell/node_modules/jest-circus/build/run.js:252:3)
    at _runTestsForDescribeBlock (/Users/mb/Desktop/vibewell/node_modules/jest-circus/build/run.js:126:9)
    at _runTestsForDescribeBlock (/Users/mb/Desktop/vibewell/node_modules/jest-circus/build/run.js:121:9)
    at run (/Users/mb/Desktop/vibewell/node_modules/jest-circus/build/run.js:71:3)
    at runAndTransformResultsToJestFormat (/Users/mb/Desktop/vibewell/node_modules/jest-circus/build/legacy-code-todo-rewrite/jestAdapterInit.js:122:21)
    at jestAdapter (/Users/mb/Desktop/vibewell/node_modules/jest-circus/build/legacy-code-todo-rewrite/jestAdapter.js:79:19)
    at runTestInternal (/Users/mb/Desktop/vibewell/node_modules/jest-runner/build/runTest.js:367:16)
    at runTest (/Users/mb/Desktop/vibewell/node_modules/jest-runner/build/runTest.js:444:34)</failure>
    </testcase>
    <testcase classname="Form Integration focus state changes label color" name="Form Integration focus state changes label color" time="0.001">
      <failure>TypeError: _userevent.default.setup is not a function
    at setup (/Users/mb/Desktop/vibewell/src/test-utils/setup.tsx:11:21)
    at Object.&lt;anonymous&gt; (/Users/mb/Desktop/vibewell/src/__tests__/integration/form.test.tsx:162:27)
    at Promise.then.completed (/Users/mb/Desktop/vibewell/node_modules/jest-circus/build/utils.js:298:28)
    at new Promise (&lt;anonymous&gt;)
    at callAsyncCircusFn (/Users/mb/Desktop/vibewell/node_modules/jest-circus/build/utils.js:231:10)
    at _callCircusTest (/Users/mb/Desktop/vibewell/node_modules/jest-circus/build/run.js:316:40)
    at _runTest (/Users/mb/Desktop/vibewell/node_modules/jest-circus/build/run.js:252:3)
    at _runTestsForDescribeBlock (/Users/mb/Desktop/vibewell/node_modules/jest-circus/build/run.js:126:9)
    at _runTestsForDescribeBlock (/Users/mb/Desktop/vibewell/node_modules/jest-circus/build/run.js:121:9)
    at run (/Users/mb/Desktop/vibewell/node_modules/jest-circus/build/run.js:71:3)
    at runAndTransformResultsToJestFormat (/Users/mb/Desktop/vibewell/node_modules/jest-circus/build/legacy-code-todo-rewrite/jestAdapterInit.js:122:21)
    at jestAdapter (/Users/mb/Desktop/vibewell/node_modules/jest-circus/build/legacy-code-todo-rewrite/jestAdapter.js:79:19)
    at runTestInternal (/Users/mb/Desktop/vibewell/node_modules/jest-runner/build/runTest.js:367:16)
    at runTest (/Users/mb/Desktop/vibewell/node_modules/jest-runner/build/runTest.js:444:34)</failure>
    </testcase>
  </testsuite>
  <testsuite name="ErrorBoundary" errors="0" failures="1" skipped="0" timestamp="2025-04-13T23:07:37" time="0.373" tests="8">
    <testcase classname="ErrorBoundary renders children when there is no error" name="ErrorBoundary renders children when there is no error" time="0.006">
    </testcase>
    <testcase classname="ErrorBoundary renders fallback UI when an error occurs" name="ErrorBoundary renders fallback UI when an error occurs" time="0.032">
    </testcase>
    <testcase classname="ErrorBoundary renders custom fallback when provided" name="ErrorBoundary renders custom fallback when provided" time="0.021">
    </testcase>
    <testcase classname="ErrorBoundary calls onError when an error occurs" name="ErrorBoundary calls onError when an error occurs" time="0.016">
    </testcase>
    <testcase classname="ErrorBoundary resets the error state when &quot;Try Again&quot; is clicked" name="ErrorBoundary resets the error state when &quot;Try Again&quot; is clicked" time="0.042">
      <failure>TestingLibraryElementError: Unable to find an element with the text: Component rendered successfully. This could be because the text is broken up by multiple elements. In this case, you can provide a function for your text matcher to make your matcher more flexible.

Ignored nodes: comments, script, style
&lt;body&gt;
  &lt;div&gt;
    &lt;div
      class=&quot;p-4 rounded-lg border border-gray-200 shadow-sm bg-white&quot;
    &gt;
      &lt;div
        class=&quot;relative w-full rounded-lg border p-4 [&amp;&gt;svg~*]:pl-7 [&amp;&gt;svg+div]:translate-y-[-3px] [&amp;&gt;svg]:absolute [&amp;&gt;svg]:left-4 [&amp;&gt;svg]:top-4 border-destructive/50 text-destructive dark:border-destructive [&amp;&gt;svg]:text-destructive mb-4&quot;
        role=&quot;alert&quot;
      &gt;
        &lt;svg
          class=&quot;lucide lucide-circle-alert h-4 w-4&quot;
          fill=&quot;none&quot;
          height=&quot;24&quot;
          stroke=&quot;currentColor&quot;
          stroke-linecap=&quot;round&quot;
          stroke-linejoin=&quot;round&quot;
          stroke-width=&quot;2&quot;
          viewBox=&quot;0 0 24 24&quot;
          width=&quot;24&quot;
          xmlns=&quot;http://www.w3.org/2000/svg&quot;
        &gt;
          &lt;circle
            cx=&quot;12&quot;
            cy=&quot;12&quot;
            r=&quot;10&quot;
          /&gt;
          &lt;line
            x1=&quot;12&quot;
            x2=&quot;12&quot;
            y1=&quot;8&quot;
            y2=&quot;12&quot;
          /&gt;
          &lt;line
            x1=&quot;12&quot;
            x2=&quot;12.01&quot;
            y1=&quot;16&quot;
            y2=&quot;16&quot;
          /&gt;
        &lt;/svg&gt;
        &lt;h5
          class=&quot;mb-1 font-medium leading-none tracking-tight&quot;
        &gt;
          Something went wrong
        &lt;/h5&gt;
        &lt;div
          class=&quot;text-sm [&amp;_p]:leading-relaxed&quot;
        &gt;
          Test error
        &lt;/div&gt;
      &lt;/div&gt;
      &lt;div
        class=&quot;mt-4 text-gray-600 text-sm&quot;
      &gt;
        &lt;p&gt;
          We apologize for the inconvenience. You can try to recover by clicking the button below, or navigate to another page.
        &lt;/p&gt;
      &lt;/div&gt;
      &lt;div
        class=&quot;mt-6 flex justify-center&quot;
      &gt;
        &lt;button
          class=&quot;justify-center whitespace-nowrap rounded-md text-sm font-medium transition-colors focus-visible:outline-none focus-visible:ring-1 focus-visible:ring-ring disabled:pointer-events-none disabled:opacity-50 bg-primary text-primary-foreground shadow hover:bg-primary/90 h-9 px-4 py-2 flex items-center&quot;
        &gt;
          &lt;svg
            class=&quot;lucide lucide-refresh-ccw mr-2 h-4 w-4&quot;
            fill=&quot;none&quot;
            height=&quot;24&quot;
            stroke=&quot;currentColor&quot;
            stroke-linecap=&quot;round&quot;
            stroke-linejoin=&quot;round&quot;
            stroke-width=&quot;2&quot;
            viewBox=&quot;0 0 24 24&quot;
            width=&quot;24&quot;
            xmlns=&quot;http://www.w3.org/2000/svg&quot;
          &gt;
            &lt;path
              d=&quot;M21 12a9 9 0 0 0-9-9 9.75 9.75 0 0 0-6.74 2.74L3 8&quot;
            /&gt;
            &lt;path
              d=&quot;M3 3v5h5&quot;
            /&gt;
            &lt;path
              d=&quot;M3 12a9 9 0 0 0 9 9 9.75 9.75 0 0 0 6.74-2.74L21 16&quot;
            /&gt;
            &lt;path
              d=&quot;M16 16h5v5&quot;
            /&gt;
          &lt;/svg&gt;
          Try Again
        &lt;/button&gt;
      &lt;/div&gt;
    &lt;/div&gt;
  &lt;/div&gt;
&lt;/body&gt;
    at Object.getElementError (/Users/mb/Desktop/vibewell/node_modules/@testing-library/dom/dist/config.js:37:19)
    at /Users/mb/Desktop/vibewell/node_modules/@testing-library/dom/dist/query-helpers.js:76:38
    at /Users/mb/Desktop/vibewell/node_modules/@testing-library/dom/dist/query-helpers.js:52:17
    at /Users/mb/Desktop/vibewell/node_modules/@testing-library/dom/dist/query-helpers.js:95:19
    at Object.getByText (/Users/mb/Desktop/vibewell/src/__tests__/integration/error-boundary.test.tsx:110:19)
    at Promise.then.completed (/Users/mb/Desktop/vibewell/node_modules/jest-circus/build/utils.js:298:28)
    at new Promise (&lt;anonymous&gt;)
    at callAsyncCircusFn (/Users/mb/Desktop/vibewell/node_modules/jest-circus/build/utils.js:231:10)
    at _callCircusTest (/Users/mb/Desktop/vibewell/node_modules/jest-circus/build/run.js:316:40)
    at _runTest (/Users/mb/Desktop/vibewell/node_modules/jest-circus/build/run.js:252:3)
    at _runTestsForDescribeBlock (/Users/mb/Desktop/vibewell/node_modules/jest-circus/build/run.js:126:9)
    at _runTestsForDescribeBlock (/Users/mb/Desktop/vibewell/node_modules/jest-circus/build/run.js:121:9)
    at run (/Users/mb/Desktop/vibewell/node_modules/jest-circus/build/run.js:71:3)
    at runAndTransformResultsToJestFormat (/Users/mb/Desktop/vibewell/node_modules/jest-circus/build/legacy-code-todo-rewrite/jestAdapterInit.js:122:21)
    at jestAdapter (/Users/mb/Desktop/vibewell/node_modules/jest-circus/build/legacy-code-todo-rewrite/jestAdapter.js:79:19)
    at runTestInternal (/Users/mb/Desktop/vibewell/node_modules/jest-runner/build/runTest.js:367:16)
    at runTest (/Users/mb/Desktop/vibewell/node_modules/jest-runner/build/runTest.js:444:34)</failure>
    </testcase>
    <testcase classname="withErrorBoundary HOC wraps component with error boundary" name="withErrorBoundary HOC wraps component with error boundary" time="0.019">
    </testcase>
    <testcase classname="withErrorBoundary HOC passes props to wrapped component" name="withErrorBoundary HOC passes props to wrapped component" time="0.003">
    </testcase>
    <testcase classname="withErrorBoundary HOC passes error boundary props correctly" name="withErrorBoundary HOC passes error boundary props correctly" time="0.017">
    </testcase>
  </testsuite>
  <testsuite name="Health API Endpoint" errors="0" failures="0" skipped="0" timestamp="2025-04-13T23:07:38" time="0.136" tests="3">
    <testcase classname="Health API Endpoint should return status ok and the correct data structure" name="Health API Endpoint should return status ok and the correct data structure" time="0.003">
    </testcase>
    <testcase classname="Health API Endpoint should include CORS headers in the response" name="Health API Endpoint should include CORS headers in the response" time="0.002">
    </testcase>
    <testcase classname="Health API Endpoint should be fast - respond within 100ms" name="Health API Endpoint should be fast - respond within 100ms" time="0.002">
    </testcase>
  </testsuite>
  <testsuite name="Backup and Recovery System Integration" errors="0" failures="6" skipped="0" timestamp="2025-04-13T23:07:39" time="0.401" tests="7">
    <testcase classname="Backup and Recovery System Integration Backup Creation should create a full backup successfully" name="Backup and Recovery System Integration Backup Creation should create a full backup successfully" time="0.004">
      <failure>Error: expect(received).toHaveProperty(path, value)

Matcher error: received value must not be null nor undefined

Received has value: undefined
    at Object.toHaveProperty (/Users/mb/Desktop/vibewell/tests/integration/backup-recovery.test.ts:129:22)</failure>
    </testcase>
    <testcase classname="Backup and Recovery System Integration Backup Creation should handle backup creation errors gracefully" name="Backup and Recovery System Integration Backup Creation should handle backup creation errors gracefully" time="0.002">
      <failure>Error: expect(received).rejects.toThrow()

Received promise resolved instead of rejected
Resolved to value: undefined
    at expect (/Users/mb/Desktop/vibewell/node_modules/expect/build/index.js:113:15)
    at Object.&lt;anonymous&gt; (/Users/mb/Desktop/vibewell/tests/integration/backup-recovery.test.ts:152:19)
    at Promise.then.completed (/Users/mb/Desktop/vibewell/node_modules/jest-circus/build/utils.js:298:28)
    at new Promise (&lt;anonymous&gt;)
    at callAsyncCircusFn (/Users/mb/Desktop/vibewell/node_modules/jest-circus/build/utils.js:231:10)
    at _callCircusTest (/Users/mb/Desktop/vibewell/node_modules/jest-circus/build/run.js:316:40)
    at _runTest (/Users/mb/Desktop/vibewell/node_modules/jest-circus/build/run.js:252:3)
    at _runTestsForDescribeBlock (/Users/mb/Desktop/vibewell/node_modules/jest-circus/build/run.js:126:9)
    at _runTestsForDescribeBlock (/Users/mb/Desktop/vibewell/node_modules/jest-circus/build/run.js:121:9)
    at _runTestsForDescribeBlock (/Users/mb/Desktop/vibewell/node_modules/jest-circus/build/run.js:121:9)
    at run (/Users/mb/Desktop/vibewell/node_modules/jest-circus/build/run.js:71:3)
    at runAndTransformResultsToJestFormat (/Users/mb/Desktop/vibewell/node_modules/jest-circus/build/legacy-code-todo-rewrite/jestAdapterInit.js:122:21)
    at jestAdapter (/Users/mb/Desktop/vibewell/node_modules/jest-circus/build/legacy-code-todo-rewrite/jestAdapter.js:79:19)
    at runTestInternal (/Users/mb/Desktop/vibewell/node_modules/jest-runner/build/runTest.js:367:16)
    at runTest (/Users/mb/Desktop/vibewell/node_modules/jest-runner/build/runTest.js:444:34)</failure>
    </testcase>
    <testcase classname="Backup and Recovery System Integration Backup Restoration should restore from backup successfully" name="Backup and Recovery System Integration Backup Restoration should restore from backup successfully" time="0.003">
      <failure>TypeError: Cannot read properties of undefined (reading &apos;from&apos;)
    at BackupService.from [as restoreBackup] (/Users/mb/Desktop/vibewell/src/lib/backup/backup-service.ts:425:10)
    at Object.&lt;anonymous&gt; (/Users/mb/Desktop/vibewell/tests/integration/backup-recovery.test.ts:194:7)</failure>
    </testcase>
    <testcase classname="Backup and Recovery System Integration Backup Restoration should verify backup integrity before restoration" name="Backup and Recovery System Integration Backup Restoration should verify backup integrity before restoration" time="0.003">
      <failure>TypeError: Cannot read properties of undefined (reading &apos;from&apos;)
    at BackupService.from [as restoreBackup] (/Users/mb/Desktop/vibewell/src/lib/backup/backup-service.ts:425:10)
    at Object.&lt;anonymous&gt; (/Users/mb/Desktop/vibewell/tests/integration/backup-recovery.test.ts:244:7)</failure>
    </testcase>
    <testcase classname="Backup and Recovery System Integration Backup Restoration should handle restoration errors gracefully" name="Backup and Recovery System Integration Backup Restoration should handle restoration errors gracefully" time="0.004">
      <failure>Error: expect(received).rejects.toThrow(expected)

Expected substring: &quot;Backup not found&quot;
Received message:   &quot;Cannot read properties of undefined (reading &apos;from&apos;)&quot;

      423 |       // Download backup file
      424 |       const { data: backupFile, error: downloadError } = await this.backupClient.storage
    &gt; 425 |         .from(&apos;backups&apos;)
          |          ^
      426 |         .download(backup.backup_path);
      427 |
      428 |       if (downloadError) throw downloadError;

      at BackupService.from [as restoreBackup] (src/lib/backup/backup-service.ts:425:10)
      at Object.&lt;anonymous&gt; (tests/integration/backup-recovery.test.ts:263:7)
    at Object.toThrow (/Users/mb/Desktop/vibewell/node_modules/expect/build/index.js:218:22)
    at Object.toThrow (/Users/mb/Desktop/vibewell/tests/integration/backup-recovery.test.ts:263:80)
    at Promise.then.completed (/Users/mb/Desktop/vibewell/node_modules/jest-circus/build/utils.js:298:28)
    at new Promise (&lt;anonymous&gt;)
    at callAsyncCircusFn (/Users/mb/Desktop/vibewell/node_modules/jest-circus/build/utils.js:231:10)
    at _callCircusTest (/Users/mb/Desktop/vibewell/node_modules/jest-circus/build/run.js:316:40)
    at _runTest (/Users/mb/Desktop/vibewell/node_modules/jest-circus/build/run.js:252:3)
    at _runTestsForDescribeBlock (/Users/mb/Desktop/vibewell/node_modules/jest-circus/build/run.js:126:9)
    at _runTestsForDescribeBlock (/Users/mb/Desktop/vibewell/node_modules/jest-circus/build/run.js:121:9)
    at _runTestsForDescribeBlock (/Users/mb/Desktop/vibewell/node_modules/jest-circus/build/run.js:121:9)
    at run (/Users/mb/Desktop/vibewell/node_modules/jest-circus/build/run.js:71:3)
    at runAndTransformResultsToJestFormat (/Users/mb/Desktop/vibewell/node_modules/jest-circus/build/legacy-code-todo-rewrite/jestAdapterInit.js:122:21)
    at jestAdapter (/Users/mb/Desktop/vibewell/node_modules/jest-circus/build/legacy-code-todo-rewrite/jestAdapter.js:79:19)
    at runTestInternal (/Users/mb/Desktop/vibewell/node_modules/jest-runner/build/runTest.js:367:16)
    at runTest (/Users/mb/Desktop/vibewell/node_modules/jest-runner/build/runTest.js:444:34)</failure>
    </testcase>
    <testcase classname="Backup and Recovery System Integration Backup Verification should verify backup integrity successfully" name="Backup and Recovery System Integration Backup Verification should verify backup integrity successfully" time="0.003">
      <failure>Error: expect(received).toBe(expected) // Object.is equality

Expected: true
Received: false
    at Object.toBe (/Users/mb/Desktop/vibewell/tests/integration/backup-recovery.test.ts:305:23)</failure>
    </testcase>
    <testcase classname="Backup and Recovery System Integration Backup Verification should detect corrupted backups" name="Backup and Recovery System Integration Backup Verification should detect corrupted backups" time="0.002">
    </testcase>
  </testsuite>
</testsuites>