{"/Users/mb/Desktop/vibewell/apps/web/src/app.ts": {"path":"/Users/mb/Desktop/vibewell/apps/web/src/app.ts","statementMap":{"0":{"start":{"line":27,"column":0},"end":{"line":27,"column":15}},"1":{"start":{"line":1,"column":20},"end":{"line":1,"column":null}},"2":{"start":{"line":2,"column":17},"end":{"line":2,"column":null}},"3":{"start":{"line":3,"column":19},"end":{"line":3,"column":null}},"4":{"start":{"line":5,"column":27},"end":{"line":5,"column":null}},"5":{"start":{"line":7,"column":28},"end":{"line":7,"column":null}},"6":{"start":{"line":9,"column":29},"end":{"line":9,"column":null}},"7":{"start":{"line":11,"column":12},"end":{"line":11,"column":null}},"8":{"start":{"line":14,"column":0},"end":{"line":14,"column":null}},"9":{"start":{"line":15,"column":0},"end":{"line":15,"column":null}},"10":{"start":{"line":16,"column":0},"end":{"line":16,"column":null}},"11":{"start":{"line":20,"column":0},"end":{"line":20,"column":null}},"12":{"start":{"line":22,"column":0},"end":{"line":22,"column":null}},"13":{"start":{"line":25,"column":0},"end":{"line":25,"column":null}},"14":{"start":{"line":27,"column":15},"end":{"line":27,"column":null}}},"fnMap":{},"branchMap":{},"s":{"0":0,"1":0,"2":0,"3":0,"4":0,"5":0,"6":0,"7":0,"8":0,"9":0,"10":0,"11":0,"12":0,"13":0,"14":0},"f":{},"b":{}}
,"/Users/mb/Desktop/vibewell/apps/web/src/app/api/auth/[...auth]/route.ts": {"path":"/Users/mb/Desktop/vibewell/apps/web/src/app/api/auth/[...auth]/route.ts","statementMap":{"0":{"start":{"line":4,"column":15},"end":{"line":4,"column":18}},"1":{"start":{"line":4,"column":20},"end":{"line":4,"column":24}},"2":{"start":{"line":7,"column":13},"end":{"line":7,"column":20}},"3":{"start":{"line":2,"column":25},"end":{"line":2,"column":null}},"4":{"start":{"line":4,"column":29},"end":{"line":4,"column":37}},"5":{"start":{"line":7,"column":23},"end":{"line":7,"column":null}}},"fnMap":{},"branchMap":{},"s":{"0":0,"1":0,"2":0,"3":0,"4":0,"5":0},"f":{},"b":{}}
,"/Users/mb/Desktop/vibewell/apps/web/src/components/accessibility-panel.tsx": {"path":"/Users/mb/Desktop/vibewell/apps/web/src/components/accessibility-panel.tsx","statementMap":{"0":{"start":{"line":1,"column":18},"end":{"line":1,"column":null}}},"fnMap":{},"branchMap":{},"s":{"0":0},"f":{},"b":{}}
,"/Users/mb/Desktop/vibewell/apps/web/src/components/community-events.tsx": {"path":"/Users/mb/Desktop/vibewell/apps/web/src/components/community-events.tsx","statementMap":{"0":{"start":{"line":1,"column":17},"end":{"line":1,"column":null}}},"fnMap":{},"branchMap":{"0":{"loc":{"start":{"line":1,"column":17},"end":{"line":1,"column":null}},"type":"binary-expr","locations":[{"start":{"line":1,"column":17},"end":{"line":1,"column":31}},{"start":{"line":1,"column":35},"end":{"line":1,"column":null}}]}},"s":{"0":0},"f":{},"b":{"0":[0,0]}}
,"/Users/mb/Desktop/vibewell/apps/web/src/components/messaging.tsx": {"path":"/Users/mb/Desktop/vibewell/apps/web/src/components/messaging.tsx","statementMap":{"0":{"start":{"line":12,"column":0},"end":{"line":12,"column":15}},"1":{"start":{"line":7,"column":26},"end":{"line":7,"column":null}},"2":{"start":{"line":9,"column":14},"end":{"line":9,"column":null}},"3":{"start":{"line":12,"column":15},"end":{"line":12,"column":24}}},"fnMap":{},"branchMap":{},"s":{"0":0,"1":0,"2":0,"3":0},"f":{},"b":{}}
,"/Users/mb/Desktop/vibewell/apps/web/src/components/ar/ar-viewer.tsx": {"path":"/Users/mb/Desktop/vibewell/apps/web/src/components/ar/ar-viewer.tsx","statementMap":{"0":{"start":{"line":2,"column":20},"end":{"line":2,"column":36}},"1":{"start":{"line":2,"column":36},"end":{"line":2,"column":null}}},"fnMap":{},"branchMap":{},"s":{"0":0,"1":0},"f":{},"b":{}}
,"/Users/mb/Desktop/vibewell/apps/web/src/components/ui/accessibility.tsx": {"path":"/Users/mb/Desktop/vibewell/apps/web/src/components/ui/accessibility.tsx","statementMap":{"0":{"start":{"line":4,"column":9},"end":{"line":4,"column":33}},"1":{"start":{"line":5,"column":9},"end":{"line":5,"column":31}},"2":{"start":{"line":6,"column":9},"end":{"line":6,"column":33}},"3":{"start":{"line":7,"column":9},"end":{"line":7,"column":30}},"4":{"start":{"line":8,"column":9},"end":{"line":8,"column":33}},"5":{"start":{"line":9,"column":9},"end":{"line":9,"column":25}},"6":{"start":{"line":10,"column":9},"end":{"line":10,"column":31}},"7":{"start":{"line":4,"column":33},"end":{"line":4,"column":null}},"8":{"start":{"line":5,"column":31},"end":{"line":5,"column":null}},"9":{"start":{"line":6,"column":33},"end":{"line":6,"column":null}},"10":{"start":{"line":7,"column":30},"end":{"line":7,"column":null}},"11":{"start":{"line":8,"column":33},"end":{"line":8,"column":null}},"12":{"start":{"line":9,"column":25},"end":{"line":9,"column":null}},"13":{"start":{"line":10,"column":31},"end":{"line":10,"column":null}}},"fnMap":{},"branchMap":{},"s":{"0":0,"1":0,"2":0,"3":0,"4":0,"5":0,"6":0,"7":0,"8":0,"9":0,"10":0,"11":0,"12":0,"13":0},"f":{},"b":{}}
,"/Users/mb/Desktop/vibewell/apps/web/src/components/ui/accordion.tsx": {"path":"/Users/mb/Desktop/vibewell/apps/web/src/components/ui/accordion.tsx","statementMap":{"0":{"start":{"line":55,"column":9},"end":{"line":55,"column":18}},"1":{"start":{"line":55,"column":53},"end":{"line":55,"column":69}},"2":{"start":{"line":55,"column":20},"end":{"line":55,"column":33}},"3":{"start":{"line":55,"column":35},"end":{"line":55,"column":51}},"4":{"start":{"line":3,"column":23},"end":{"line":3,"column":null}},"5":{"start":{"line":4,"column":36},"end":{"line":4,"column":null}},"6":{"start":{"line":5,"column":28},"end":{"line":5,"column":null}},"7":{"start":{"line":6,"column":19},"end":{"line":6,"column":null}},"8":{"start":{"line":8,"column":18},"end":{"line":8,"column":41}},"9":{"start":{"line":16,"column":0},"end":{"line":16,"column":null}},"10":{"start":{"line":36,"column":0},"end":{"line":36,"column":null}},"11":{"start":{"line":53,"column":0},"end":{"line":53,"column":null}}},"fnMap":{},"branchMap":{},"s":{"0":0,"1":0,"2":0,"3":0,"4":0,"5":0,"6":0,"7":0,"8":0,"9":0,"10":0,"11":0},"f":{},"b":{}}
,"/Users/mb/Desktop/vibewell/apps/web/src/components/ui/error-boundary.tsx": {"path":"/Users/mb/Desktop/vibewell/apps/web/src/components/ui/error-boundary.tsx","statementMap":{"0":{"start":{"line":1,"column":9},"end":{"line":1,"column":30}},"1":{"start":{"line":2,"column":9},"end":{"line":2,"column":34}},"2":{"start":{"line":1,"column":30},"end":{"line":1,"column":null}},"3":{"start":{"line":2,"column":34},"end":{"line":2,"column":null}}},"fnMap":{},"branchMap":{},"s":{"0":0,"1":0,"2":0,"3":0},"f":{},"b":{}}
,"/Users/mb/Desktop/vibewell/apps/web/src/components/ui/icons.tsx": {"path":"/Users/mb/Desktop/vibewell/apps/web/src/components/ui/icons.tsx","statementMap":{"0":{"start":{"line":3,"column":9},"end":{"line":3,"column":null}},"1":{"start":{"line":1,"column":23},"end":{"line":1,"column":null}}},"fnMap":{},"branchMap":{},"s":{"0":0,"1":0},"f":{},"b":{}}
,"/Users/mb/Desktop/vibewell/apps/web/src/components/ui/index.ts": {"path":"/Users/mb/Desktop/vibewell/apps/web/src/components/ui/index.ts","statementMap":{"0":{"start":{"line":9,"column":14},"end":{"line":9,"column":null}},"1":{"start":{"line":10,"column":14},"end":{"line":10,"column":null}},"2":{"start":{"line":11,"column":14},"end":{"line":11,"column":null}},"3":{"start":{"line":12,"column":14},"end":{"line":12,"column":null}},"4":{"start":{"line":13,"column":14},"end":{"line":13,"column":null}},"5":{"start":{"line":14,"column":14},"end":{"line":14,"column":null}},"6":{"start":{"line":15,"column":14},"end":{"line":15,"column":null}},"7":{"start":{"line":16,"column":14},"end":{"line":16,"column":null}},"8":{"start":{"line":17,"column":14},"end":{"line":17,"column":null}},"9":{"start":{"line":18,"column":14},"end":{"line":18,"column":null}}},"fnMap":{},"branchMap":{},"s":{"0":0,"1":0,"2":0,"3":0,"4":0,"5":0,"6":0,"7":0,"8":0,"9":0},"f":{},"b":{}}
,"/Users/mb/Desktop/vibewell/apps/web/src/components/ui/popover.tsx": {"path":"/Users/mb/Desktop/vibewell/apps/web/src/components/ui/popover.tsx","statementMap":{"0":{"start":{"line":31,"column":9},"end":{"line":31,"column":16}},"1":{"start":{"line":31,"column":34},"end":{"line":31,"column":48}},"2":{"start":{"line":31,"column":18},"end":{"line":31,"column":32}},"3":{"start":{"line":3,"column":23},"end":{"line":3,"column":null}},"4":{"start":{"line":4,"column":34},"end":{"line":4,"column":null}},"5":{"start":{"line":6,"column":19},"end":{"line":6,"column":null}},"6":{"start":{"line":8,"column":16},"end":{"line":8,"column":37}},"7":{"start":{"line":10,"column":23},"end":{"line":10,"column":47}},"8":{"start":{"line":29,"column":0},"end":{"line":29,"column":null}}},"fnMap":{},"branchMap":{"0":{"loc":{"start":{"line":15,"column":16},"end":{"line":15,"column":32}},"type":"default-arg","locations":[{"start":{"line":15,"column":24},"end":{"line":15,"column":32}}]},"1":{"loc":{"start":{"line":15,"column":34},"end":{"line":15,"column":48}},"type":"default-arg","locations":[{"start":{"line":15,"column":47},"end":{"line":15,"column":48}}]}},"s":{"0":0,"1":0,"2":0,"3":0,"4":0,"5":0,"6":0,"7":0,"8":0},"f":{},"b":{"0":[0],"1":[0]}}
,"/Users/mb/Desktop/vibewell/apps/web/src/components/ui/progress.tsx": {"path":"/Users/mb/Desktop/vibewell/apps/web/src/components/ui/progress.tsx","statementMap":{"0":{"start":{"line":23,"column":9},"end":{"line":23,"column":null}},"1":{"start":{"line":1,"column":23},"end":{"line":1,"column":null}},"2":{"start":{"line":2,"column":35},"end":{"line":2,"column":null}},"3":{"start":{"line":4,"column":19},"end":{"line":4,"column":null}},"4":{"start":{"line":21,"column":0},"end":{"line":21,"column":null}}},"fnMap":{},"branchMap":{"0":{"loc":{"start":{"line":17,"column":48},"end":{"line":17,"column":60}},"type":"binary-expr","locations":[{"start":{"line":17,"column":48},"end":{"line":17,"column":57}},{"start":{"line":17,"column":57},"end":{"line":17,"column":60}}]}},"s":{"0":0,"1":0,"2":0,"3":0,"4":0},"f":{},"b":{"0":[0,0]}}
,"/Users/mb/Desktop/vibewell/apps/web/src/components/ui/scroll-area.tsx": {"path":"/Users/mb/Desktop/vibewell/apps/web/src/components/ui/scroll-area.tsx","statementMap":{"0":{"start":{"line":46,"column":9},"end":{"line":46,"column":19}},"1":{"start":{"line":46,"column":21},"end":{"line":46,"column":30}},"2":{"start":{"line":3,"column":23},"end":{"line":3,"column":null}},"3":{"start":{"line":4,"column":37},"end":{"line":4,"column":null}},"4":{"start":{"line":6,"column":19},"end":{"line":6,"column":null}},"5":{"start":{"line":24,"column":0},"end":{"line":24,"column":null}},"6":{"start":{"line":44,"column":0},"end":{"line":44,"column":null}}},"fnMap":{},"branchMap":{"0":{"loc":{"start":{"line":29,"column":16},"end":{"line":29,"column":40}},"type":"default-arg","locations":[{"start":{"line":29,"column":30},"end":{"line":29,"column":40}}]},"1":{"loc":{"start":{"line":35,"column":6},"end":{"line":35,"column":null}},"type":"binary-expr","locations":[{"start":{"line":35,"column":6},"end":{"line":35,"column":36}},{"start":{"line":35,"column":36},"end":{"line":35,"column":null}}]},"2":{"loc":{"start":{"line":36,"column":6},"end":{"line":36,"column":null}},"type":"binary-expr","locations":[{"start":{"line":36,"column":6},"end":{"line":36,"column":38}},{"start":{"line":36,"column":38},"end":{"line":36,"column":null}}]}},"s":{"0":0,"1":0,"2":0,"3":0,"4":0,"5":0,"6":0},"f":{},"b":{"0":[0],"1":[0,0],"2":[0,0]}}
,"/Users/mb/Desktop/vibewell/apps/web/src/components/ui/separator.tsx": {"path":"/Users/mb/Desktop/vibewell/apps/web/src/components/ui/separator.tsx","statementMap":{"0":{"start":{"line":26,"column":9},"end":{"line":26,"column":null}},"1":{"start":{"line":3,"column":23},"end":{"line":3,"column":null}},"2":{"start":{"line":4,"column":36},"end":{"line":4,"column":null}},"3":{"start":{"line":6,"column":19},"end":{"line":6,"column":null}},"4":{"start":{"line":24,"column":0},"end":{"line":24,"column":null}}},"fnMap":{},"branchMap":{"0":{"loc":{"start":{"line":11,"column":16},"end":{"line":11,"column":42}},"type":"default-arg","locations":[{"start":{"line":11,"column":30},"end":{"line":11,"column":42}}]},"1":{"loc":{"start":{"line":11,"column":44},"end":{"line":11,"column":61}},"type":"default-arg","locations":[{"start":{"line":11,"column":57},"end":{"line":11,"column":61}}]},"2":{"loc":{"start":{"line":18,"column":6},"end":{"line":18,"column":null}},"type":"cond-expr","locations":[{"start":{"line":18,"column":37},"end":{"line":18,"column":56}},{"start":{"line":18,"column":56},"end":{"line":18,"column":null}}]}},"s":{"0":0,"1":0,"2":0,"3":0,"4":0},"f":{},"b":{"0":[0],"1":[0],"2":[0,0]}}
,"/Users/mb/Desktop/vibewell/apps/web/src/components/ui/switch.tsx": {"path":"/Users/mb/Desktop/vibewell/apps/web/src/components/ui/switch.tsx","statementMap":{"0":{"start":{"line":28,"column":9},"end":{"line":28,"column":null}},"1":{"start":{"line":3,"column":23},"end":{"line":3,"column":null}},"2":{"start":{"line":4,"column":34},"end":{"line":4,"column":null}},"3":{"start":{"line":5,"column":19},"end":{"line":5,"column":null}},"4":{"start":{"line":26,"column":0},"end":{"line":26,"column":null}}},"fnMap":{},"branchMap":{},"s":{"0":0,"1":0,"2":0,"3":0,"4":0},"f":{},"b":{}}
,"/Users/mb/Desktop/vibewell/apps/web/src/components/ui/tabs.tsx": {"path":"/Users/mb/Desktop/vibewell/apps/web/src/components/ui/tabs.tsx","statementMap":{"0":{"start":{"line":54,"column":9},"end":{"line":54,"column":13}},"1":{"start":{"line":54,"column":38},"end":{"line":54,"column":49}},"2":{"start":{"line":54,"column":15},"end":{"line":54,"column":23}},"3":{"start":{"line":54,"column":25},"end":{"line":54,"column":36}},"4":{"start":{"line":3,"column":23},"end":{"line":3,"column":null}},"5":{"start":{"line":4,"column":31},"end":{"line":4,"column":null}},"6":{"start":{"line":5,"column":19},"end":{"line":5,"column":null}},"7":{"start":{"line":7,"column":13},"end":{"line":7,"column":31}},"8":{"start":{"line":22,"column":0},"end":{"line":22,"column":null}},"9":{"start":{"line":37,"column":0},"end":{"line":37,"column":null}},"10":{"start":{"line":52,"column":0},"end":{"line":52,"column":null}}},"fnMap":{},"branchMap":{},"s":{"0":0,"1":0,"2":0,"3":0,"4":0,"5":0,"6":0,"7":0,"8":0,"9":0,"10":0},"f":{},"b":{}}
,"/Users/mb/Desktop/vibewell/apps/web/src/components/ui/tooltip.tsx": {"path":"/Users/mb/Desktop/vibewell/apps/web/src/components/ui/tooltip.tsx","statementMap":{"0":{"start":{"line":29,"column":9},"end":{"line":29,"column":16}},"1":{"start":{"line":29,"column":34},"end":{"line":29,"column":48}},"2":{"start":{"line":29,"column":50},"end":{"line":29,"column":65}},"3":{"start":{"line":29,"column":18},"end":{"line":29,"column":32}},"4":{"start":{"line":3,"column":23},"end":{"line":3,"column":null}},"5":{"start":{"line":4,"column":34},"end":{"line":4,"column":null}},"6":{"start":{"line":5,"column":19},"end":{"line":5,"column":null}},"7":{"start":{"line":7,"column":24},"end":{"line":7,"column":49}},"8":{"start":{"line":9,"column":16},"end":{"line":9,"column":37}},"9":{"start":{"line":11,"column":23},"end":{"line":11,"column":47}},"10":{"start":{"line":27,"column":0},"end":{"line":27,"column":null}}},"fnMap":{},"branchMap":{"0":{"loc":{"start":{"line":16,"column":16},"end":{"line":16,"column":30}},"type":"default-arg","locations":[{"start":{"line":16,"column":29},"end":{"line":16,"column":30}}]}},"s":{"0":0,"1":0,"2":0,"3":0,"4":0,"5":0,"6":0,"7":0,"8":0,"9":0,"10":0},"f":{},"b":{"0":[0]}}
,"/Users/mb/Desktop/vibewell/apps/web/src/config/third-party.ts": {"path":"/Users/mb/Desktop/vibewell/apps/web/src/config/third-party.ts","statementMap":{"0":{"start":{"line":4,"column":13},"end":{"line":4,"column":52}},"1":{"start":{"line":4,"column":52},"end":{"line":4,"column":null}}},"fnMap":{},"branchMap":{},"s":{"0":0,"1":0},"f":{},"b":{}}
,"/Users/mb/Desktop/vibewell/apps/web/src/graphql/types/index.ts": {"path":"/Users/mb/Desktop/vibewell/apps/web/src/graphql/types/index.ts","statementMap":{"0":{"start":{"line":2,"column":14},"end":{"line":2,"column":null}},"1":{"start":{"line":4,"column":14},"end":{"line":4,"column":null}},"2":{"start":{"line":6,"column":14},"end":{"line":6,"column":null}},"3":{"start":{"line":8,"column":14},"end":{"line":8,"column":null}}},"fnMap":{},"branchMap":{},"s":{"0":0,"1":0,"2":0,"3":0},"f":{},"b":{}}
,"/Users/mb/Desktop/vibewell/apps/web/src/lib/api/cache.ts": {"path":"/Users/mb/Desktop/vibewell/apps/web/src/lib/api/cache.ts","statementMap":{"0":{"start":{"line":17,"column":13},"end":{"line":17,"column":21}},"1":{"start":{"line":18,"column":13},"end":{"line":18,"column":24}},"2":{"start":{"line":9,"column":45},"end":{"line":9,"column":null}},"3":{"start":{"line":17,"column":24},"end":{"line":17,"column":40}},"4":{"start":{"line":18,"column":27},"end":{"line":18,"column":46}}},"fnMap":{},"branchMap":{},"s":{"0":0,"1":0,"2":0,"3":0,"4":0},"f":{},"b":{}}
,"/Users/mb/Desktop/vibewell/apps/web/src/lib/ar/model-cache.ts": {"path":"/Users/mb/Desktop/vibewell/apps/web/src/lib/ar/model-cache.ts","statementMap":{"0":{"start":{"line":13,"column":23},"end":{"line":13,"column":null}},"1":{"start":{"line":13,"column":9},"end":{"line":13,"column":23}},"2":{"start":{"line":9,"column":43},"end":{"line":9,"column":null}}},"fnMap":{},"branchMap":{},"s":{"0":0,"1":0,"2":0},"f":{},"b":{}}
,"/Users/mb/Desktop/vibewell/apps/web/src/lib/graphql/schema.ts": {"path":"/Users/mb/Desktop/vibewell/apps/web/src/lib/graphql/schema.ts","statementMap":{"0":{"start":{"line":259,"column":0},"end":{"line":259,"column":15}},"1":{"start":{"line":12,"column":13},"end":{"line":12,"column":21}},"2":{"start":{"line":9,"column":20},"end":{"line":9,"column":null}},"3":{"start":{"line":12,"column":24},"end":{"line":258,"column":1}},"4":{"start":{"line":259,"column":15},"end":{"line":259,"column":24}}},"fnMap":{},"branchMap":{},"s":{"0":0,"1":0,"2":0,"3":0,"4":0},"f":{},"b":{}}
,"/Users/mb/Desktop/vibewell/apps/web/src/lib/websocket/rate-limiter.ts": {"path":"/Users/mb/Desktop/vibewell/apps/web/src/lib/websocket/rate-limiter.ts","statementMap":{"0":{"start":{"line":13,"column":31},"end":{"line":13,"column":null}},"1":{"start":{"line":13,"column":9},"end":{"line":13,"column":31}},"2":{"start":{"line":9,"column":59},"end":{"line":9,"column":null}}},"fnMap":{},"branchMap":{},"s":{"0":0,"1":0,"2":0},"f":{},"b":{}}
,"/Users/mb/Desktop/vibewell/apps/web/src/mocks/handlers/index.ts": {"path":"/Users/mb/Desktop/vibewell/apps/web/src/mocks/handlers/index.ts","statementMap":{"0":{"start":{"line":9,"column":13},"end":{"line":9,"column":24}},"1":{"start":{"line":1,"column":29},"end":{"line":1,"column":null}},"2":{"start":{"line":2,"column":32},"end":{"line":2,"column":null}},"3":{"start":{"line":3,"column":32},"end":{"line":3,"column":null}},"4":{"start":{"line":4,"column":29},"end":{"line":4,"column":null}},"5":{"start":{"line":5,"column":27},"end":{"line":5,"column":null}},"6":{"start":{"line":6,"column":27},"end":{"line":6,"column":null}},"7":{"start":{"line":9,"column":24},"end":{"line":16,"column":null}}},"fnMap":{},"branchMap":{},"s":{"0":0,"1":0,"2":0,"3":0,"4":0,"5":0,"6":0,"7":0},"f":{},"b":{}}
,"/Users/mb/Desktop/vibewell/apps/web/src/utils/mobile-optimizations.ts": {"path":"/Users/mb/Desktop/vibewell/apps/web/src/utils/mobile-optimizations.ts","statementMap":{"0":{"start":{"line":16,"column":14},"end":{"line":16,"column":null}}},"fnMap":{},"branchMap":{},"s":{"0":0},"f":{},"b":{}}
,"/Users/mb/Desktop/vibewell/apps/web/src/utils/state-manager-compat.ts": {"path":"/Users/mb/Desktop/vibewell/apps/web/src/utils/state-manager-compat.ts","statementMap":{"0":{"start":{"line":17,"column":9},"end":{"line":17,"column":null}},"1":{"start":{"line":15,"column":14},"end":{"line":15,"column":null}}},"fnMap":{},"branchMap":{},"s":{"0":0,"1":0},"f":{},"b":{}}
,"/Users/mb/Desktop/vibewell/apps/web/src/utils/state-manager.ts": {"path":"/Users/mb/Desktop/vibewell/apps/web/src/utils/state-manager.ts","statementMap":{"0":{"start":{"line":17,"column":9},"end":{"line":17,"column":null}},"1":{"start":{"line":15,"column":14},"end":{"line":15,"column":null}}},"fnMap":{},"branchMap":{},"s":{"0":0,"1":0},"f":{},"b":{}}
}
