TN:
SF:apps/web/src/app.ts
FNF:0
FNH:0
DA:1,0
DA:2,0
DA:3,0
DA:5,0
DA:7,0
DA:9,0
DA:11,0
DA:14,0
DA:15,0
DA:16,0
DA:20,0
DA:22,0
DA:25,0
DA:27,0
LF:14
LH:0
BRF:0
BRH:0
end_of_record
TN:
SF:apps/web/src/middleware.ts
FN:50,middleware
FN:55,(anonymous_4)
FNF:2
FNH:0
FNDA:0,middleware
FNDA:0,(anonymous_4)
DA:1,0
DA:3,0
DA:7,0
DA:9,0
DA:12,0
DA:21,0
DA:50,0
DA:51,0
DA:52,0
DA:55,0
DA:56,0
DA:59,0
DA:60,0
DA:64,0
DA:66,0
DA:67,0
DA:68,0
DA:72,0
DA:73,0
DA:75,0
DA:76,0
DA:80,0
DA:82,0
DA:84,0
DA:89,0
DA:92,0
DA:96,0
DA:97,0
DA:111,0
DA:113,0
DA:117,0
DA:119,0
DA:120,0
DA:121,0
DA:125,0
DA:134,0
LF:36
LH:0
BRDA:15,0,0,0
BRDA:15,0,1,0
BRDA:16,1,0,0
BRDA:16,1,1,0
BRDA:55,2,0,0
BRDA:64,3,0,0
BRDA:72,4,0,0
BRDA:72,4,1,0
BRDA:75,5,0,0
BRDA:80,6,0,0
BRDA:84,7,0,0
BRDA:84,7,1,0
BRDA:117,8,0,0
BRF:13
BRH:0
end_of_record
TN:
SF:apps/web/src/app/error.tsx
FN:7,Error
FN:14,(anonymous_6)
FN:30,(anonymous_7)
FNF:3
FNH:0
FNDA:0,Error
FNDA:0,(anonymous_6)
FNDA:0,(anonymous_7)
DA:3,0
DA:4,0
DA:5,0
DA:7,0
DA:14,0
DA:16,0
DA:30,0
LF:7
LH:0
BRDA:42,0,0,0
BRF:1
BRH:0
end_of_record
TN:
SF:apps/web/src/app/index-mobile.tsx
FN:7,MobileHomePage
FNF:1
FNH:0
FNDA:0,MobileHomePage
DA:2,0
DA:3,0
DA:4,0
DA:5,0
DA:7,0
LF:5
LH:0
BRF:0
BRH:0
end_of_record
TN:
SF:apps/web/src/app/layout.tsx
FN:25,RootLayout
FNF:1
FNH:0
FNDA:0,RootLayout
DA:1,0
DA:2,0
DA:4,0
DA:5,0
DA:6,0
DA:7,0
DA:8,0
DA:9,0
DA:11,0
DA:12,0
DA:13,0
DA:14,0
DA:16,0
DA:21,0
DA:25,0
DA:26,0
DA:27,0
DA:28,0
DA:29,0
LF:19
LH:0
BRDA:27,0,0,0
BRDA:27,0,1,0
BRDA:38,1,0,0
BRF:3
BRH:0
end_of_record
TN:
SF:apps/web/src/app/not-found.tsx
FN:3,NotFound
FNF:1
FNH:0
FNDA:0,NotFound
DA:1,0
DA:3,0
LF:2
LH:0
BRF:0
BRH:0
end_of_record
TN:
SF:apps/web/src/app/page.tsx
FN:10,(anonymous_5)
FN:10,(anonymous_6)
FN:15,(anonymous_8)
FN:15,(anonymous_9)
FN:16,(anonymous_11)
FN:20,(anonymous_12)
FN:20,(anonymous_13)
FN:21,(anonymous_15)
FN:26,(anonymous_16)
FN:26,(anonymous_17)
FN:27,(anonymous_19)
FN:31,(anonymous_20)
FN:31,(anonymous_21)
FN:32,(anonymous_23)
FN:36,(anonymous_24)
FN:36,(anonymous_25)
FN:37,(anonymous_27)
FN:41,(anonymous_28)
FN:41,(anonymous_29)
FN:42,(anonymous_31)
FN:47,EventsLoadingSkeleton
FN:56,(anonymous_33)
FN:67,CategoriesLoadingSkeleton
FN:76,(anonymous_35)
FN:86,TestimonialsLoadingSkeleton
FN:106,Home
FNF:26
FNH:0
FNDA:0,(anonymous_5)
FNDA:0,(anonymous_6)
FNDA:0,(anonymous_8)
FNDA:0,(anonymous_9)
FNDA:0,(anonymous_11)
FNDA:0,(anonymous_12)
FNDA:0,(anonymous_13)
FNDA:0,(anonymous_15)
FNDA:0,(anonymous_16)
FNDA:0,(anonymous_17)
FNDA:0,(anonymous_19)
FNDA:0,(anonymous_20)
FNDA:0,(anonymous_21)
FNDA:0,(anonymous_23)
FNDA:0,(anonymous_24)
FNDA:0,(anonymous_25)
FNDA:0,(anonymous_27)
FNDA:0,(anonymous_28)
FNDA:0,(anonymous_29)
FNDA:0,(anonymous_31)
FNDA:0,EventsLoadingSkeleton
FNDA:0,(anonymous_33)
FNDA:0,CategoriesLoadingSkeleton
FNDA:0,(anonymous_35)
FNDA:0,TestimonialsLoadingSkeleton
FNDA:0,Home
DA:2,0
DA:4,0
DA:5,0
DA:6,0
DA:7,0
DA:10,0
DA:15,0
DA:16,0
DA:20,0
DA:21,0
DA:26,0
DA:27,0
DA:31,0
DA:32,0
DA:36,0
DA:37,0
DA:41,0
DA:42,0
DA:57,0
DA:77,0
DA:106,0
LF:21
LH:0
BRF:0
BRH:0
end_of_record
TN:
SF:apps/web/src/app/providers.tsx
FN:24,Providers
FN:28,(anonymous_3)
FNF:2
FNH:0
FNDA:0,Providers
FNDA:0,(anonymous_3)
DA:2,0
DA:3,0
DA:4,0
DA:5,0
DA:6,0
DA:7,0
DA:8,0
DA:9,0
DA:10,0
DA:11,0
DA:13,0
DA:24,0
DA:29,0
DA:30,0
DA:31,0
LF:15
LH:0
BRDA:29,0,0,0
BRDA:29,0,1,0
BRF:2
BRH:0
end_of_record
TN:
SF:apps/web/src/app/service-worker.ts
FN:22,(anonymous_0)
FN:26,(anonymous_1)
FN:27,(anonymous_2)
FN:33,(anonymous_3)
FN:37,(anonymous_4)
FN:40,(anonymous_5)
FN:41,(anonymous_6)
FN:44,(anonymous_7)
FN:50,(anonymous_8)
FN:61,(anonymous_9)
FN:80,(anonymous_10)
FN:84,(anonymous_11)
FN:86,(anonymous_12)
FN:90,(anonymous_13)
FN:102,(anonymous_14)
FN:104,(anonymous_15)
FN:107,(anonymous_16)
FN:118,(anonymous_17)
FN:119,(anonymous_18)
FN:121,(anonymous_19)
FN:130,(anonymous_20)
FN:150,(anonymous_21)
FNF:22
FNH:0
FNDA:0,(anonymous_0)
FNDA:0,(anonymous_1)
FNDA:0,(anonymous_2)
FNDA:0,(anonymous_3)
FNDA:0,(anonymous_4)
FNDA:0,(anonymous_5)
FNDA:0,(anonymous_6)
FNDA:0,(anonymous_7)
FNDA:0,(anonymous_8)
FNDA:0,(anonymous_9)
FNDA:0,(anonymous_10)
FNDA:0,(anonymous_11)
FNDA:0,(anonymous_12)
FNDA:0,(anonymous_13)
FNDA:0,(anonymous_14)
FNDA:0,(anonymous_15)
FNDA:0,(anonymous_16)
FNDA:0,(anonymous_17)
FNDA:0,(anonymous_18)
FNDA:0,(anonymous_19)
FNDA:0,(anonymous_20)
FNDA:0,(anonymous_21)
DA:6,0
DA:7,0
DA:11,0
DA:22,0
DA:23,0
DA:26,0
DA:27,0
DA:33,0
DA:34,0
DA:38,0
DA:40,0
DA:41,0
DA:44,0
DA:50,0
DA:52,0
DA:55,0
DA:59,0
DA:60,0
DA:62,0
DA:73,0
DA:78,0
DA:79,0
DA:81,0
DA:85,0
DA:86,0
DA:87,0
DA:90,0
DA:94,0
DA:99,0
DA:100,0
DA:103,0
DA:104,0
DA:105,0
DA:108,0
DA:111,0
DA:117,0
DA:119,0
DA:120,0
DA:121,0
DA:122,0
DA:124,0
DA:130,0
DA:131,0
DA:132,0
DA:146,0
DA:150,0
DA:151,0
DA:152,0
LF:48
LH:0
BRDA:52,0,0,0
BRDA:59,1,0,0
BRDA:64,2,0,0
BRDA:64,2,1,0
BRDA:78,3,0,0
BRDA:82,4,0,0
BRDA:82,4,1,0
BRDA:99,5,0,0
BRDA:108,6,0,0
BRDA:108,6,1,0
BRDA:124,7,0,0
BRDA:124,7,1,0
BRDA:131,8,0,0
BRDA:131,8,1,0
BRDA:133,9,0,0
BRDA:133,9,1,0
BRDA:142,10,0,0
BRDA:142,10,1,0
BRDA:146,11,0,0
BRDA:146,11,1,0
BRF:20
BRH:0
end_of_record
TN:
SF:apps/web/src/app/(auth)/sign-in/page.tsx
FN:16,SignInPage
FN:42,(anonymous_3)
FN:46,(anonymous_4)
FNF:3
FNH:0
FNDA:0,SignInPage
FNDA:0,(anonymous_3)
FNDA:0,(anonymous_4)
DA:1,0
DA:2,0
DA:3,0
DA:11,0
DA:12,0
DA:16,0
DA:44,0
DA:47,0
LF:8
LH:0
BRF:0
BRH:0
end_of_record
TN:
SF:apps/web/src/app/(auth)/sign-up/page.tsx
FN:16,SignUpPage
FN:42,(anonymous_3)
FN:46,(anonymous_4)
FNF:3
FNH:0
FNDA:0,SignUpPage
FNDA:0,(anonymous_3)
FNDA:0,(anonymous_4)
DA:1,0
DA:2,0
DA:3,0
DA:11,0
DA:12,0
DA:16,0
DA:44,0
DA:47,0
LF:8
LH:0
BRF:0
BRH:0
end_of_record
TN:
SF:apps/web/src/app/admin/analytics/data-card.tsx
FN:18,DataCard
FNF:1
FNH:0
FNDA:0,DataCard
DA:3,0
DA:18,0
LF:2
LH:0
BRDA:30,0,0,0
BRDA:34,1,0,0
BRDA:35,2,0,0
BRDA:37,3,0,0
BRDA:37,3,1,0
BRDA:38,4,0,0
BRDA:38,4,1,0
BRF:7
BRH:0
end_of_record
TN:
SF:apps/web/src/app/admin/analytics/metrics-card.tsx
FN:19,MetricsCard
FNF:1
FNH:0
FNDA:0,MetricsCard
DA:2,0
DA:4,0
DA:19,0
LF:3
LH:0
BRDA:25,0,0,0
BRDA:38,1,0,0
BRDA:41,2,0,0
BRDA:45,3,0,0
BRDA:45,3,1,0
BRDA:48,4,0,0
BRDA:48,4,1,0
BRF:7
BRH:0
end_of_record
TN:
SF:apps/web/src/app/admin/analytics/recent-sales.tsx
FN:18,RecentSales
FN:90,(anonymous_2)
FNF:2
FNH:0
FNDA:0,RecentSales
FNDA:0,(anonymous_2)
DA:2,0
DA:3,0
DA:18,0
DA:19,0
DA:91,0
LF:5
LH:0
BRDA:103,0,0,0
BRDA:103,0,1,0
BRDA:105,1,0,0
BRDA:105,1,1,0
BRF:4
BRH:0
end_of_record
TN:
SF:apps/web/src/app/admin/analytics/try-on/page.tsx
FN:6,TryOnAnalyticsPage
FNF:1
FNH:0
FNDA:0,TryOnAnalyticsPage
DA:2,0
DA:6,0
DA:7,0
LF:3
LH:0
BRF:0
BRH:0
end_of_record
TN:
SF:apps/web/src/app/admin/dashboard/page.tsx
FN:22,(anonymous_3)
FN:25,(anonymous_4)
FN:33,AdminDashboard
FN:39,(anonymous_6)
FN:56,(anonymous_7)
FN:78,(anonymous_8)
FN:81,(anonymous_9)
FN:107,(anonymous_10)
FN:112,(anonymous_11)
FN:117,(anonymous_12)
FNF:10
FNH:0
FNDA:0,(anonymous_3)
FNDA:0,(anonymous_4)
FNDA:0,AdminDashboard
FNDA:0,(anonymous_6)
FNDA:0,(anonymous_7)
FNDA:0,(anonymous_8)
FNDA:0,(anonymous_9)
FNDA:0,(anonymous_10)
FNDA:0,(anonymous_11)
FNDA:0,(anonymous_12)
DA:1,0
DA:2,0
DA:3,0
DA:4,0
DA:5,0
DA:6,0
DA:7,0
DA:8,0
DA:9,0
DA:11,0
DA:22,0
DA:25,0
DA:33,0
DA:34,0
DA:35,0
DA:36,0
DA:39,0
DA:40,0
DA:43,0
DA:47,0
DA:51,0
DA:55,0
DA:57,0
DA:78,0
DA:81,0
DA:107,0
DA:108,0
DA:112,0
DA:113,0
DA:117,0
DA:118,0
LF:31
LH:0
BRDA:43,0,0,0
BRDA:47,1,0,0
BRDA:51,2,0,0
BRDA:57,3,0,0
BRDA:57,3,1,0
BRF:5
BRH:0
end_of_record
TN:
SF:apps/web/src/app/api-docs/page.tsx
FN:5,ApiDocs
FNF:1
FNH:0
FNDA:0,ApiDocs
DA:2,0
DA:3,0
DA:5,0
LF:3
LH:0
BRF:0
BRH:0
end_of_record
TN:
SF:apps/web/src/app/api/admin/rate-limits/route.ts
FN:23,GET
FN:46,(anonymous_5)
FN:50,(anonymous_6)
FN:52,(anonymous_7)
FN:58,(anonymous_8)
FN:62,(anonymous_9)
FN:63,(anonymous_10)
FN:64,(anonymous_11)
FN:67,(anonymous_12)
FN:87,POST
FNF:10
FNH:0
FNDA:0,GET
FNDA:0,(anonymous_5)
FNDA:0,(anonymous_6)
FNDA:0,(anonymous_7)
FNDA:0,(anonymous_8)
FNDA:0,(anonymous_9)
FNDA:0,(anonymous_10)
FNDA:0,(anonymous_11)
FNDA:0,(anonymous_12)
FNDA:0,POST
DA:6,0
DA:7,0
DA:8,0
DA:9,0
DA:10,0
DA:23,0
DA:24,0
DA:25,0
DA:26,0
DA:27,0
DA:29,0
DA:30,0
DA:31,0
DA:34,0
DA:35,0
DA:36,0
DA:38,0
DA:39,0
DA:41,0
DA:43,0
DA:46,0
DA:48,0
DA:49,0
DA:50,0
DA:52,0
DA:53,0
DA:58,0
DA:60,0
DA:62,0
DA:63,0
DA:64,0
DA:67,0
DA:68,0
DA:69,0
DA:70,0
DA:71,0
DA:72,0
DA:73,0
DA:76,0
DA:77,0
DA:79,0
DA:82,0
DA:87,0
DA:88,0
DA:89,0
DA:90,0
DA:91,0
DA:93,0
DA:94,0
DA:95,0
DA:98,0
DA:99,0
DA:100,0
DA:102,0
DA:103,0
DA:104,0
DA:105,0
DA:107,0
DA:108,0
DA:109,0
DA:110,0
DA:112,0
DA:114,0
DA:117,0
LF:64
LH:0
BRDA:26,0,0,0
BRDA:29,1,0,0
BRDA:35,2,0,0
BRDA:35,2,1,0
BRDA:36,3,0,0
BRDA:36,3,1,0
BRDA:39,4,0,0
BRDA:39,4,1,0
BRDA:43,5,0,0
BRDA:43,5,1,0
BRDA:44,6,0,0
BRDA:44,6,1,0
BRDA:46,7,0,0
BRDA:46,7,1,0
BRDA:48,8,0,0
BRDA:49,9,0,0
BRDA:49,9,1,0
BRDA:58,10,0,0
BRDA:58,10,1,0
BRDA:58,11,0,0
BRDA:58,11,1,0
BRDA:69,12,0,0
BRDA:71,13,0,0
BRDA:71,13,1,0
BRDA:80,14,0,0
BRDA:80,14,1,0
BRDA:90,15,0,0
BRDA:93,16,0,0
BRDA:99,17,0,0
BRDA:102,18,0,0
BRDA:107,19,0,0
BRDA:115,20,0,0
BRDA:115,20,1,0
BRF:33
BRH:0
end_of_record
TN:
SF:apps/web/src/app/api/admin/test/route.ts
FN:5,POST
FNF:1
FNH:0
FNDA:0,POST
DA:1,0
DA:2,0
DA:5,0
DA:6,0
DA:8,0
DA:9,0
DA:10,0
DA:13,0
DA:15,0
DA:16,0
LF:10
LH:0
BRDA:9,0,0,0
BRF:1
BRH:0
end_of_record
TN:
SF:apps/web/src/app/api/ai/route.ts
FN:22,POST
FN:63,(anonymous_4)
FN:107,GET
FNF:3
FNH:0
FNDA:0,POST
FNDA:0,(anonymous_4)
FNDA:0,GET
DA:1,0
DA:2,0
DA:3,0
DA:4,0
DA:7,0
DA:12,0
DA:22,0
DA:23,0
DA:25,0
DA:26,0
DA:27,0
DA:33,0
DA:34,0
DA:35,0
DA:42,0
DA:43,0
DA:45,0
DA:52,0
DA:53,0
DA:55,0
DA:56,0
DA:63,0
DA:64,0
DA:71,0
DA:80,0
DA:87,0
DA:90,0
DA:91,0
DA:97,0
DA:107,0
DA:108,0
DA:110,0
DA:111,0
DA:117,0
DA:122,0
DA:123,0
LF:36
LH:0
BRDA:26,0,0,0
BRDA:33,1,0,0
BRDA:33,1,1,0
BRDA:34,2,0,0
BRDA:53,3,0,0
BRDA:53,4,0,0
BRDA:55,5,0,0
BRDA:55,6,0,0
BRDA:55,6,1,0
BRDA:55,6,2,0
BRDA:63,7,0,0
BRDA:90,8,0,0
BRDA:98,9,0,0
BRDA:98,9,1,0
BRDA:99,10,0,0
BRDA:99,10,1,0
BRDA:110,11,0,0
BRDA:124,12,0,0
BRDA:124,12,1,0
BRF:19
BRH:0
end_of_record
TN:
SF:apps/web/src/app/api/ar-settings/route.ts
FN:24,GET
FN:62,POST
FN:112,PUT
FN:172,DELETE
FNF:4
FNH:0
FNDA:0,GET
FNDA:0,POST
FNDA:0,PUT
FNDA:0,DELETE
DA:1,0
DA:3,0
DA:4,0
DA:5,0
DA:8,0
DA:15,0
DA:22,0
DA:24,0
DA:25,0
DA:26,0
DA:28,0
DA:29,0
DA:30,0
DA:31,0
DA:34,0
DA:35,0
DA:37,0
DA:38,0
DA:44,0
DA:45,0
DA:46,0
DA:52,0
DA:54,0
DA:55,0
DA:62,0
DA:63,0
DA:64,0
DA:66,0
DA:67,0
DA:68,0
DA:69,0
DA:72,0
DA:73,0
DA:75,0
DA:79,0
DA:80,0
DA:86,0
DA:95,0
DA:97,0
DA:98,0
DA:104,0
DA:105,0
DA:112,0
DA:113,0
DA:114,0
DA:116,0
DA:117,0
DA:118,0
DA:119,0
DA:122,0
DA:123,0
DA:124,0
DA:125,0
DA:131,0
DA:132,0
DA:134,0
DA:139,0
DA:140,0
DA:146,0
DA:155,0
DA:157,0
DA:158,0
DA:164,0
DA:165,0
DA:172,0
DA:173,0
DA:174,0
DA:176,0
DA:177,0
DA:178,0
DA:179,0
DA:182,0
DA:183,0
DA:184,0
DA:185,0
DA:192,0
DA:201,0
DA:202,0
DA:208,0
DA:212,0
DA:214,0
DA:215,0
LF:82
LH:0
BRDA:26,0,0,0
BRDA:30,1,0,0
BRDA:37,2,0,0
BRDA:45,3,0,0
BRDA:64,4,0,0
BRDA:68,5,0,0
BRDA:79,6,0,0
BRDA:97,7,0,0
BRDA:114,8,0,0
BRDA:118,9,0,0
BRDA:124,10,0,0
BRDA:139,11,0,0
BRDA:149,12,0,0
BRDA:149,12,1,0
BRDA:150,13,0,0
BRDA:150,13,1,0
BRDA:151,14,0,0
BRDA:151,14,1,0
BRDA:157,15,0,0
BRDA:174,16,0,0
BRDA:178,17,0,0
BRDA:184,18,0,0
BRDA:201,19,0,0
BRF:23
BRH:0
end_of_record
TN:
SF:apps/web/src/app/api/auth/rate-limit-middleware.ts
FNF:0
FNH:0
DA:21,0
DA:26,0
DA:27,0
DA:28,0
DA:29,0
DA:30,0
DA:31,0
DA:32,0
DA:33,0
DA:34,0
DA:35,0
DA:36,0
LF:12
LH:0
BRF:0
BRH:0
end_of_record
TN:
SF:apps/web/src/app/api/auth/[...auth]/route.ts
FNF:0
FNH:0
DA:2,0
DA:4,0
DA:7,0
LF:3
LH:0
BRF:0
BRH:0
end_of_record
TN:
SF:apps/web/src/app/api/auth/webauthn/route.ts
FN:11,getUserId
FN:26,GET
FN:47,POST
FNF:3
FNH:0
FNDA:0,getUserId
FNDA:0,GET
FNDA:0,POST
DA:1,0
DA:2,0
DA:7,0
DA:8,0
DA:12,0
DA:13,0
DA:14,0
DA:16,0
DA:19,0
DA:20,0
DA:22,0
DA:26,0
DA:27,0
DA:28,0
DA:29,0
DA:30,0
DA:32,0
DA:33,0
DA:38,0
DA:39,0
DA:47,0
DA:48,0
DA:49,0
DA:50,0
DA:51,0
DA:52,0
DA:54,0
DA:55,0
DA:60,0
DA:61,0
LF:30
LH:0
BRDA:13,0,0,0
BRDA:19,1,0,0
BRDA:32,2,0,0
BRDA:54,3,0,0
BRF:4
BRH:0
end_of_record
TN:
SF:apps/web/src/app/api/graphql/route.ts
FN:26,getClientIp
FNF:1
FNH:0
FNDA:0,getClientIp
DA:9,0
DA:11,0
DA:13,0
DA:17,0
DA:28,0
DA:30,0
DA:32,0
DA:33,0
DA:36,0
DA:37,0
DA:40,0
DA:44,0
LF:12
LH:0
BRDA:32,0,0,0
BRDA:36,1,0,0
BRF:2
BRH:0
end_of_record
TN:
SF:apps/web/src/app/api/health/route.ts
FN:5,isAllowedIP
FN:11,isValidApiKey
FN:18,checkRateLimit
FN:48,getClientIp
FN:57,GET
FNF:5
FNH:0
FNDA:0,isAllowedIP
FNDA:0,isValidApiKey
FNDA:0,checkRateLimit
FNDA:0,getClientIp
FNDA:0,GET
DA:1,0
DA:2,0
DA:6,0
DA:7,0
DA:12,0
DA:13,0
DA:17,0
DA:24,0
DA:25,0
DA:27,0
DA:28,0
DA:31,0
DA:32,0
DA:33,0
DA:36,0
DA:37,0
DA:39,0
DA:49,0
DA:50,0
DA:51,0
DA:52,0
DA:54,0
DA:57,0
DA:58,0
DA:60,0
DA:62,0
DA:63,0
DA:64,0
DA:67,0
DA:72,0
DA:73,0
DA:75,0
DA:76,0
DA:77,0
DA:92,0
DA:93,0
DA:94,0
DA:103,0
DA:104,0
DA:106,0
DA:120,0
DA:121,0
LF:42
LH:0
BRDA:6,0,0,0
BRDA:6,0,1,0
BRDA:13,1,0,0
BRDA:13,1,1,0
BRDA:28,2,0,0
BRDA:28,2,1,0
BRDA:31,3,0,0
BRDA:50,4,0,0
BRDA:52,5,0,0
BRDA:52,5,1,0
BRDA:64,6,0,0
BRDA:64,6,1,0
BRDA:67,7,0,0
BRDA:67,7,1,0
BRDA:67,7,2,0
BRDA:72,8,0,0
BRDA:75,9,0,0
BRDA:92,10,0,0
BRDA:92,11,0,0
BRDA:92,11,1,0
BRF:20
BRH:0
end_of_record
TN:
SF:apps/web/src/app/api/webhooks/stripe/route.ts
FN:12,POST
FNF:1
FNH:0
FNDA:0,POST
DA:1,0
DA:2,0
DA:3,0
DA:6,0
DA:12,0
DA:13,0
DA:15,0
DA:16,0
DA:18,0
DA:19,0
DA:26,0
DA:28,0
DA:29,0
DA:30,0
DA:37,0
DA:41,0
DA:42,0
DA:48,0
DA:49,0
DA:56,0
DA:58,0
DA:59,0
DA:60,0
DA:67,0
DA:70,0
DA:71,0
LF:26
LH:0
BRDA:18,0,0,0
BRDA:26,1,0,0
BRDA:26,1,1,0
BRDA:28,2,0,0
BRDA:58,3,0,0
BRF:5
BRH:0
end_of_record
TN:
SF:apps/web/src/app/auth/2fa/recovery/page.tsx
FN:6,RecoveryPage
FNF:1
FNH:0
FNDA:0,RecoveryPage
DA:2,0
DA:6,0
LF:2
LH:0
BRF:0
BRH:0
end_of_record
TN:
SF:apps/web/src/app/auth/register/page.tsx
FN:9,RegisterRedirect
FN:13,(anonymous_2)
FNF:2
FNH:0
FNDA:0,RegisterRedirect
FNDA:0,(anonymous_2)
DA:3,0
DA:4,0
DA:9,0
DA:10,0
DA:11,0
DA:13,0
DA:15,0
DA:16,0
LF:8
LH:0
BRDA:15,0,0,0
BRDA:15,0,1,0
BRF:2
BRH:0
end_of_record
TN:
SF:apps/web/src/app/auth/sign-in/page.tsx
FN:9,SignInRedirect
FN:13,(anonymous_2)
FNF:2
FNH:0
FNDA:0,SignInRedirect
FNDA:0,(anonymous_2)
DA:3,0
DA:4,0
DA:9,0
DA:10,0
DA:11,0
DA:13,0
DA:15,0
DA:16,0
LF:8
LH:0
BRDA:15,0,0,0
BRDA:15,0,1,0
BRF:2
BRH:0
end_of_record
TN:
SF:apps/web/src/app/auth/sign-up/page.tsx
FN:9,SignUpRedirect
FN:13,(anonymous_2)
FNF:2
FNH:0
FNDA:0,SignUpRedirect
FNDA:0,(anonymous_2)
DA:3,0
DA:4,0
DA:9,0
DA:10,0
DA:11,0
DA:13,0
DA:15,0
DA:16,0
LF:8
LH:0
BRDA:15,0,0,0
BRDA:15,0,1,0
BRF:2
BRH:0
end_of_record
TN:
SF:apps/web/src/app/auth/sso-callback/page.tsx
FN:8,SSOCallbackPage
FN:12,(anonymous_2)
FN:53,(anonymous_3)
FN:81,(anonymous_4)
FNF:4
FNH:0
FNDA:0,SSOCallbackPage
FNDA:0,(anonymous_2)
FNDA:0,(anonymous_3)
FNDA:0,(anonymous_4)
DA:3,0
DA:4,0
DA:5,0
DA:6,0
DA:8,0
DA:9,0
DA:10,0
DA:12,0
DA:13,0
DA:15,0
DA:53,0
DA:81,0
LF:12
LH:0
BRDA:13,0,0,0
BRDA:13,1,0,0
BRDA:13,1,1,0
BRDA:25,2,0,0
BRDA:32,3,0,0
BRF:5
BRH:0
end_of_record
TN:
SF:apps/web/src/app/beauty/page.tsx
FN:3,BeautyPageRedirect
FNF:1
FNH:0
FNDA:0,BeautyPageRedirect
DA:1,0
DA:3,0
DA:4,0
LF:3
LH:0
BRF:0
BRH:0
end_of_record
TN:
SF:apps/web/src/app/beauty/providers/[id]/page.tsx
FN:68,ProviderProfilePage
FN:74,(anonymous_5)
FN:207,(anonymous_6)
FN:235,(anonymous_7)
FNF:4
FNH:0
FNDA:0,ProviderProfilePage
FNDA:0,(anonymous_5)
FNDA:0,(anonymous_6)
FNDA:0,(anonymous_7)
DA:2,0
DA:3,0
DA:4,0
DA:5,0
DA:6,0
DA:7,0
DA:8,0
DA:21,0
DA:68,0
DA:69,0
DA:70,0
DA:71,0
DA:72,0
DA:74,0
DA:77,0
DA:105,0
DA:208,0
DA:236,0
LF:18
LH:0
BRDA:105,0,0,0
BRF:1
BRH:0
end_of_record
TN:
SF:apps/web/src/app/beauty/providers/appointments/create/page.tsx
FN:73,CreateAppointmentPage
FN:80,(anonymous_2)
FN:81,(anonymous_3)
FN:82,(anonymous_4)
FN:83,(anonymous_5)
FN:84,(anonymous_6)
FN:88,(anonymous_7)
FN:89,(anonymous_8)
FN:91,(anonymous_9)
FN:126,(anonymous_10)
FN:133,(anonymous_11)
FN:156,(anonymous_12)
FN:157,(anonymous_13)
FN:165,(anonymous_14)
FN:192,(anonymous_15)
FN:200,(anonymous_16)
FN:215,(anonymous_17)
FN:264,(anonymous_18)
FN:279,(anonymous_19)
FNF:19
FNH:0
FNDA:0,CreateAppointmentPage
FNDA:0,(anonymous_2)
FNDA:0,(anonymous_3)
FNDA:0,(anonymous_4)
FNDA:0,(anonymous_5)
FNDA:0,(anonymous_6)
FNDA:0,(anonymous_7)
FNDA:0,(anonymous_8)
FNDA:0,(anonymous_9)
FNDA:0,(anonymous_10)
FNDA:0,(anonymous_11)
FNDA:0,(anonymous_12)
FNDA:0,(anonymous_13)
FNDA:0,(anonymous_14)
FNDA:0,(anonymous_15)
FNDA:0,(anonymous_16)
FNDA:0,(anonymous_17)
FNDA:0,(anonymous_18)
FNDA:0,(anonymous_19)
DA:2,0
DA:3,0
DA:4,0
DA:5,0
DA:6,0
DA:7,0
DA:8,0
DA:9,0
DA:16,0
DA:17,0
DA:18,0
DA:19,0
DA:34,0
DA:57,0
DA:73,0
DA:74,0
DA:75,0
DA:76,0
DA:77,0
DA:78,0
DA:79,0
DA:80,0
DA:81,0
DA:82,0
DA:83,0
DA:84,0
DA:85,0
DA:88,0
DA:89,0
DA:91,0
DA:92,0
DA:93,0
DA:126,0
DA:133,0
DA:157,0
DA:158,0
DA:166,0
DA:193,0
DA:201,0
DA:215,0
DA:264,0
DA:279,0
LF:42
LH:0
BRDA:84,0,0,0
BRDA:84,1,0,0
BRDA:84,1,1,0
BRDA:125,2,0,0
BRDA:125,2,1,0
BRDA:132,3,0,0
BRDA:132,3,1,0
BRDA:139,4,0,0
BRDA:155,5,0,0
BRDA:155,5,1,0
BRDA:158,6,0,0
BRDA:158,6,1,0
BRDA:185,7,0,0
BRDA:185,7,1,0
BRDA:222,8,0,0
BRDA:254,9,0,0
BRDA:254,9,1,0
BRF:17
BRH:0
end_of_record
TN:
SF:apps/web/src/app/bookings/page.tsx
FN:9,BookingsContent
FN:40,BookingsPage
FNF:2
FNH:0
FNDA:0,BookingsContent
FNDA:0,BookingsPage
DA:3,0
DA:4,0
DA:5,0
DA:6,0
DA:7,0
DA:10,0
DA:11,0
DA:12,0
DA:14,0
DA:22,0
DA:40,0
LF:11
LH:0
BRDA:14,0,0,0
BRDA:22,1,0,0
BRF:2
BRH:0
end_of_record
TN:
SF:apps/web/src/app/business-hub/layout.tsx
FN:12,BusinessHubLayout
FNF:1
FNH:0
FNDA:0,BusinessHubLayout
DA:4,0
DA:5,0
DA:6,0
DA:12,0
LF:4
LH:0
BRF:0
BRH:0
end_of_record
TN:
SF:apps/web/src/app/business-hub/client-acquisition/page.tsx
FN:16,ClientAcquisitionContent
FN:75,(anonymous_3)
FN:106,(anonymous_4)
FN:114,(anonymous_5)
FN:128,ClientAcquisitionPage
FNF:5
FNH:0
FNDA:0,ClientAcquisitionContent
FNDA:0,(anonymous_3)
FNDA:0,(anonymous_4)
FNDA:0,(anonymous_5)
FNDA:0,ClientAcquisitionPage
DA:2,0
DA:4,0
DA:5,0
DA:17,0
DA:18,0
DA:20,0
DA:75,0
DA:76,0
DA:78,0
DA:79,0
DA:107,0
DA:115,0
DA:128,0
LF:13
LH:0
BRDA:76,0,0,0
BRDA:76,0,1,0
BRDA:78,1,0,0
BRDA:78,1,1,0
BRDA:79,2,0,0
BRDA:79,2,1,0
BRF:6
BRH:0
end_of_record
TN:
SF:apps/web/src/app/business-hub/client-acquisition/resources/[id]/page.tsx
FN:119,(anonymous_1)
FN:120,(anonymous_2)
FN:123,ClientAcquisitionResourceDetailPage
FN:128,(anonymous_4)
FN:156,(anonymous_5)
FNF:5
FNH:0
FNDA:0,(anonymous_1)
FNDA:0,(anonymous_2)
FNDA:0,ClientAcquisitionResourceDetailPage
FNDA:0,(anonymous_4)
FNDA:0,(anonymous_5)
DA:3,0
DA:4,0
DA:5,0
DA:6,0
DA:9,0
DA:119,0
DA:120,0
DA:123,0
DA:124,0
DA:125,0
DA:126,0
DA:128,0
DA:129,0
DA:131,0
DA:132,0
DA:133,0
DA:135,0
DA:139,0
DA:140,0
DA:144,0
DA:156,0
DA:157,0
DA:159,0
LF:23
LH:0
BRDA:129,0,0,0
BRDA:132,1,0,0
BRDA:139,2,0,0
BRDA:139,3,0,0
BRDA:139,3,1,0
BRDA:144,4,0,0
BRDA:144,5,0,0
BRDA:144,5,1,0
BRF:8
BRH:0
end_of_record
TN:
SF:apps/web/src/app/business-hub/marketing/page.tsx
FN:20,MarketingResourcesPage
FN:107,(anonymous_3)
FN:131,(anonymous_4)
FN:146,(anonymous_5)
FN:153,(anonymous_6)
FN:162,(anonymous_7)
FN:169,(anonymous_8)
FN:178,(anonymous_9)
FN:185,(anonymous_10)
FN:194,(anonymous_11)
FNF:10
FNH:0
FNDA:0,MarketingResourcesPage
FNDA:0,(anonymous_3)
FNDA:0,(anonymous_4)
FNDA:0,(anonymous_5)
FNDA:0,(anonymous_6)
FNDA:0,(anonymous_7)
FNDA:0,(anonymous_8)
FNDA:0,(anonymous_9)
FNDA:0,(anonymous_10)
FNDA:0,(anonymous_11)
DA:2,0
DA:3,0
DA:4,0
DA:5,0
DA:6,0
DA:7,0
DA:8,0
DA:20,0
DA:21,0
DA:22,0
DA:24,0
DA:107,0
DA:108,0
DA:110,0
DA:113,0
DA:131,0
DA:146,0
DA:153,0
DA:162,0
DA:169,0
DA:178,0
DA:185,0
DA:195,0
LF:23
LH:0
BRDA:108,0,0,0
BRDA:108,0,1,0
BRDA:110,1,0,0
BRDA:110,1,1,0
BRDA:110,1,2,0
BRDA:113,2,0,0
BRDA:113,2,1,0
BRDA:145,3,0,0
BRDA:145,3,1,0
BRDA:147,4,0,0
BRDA:147,4,1,0
BRDA:152,5,0,0
BRDA:152,5,1,0
BRDA:155,6,0,0
BRDA:155,6,1,0
BRDA:161,7,0,0
BRDA:161,7,1,0
BRDA:163,8,0,0
BRDA:163,8,1,0
BRDA:168,9,0,0
BRDA:168,9,1,0
BRDA:171,10,0,0
BRDA:171,10,1,0
BRDA:177,11,0,0
BRDA:177,11,1,0
BRDA:179,12,0,0
BRDA:179,12,1,0
BRDA:184,13,0,0
BRDA:184,13,1,0
BRDA:186,14,0,0
BRDA:186,14,1,0
BRDA:201,15,0,0
BRDA:214,16,0,0
BRDA:214,16,1,0
BRDA:224,17,0,0
BRDA:224,17,1,0
BRDA:225,18,0,0
BRDA:225,18,1,0
BRDA:227,19,0,0
BRDA:227,19,1,0
BRF:40
BRH:0
end_of_record
TN:
SF:apps/web/src/app/business-hub/marketing/resources/[id]/page.tsx
FN:121,(anonymous_1)
FN:122,(anonymous_2)
FN:125,MarketingResourceDetailPage
FN:130,(anonymous_4)
FN:158,(anonymous_5)
FNF:5
FNH:0
FNDA:0,(anonymous_1)
FNDA:0,(anonymous_2)
FNDA:0,MarketingResourceDetailPage
FNDA:0,(anonymous_4)
FNDA:0,(anonymous_5)
DA:3,0
DA:4,0
DA:5,0
DA:6,0
DA:9,0
DA:121,0
DA:122,0
DA:125,0
DA:126,0
DA:127,0
DA:128,0
DA:130,0
DA:131,0
DA:133,0
DA:134,0
DA:135,0
DA:137,0
DA:141,0
DA:142,0
DA:146,0
DA:158,0
DA:159,0
DA:161,0
LF:23
LH:0
BRDA:131,0,0,0
BRDA:134,1,0,0
BRDA:141,2,0,0
BRDA:141,3,0,0
BRDA:141,3,1,0
BRDA:146,4,0,0
BRDA:146,5,0,0
BRDA:146,5,1,0
BRF:8
BRH:0
end_of_record
TN:
SF:apps/web/src/app/business-hub/products/[id]/analytics.tsx
FN:8,ProductAnalytics
FNF:1
FNH:0
FNDA:0,ProductAnalytics
DA:2,0
DA:3,0
DA:4,0
DA:5,0
DA:6,0
DA:8,0
DA:9,0
DA:10,0
DA:12,0
LF:9
LH:0
BRDA:12,0,0,0
BRF:1
BRH:0
end_of_record
TN:
SF:apps/web/src/app/dashboard/page.tsx
FN:8,Dashboard
FN:12,(anonymous_3)
FN:71,(anonymous_4)
FNF:3
FNH:0
FNDA:0,Dashboard
FNDA:0,(anonymous_3)
FNDA:0,(anonymous_4)
DA:3,0
DA:4,0
DA:5,0
DA:6,0
DA:8,0
DA:9,0
DA:10,0
DA:12,0
DA:14,0
DA:15,0
DA:19,0
DA:27,0
DA:44,0
DA:45,0
DA:49,0
DA:50,0
DA:51,0
DA:52,0
DA:72,0
LF:19
LH:0
BRDA:14,0,0,0
BRDA:14,1,0,0
BRDA:14,1,1,0
BRDA:19,2,0,0
BRDA:27,3,0,0
BRDA:44,4,0,0
BRDA:49,5,0,0
BRDA:49,5,1,0
BRDA:50,6,0,0
BRDA:50,6,1,0
BRDA:59,7,0,0
BRDA:62,8,0,0
BRDA:62,8,1,0
BRDA:67,9,0,0
BRDA:67,9,1,0
BRDA:69,10,0,0
BRDA:96,11,0,0
BRDA:109,12,0,0
BRF:18
BRH:0
end_of_record
TN:
SF:apps/web/src/app/developer/docs/page.tsx
FN:300,ApiDocumentationContent
FN:308,(anonymous_3)
FN:311,(anonymous_4)
FN:316,(anonymous_5)
FN:357,(anonymous_6)
FN:378,(anonymous_7)
FN:386,(anonymous_8)
FN:394,(anonymous_9)
FN:534,(anonymous_10)
FN:541,(anonymous_11)
FN:591,(anonymous_12)
FN:754,ApiDocumentationPage
FN:763,ApiDocumentationSkeleton
FN:770,(anonymous_15)
FNF:14
FNH:0
FNDA:0,ApiDocumentationContent
FNDA:0,(anonymous_3)
FNDA:0,(anonymous_4)
FNDA:0,(anonymous_5)
FNDA:0,(anonymous_6)
FNDA:0,(anonymous_7)
FNDA:0,(anonymous_8)
FNDA:0,(anonymous_9)
FNDA:0,(anonymous_10)
FNDA:0,(anonymous_11)
FNDA:0,(anonymous_12)
FNDA:0,ApiDocumentationPage
FNDA:0,ApiDocumentationSkeleton
FNDA:0,(anonymous_15)
DA:2,0
DA:3,0
DA:4,0
DA:5,0
DA:7,0
DA:22,0
DA:23,0
DA:26,0
DA:76,0
DA:301,0
DA:302,0
DA:306,0
DA:308,0
DA:312,0
DA:316,0
DA:357,0
DA:379,0
DA:387,0
DA:394,0
DA:535,0
DA:542,0
DA:592,0
DA:754,0
DA:771,0
LF:24
LH:0
BRDA:306,0,0,0
BRDA:306,0,1,0
BRDA:312,1,0,0
BRDA:312,1,1,0
BRDA:390,2,0,0
BRDA:390,2,1,0
BRDA:398,3,0,0
BRDA:398,3,1,0
BRDA:400,4,0,0
BRDA:400,4,1,0
BRDA:402,5,0,0
BRDA:402,5,1,0
BRDA:404,6,0,0
BRDA:404,6,1,0
BRDA:546,7,0,0
BRDA:546,7,1,0
BRDA:555,8,0,0
BRDA:555,8,1,0
BRDA:557,9,0,0
BRDA:557,9,1,0
BRDA:559,10,0,0
BRDA:559,10,1,0
BRDA:561,11,0,0
BRDA:561,11,1,0
BRDA:578,12,0,0
BRDA:581,13,0,0
BRDA:587,14,0,0
BRDA:587,14,1,0
BRDA:605,15,0,0
BRDA:620,16,0,0
BRDA:636,17,0,0
BRF:31
BRH:0
end_of_record
TN:
SF:apps/web/src/app/docs/api/page.tsx
FN:96,ApiDocumentation
FN:113,(anonymous_2)
FN:164,(anonymous_3)
FN:181,(anonymous_4)
FNF:4
FNH:0
FNDA:0,ApiDocumentation
FNDA:0,(anonymous_2)
FNDA:0,(anonymous_3)
FNDA:0,(anonymous_4)
DA:2,0
DA:3,0
DA:25,0
DA:96,0
DA:114,0
DA:165,0
DA:182,0
LF:7
LH:0
BRDA:118,0,0,0
BRDA:118,0,1,0
BRDA:120,1,0,0
BRDA:120,1,1,0
BRDA:122,2,0,0
BRDA:122,2,1,0
BRDA:134,3,0,0
BRDA:142,4,0,0
BRDA:142,4,1,0
BRDA:168,5,0,0
BRDA:168,5,1,0
BRDA:186,6,0,0
BRDA:186,6,1,0
BRDA:186,7,0,0
BRDA:186,7,1,0
BRDA:188,8,0,0
BRDA:188,8,1,0
BRDA:197,9,0,0
BRF:18
BRH:0
end_of_record
TN:
SF:apps/web/src/app/error/unauthorized/page.tsx
FN:15,UnauthorizedPage
FN:55,(anonymous_2)
FN:58,(anonymous_3)
FN:62,(anonymous_4)
FNF:4
FNH:0
FNDA:0,UnauthorizedPage
FNDA:0,(anonymous_2)
FNDA:0,(anonymous_3)
FNDA:0,(anonymous_4)
DA:3,0
DA:11,0
DA:12,0
DA:13,0
DA:15,0
DA:16,0
DA:17,0
DA:55,0
DA:58,0
DA:62,0
LF:10
LH:0
BRDA:61,0,0,0
BRF:1
BRH:0
end_of_record
TN:
SF:apps/web/src/app/examples/lazy-loading/page.tsx
FN:9,LazyLoadingDemo
FN:53,(anonymous_2)
FN:87,(anonymous_3)
FNF:3
FNH:0
FNDA:0,LazyLoadingDemo
FNDA:0,(anonymous_2)
FNDA:0,(anonymous_3)
DA:3,0
DA:4,0
DA:5,0
DA:6,0
DA:7,0
DA:9,0
DA:10,0
DA:13,0
DA:53,0
DA:87,0
LF:10
LH:0
BRDA:54,0,0,0
BRDA:54,0,1,0
BRDA:56,1,0,0
BRDA:56,1,1,0
BRDA:59,2,0,0
BRDA:59,2,1,0
BRDA:66,3,0,0
BRF:7
BRH:0
end_of_record
TN:
SF:apps/web/src/app/meditation/page.tsx
FN:5,MeditationPage
FN:16,(anonymous_2)
FNF:2
FNH:0
FNDA:0,MeditationPage
FNDA:0,(anonymous_2)
DA:3,0
DA:5,0
DA:17,0
LF:3
LH:0
BRF:0
BRH:0
end_of_record
TN:
SF:apps/web/src/app/meditation-test/page.tsx
FN:6,MeditationTest
FN:26,(anonymous_2)
FN:40,(anonymous_3)
FN:60,(anonymous_4)
FN:71,(anonymous_5)
FN:86,(anonymous_6)
FNF:6
FNH:0
FNDA:0,MeditationTest
FNDA:0,(anonymous_2)
FNDA:0,(anonymous_3)
FNDA:0,(anonymous_4)
FNDA:0,(anonymous_5)
FNDA:0,(anonymous_6)
DA:3,0
DA:4,0
DA:6,0
DA:7,0
DA:8,0
DA:11,0
DA:12,0
DA:26,0
DA:40,0
DA:60,0
DA:71,0
DA:87,0
DA:88,0
DA:89,0
DA:90,0
LF:15
LH:0
BRDA:87,0,0,0
BRDA:88,1,0,0
BRDA:89,2,0,0
BRF:3
BRH:0
end_of_record
TN:
SF:apps/web/src/app/mobile/page.tsx
FN:10,MobilePage
FN:13,(anonymous_3)
FNF:2
FNH:0
FNDA:0,MobilePage
FNDA:0,(anonymous_3)
DA:3,0
DA:4,0
DA:5,0
DA:6,0
DA:7,0
DA:8,0
DA:10,0
DA:11,0
DA:13,0
DA:15,0
DA:16,0
DA:18,0
LF:12
LH:0
BRDA:16,0,0,0
BRF:1
BRH:0
end_of_record
TN:
SF:apps/web/src/app/offline/page.tsx
FN:15,OfflinePage
FN:21,(anonymous_3)
FN:22,loadCachedData
FN:28,(anonymous_5)
FN:33,(anonymous_6)
FN:44,(anonymous_7)
FN:50,(anonymous_8)
FN:56,(anonymous_9)
FN:66,(anonymous_10)
FN:88,(anonymous_11)
FN:110,(anonymous_12)
FN:132,(anonymous_13)
FNF:12
FNH:0
FNDA:0,OfflinePage
FNDA:0,(anonymous_3)
FNDA:0,loadCachedData
FNDA:0,(anonymous_5)
FNDA:0,(anonymous_6)
FNDA:0,(anonymous_7)
FNDA:0,(anonymous_8)
FNDA:0,(anonymous_9)
FNDA:0,(anonymous_10)
FNDA:0,(anonymous_11)
FNDA:0,(anonymous_12)
FNDA:0,(anonymous_13)
DA:3,0
DA:4,0
DA:5,0
DA:6,0
DA:15,0
DA:16,0
DA:17,0
DA:18,0
DA:21,0
DA:23,0
DA:24,0
DA:26,0
DA:28,0
DA:29,0
DA:30,0
DA:33,0
DA:34,0
DA:37,0
DA:38,0
DA:39,0
DA:40,0
DA:43,0
DA:44,0
DA:45,0
DA:49,0
DA:50,0
DA:51,0
DA:52,0
DA:56,0
DA:57,0
DA:58,0
DA:61,0
DA:62,0
DA:66,0
DA:67,0
DA:70,0
DA:71,0
DA:74,0
DA:75,0
DA:79,0
DA:80,0
DA:84,0
DA:88,0
DA:89,0
DA:90,0
DA:91,0
DA:93,0
DA:110,0
DA:133,0
LF:49
LH:0
BRDA:45,0,0,0
BRDA:45,0,1,0
BRDA:51,1,0,0
BRDA:70,2,0,0
BRDA:74,3,0,0
BRDA:126,4,0,0
BRDA:131,5,0,0
BRDA:148,6,0,0
BRF:8
BRH:0
end_of_record
TN:
SF:apps/web/src/app/profile/engagement/page.tsx
FN:14,EngagementContent
FN:106,EngagementPage
FN:111,(anonymous_3)
FNF:3
FNH:0
FNDA:0,EngagementContent
FNDA:0,EngagementPage
FNDA:0,(anonymous_3)
DA:3,0
DA:4,0
DA:5,0
DA:6,0
DA:7,0
DA:8,0
DA:9,0
DA:10,0
DA:11,0
DA:17,0
DA:18,0
DA:19,0
DA:21,0
DA:31,0
DA:106,0
DA:108,0
DA:111,0
DA:112,0
DA:116,0
LF:19
LH:0
BRDA:21,0,0,0
BRDA:31,1,0,0
BRDA:116,2,0,0
BRF:3
BRH:0
end_of_record
TN:
SF:apps/web/src/app/profile/mobile/page.tsx
FN:15,ProfileMobileContent
FN:22,(anonymous_3)
FN:29,(anonymous_4)
FN:210,ProfileMobilePage
FNF:4
FNH:0
FNDA:0,ProfileMobileContent
FNDA:0,(anonymous_3)
FNDA:0,(anonymous_4)
FNDA:0,ProfileMobilePage
DA:3,0
DA:4,0
DA:5,0
DA:6,0
DA:7,0
DA:8,0
DA:9,0
DA:10,0
DA:11,0
DA:12,0
DA:16,0
DA:17,0
DA:18,0
DA:19,0
DA:20,0
DA:22,0
DA:23,0
DA:24,0
DA:29,0
DA:30,0
DA:33,0
DA:34,0
DA:35,0
DA:38,0
DA:48,0
DA:49,0
DA:210,0
LF:27
LH:0
BRDA:19,0,0,0
BRDA:19,0,1,0
BRDA:23,1,0,0
BRDA:23,2,0,0
BRDA:23,2,1,0
BRDA:38,3,0,0
BRDA:48,4,0,0
BRDA:58,5,0,0
BRDA:58,5,1,0
BRDA:58,6,0,0
BRDA:58,6,1,0
BRDA:59,7,0,0
BRDA:59,7,1,0
BRDA:61,8,0,0
BRDA:61,8,1,0
BRDA:66,9,0,0
BRDA:66,9,1,0
BRDA:69,10,0,0
BRDA:69,10,1,0
BRF:19
BRH:0
end_of_record
TN:
SF:apps/web/src/app/register/page.tsx
FN:6,RegisterContent
FN:10,(anonymous_5)
FN:17,RegisterPage
FNF:3
FNH:0
FNDA:0,RegisterContent
FNDA:0,(anonymous_5)
FNDA:0,RegisterPage
DA:3,0
DA:4,0
DA:7,0
DA:10,0
DA:11,0
DA:14,0
DA:17,0
LF:7
LH:0
BRF:0
BRH:0
end_of_record
TN:
SF:apps/web/src/app/services/page.tsx
FN:3,ServicesPage
FNF:1
FNH:0
FNDA:0,ServicesPage
DA:1,0
DA:3,0
LF:2
LH:0
BRF:0
BRH:0
end_of_record
TN:
SF:apps/web/src/app/services/[category]/page.tsx
FN:9,ServicesCategoryPage
FN:10,(anonymous_3)
FNF:2
FNH:0
FNDA:0,ServicesCategoryPage
FNDA:0,(anonymous_3)
DA:1,0
DA:2,0
DA:3,0
DA:9,0
DA:10,0
DA:11,0
DA:13,0
DA:17,0
DA:19,0
LF:9
LH:0
BRDA:11,0,0,0
BRDA:17,1,0,0
BRF:2
BRH:0
end_of_record
TN:
SF:apps/web/src/app/settings/accessibility/page.tsx
FN:5,AccessibilitySettingsPage
FNF:1
FNH:0
FNDA:0,AccessibilitySettingsPage
DA:2,0
DA:3,0
DA:5,0
LF:3
LH:0
BRF:0
BRH:0
end_of_record
TN:
SF:apps/web/src/app/test/page.tsx
FN:5,(anonymous_1)
FNF:1
FNH:0
FNDA:0,(anonymous_1)
DA:5,0
DA:14,0
LF:2
LH:0
BRF:0
BRH:0
end_of_record
TN:
SF:apps/web/src/app/test/responsive/page.tsx
FN:13,ResponsiveTestPage
FN:19,(anonymous_2)
FN:23,(anonymous_3)
FN:82,(anonymous_4)
FN:107,(anonymous_5)
FN:147,(anonymous_6)
FNF:6
FNH:0
FNDA:0,ResponsiveTestPage
FNDA:0,(anonymous_2)
FNDA:0,(anonymous_3)
FNDA:0,(anonymous_4)
FNDA:0,(anonymous_5)
FNDA:0,(anonymous_6)
DA:3,0
DA:4,0
DA:5,0
DA:6,0
DA:7,0
DA:8,0
DA:9,0
DA:10,0
DA:11,0
DA:13,0
DA:14,0
DA:15,0
DA:16,0
DA:19,0
DA:20,0
DA:21,0
DA:23,0
DA:24,0
DA:26,0
DA:83,0
DA:84,0
DA:85,0
DA:86,0
DA:87,0
DA:88,0
DA:89,0
DA:90,0
DA:91,0
DA:92,0
DA:108,0
DA:148,0
LF:31
LH:0
BRDA:20,0,0,0
BRDA:20,0,1,0
BRDA:54,1,0,0
BRDA:54,1,1,0
BRDA:58,2,0,0
BRDA:58,2,1,0
BRDA:62,3,0,0
BRDA:62,3,1,0
BRDA:71,4,0,0
BRDA:71,4,1,0
BRDA:71,5,0,0
BRDA:71,5,1,0
BRDA:83,6,0,0
BRDA:83,6,1,0
BRDA:83,7,0,0
BRDA:83,7,1,0
BRDA:85,8,0,0
BRDA:85,8,1,0
BRDA:85,9,0,0
BRDA:85,9,1,0
BRDA:87,10,0,0
BRDA:87,10,1,0
BRDA:87,11,0,0
BRDA:87,11,1,0
BRDA:89,12,0,0
BRDA:89,12,1,0
BRDA:91,13,0,0
BRDA:106,14,0,0
BRF:28
BRH:0
end_of_record
TN:
SF:apps/web/src/app/training/page.tsx
FN:9,TrainingPage
FNF:1
FNH:0
FNDA:0,TrainingPage
DA:3,0
DA:4,0
DA:5,0
DA:6,0
DA:9,0
DA:10,0
DA:12,0
LF:7
LH:0
BRDA:12,0,0,0
BRF:1
BRH:0
end_of_record
TN:
SF:apps/web/src/app/unauthorized/page.tsx
FN:6,Unauthorized
FNF:1
FNH:0
FNDA:0,Unauthorized
DA:3,0
DA:4,0
DA:6,0
DA:7,0
LF:4
LH:0
BRDA:27,0,0,0
BRF:1
BRH:0
end_of_record
TN:
SF:apps/web/src/app/virtual-try-on/page.tsx
FN:12,(anonymous_5)
FN:12,(anonymous_6)
FN:12,(anonymous_7)
FN:51,VirtualTryOnContent
FN:57,(anonymous_11)
FN:62,(anonymous_12)
FN:84,(anonymous_13)
FN:91,(anonymous_14)
FN:92,(anonymous_15)
FN:108,(anonymous_16)
FN:117,(anonymous_17)
FN:126,(anonymous_18)
FN:133,(anonymous_19)
FN:144,(anonymous_20)
FN:151,(anonymous_21)
FN:166,VirtualTryOnPage
FNF:16
FNH:0
FNDA:0,(anonymous_5)
FNDA:0,(anonymous_6)
FNDA:0,(anonymous_7)
FNDA:0,VirtualTryOnContent
FNDA:0,(anonymous_11)
FNDA:0,(anonymous_12)
FNDA:0,(anonymous_13)
FNDA:0,(anonymous_14)
FNDA:0,(anonymous_15)
FNDA:0,(anonymous_16)
FNDA:0,(anonymous_17)
FNDA:0,(anonymous_18)
FNDA:0,(anonymous_19)
FNDA:0,(anonymous_20)
FNDA:0,(anonymous_21)
FNDA:0,VirtualTryOnPage
DA:3,0
DA:4,0
DA:5,0
DA:6,0
DA:7,0
DA:8,0
DA:12,0
DA:24,0
DA:52,0
DA:53,0
DA:54,0
DA:55,0
DA:57,0
DA:58,0
DA:59,0
DA:62,0
DA:63,0
DA:85,0
DA:86,0
DA:91,0
DA:92,0
DA:108,0
DA:117,0
DA:127,0
DA:133,0
DA:145,0
DA:151,0
DA:166,0
LF:28
LH:0
BRDA:77,0,0,0
BRDA:76,1,0,0
BRDA:76,1,1,0
BRDA:91,2,0,0
BRDA:91,2,1,0
BRF:5
BRH:0
end_of_record
TN:
SF:apps/web/src/app/webauthn-demo/page.tsx
FN:6,WebAuthnDemo
FN:14,(anonymous_2)
FN:19,(anonymous_3)
FNF:3
FNH:0
FNDA:0,WebAuthnDemo
FNDA:0,(anonymous_2)
FNDA:0,(anonymous_3)
DA:3,0
DA:4,0
DA:6,0
DA:7,0
DA:8,0
DA:11,0
DA:12,0
DA:14,0
DA:15,0
DA:16,0
DA:19,0
DA:20,0
DA:21,0
LF:13
LH:0
BRDA:55,0,0,0
BRDA:79,1,0,0
BRF:2
BRH:0
end_of_record
TN:
SF:apps/web/src/app/wellness/page.tsx
FN:3,WellnessPageRedirect
FNF:1
FNH:0
FNDA:0,WellnessPageRedirect
DA:1,0
DA:3,0
DA:4,0
LF:3
LH:0
BRF:0
BRH:0
end_of_record
TN:
SF:apps/web/src/app/wellness/ar/page.tsx
FN:8,(anonymous_1)
FN:24,(anonymous_2)
FN:38,(anonymous_3)
FN:58,(anonymous_4)
FN:74,(anonymous_5)
FNF:5
FNH:0
FNDA:0,(anonymous_1)
FNDA:0,(anonymous_2)
FNDA:0,(anonymous_3)
FNDA:0,(anonymous_4)
FNDA:0,(anonymous_5)
DA:6,0
DA:8,0
DA:24,0
DA:39,0
DA:40,0
DA:58,0
DA:75,0
DA:76,0
DA:114,0
LF:9
LH:0
BRF:0
BRH:0
end_of_record
TN:
SF:apps/web/src/components/AudioControls.tsx
FN:11,(anonymous_2)
FN:23,(anonymous_3)
FN:34,(anonymous_4)
FN:35,(anonymous_5)
FN:41,(anonymous_6)
FN:62,(anonymous_7)
FNF:6
FNH:0
FNDA:0,(anonymous_2)
FNDA:0,(anonymous_3)
FNDA:0,(anonymous_4)
FNDA:0,(anonymous_5)
FNDA:0,(anonymous_6)
FNDA:0,(anonymous_7)
DA:1,0
DA:2,0
DA:11,0
DA:21,0
DA:23,0
DA:24,0
DA:26,0
DA:27,0
DA:28,0
DA:30,0
DA:34,0
DA:35,0
DA:36,0
DA:37,0
DA:41,0
DA:42,0
DA:43,0
DA:63,0
DA:122,0
LF:19
LH:0
BRDA:24,0,0,0
BRDA:24,0,1,0
BRDA:24,1,0,0
BRDA:24,1,1,0
BRDA:27,2,0,0
BRDA:27,2,1,0
BRDA:36,3,0,0
BRDA:48,4,0,0
BRDA:48,4,1,0
BRDA:49,5,0,0
BRDA:49,5,1,0
BRDA:57,6,0,0
BRDA:57,6,1,0
BRF:13
BRH:0
end_of_record
TN:
SF:apps/web/src/components/FeaturedEvents.tsx
FN:1,FeaturedEvents
FN:12,(anonymous_2)
FNF:2
FNH:0
FNDA:0,FeaturedEvents
FNDA:0,(anonymous_2)
DA:1,0
DA:2,0
DA:13,0
LF:3
LH:0
BRF:0
BRH:0
end_of_record
TN:
SF:apps/web/src/components/RootErrorBoundary.tsx
FN:22,(anonymous_4)
FN:47,(anonymous_5)
FN:53,(anonymous_6)
FN:31,(anonymous_7)
FN:36,(anonymous_8)
FN:58,(anonymous_9)
FNF:6
FNH:0
FNDA:0,(anonymous_4)
FNDA:0,(anonymous_5)
FNDA:0,(anonymous_6)
FNDA:0,(anonymous_7)
FNDA:0,(anonymous_8)
FNDA:0,(anonymous_9)
DA:3,0
DA:4,0
DA:5,0
DA:21,0
DA:23,0
DA:24,0
DA:33,0
DA:38,0
DA:39,0
DA:41,0
DA:49,0
DA:50,0
DA:55,0
DA:59,0
DA:110,0
DA:114,0
LF:16
LH:0
BRDA:59,0,0,0
BRDA:90,1,0,0
BRF:2
BRH:0
end_of_record
TN:
SF:apps/web/src/components/TranslationErrorBoundary.tsx
FN:9,(anonymous_2)
FN:24,TranslationErrorBoundary
FNF:2
FNH:0
FNDA:0,(anonymous_2)
FNDA:0,TranslationErrorBoundary
DA:1,0
DA:2,0
DA:9,0
DA:24,0
LF:4
LH:0
BRF:0
BRH:0
end_of_record
TN:
SF:apps/web/src/components/TranslationLoader.tsx
FN:8,TranslationLoader
FNF:1
FNH:0
FNDA:0,TranslationLoader
DA:1,0
DA:8,0
LF:2
LH:0
BRF:0
BRH:0
end_of_record
TN:
SF:apps/web/src/components/WebAuthnButton.tsx
FN:13,WebAuthnButton
FN:18,(anonymous_2)
FNF:2
FNH:0
FNDA:0,WebAuthnButton
FNDA:0,(anonymous_2)
DA:1,0
DA:2,0
DA:3,0
DA:4,0
DA:5,0
DA:13,0
DA:14,0
DA:15,0
DA:16,0
DA:18,0
DA:19,0
DA:20,0
DA:22,0
DA:23,0
DA:28,0
DA:31,0
DA:33,0
DA:34,0
DA:35,0
DA:41,0
DA:42,0
DA:44,0
DA:53,0
DA:55,0
DA:56,0
DA:60,0
DA:63,0
DA:69,0
DA:70,0
DA:72,0
DA:81,0
DA:83,0
DA:84,0
DA:88,0
DA:92,0
DA:93,0
DA:98,0
DA:100,0
LF:38
LH:0
BRDA:20,0,0,0
BRDA:22,1,0,0
BRDA:34,2,0,0
BRDA:34,2,1,0
BRDA:55,3,0,0
BRDA:83,4,0,0
BRDA:95,5,0,0
BRDA:95,5,1,0
BRDA:98,6,0,0
BRDA:98,6,1,0
BRDA:106,7,0,0
BRDA:106,7,1,0
BRDA:108,8,0,0
BRDA:108,8,1,0
BRF:14
BRH:0
end_of_record
TN:
SF:apps/web/src/components/WellnessCategories.tsx
FN:1,WellnessCategories
FN:13,(anonymous_2)
FNF:2
FNH:0
FNDA:0,WellnessCategories
FNDA:0,(anonymous_2)
DA:1,0
DA:2,0
DA:14,0
LF:3
LH:0
BRF:0
BRH:0
end_of_record
TN:
SF:apps/web/src/components/access-denied.tsx
FN:12,AccessDenied
FNF:1
FNH:0
FNDA:0,AccessDenied
DA:8,0
DA:9,0
DA:10,0
DA:12,0
LF:4
LH:0
BRF:0
BRH:0
end_of_record
TN:
SF:apps/web/src/components/accessibility-panel.tsx
FNF:0
FNH:0
DA:1,0
LF:1
LH:0
BRF:0
BRH:0
end_of_record
TN:
SF:apps/web/src/components/booking-app.tsx
FNF:0
FNH:0
DA:1,0
LF:1
LH:0
BRF:0
BRH:0
end_of_record
TN:
SF:apps/web/src/components/booking-detail.tsx
FNF:0
FNH:0
DA:1,0
LF:1
LH:0
BRF:0
BRH:0
end_of_record
TN:
SF:apps/web/src/components/community-events.tsx
FNF:0
FNH:0
DA:17,0
LF:1
LH:0
BRDA:17,0,0,0
BRDA:17,0,1,0
BRF:2
BRH:0
end_of_record
TN:
SF:apps/web/src/components/hero.tsx
FN:1,Hero
FNF:1
FNH:0
FNDA:0,Hero
DA:1,0
LF:1
LH:0
BRF:0
BRH:0
end_of_record
TN:
SF:apps/web/src/components/hub-search.tsx
FN:27,HubSearch
FN:45,(anonymous_2)
FN:58,(anonymous_3)
FN:60,(anonymous_4)
FN:66,(anonymous_5)
FN:67,(anonymous_6)
FN:80,(anonymous_7)
FN:83,(anonymous_8)
FN:93,(anonymous_9)
FN:121,(anonymous_10)
FN:124,(anonymous_11)
FN:128,(anonymous_12)
FN:147,(anonymous_13)
FN:154,(anonymous_14)
FN:158,(anonymous_15)
FN:179,(anonymous_16)
FN:182,(anonymous_17)
FN:183,(anonymous_18)
FN:185,(anonymous_19)
FN:187,(anonymous_20)
FN:211,(anonymous_21)
FN:218,(anonymous_22)
FN:232,(anonymous_23)
FN:237,(anonymous_24)
FN:267,(anonymous_25)
FN:272,(anonymous_26)
FN:274,(anonymous_27)
FNF:27
FNH:0
FNDA:0,HubSearch
FNDA:0,(anonymous_2)
FNDA:0,(anonymous_3)
FNDA:0,(anonymous_4)
FNDA:0,(anonymous_5)
FNDA:0,(anonymous_6)
FNDA:0,(anonymous_7)
FNDA:0,(anonymous_8)
FNDA:0,(anonymous_9)
FNDA:0,(anonymous_10)
FNDA:0,(anonymous_11)
FNDA:0,(anonymous_12)
FNDA:0,(anonymous_13)
FNDA:0,(anonymous_14)
FNDA:0,(anonymous_15)
FNDA:0,(anonymous_16)
FNDA:0,(anonymous_17)
FNDA:0,(anonymous_18)
FNDA:0,(anonymous_19)
FNDA:0,(anonymous_20)
FNDA:0,(anonymous_21)
FNDA:0,(anonymous_22)
FNDA:0,(anonymous_23)
FNDA:0,(anonymous_24)
FNDA:0,(anonymous_25)
FNDA:0,(anonymous_26)
FNDA:0,(anonymous_27)
DA:3,0
DA:4,0
DA:5,0
DA:6,0
DA:7,0
DA:8,0
DA:27,0
DA:35,0
DA:36,0
DA:37,0
DA:38,0
DA:39,0
DA:40,0
DA:41,0
DA:42,0
DA:43,0
DA:45,0
DA:46,0
DA:47,0
DA:48,0
DA:49,0
DA:50,0
DA:53,0
DA:58,0
DA:59,0
DA:60,0
DA:61,0
DA:66,0
DA:67,0
DA:69,0
DA:70,0
DA:71,0
DA:74,0
DA:75,0
DA:76,0
DA:79,0
DA:80,0
DA:83,0
DA:84,0
DA:85,0
DA:86,0
DA:87,0
DA:91,0
DA:93,0
DA:94,0
DA:117,0
DA:118,0
DA:119,0
DA:121,0
DA:124,0
DA:125,0
DA:127,0
DA:128,0
DA:129,0
DA:130,0
DA:131,0
DA:133,0
DA:137,0
DA:138,0
DA:141,0
DA:144,0
DA:147,0
DA:148,0
DA:149,0
DA:150,0
DA:154,0
DA:156,0
DA:158,0
DA:160,0
DA:161,0
DA:162,0
DA:164,0
DA:167,0
DA:169,0
DA:179,0
DA:182,0
DA:185,0
DA:188,0
DA:189,0
DA:190,0
DA:212,0
DA:218,0
DA:233,0
DA:237,0
DA:268,0
DA:273,0
DA:274,0
LF:87
LH:0
BRDA:28,0,0,0
BRDA:29,1,0,0
BRDA:31,2,0,0
BRDA:32,3,0,0
BRDA:33,4,0,0
BRDA:46,5,0,0
BRDA:49,6,0,0
BRDA:59,7,0,0
BRDA:59,8,0,0
BRDA:59,8,1,0
BRDA:69,9,0,0
BRDA:69,10,0,0
BRDA:69,10,1,0
BRDA:74,11,0,0
BRDA:74,12,0,0
BRDA:74,12,1,0
BRDA:84,13,0,0
BRDA:84,14,0,0
BRDA:84,14,1,0
BRDA:125,15,0,0
BRDA:125,16,0,0
BRDA:125,16,1,0
BRDA:127,17,0,0
BRDA:137,18,0,0
BRDA:137,18,1,0
BRDA:149,19,0,0
BRDA:157,20,0,0
BRDA:157,20,1,0
BRDA:188,21,0,0
BRDA:194,22,0,0
BRDA:216,23,0,0
BRDA:216,23,1,0
BRDA:226,24,0,0
BRDA:228,25,0,0
BRDA:228,25,1,0
BRDA:230,26,0,0
BRDA:230,26,1,0
BRDA:257,27,0,0
BRDA:257,27,1,0
BRDA:261,28,0,0
BRDA:261,28,1,0
BRF:41
BRH:0
end_of_record
TN:
SF:apps/web/src/components/layout.tsx
FN:18,Layout
FNF:1
FNH:0
FNDA:0,Layout
DA:2,0
DA:3,0
DA:4,0
DA:5,0
DA:6,0
DA:18,0
LF:6
LH:0
BRDA:20,0,0,0
BRDA:21,1,0,0
BRDA:22,2,0,0
BRDA:23,3,0,0
BRDA:24,4,0,0
BRDA:32,5,0,0
BRDA:32,5,1,0
BRDA:35,6,0,0
BRDA:46,7,0,0
BRDA:46,7,1,0
BRF:10
BRH:0
end_of_record
TN:
SF:apps/web/src/components/logger-provider.tsx
FN:13,(anonymous_8)
FN:26,(anonymous_9)
FNF:2
FNH:0
FNDA:0,(anonymous_8)
FNDA:0,(anonymous_9)
DA:1,0
DA:2,0
DA:6,0
DA:13,0
DA:26,0
DA:28,0
LF:6
LH:0
BRF:0
BRH:0
end_of_record
TN:
SF:apps/web/src/components/messaging.tsx
FNF:0
FNH:0
DA:7,0
DA:9,0
DA:12,0
LF:3
LH:0
BRF:0
BRH:0
end_of_record
TN:
SF:apps/web/src/components/notification-badge.tsx
FN:11,NotificationBadge
FN:15,(anonymous_5)
FNF:2
FNH:0
FNDA:0,NotificationBadge
FNDA:0,(anonymous_5)
DA:1,0
DA:2,0
DA:3,0
DA:4,0
DA:5,0
DA:11,0
DA:13,0
DA:16,0
DA:19,0
DA:25,0
DA:43,0
LF:11
LH:0
BRDA:25,0,0,0
BRDA:25,0,1,0
BRDA:30,1,0,0
BRDA:35,2,0,0
BRDA:35,2,1,0
BRF:5
BRH:0
end_of_record
TN:
SF:apps/web/src/components/notification-center.tsx
FN:28,(anonymous_3)
FN:36,(anonymous_4)
FN:51,(anonymous_5)
FN:162,(anonymous_6)
FN:184,(anonymous_7)
FN:202,NotificationCenter
FN:222,(anonymous_9)
FN:246,(anonymous_10)
FN:252,(anonymous_11)
FN:350,(anonymous_12)
FN:377,(anonymous_13)
FNF:11
FNH:0
FNDA:0,(anonymous_3)
FNDA:0,(anonymous_4)
FNDA:0,(anonymous_5)
FNDA:0,(anonymous_6)
FNDA:0,(anonymous_7)
FNDA:0,NotificationCenter
FNDA:0,(anonymous_9)
FNDA:0,(anonymous_10)
FNDA:0,(anonymous_11)
FNDA:0,(anonymous_12)
FNDA:0,(anonymous_13)
DA:1,0
DA:2,0
DA:3,0
DA:4,0
DA:13,0
DA:14,0
DA:15,0
DA:16,0
DA:17,0
DA:18,0
DA:19,0
DA:28,0
DA:34,0
DA:36,0
DA:37,0
DA:38,0
DA:41,0
DA:42,0
DA:43,0
DA:45,0
DA:51,0
DA:52,0
DA:163,0
DA:164,0
DA:185,0
DA:186,0
DA:202,0
DA:203,0
DA:204,0
DA:217,0
DA:222,0
DA:223,0
DA:246,0
DA:252,0
DA:350,0
DA:357,0
DA:365,0
DA:378,0
DA:391,0
LF:39
LH:0
BRDA:37,0,0,0
BRDA:41,1,0,0
BRDA:42,2,0,0
BRDA:42,2,1,0
BRDA:138,3,0,0
BRDA:138,3,1,0
BRDA:149,4,0,0
BRDA:149,4,1,0
BRDA:155,5,0,0
BRDA:179,6,0,0
BRDA:218,7,0,0
BRDA:218,7,1,0
BRDA:218,8,0,0
BRDA:218,8,1,0
BRDA:231,9,0,0
BRDA:236,10,0,0
BRDA:236,10,1,0
BRDA:308,11,0,0
BRDA:357,12,0,0
BRDA:365,13,0,0
BRF:20
BRH:0
end_of_record
TN:
SF:apps/web/src/components/rating-breakdown.tsx
FN:17,RatingBreakdown
FN:23,(anonymous_2)
FNF:2
FNH:0
FNDA:0,RatingBreakdown
FNDA:0,(anonymous_2)
DA:1,0
DA:17,0
DA:23,0
DA:24,0
DA:25,0
LF:5
LH:0
BRDA:24,0,0,0
BRDA:36,1,0,0
BRDA:36,1,1,0
BRF:3
BRH:0
end_of_record
TN:
SF:apps/web/src/components/recent-searches.tsx
FNF:0
FNH:0
DA:1,0
LF:1
LH:0
BRF:0
BRH:0
end_of_record
TN:
SF:apps/web/src/components/reviews-list.tsx
FN:23,ReviewsList
FN:31,(anonymous_3)
FN:44,(anonymous_4)
FN:82,(anonymous_5)
FN:92,(anonymous_6)
FNF:5
FNH:0
FNDA:0,ReviewsList
FNDA:0,(anonymous_3)
FNDA:0,(anonymous_4)
FNDA:0,(anonymous_5)
FNDA:0,(anonymous_6)
DA:1,0
DA:2,0
DA:23,0
DA:28,0
DA:31,0
DA:32,0
DA:33,0
DA:34,0
DA:35,0
DA:37,0
DA:41,0
DA:45,0
DA:61,0
DA:82,0
DA:93,0
LF:15
LH:0
BRDA:25,0,0,0
BRDA:26,1,0,0
BRDA:32,2,0,0
BRDA:32,2,1,0
BRDA:34,3,0,0
BRDA:34,3,1,0
BRDA:41,4,0,0
BRDA:61,5,0,0
BRF:8
BRH:0
end_of_record
TN:
SF:apps/web/src/components/sentry-error-boundary.tsx
FN:20,(anonymous_4)
FN:24,(anonymous_5)
FN:34,(anonymous_6)
FN:45,(anonymous_7)
FNF:4
FNH:0
FNDA:0,(anonymous_4)
FNDA:0,(anonymous_5)
FNDA:0,(anonymous_6)
FNDA:0,(anonymous_7)
DA:3,0
DA:4,0
DA:15,0
DA:21,0
DA:25,0
DA:35,0
DA:45,0
DA:56,0
LF:8
LH:0
BRDA:35,0,0,0
BRDA:37,1,0,0
BRF:2
BRH:0
end_of_record
TN:
SF:apps/web/src/components/star-rating.tsx
FN:15,StarRating
FN:26,(anonymous_2)
FN:39,(anonymous_3)
FN:46,(anonymous_4)
FN:55,(anonymous_5)
FN:62,(anonymous_6)
FN:63,(anonymous_7)
FN:64,(anonymous_8)
FNF:8
FNH:0
FNDA:0,StarRating
FNDA:0,(anonymous_2)
FNDA:0,(anonymous_3)
FNDA:0,(anonymous_4)
FNDA:0,(anonymous_5)
FNDA:0,(anonymous_6)
FNDA:0,(anonymous_7)
FNDA:0,(anonymous_8)
DA:3,0
DA:4,0
DA:15,0
DA:23,0
DA:24,0
DA:26,0
DA:27,0
DA:31,0
DA:36,0
DA:39,0
DA:40,0
DA:41,0
DA:42,0
DA:46,0
DA:47,0
DA:48,0
DA:49,0
DA:56,0
DA:57,0
DA:62,0
DA:63,0
DA:64,0
LF:22
LH:0
BRDA:16,0,0,0
BRDA:17,1,0,0
BRDA:18,2,0,0
BRDA:20,3,0,0
BRDA:21,4,0,0
BRDA:40,5,0,0
BRDA:42,6,0,0
BRDA:42,6,1,0
BRDA:47,7,0,0
BRDA:48,8,0,0
BRDA:56,9,0,0
BRDA:56,9,1,0
BRDA:56,9,2,0
BRDA:61,10,0,0
BRDA:61,10,1,0
BRDA:63,11,0,0
BRDA:63,11,1,0
BRDA:64,12,0,0
BRDA:64,12,1,0
BRDA:69,13,0,0
BRDA:69,13,1,0
BRDA:70,14,0,0
BRDA:70,14,1,0
BRDA:76,15,0,0
BRF:24
BRH:0
end_of_record
TN:
SF:apps/web/src/components/testimonial-carousel.tsx
FN:7,TestimonialCarousel
FN:12,(anonymous_2)
FNF:2
FNH:0
FNDA:0,TestimonialCarousel
FNDA:0,(anonymous_2)
DA:1,0
DA:7,0
DA:13,0
LF:3
LH:0
BRF:0
BRH:0
end_of_record
TN:
SF:apps/web/src/components/theme-provider.tsx
FN:7,ThemeProvider
FNF:1
FNH:0
FNDA:0,ThemeProvider
DA:3,0
DA:4,0
DA:7,0
LF:3
LH:0
BRF:0
BRH:0
end_of_record
TN:
SF:apps/web/src/components/theme-toggle.tsx
FNF:0
FNH:0
DA:1,0
LF:1
LH:0
BRF:0
BRH:0
end_of_record
TN:
SF:apps/web/src/components/user-avatar.tsx
FN:31,UserAvatar
FN:49,(anonymous_3)
FN:53,(anonymous_4)
FNF:3
FNH:0
FNDA:0,UserAvatar
FNDA:0,(anonymous_3)
FNDA:0,(anonymous_4)
DA:2,0
DA:3,0
DA:31,0
DA:38,0
DA:49,0
DA:50,0
DA:51,0
DA:53,0
DA:59,0
DA:69,0
LF:10
LH:0
BRDA:33,0,0,0
BRDA:34,1,0,0
BRDA:50,2,0,0
BRDA:59,3,0,0
BRDA:69,4,0,0
BRF:5
BRH:0
end_of_record
TN:
SF:apps/web/src/components/user-preferences.tsx
FNF:0
FNH:0
DA:1,0
DA:22,0
LF:2
LH:0
BRF:0
BRH:0
end_of_record
TN:
SF:apps/web/src/components/Practitioners/practitioner-list.tsx
FN:33,PractitionerList
FN:44,(anonymous_2)
FN:98,(anonymous_3)
FN:112,(anonymous_4)
FN:120,(anonymous_5)
FNF:5
FNH:0
FNDA:0,PractitionerList
FNDA:0,(anonymous_2)
FNDA:0,(anonymous_3)
FNDA:0,(anonymous_4)
FNDA:0,(anonymous_5)
DA:11,0
DA:12,0
DA:33,0
DA:38,0
DA:39,0
DA:40,0
DA:45,0
DA:99,0
DA:112,0
DA:120,0
LF:10
LH:0
BRDA:39,0,0,0
BRDA:39,0,1,0
BRDA:40,1,0,0
BRDA:40,1,1,0
BRDA:63,2,0,0
BRF:5
BRH:0
end_of_record
TN:
SF:apps/web/src/components/Practitioners/practitioner-profile.tsx
FN:54,PractitionerProfile
FN:101,(anonymous_2)
FN:124,(anonymous_3)
FN:138,(anonymous_4)
FN:152,(anonymous_5)
FN:169,(anonymous_6)
FN:190,(anonymous_7)
FN:206,(anonymous_8)
FN:223,(anonymous_9)
FNF:9
FNH:0
FNDA:0,PractitionerProfile
FNDA:0,(anonymous_2)
FNDA:0,(anonymous_3)
FNDA:0,(anonymous_4)
FNDA:0,(anonymous_5)
FNDA:0,(anonymous_6)
FNDA:0,(anonymous_7)
FNDA:0,(anonymous_8)
FNDA:0,(anonymous_9)
DA:13,0
DA:14,0
DA:54,0
DA:102,0
DA:125,0
DA:139,0
DA:153,0
DA:170,0
DA:190,0
DA:207,0
DA:224,0
LF:11
LH:0
BRDA:86,0,0,0
BRDA:109,1,0,0
BRDA:178,2,0,0
BRDA:200,3,0,0
BRDA:217,4,0,0
BRF:5
BRH:0
end_of_record
TN:
SF:apps/web/src/components/accessibility/AccessibilityControls.tsx
FN:14,(anonymous_3)
FN:70,(anonymous_4)
FNF:2
FNH:0
FNDA:0,(anonymous_3)
FNDA:0,(anonymous_4)
DA:2,0
DA:3,0
DA:4,0
DA:5,0
DA:12,0
DA:14,0
DA:24,0
DA:71,0
DA:89,0
LF:9
LH:0
BRDA:72,0,0,0
BRDA:72,0,1,0
BRF:2
BRH:0
end_of_record
TN:
SF:apps/web/src/components/admin/sidebar.tsx
FN:28,(anonymous_4)
FN:40,(anonymous_5)
FNF:2
FNH:0
FNDA:0,(anonymous_4)
FNDA:0,(anonymous_5)
DA:2,0
DA:3,0
DA:13,0
DA:16,0
DA:28,0
DA:29,0
DA:41,0
DA:42,0
DA:76,0
LF:9
LH:0
BRDA:41,0,0,0
BRDA:41,0,1,0
BRDA:47,1,0,0
BRDA:47,1,1,0
BRDA:50,2,0,0
BRDA:50,2,1,0
BRF:6
BRH:0
end_of_record
TN:
SF:apps/web/src/components/ar/ARViewerLazy.tsx
FN:5,(anonymous_4)
FN:5,(anonymous_5)
FN:14,ARViewerLazy
FN:23,LoadingFallback
FNF:4
FNH:0
FNDA:0,(anonymous_4)
FNDA:0,(anonymous_5)
FNDA:0,ARViewerLazy
FNDA:0,LoadingFallback
DA:1,0
DA:2,0
DA:5,0
DA:14,0
LF:4
LH:0
BRF:0
BRH:0
end_of_record
TN:
SF:apps/web/src/components/ar/MeditationEnvironment.tsx
FN:91,(anonymous_7)
FN:104,(anonymous_8)
FN:111,(anonymous_9)
FN:117,(anonymous_10)
FN:130,(anonymous_11)
FN:134,(anonymous_12)
FN:135,(anonymous_13)
FN:139,(anonymous_14)
FN:146,(anonymous_15)
FN:221,(anonymous_16)
FN:256,(anonymous_17)
FN:278,(anonymous_18)
FNF:12
FNH:0
FNDA:0,(anonymous_7)
FNDA:0,(anonymous_8)
FNDA:0,(anonymous_9)
FNDA:0,(anonymous_10)
FNDA:0,(anonymous_11)
FNDA:0,(anonymous_12)
FNDA:0,(anonymous_13)
FNDA:0,(anonymous_14)
FNDA:0,(anonymous_15)
FNDA:0,(anonymous_16)
FNDA:0,(anonymous_17)
FNDA:0,(anonymous_18)
DA:1,0
DA:2,0
DA:3,0
DA:4,0
DA:5,0
DA:6,0
DA:7,0
DA:8,0
DA:9,0
DA:10,0
DA:11,0
DA:12,0
DA:38,0
DA:68,0
DA:91,0
DA:98,0
DA:99,0
DA:100,0
DA:101,0
DA:102,0
DA:104,0
DA:105,0
DA:106,0
DA:107,0
DA:112,0
DA:115,0
DA:117,0
DA:118,0
DA:119,0
DA:122,0
DA:123,0
DA:126,0
DA:130,0
DA:133,0
DA:134,0
DA:135,0
DA:139,0
DA:140,0
DA:141,0
DA:146,0
DA:147,0
DA:148,0
DA:149,0
DA:150,0
DA:151,0
DA:153,0
DA:154,0
DA:157,0
DA:158,0
DA:162,0
DA:169,0
DA:170,0
DA:171,0
DA:175,0
DA:221,0
DA:257,0
DA:278,0
DA:291,0
LF:58
LH:0
BRDA:92,0,0,0
BRDA:93,1,0,0
BRDA:94,2,0,0
BRDA:95,3,0,0
BRDA:105,4,0,0
BRDA:122,5,0,0
BRDA:122,5,1,0
BRDA:133,6,0,0
BRDA:140,7,0,0
BRDA:148,8,0,0
BRDA:148,8,1,0
BRDA:157,9,0,0
BRDA:157,9,1,0
BRDA:169,10,0,0
BRDA:184,11,0,0
BRDA:199,12,0,0
BRDA:226,13,0,0
BRDA:226,13,1,0
BRDA:229,14,0,0
BRDA:229,14,1,0
BRDA:233,15,0,0
BRF:21
BRH:0
end_of_record
TN:
SF:apps/web/src/components/ar/arviewer.tsx
FN:27,PerformanceMonitor
FN:30,(anonymous_2)
FN:36,(anonymous_3)
FN:46,LoadingPlaceholder
FN:56,Model
FN:59,(anonymous_6)
FN:61,(anonymous_7)
FN:62,(anonymous_8)
FN:67,(anonymous_9)
FN:88,ARViewer
FN:100,(anonymous_11)
FN:102,(anonymous_12)
FN:116,(anonymous_13)
FN:120,(anonymous_14)
FNF:14
FNH:0
FNDA:0,PerformanceMonitor
FNDA:0,(anonymous_2)
FNDA:0,(anonymous_3)
FNDA:0,LoadingPlaceholder
FNDA:0,Model
FNDA:0,(anonymous_6)
FNDA:0,(anonymous_7)
FNDA:0,(anonymous_8)
FNDA:0,(anonymous_9)
FNDA:0,ARViewer
FNDA:0,(anonymous_11)
FNDA:0,(anonymous_12)
FNDA:0,(anonymous_13)
FNDA:0,(anonymous_14)
DA:3,0
DA:4,0
DA:5,0
DA:28,0
DA:30,0
DA:31,0
DA:33,0
DA:36,0
DA:38,0
DA:42,0
DA:57,0
DA:59,0
DA:61,0
DA:62,0
DA:63,0
DA:64,0
DA:65,0
DA:66,0
DA:67,0
DA:69,0
DA:76,0
DA:88,0
DA:95,0
DA:98,0
DA:100,0
DA:102,0
DA:104,0
DA:106,0
DA:108,0
DA:110,0
DA:113,0
DA:116,0
DA:117,0
DA:120,0
DA:124,0
DA:125,0
DA:127,0
LF:37
LH:0
BRDA:63,0,0,0
BRDA:64,1,0,0
BRDA:65,2,0,0
BRDA:66,3,0,0
BRDA:66,3,1,0
BRDA:90,4,0,0
BRDA:91,5,0,0
BRDA:92,6,0,0
BRDA:93,7,0,0
BRDA:104,8,0,0
BRDA:104,8,1,0
BRDA:108,9,0,0
BRDA:108,9,1,0
BRDA:110,10,0,0
BRDA:110,10,1,0
BRDA:124,11,0,0
BRDA:124,11,1,0
BRDA:124,12,0,0
BRDA:124,12,1,0
BRDA:125,13,0,0
BRDA:125,13,1,0
BRDA:125,14,0,0
BRDA:125,14,1,0
BRDA:127,15,0,0
BRF:24
BRH:0
end_of_record
TN:
SF:apps/web/src/components/ar/model-error-boundary.tsx
FN:22,(anonymous_1)
FN:26,(anonymous_2)
FN:35,(anonymous_3)
FN:49,(anonymous_4)
FN:31,(anonymous_6)
FNF:5
FNH:0
FNDA:0,(anonymous_1)
FNDA:0,(anonymous_2)
FNDA:0,(anonymous_3)
FNDA:0,(anonymous_4)
FNDA:0,(anonymous_6)
DA:2,0
DA:3,0
DA:4,0
DA:16,0
DA:23,0
DA:27,0
DA:28,0
DA:32,0
DA:36,0
DA:49,0
DA:63,0
LF:11
LH:0
BRDA:36,0,0,0
BRDA:53,1,0,0
BRDA:53,1,1,0
BRF:3
BRH:0
end_of_record
TN:
SF:apps/web/src/components/ar/share-view.tsx
FN:10,ShareView
FNF:1
FNH:0
FNDA:0,ShareView
DA:2,0
DA:3,0
DA:4,0
DA:10,0
DA:11,0
LF:5
LH:0
BRDA:18,0,0,0
BRDA:18,0,1,0
BRDA:32,1,0,0
BRF:3
BRH:0
end_of_record
TN:
SF:apps/web/src/components/ar/models/Beach.tsx
FN:5,Beach
FN:9,(anonymous_2)
FN:36,(anonymous_3)
FN:48,(anonymous_4)
FNF:4
FNH:0
FNDA:0,Beach
FNDA:0,(anonymous_2)
FNDA:0,(anonymous_3)
FNDA:0,(anonymous_4)
DA:1,0
DA:2,0
DA:3,0
DA:5,0
DA:6,0
DA:7,0
DA:9,0
DA:10,0
DA:11,0
DA:13,0
DA:14,0
DA:37,0
DA:38,0
DA:39,0
DA:40,0
DA:42,0
DA:49,0
LF:17
LH:0
BRDA:10,0,0,0
BRDA:13,1,0,0
BRF:2
BRH:0
end_of_record
TN:
SF:apps/web/src/components/ar/models/Forest.tsx
FN:5,Forest
FN:8,(anonymous_2)
FN:20,(anonymous_3)
FNF:3
FNH:0
FNDA:0,Forest
FNDA:0,(anonymous_2)
FNDA:0,(anonymous_3)
DA:1,0
DA:2,0
DA:3,0
DA:5,0
DA:6,0
DA:8,0
DA:9,0
DA:10,0
DA:21,0
DA:22,0
DA:23,0
DA:25,0
LF:12
LH:0
BRDA:9,0,0,0
BRF:1
BRH:0
end_of_record
TN:
SF:apps/web/src/components/ar/models/Mountain.tsx
FN:5,Mountain
FN:8,(anonymous_2)
FN:20,(anonymous_3)
FN:43,(anonymous_4)
FN:62,(anonymous_5)
FNF:5
FNH:0
FNDA:0,Mountain
FNDA:0,(anonymous_2)
FNDA:0,(anonymous_3)
FNDA:0,(anonymous_4)
FNDA:0,(anonymous_5)
DA:1,0
DA:2,0
DA:3,0
DA:5,0
DA:6,0
DA:8,0
DA:9,0
DA:10,0
DA:21,0
DA:22,0
DA:23,0
DA:24,0
DA:26,0
DA:44,0
DA:45,0
DA:46,0
DA:48,0
DA:63,0
DA:64,0
DA:65,0
DA:66,0
DA:67,0
DA:69,0
LF:23
LH:0
BRDA:9,0,0,0
BRF:1
BRH:0
end_of_record
TN:
SF:apps/web/src/components/ar/models/ZenGarden.tsx
FN:5,ZenGarden
FN:8,(anonymous_2)
FN:19,(anonymous_3)
FN:23,(anonymous_4)
FN:41,(anonymous_5)
FN:60,(anonymous_6)
FN:69,(anonymous_7)
FN:75,(anonymous_8)
FNF:8
FNH:0
FNDA:0,ZenGarden
FNDA:0,(anonymous_2)
FNDA:0,(anonymous_3)
FNDA:0,(anonymous_4)
FNDA:0,(anonymous_5)
FNDA:0,(anonymous_6)
FNDA:0,(anonymous_7)
FNDA:0,(anonymous_8)
DA:1,0
DA:2,0
DA:3,0
DA:5,0
DA:6,0
DA:8,0
DA:9,0
DA:10,0
DA:20,0
DA:21,0
DA:24,0
DA:25,0
DA:26,0
DA:27,0
DA:42,0
DA:43,0
DA:44,0
DA:45,0
DA:46,0
DA:48,0
DA:61,0
DA:62,0
DA:63,0
DA:64,0
DA:66,0
DA:70,0
DA:71,0
DA:73,0
DA:76,0
LF:29
LH:0
BRDA:9,0,0,0
BRF:1
BRH:0
end_of_record
TN:
SF:apps/web/src/components/auth/auth-button.tsx
FN:14,AuthButton
FN:25,(anonymous_3)
FN:28,(anonymous_4)
FNF:3
FNH:0
FNDA:0,AuthButton
FNDA:0,(anonymous_3)
FNDA:0,(anonymous_4)
DA:1,0
DA:2,0
DA:3,0
DA:14,0
DA:21,0
DA:22,0
DA:25,0
DA:26,0
DA:28,0
DA:31,0
DA:42,0
DA:68,0
LF:12
LH:0
BRDA:15,0,0,0
BRDA:16,1,0,0
BRDA:17,2,0,0
BRDA:18,3,0,0
BRDA:19,4,0,0
BRDA:31,5,0,0
BRDA:42,6,0,0
BRDA:68,7,0,0
BRF:8
BRH:0
end_of_record
TN:
SF:apps/web/src/components/auth/auth-page.tsx
FNF:0
FNH:0
DA:1,0
LF:1
LH:0
BRF:0
BRH:0
end_of_record
TN:
SF:apps/web/src/components/auth/auth0-provider.tsx
FN:10,Auth0Provider
FNF:1
FNH:0
FNDA:0,Auth0Provider
DA:3,0
DA:10,0
LF:2
LH:0
BRF:0
BRH:0
end_of_record
TN:
SF:apps/web/src/components/auth/email-verification.tsx
FNF:0
FNH:0
DA:1,0
LF:1
LH:0
BRF:0
BRH:0
end_of_record
TN:
SF:apps/web/src/components/auth/magic-link-form.tsx
FNF:0
FNH:0
DA:1,0
DA:4,0
DA:11,0
LF:3
LH:0
BRF:0
BRH:0
end_of_record
TN:
SF:apps/web/src/components/auth/oauth-button.tsx
FNF:0
FNH:0
DA:1,0
DA:4,0
DA:5,0
DA:14,0
LF:4
LH:0
BRF:0
BRH:0
end_of_record
TN:
SF:apps/web/src/components/auth/password-reset.tsx
FNF:0
FNH:0
DA:1,0
LF:1
LH:0
BRF:0
BRH:0
end_of_record
TN:
SF:apps/web/src/components/auth/protected-route.tsx
FN:16,ProtectedRoute
FN:23,(anonymous_2)
FN:43,(anonymous_3)
FN:73,(anonymous_4)
FNF:4
FNH:0
FNDA:0,ProtectedRoute
FNDA:0,(anonymous_2)
FNDA:0,(anonymous_3)
FNDA:0,(anonymous_4)
DA:3,0
DA:4,0
DA:8,0
DA:16,0
DA:17,0
DA:18,0
DA:21,0
DA:23,0
DA:25,0
DA:28,0
DA:29,0
DA:30,0
DA:31,0
DA:35,0
DA:36,0
DA:37,0
DA:41,0
DA:42,0
DA:43,0
DA:45,0
DA:46,0
DA:52,0
DA:61,0
DA:70,0
DA:73,0
DA:75,0
LF:26
LH:0
BRDA:16,0,0,0
BRDA:21,1,0,0
BRDA:21,1,1,0
BRDA:25,2,0,0
BRDA:28,3,0,0
BRDA:35,4,0,0
BRDA:41,5,0,0
BRDA:42,6,0,0
BRDA:42,6,1,0
BRDA:45,7,0,0
BRDA:52,8,0,0
BRDA:61,9,0,0
BRDA:70,10,0,0
BRDA:71,11,0,0
BRDA:71,11,1,0
BRDA:71,11,2,0
BRDA:73,12,0,0
BRDA:73,12,1,0
BRF:18
BRH:0
end_of_record
TN:
SF:apps/web/src/components/auth/recovery-code-manager.tsx
FNF:0
FNH:0
DA:1,0
LF:1
LH:0
BRF:0
BRH:0
end_of_record
TN:
SF:apps/web/src/components/auth/sign-in-form.tsx
FN:6,SignInForm
FN:13,(anonymous_5)
FN:56,(anonymous_6)
FN:71,(anonymous_7)
FNF:4
FNH:0
FNDA:0,SignInForm
FNDA:0,(anonymous_5)
FNDA:0,(anonymous_6)
FNDA:0,(anonymous_7)
DA:3,0
DA:4,0
DA:6,0
DA:7,0
DA:8,0
DA:9,0
DA:10,0
DA:11,0
DA:13,0
DA:14,0
DA:15,0
DA:16,0
DA:18,0
DA:20,0
DA:24,0
DA:26,0
DA:27,0
DA:29,0
DA:56,0
DA:71,0
LF:20
LH:0
BRDA:40,0,0,0
BRDA:82,1,0,0
BRDA:82,1,1,0
BRF:3
BRH:0
end_of_record
TN:
SF:apps/web/src/components/auth/sign-up-form.tsx
FN:6,SignUpForm
FN:15,(anonymous_5)
FN:64,(anonymous_6)
FN:79,(anonymous_7)
FN:94,(anonymous_8)
FN:109,(anonymous_9)
FNF:6
FNH:0
FNDA:0,SignUpForm
FNDA:0,(anonymous_5)
FNDA:0,(anonymous_6)
FNDA:0,(anonymous_7)
FNDA:0,(anonymous_8)
FNDA:0,(anonymous_9)
DA:3,0
DA:4,0
DA:6,0
DA:7,0
DA:8,0
DA:9,0
DA:10,0
DA:11,0
DA:12,0
DA:13,0
DA:15,0
DA:16,0
DA:17,0
DA:18,0
DA:20,0
DA:21,0
DA:22,0
DA:23,0
DA:26,0
DA:28,0
DA:32,0
DA:34,0
DA:35,0
DA:37,0
DA:64,0
DA:79,0
DA:94,0
DA:109,0
LF:28
LH:0
BRDA:20,0,0,0
BRDA:48,1,0,0
BRDA:120,2,0,0
BRDA:120,2,1,0
BRF:4
BRH:0
end_of_record
TN:
SF:apps/web/src/components/auth/social-auth.tsx
FNF:0
FNH:0
DA:1,0
LF:1
LH:0
BRF:0
BRH:0
end_of_record
TN:
SF:apps/web/src/components/auth/social-icons.tsx
FNF:0
FNH:0
DA:1,0
LF:1
LH:0
BRF:0
BRH:0
end_of_record
TN:
SF:apps/web/src/components/auth/social-login-buttons.tsx
FN:63,SocialLoginButton
FN:102,(anonymous_5)
FN:141,SocialLoginButtons
FN:158,(anonymous_7)
FNF:4
FNH:0
FNDA:0,SocialLoginButton
FNDA:0,(anonymous_5)
FNDA:0,SocialLoginButtons
FNDA:0,(anonymous_7)
DA:1,0
DA:2,0
DA:3,0
DA:9,0
DA:63,0
DA:71,0
DA:74,0
DA:81,0
DA:102,0
DA:141,0
DA:159,0
DA:173,0
LF:12
LH:0
BRDA:67,0,0,0
BRDA:68,1,0,0
BRDA:69,2,0,0
BRDA:96,3,0,0
BRDA:96,3,1,0
BRDA:107,4,0,0
BRDA:108,5,0,0
BRDA:142,6,0,0
BRDA:145,7,0,0
BRDA:146,8,0,0
BRDA:147,9,0,0
BRDA:148,10,0,0
BRDA:154,11,0,0
BRDA:154,11,1,0
BRDA:166,12,0,0
BRDA:166,12,1,0
BRF:16
BRH:0
end_of_record
TN:
SF:apps/web/src/components/base/Button/button.stories.tsx
FNF:0
FNH:0
DA:2,0
DA:4,0
DA:46,0
DA:49,0
DA:57,0
DA:64,0
DA:71,0
DA:78,0
DA:85,0
DA:92,0
DA:99,0
DA:106,0
DA:113,0
DA:120,0
DA:127,0
DA:134,0
DA:145,0
DA:157,0
DA:165,0
DA:176,0
LF:20
LH:0
BRF:0
BRH:0
end_of_record
TN:
SF:apps/web/src/components/base/Input/input.stories.tsx
FNF:0
FNH:0
DA:2,0
DA:4,0
DA:32,0
LF:3
LH:0
BRF:0
BRH:0
end_of_record
TN:
SF:apps/web/src/components/beauty/beauty-dashboard.tsx
FN:11,BeautyDashboard
FN:14,(anonymous_3)
FN:39,(anonymous_4)
FN:45,(anonymous_5)
FN:51,(anonymous_6)
FN:57,(anonymous_7)
FN:63,(anonymous_8)
FN:80,(anonymous_9)
FN:87,(anonymous_10)
FN:94,(anonymous_11)
FNF:10
FNH:0
FNDA:0,BeautyDashboard
FNDA:0,(anonymous_3)
FNDA:0,(anonymous_4)
FNDA:0,(anonymous_5)
FNDA:0,(anonymous_6)
FNDA:0,(anonymous_7)
FNDA:0,(anonymous_8)
FNDA:0,(anonymous_9)
FNDA:0,(anonymous_10)
FNDA:0,(anonymous_11)
DA:1,0
DA:2,0
DA:3,0
DA:4,0
DA:5,0
DA:6,0
DA:7,0
DA:11,0
DA:12,0
DA:14,0
DA:15,0
DA:17,0
DA:19,0
DA:21,0
DA:23,0
DA:25,0
DA:27,0
DA:39,0
DA:45,0
DA:51,0
DA:57,0
DA:63,0
DA:80,0
DA:87,0
DA:94,0
LF:25
LH:0
BRDA:15,0,0,0
BRDA:15,0,1,0
BRDA:15,0,2,0
BRDA:15,0,3,0
BRDA:15,0,4,0
BRDA:15,0,5,0
BRDA:38,1,0,0
BRDA:38,1,1,0
BRDA:44,2,0,0
BRDA:44,2,1,0
BRDA:50,3,0,0
BRDA:50,3,1,0
BRDA:56,4,0,0
BRDA:56,4,1,0
BRDA:62,5,0,0
BRDA:62,5,1,0
BRDA:72,6,0,0
BRF:17
BRH:0
end_of_record
TN:
SF:apps/web/src/components/beauty/provider-profile.tsx
FN:50,ProviderProfile
FN:78,(anonymous_2)
FNF:2
FNH:0
FNDA:0,ProviderProfile
FNDA:0,(anonymous_2)
DA:1,0
DA:2,0
DA:3,0
DA:4,0
DA:5,0
DA:6,0
DA:7,0
DA:8,0
DA:50,0
DA:79,0
LF:10
LH:0
BRF:0
BRH:0
end_of_record
TN:
SF:apps/web/src/components/beauty/VirtualTryOn/virtualized-product-grid.tsx
FN:19,VirtualizedProductGrid
FN:30,(anonymous_3)
FN:33,(anonymous_4)
FN:46,(anonymous_5)
FN:69,(anonymous_6)
FN:88,(anonymous_7)
FN:89,(anonymous_8)
FNF:7
FNH:0
FNDA:0,VirtualizedProductGrid
FNDA:0,(anonymous_3)
FNDA:0,(anonymous_4)
FNDA:0,(anonymous_5)
FNDA:0,(anonymous_6)
FNDA:0,(anonymous_7)
FNDA:0,(anonymous_8)
DA:1,0
DA:2,0
DA:3,0
DA:4,0
DA:19,0
DA:26,0
DA:27,0
DA:30,0
DA:31,0
DA:33,0
DA:34,0
DA:35,0
DA:36,0
DA:37,0
DA:38,0
DA:40,0
DA:44,0
DA:45,0
DA:46,0
DA:49,0
DA:57,0
DA:66,0
DA:69,0
DA:70,0
DA:71,0
DA:73,0
DA:74,0
DA:75,0
DA:88,0
DA:90,0
DA:91,0
DA:92,0
LF:32
LH:0
BRDA:24,0,0,0
BRDA:31,1,0,0
BRDA:34,2,0,0
BRDA:34,2,1,0
BRDA:35,3,0,0
BRDA:35,3,1,0
BRDA:37,4,0,0
BRDA:37,4,1,0
BRDA:49,5,0,0
BRDA:57,6,0,0
BRDA:71,7,0,0
BRDA:75,8,0,0
BRDA:75,8,1,0
BRDA:80,9,0,0
BRDA:80,9,1,0
BRDA:84,10,0,0
BRDA:84,10,1,0
BRDA:90,11,0,0
BRDA:90,12,0,0
BRDA:90,12,1,0
BRDA:111,13,0,0
BRDA:116,14,0,0
BRDA:127,15,0,0
BRDA:127,15,1,0
BRF:24
BRH:0
end_of_record
TN:
SF:apps/web/src/components/booking/booking-list.tsx
FNF:0
FNH:0
DA:1,0
LF:1
LH:0
BRF:0
BRH:0
end_of_record
TN:
SF:apps/web/src/components/booking/virtualized-appointment-list.tsx
FNF:0
FNH:0
DA:1,0
LF:1
LH:0
BRF:0
BRH:0
end_of_record
TN:
SF:apps/web/src/components/business/business-analytics-dashboard.tsx
FNF:0
FNH:0
DA:1,0
LF:1
LH:0
BRF:0
BRH:0
end_of_record
TN:
SF:apps/web/src/components/business/business-directory.tsx
FNF:0
FNH:0
DA:2,0
LF:1
LH:0
BRF:0
BRH:0
end_of_record
TN:
SF:apps/web/src/components/business/business-profile-form.tsx
FNF:0
FNH:0
DA:1,0
LF:1
LH:0
BRF:0
BRH:0
end_of_record
TN:
SF:apps/web/src/components/business/form-field-editor.tsx
FN:24,FormFieldEditor
FN:27,(anonymous_2)
FN:37,(anonymous_3)
FN:43,(anonymous_4)
FN:44,(anonymous_5)
FN:48,(anonymous_6)
FN:56,(anonymous_7)
FN:58,(anonymous_8)
FN:62,(anonymous_9)
FN:82,(anonymous_11)
FN:96,(anonymous_13)
FN:104,(anonymous_14)
FN:116,(anonymous_15)
FN:125,(anonymous_16)
FN:138,(anonymous_17)
FN:141,(anonymous_18)
FN:146,(anonymous_19)
FN:152,(anonymous_20)
FNF:18
FNH:0
FNDA:0,FormFieldEditor
FNDA:0,(anonymous_2)
FNDA:0,(anonymous_3)
FNDA:0,(anonymous_4)
FNDA:0,(anonymous_5)
FNDA:0,(anonymous_6)
FNDA:0,(anonymous_7)
FNDA:0,(anonymous_8)
FNDA:0,(anonymous_9)
FNDA:0,(anonymous_11)
FNDA:0,(anonymous_13)
FNDA:0,(anonymous_14)
FNDA:0,(anonymous_15)
FNDA:0,(anonymous_16)
FNDA:0,(anonymous_17)
FNDA:0,(anonymous_18)
FNDA:0,(anonymous_19)
FNDA:0,(anonymous_20)
DA:1,0
DA:2,0
DA:3,0
DA:4,0
DA:5,0
DA:6,0
DA:7,0
DA:8,0
DA:9,0
DA:24,0
DA:25,0
DA:27,0
DA:28,0
DA:34,0
DA:37,0
DA:38,0
DA:39,0
DA:40,0
DA:43,0
DA:44,0
DA:45,0
DA:48,0
DA:49,0
DA:50,0
DA:51,0
DA:52,0
DA:53,0
DA:56,0
DA:57,0
DA:58,0
DA:59,0
DA:62,0
DA:63,0
DA:65,0
DA:66,0
DA:67,0
DA:69,0
DA:83,0
DA:96,0
DA:104,0
DA:117,0
DA:125,0
DA:138,0
DA:141,0
DA:147,0
DA:152,0
LF:46
LH:0
BRDA:49,0,0,0
BRDA:51,1,0,0
BRDA:51,1,1,0
BRDA:63,2,0,0
BRDA:132,3,0,0
BRF:5
BRH:0
end_of_record
TN:
SF:apps/web/src/components/business/form-response-viewer.tsx
FN:33,FormResponseViewer
FN:34,(anonymous_2)
FN:41,(anonymous_3)
FN:46,(anonymous_4)
FN:52,(anonymous_5)
FN:73,(anonymous_6)
FNF:6
FNH:0
FNDA:0,FormResponseViewer
FNDA:0,(anonymous_2)
FNDA:0,(anonymous_3)
FNDA:0,(anonymous_4)
FNDA:0,(anonymous_5)
FNDA:0,(anonymous_6)
DA:1,0
DA:2,0
DA:3,0
DA:33,0
DA:34,0
DA:35,0
DA:37,0
DA:39,0
DA:41,0
DA:42,0
DA:46,0
DA:52,0
DA:59,0
DA:74,0
LF:14
LH:0
BRDA:35,0,0,0
BRDA:35,0,1,0
BRDA:35,0,2,0
BRDA:37,1,0,0
BRDA:37,1,1,0
BRDA:42,2,0,0
BRF:6
BRH:0
end_of_record
TN:
SF:apps/web/src/components/business/inventory-management.tsx
FNF:0
FNH:0
DA:2,0
LF:1
LH:0
BRF:0
BRH:0
end_of_record
TN:
SF:apps/web/src/components/business/forms/basic-info-form.tsx
FN:22,BasicInfoForm
FN:84,(anonymous_2)
FN:92,(anonymous_3)
FNF:3
FNH:0
FNDA:0,BasicInfoForm
FNDA:0,(anonymous_2)
FNDA:0,(anonymous_3)
DA:5,0
DA:6,0
DA:7,0
DA:8,0
DA:15,0
DA:16,0
DA:22,0
DA:23,0
DA:85,0
DA:93,0
LF:10
LH:0
BRDA:55,0,0,0
BRDA:70,1,0,0
BRDA:74,2,0,0
BRDA:74,2,1,0
BRDA:99,3,0,0
BRDA:122,4,0,0
BRDA:132,5,0,0
BRDA:144,6,0,0
BRF:8
BRH:0
end_of_record
TN:
SF:apps/web/src/components/business/forms/business-hours-form.tsx
FN:16,BusinessHoursForm
FN:28,(anonymous_2)
FN:43,(anonymous_3)
FN:58,(anonymous_4)
FN:73,(anonymous_5)
FN:115,(anonymous_6)
FN:127,(anonymous_7)
FN:149,(anonymous_8)
FN:170,(anonymous_9)
FNF:9
FNH:0
FNDA:0,BusinessHoursForm
FNDA:0,(anonymous_2)
FNDA:0,(anonymous_3)
FNDA:0,(anonymous_4)
FNDA:0,(anonymous_5)
FNDA:0,(anonymous_6)
FNDA:0,(anonymous_7)
FNDA:0,(anonymous_8)
FNDA:0,(anonymous_9)
DA:5,0
DA:6,0
DA:7,0
DA:8,0
DA:9,0
DA:10,0
DA:16,0
DA:17,0
DA:28,0
DA:29,0
DA:39,0
DA:43,0
DA:44,0
DA:54,0
DA:58,0
DA:59,0
DA:69,0
DA:73,0
DA:74,0
DA:77,0
DA:78,0
DA:79,0
DA:86,0
DA:116,0
DA:117,0
DA:127,0
DA:150,0
DA:171,0
LF:28
LH:0
BRDA:78,0,0,0
BRDA:78,1,0,0
BRDA:78,1,1,0
BRDA:136,2,0,0
BRDA:148,3,0,0
BRDA:148,3,1,0
BRDA:169,4,0,0
BRDA:169,4,1,0
BRF:8
BRH:0
end_of_record
TN:
SF:apps/web/src/components/business/forms/location-form.tsx
FN:74,LocationForm
FN:82,(anonymous_2)
FN:87,(anonymous_3)
FN:144,(anonymous_4)
FN:238,(anonymous_9)
FN:342,(anonymous_15)
FNF:6
FNH:0
FNDA:0,LocationForm
FNDA:0,(anonymous_2)
FNDA:0,(anonymous_3)
FNDA:0,(anonymous_4)
FNDA:0,(anonymous_9)
FNDA:0,(anonymous_15)
DA:2,0
DA:4,0
DA:5,0
DA:6,0
DA:7,0
DA:14,0
DA:15,0
DA:16,0
DA:17,0
DA:20,0
DA:74,0
DA:75,0
DA:79,0
DA:82,0
DA:83,0
DA:85,0
DA:86,0
DA:88,0
DA:90,0
DA:94,0
DA:95,0
DA:98,0
DA:100,0
DA:101,0
DA:102,0
DA:103,0
DA:104,0
DA:105,0
DA:108,0
DA:109,0
DA:111,0
DA:112,0
DA:113,0
DA:114,0
DA:115,0
DA:116,0
DA:117,0
DA:118,0
DA:119,0
DA:120,0
DA:125,0
DA:126,0
DA:127,0
DA:128,0
DA:131,0
DA:134,0
DA:139,0
DA:141,0
DA:145,0
DA:146,0
DA:150,0
DA:151,0
DA:239,0
DA:343,0
DA:344,0
LF:55
LH:0
BRDA:76,0,0,0
BRDA:76,0,1,0
BRDA:85,1,0,0
BRDA:85,1,1,0
BRDA:94,2,0,0
BRDA:100,3,0,0
BRDA:100,4,0,0
BRDA:100,4,1,0
BRDA:111,5,0,0
BRDA:111,5,1,0
BRDA:113,6,0,0
BRDA:113,6,1,0
BRDA:114,7,0,0
BRDA:114,8,0,0
BRDA:114,8,1,0
BRDA:115,9,0,0
BRDA:115,9,1,0
BRDA:117,10,0,0
BRDA:117,10,1,0
BRDA:119,11,0,0
BRDA:178,12,0,0
BRDA:178,12,1,0
BRDA:272,13,0,0
BRDA:272,13,1,0
BRDA:352,14,0,0
BRF:25
BRH:0
end_of_record
TN:
SF:apps/web/src/components/business/forms/payment-settings-form.tsx
FN:46,PaymentSettingsForm
FN:54,(anonymous_2)
FN:57,(anonymous_3)
FN:66,(anonymous_4)
FN:91,(anonymous_5)
FN:96,(anonymous_6)
FN:151,(anonymous_8)
FN:162,(anonymous_9)
FNF:8
FNH:0
FNDA:0,PaymentSettingsForm
FNDA:0,(anonymous_2)
FNDA:0,(anonymous_3)
FNDA:0,(anonymous_4)
FNDA:0,(anonymous_5)
FNDA:0,(anonymous_6)
FNDA:0,(anonymous_8)
FNDA:0,(anonymous_9)
DA:3,0
DA:5,0
DA:6,0
DA:7,0
DA:8,0
DA:9,0
DA:10,0
DA:11,0
DA:18,0
DA:25,0
DA:28,0
DA:40,0
DA:46,0
DA:47,0
DA:48,0
DA:51,0
DA:54,0
DA:55,0
DA:57,0
DA:59,0
DA:66,0
DA:67,0
DA:69,0
DA:70,0
DA:71,0
DA:72,0
DA:92,0
DA:97,0
DA:152,0
DA:153,0
DA:163,0
LF:31
LH:0
BRDA:51,0,0,0
BRDA:51,0,1,0
BRDA:55,1,0,0
BRDA:55,1,1,0
BRDA:69,2,0,0
BRDA:110,3,0,0
BRDA:141,4,0,0
BRDA:174,5,0,0
BRDA:201,6,0,0
BRF:9
BRH:0
end_of_record
TN:
SF:apps/web/src/components/business/forms/policies-form.tsx
FN:40,PoliciesForm
FN:49,(anonymous_2)
FN:53,(anonymous_3)
FN:89,(anonymous_4)
FN:145,(anonymous_6)
FN:171,(anonymous_8)
FN:262,(anonymous_11)
FN:279,(anonymous_12)
FNF:8
FNH:0
FNDA:0,PoliciesForm
FNDA:0,(anonymous_2)
FNDA:0,(anonymous_3)
FNDA:0,(anonymous_4)
FNDA:0,(anonymous_6)
FNDA:0,(anonymous_8)
FNDA:0,(anonymous_11)
FNDA:0,(anonymous_12)
DA:2,0
DA:4,0
DA:5,0
DA:6,0
DA:7,0
DA:8,0
DA:9,0
DA:10,0
DA:13,0
DA:40,0
DA:41,0
DA:44,0
DA:49,0
DA:50,0
DA:52,0
DA:53,0
DA:55,0
DA:56,0
DA:90,0
DA:146,0
DA:147,0
DA:149,0
DA:150,0
DA:151,0
DA:171,0
DA:263,0
DA:280,0
LF:27
LH:0
BRDA:42,0,0,0
BRDA:42,0,1,0
BRDA:45,1,0,0
BRDA:45,1,1,0
BRDA:52,2,0,0
BRDA:55,3,0,0
BRDA:101,4,0,0
BRDA:101,4,1,0
BRDA:109,5,0,0
BRDA:149,6,0,0
BRDA:158,7,0,0
BRDA:171,8,0,0
BRDA:171,8,1,0
BRDA:261,9,0,0
BRDA:261,9,1,0
BRDA:278,10,0,0
BRDA:278,10,1,0
BRF:17
BRH:0
end_of_record
TN:
SF:apps/web/src/components/business/forms/service-form.tsx
FN:152,ServiceForm
FN:165,(anonymous_2)
FN:202,(anonymous_3)
FN:203,(anonymous_4)
FN:208,(anonymous_5)
FN:234,(anonymous_6)
FN:248,(anonymous_7)
FN:268,(anonymous_8)
FN:269,(anonymous_9)
FN:289,(anonymous_10)
FN:306,(anonymous_11)
FN:323,(anonymous_12)
FN:338,(anonymous_13)
FN:354,(anonymous_14)
FN:364,(anonymous_15)
FN:382,(anonymous_16)
FNF:16
FNH:0
FNDA:0,ServiceForm
FNDA:0,(anonymous_2)
FNDA:0,(anonymous_3)
FNDA:0,(anonymous_4)
FNDA:0,(anonymous_5)
FNDA:0,(anonymous_6)
FNDA:0,(anonymous_7)
FNDA:0,(anonymous_8)
FNDA:0,(anonymous_9)
FNDA:0,(anonymous_10)
FNDA:0,(anonymous_11)
FNDA:0,(anonymous_12)
FNDA:0,(anonymous_13)
FNDA:0,(anonymous_14)
FNDA:0,(anonymous_15)
FNDA:0,(anonymous_16)
DA:2,0
DA:4,0
DA:5,0
DA:6,0
DA:7,0
DA:8,0
DA:9,0
DA:10,0
DA:11,0
DA:18,0
DA:24,0
DA:25,0
DA:28,0
DA:137,0
DA:152,0
DA:153,0
DA:154,0
DA:155,0
DA:156,0
DA:157,0
DA:158,0
DA:159,0
DA:162,0
DA:165,0
DA:167,0
DA:168,0
DA:169,0
DA:172,0
DA:173,0
DA:174,0
DA:178,0
DA:189,0
DA:190,0
DA:193,0
DA:194,0
DA:195,0
DA:196,0
DA:197,0
DA:198,0
DA:202,0
DA:203,0
DA:204,0
DA:208,0
DA:209,0
DA:210,0
DA:234,0
DA:249,0
DA:268,0
DA:270,0
DA:289,0
DA:307,0
DA:323,0
DA:338,0
DA:355,0
DA:364,0
DA:382,0
LF:56
LH:0
BRDA:162,0,0,0
BRDA:162,0,1,0
BRDA:167,1,0,0
BRDA:172,2,0,0
BRDA:172,3,0,0
BRDA:172,3,1,0
BRDA:184,4,0,0
BRDA:184,4,1,0
BRDA:257,5,0,0
BRDA:315,6,0,0
BRDA:349,7,0,0
BRDA:362,8,0,0
BRDA:364,9,0,0
BRDA:364,9,1,0
BRDA:373,10,0,0
BRF:15
BRH:0
end_of_record
TN:
SF:apps/web/src/components/charts/bar-chart.tsx
FN:29,BarChart
FN:91,(anonymous_2)
FNF:2
FNH:0
FNDA:0,BarChart
FNDA:0,(anonymous_2)
DA:12,0
DA:29,0
DA:37,0
DA:92,0
LF:4
LH:0
BRDA:33,0,0,0
BRDA:34,1,0,0
BRDA:37,2,0,0
BRDA:37,3,0,0
BRDA:37,3,1,0
BRDA:52,4,0,0
BRDA:54,5,0,0
BRDA:95,6,0,0
BRDA:95,6,1,0
BRDA:96,7,0,0
BRDA:96,7,1,0
BRF:11
BRH:0
end_of_record
TN:
SF:apps/web/src/components/charts/line-chart.tsx
FN:27,LineChart
FN:57,(anonymous_2)
FNF:2
FNH:0
FNDA:0,LineChart
FNDA:0,(anonymous_2)
DA:12,0
DA:27,0
DA:28,0
DA:58,0
LF:4
LH:0
BRDA:27,0,0,0
BRDA:28,1,0,0
BRDA:28,2,0,0
BRDA:28,2,1,0
BRDA:39,3,0,0
BRDA:62,4,0,0
BRDA:62,4,1,0
BRDA:63,5,0,0
BRDA:63,5,1,0
BRF:9
BRH:0
end_of_record
TN:
SF:apps/web/src/components/common/LoadingSpinner.tsx
FN:9,(anonymous_2)
FNF:1
FNH:0
FNDA:0,(anonymous_2)
DA:1,0
DA:2,0
DA:9,0
DA:13,0
DA:34,0
LF:5
LH:0
BRDA:10,0,0,0
BRDA:11,1,0,0
BRF:2
BRH:0
end_of_record
TN:
SF:apps/web/src/components/common/bottom-nav.tsx
FN:11,BottomNav
FN:15,(anonymous_3)
FNF:2
FNH:0
FNDA:0,BottomNav
FNDA:0,(anonymous_3)
DA:1,0
DA:3,0
DA:11,0
DA:16,0
LF:4
LH:0
BRF:0
BRH:0
end_of_record
TN:
SF:apps/web/src/components/common/breadcrumbs.tsx
FNF:0
FNH:0
DA:2,0
LF:1
LH:0
BRF:0
BRH:0
end_of_record
TN:
SF:apps/web/src/components/common/form-error.tsx
FNF:0
FNH:0
DA:1,0
LF:1
LH:0
BRF:0
BRH:0
end_of_record
TN:
SF:apps/web/src/components/common/notification.tsx
FN:14,Notification
FN:23,(anonymous_5)
FN:26,(anonymous_6)
FN:32,(anonymous_7)
FN:34,(anonymous_8)
FN:76,(anonymous_9)
FNF:6
FNH:0
FNDA:0,Notification
FNDA:0,(anonymous_5)
FNDA:0,(anonymous_6)
FNDA:0,(anonymous_7)
FNDA:0,(anonymous_8)
FNDA:0,(anonymous_9)
DA:1,0
DA:2,0
DA:14,0
DA:21,0
DA:23,0
DA:24,0
DA:25,0
DA:26,0
DA:27,0
DA:28,0
DA:29,0
DA:32,0
DA:34,0
DA:37,0
DA:44,0
DA:77,0
DA:78,0
DA:79,0
LF:18
LH:0
BRDA:17,0,0,0
BRDA:24,1,0,0
BRDA:28,2,0,0
BRDA:56,3,0,0
BRDA:56,3,1,0
BRDA:78,4,0,0
BRF:6
BRH:0
end_of_record
TN:
SF:apps/web/src/components/common/progress-bar.tsx
FNF:0
FNH:0
DA:1,0
LF:1
LH:0
BRF:0
BRH:0
end_of_record
TN:
SF:apps/web/src/components/common/search-bar.tsx
FN:12,SearchBar
FN:20,(anonymous_2)
FNF:2
FNH:0
FNDA:0,SearchBar
FNDA:0,(anonymous_2)
DA:3,0
DA:4,0
DA:12,0
DA:20,0
LF:4
LH:0
BRDA:12,0,0,0
BRF:1
BRH:0
end_of_record
TN:
SF:apps/web/src/components/common/search-input.tsx
FNF:0
FNH:0
DA:2,0
LF:1
LH:0
BRF:0
BRH:0
end_of_record
TN:
SF:apps/web/src/components/common/skeleton-loader.tsx
FNF:0
FNH:0
DA:1,0
LF:1
LH:0
BRF:0
BRH:0
end_of_record
TN:
SF:apps/web/src/components/content-calendar/content-calendar-board.tsx
FN:36,ContentCalendarBoard
FN:48,(anonymous_2)
FN:57,(anonymous_3)
FN:62,(anonymous_4)
FN:63,(anonymous_5)
FN:66,(anonymous_6)
FN:67,(anonymous_7)
FN:74,(anonymous_8)
FN:86,(anonymous_9)
FN:98,(anonymous_11)
FN:99,(anonymous_12)
FN:107,(anonymous_14)
FN:115,(anonymous_15)
FN:123,(anonymous_16)
FN:132,(anonymous_17)
FN:150,(anonymous_18)
FN:241,(anonymous_19)
FN:246,(anonymous_20)
FNF:18
FNH:0
FNDA:0,ContentCalendarBoard
FNDA:0,(anonymous_2)
FNDA:0,(anonymous_3)
FNDA:0,(anonymous_4)
FNDA:0,(anonymous_5)
FNDA:0,(anonymous_6)
FNDA:0,(anonymous_7)
FNDA:0,(anonymous_8)
FNDA:0,(anonymous_9)
FNDA:0,(anonymous_11)
FNDA:0,(anonymous_12)
FNDA:0,(anonymous_14)
FNDA:0,(anonymous_15)
FNDA:0,(anonymous_16)
FNDA:0,(anonymous_17)
FNDA:0,(anonymous_18)
FNDA:0,(anonymous_19)
FNDA:0,(anonymous_20)
DA:3,0
DA:4,0
DA:11,0
DA:12,0
DA:13,0
DA:14,0
DA:15,0
DA:16,0
DA:17,0
DA:23,0
DA:24,0
DA:36,0
DA:45,0
DA:46,0
DA:48,0
DA:49,0
DA:51,0
DA:52,0
DA:54,0
DA:57,0
DA:58,0
DA:59,0
DA:62,0
DA:63,0
DA:66,0
DA:67,0
DA:75,0
DA:86,0
DA:98,0
DA:100,0
DA:107,0
DA:115,0
DA:124,0
DA:125,0
DA:133,0
DA:134,0
DA:151,0
DA:152,0
DA:241,0
DA:247,0
DA:248,0
LF:41
LH:0
BRDA:49,0,0,0
BRDA:148,1,0,0
BRDA:152,2,0,0
BRDA:152,2,1,0
BRDA:165,3,0,0
BRDA:175,4,0,0
BRDA:189,5,0,0
BRDA:196,6,0,0
BRDA:204,7,0,0
BRDA:210,8,0,0
BRDA:210,8,1,0
BRDA:213,9,0,0
BRDA:213,9,1,0
BRDA:220,10,0,0
BRDA:220,10,1,0
BRDA:238,11,0,0
BRF:16
BRH:0
end_of_record
TN:
SF:apps/web/src/components/content-calendar/content-item-modal.tsx
FN:46,ContentItemModal
FN:61,(anonymous_3)
FN:66,(anonymous_4)
FN:67,(anonymous_5)
FN:73,(anonymous_6)
FN:74,(anonymous_7)
FN:76,(anonymous_8)
FN:86,(anonymous_9)
FN:89,(anonymous_10)
FN:97,(anonymous_11)
FN:98,(anonymous_12)
FN:100,(anonymous_13)
FN:104,(anonymous_14)
FN:114,(anonymous_15)
FN:122,(anonymous_16)
FN:126,(anonymous_17)
FN:129,(anonymous_18)
FN:131,(anonymous_19)
FN:143,(anonymous_20)
FN:149,(anonymous_21)
FN:177,(anonymous_22)
FN:188,(anonymous_23)
FN:189,(anonymous_24)
FN:200,(anonymous_25)
FN:203,(anonymous_26)
FN:213,(anonymous_27)
FN:228,(anonymous_28)
FN:243,(anonymous_29)
FN:249,(anonymous_30)
FN:268,(anonymous_31)
FN:274,(anonymous_32)
FN:295,(anonymous_33)
FN:349,(anonymous_34)
FN:354,(anonymous_35)
FN:355,(anonymous_36)
FN:385,(anonymous_37)
FN:395,(anonymous_38)
FN:396,(anonymous_39)
FNF:38
FNH:0
FNDA:0,ContentItemModal
FNDA:0,(anonymous_3)
FNDA:0,(anonymous_4)
FNDA:0,(anonymous_5)
FNDA:0,(anonymous_6)
FNDA:0,(anonymous_7)
FNDA:0,(anonymous_8)
FNDA:0,(anonymous_9)
FNDA:0,(anonymous_10)
FNDA:0,(anonymous_11)
FNDA:0,(anonymous_12)
FNDA:0,(anonymous_13)
FNDA:0,(anonymous_14)
FNDA:0,(anonymous_15)
FNDA:0,(anonymous_16)
FNDA:0,(anonymous_17)
FNDA:0,(anonymous_18)
FNDA:0,(anonymous_19)
FNDA:0,(anonymous_20)
FNDA:0,(anonymous_21)
FNDA:0,(anonymous_22)
FNDA:0,(anonymous_23)
FNDA:0,(anonymous_24)
FNDA:0,(anonymous_25)
FNDA:0,(anonymous_26)
FNDA:0,(anonymous_27)
FNDA:0,(anonymous_28)
FNDA:0,(anonymous_29)
FNDA:0,(anonymous_30)
FNDA:0,(anonymous_31)
FNDA:0,(anonymous_32)
FNDA:0,(anonymous_33)
FNDA:0,(anonymous_34)
FNDA:0,(anonymous_35)
FNDA:0,(anonymous_36)
FNDA:0,(anonymous_37)
FNDA:0,(anonymous_38)
FNDA:0,(anonymous_39)
DA:2,0
DA:15,0
DA:16,0
DA:17,0
DA:18,0
DA:19,0
DA:26,0
DA:27,0
DA:28,0
DA:29,0
DA:30,0
DA:31,0
DA:32,0
DA:33,0
DA:34,0
DA:46,0
DA:55,0
DA:56,0
DA:57,0
DA:58,0
DA:59,0
DA:61,0
DA:62,0
DA:63,0
DA:66,0
DA:67,0
DA:73,0
DA:74,0
DA:75,0
DA:76,0
DA:79,0
DA:86,0
DA:87,0
DA:89,0
DA:94,0
DA:97,0
DA:98,0
DA:100,0
DA:104,0
DA:105,0
DA:107,0
DA:114,0
DA:119,0
DA:122,0
DA:123,0
DA:126,0
DA:127,0
DA:129,0
DA:131,0
DA:143,0
DA:149,0
DA:177,0
DA:188,0
DA:189,0
DA:201,0
DA:203,0
DA:214,0
DA:228,0
DA:243,0
DA:250,0
DA:268,0
DA:275,0
DA:295,0
DA:349,0
DA:354,0
DA:356,0
DA:385,0
DA:396,0
DA:398,0
LF:69
LH:0
BRDA:75,0,0,0
BRDA:75,0,1,0
BRDA:87,1,0,0
BRDA:87,2,0,0
BRDA:87,2,1,0
BRDA:105,3,0,0
BRDA:123,4,0,0
BRDA:123,4,1,0
BRDA:143,5,0,0
BRDA:143,5,1,0
BRDA:189,6,0,0
BRDA:189,6,1,0
BRDA:198,7,0,0
BRDA:218,8,0,0
BRDA:218,8,1,0
BRDA:221,9,0,0
BRDA:221,9,1,0
BRDA:317,10,0,0
BRDA:317,10,1,0
BRDA:348,11,0,0
BRDA:348,11,1,0
BRDA:392,12,0,0
BRDA:392,12,1,0
BRDA:404,13,0,0
BRDA:404,13,1,0
BRDA:409,14,0,0
BRDA:409,14,1,0
BRF:27
BRH:0
end_of_record
TN:
SF:apps/web/src/components/dashboard/activity-feed.tsx
FN:17,(anonymous_1)
FN:32,ActivityFeed
FN:42,(anonymous_3)
FNF:3
FNH:0
FNDA:0,(anonymous_1)
FNDA:0,ActivityFeed
FNDA:0,(anonymous_3)
DA:2,0
DA:3,0
DA:17,0
DA:18,0
DA:28,0
DA:32,0
DA:33,0
DA:43,0
LF:8
LH:0
BRDA:18,0,0,0
BRDA:33,1,0,0
BRF:2
BRH:0
end_of_record
TN:
SF:apps/web/src/components/engagement/badge-notification.tsx
FN:17,BadgeNotification
FN:21,(anonymous_3)
FN:37,(anonymous_4)
FN:69,(anonymous_5)
FNF:4
FNH:0
FNDA:0,BadgeNotification
FNDA:0,(anonymous_3)
FNDA:0,(anonymous_4)
FNDA:0,(anonymous_5)
DA:3,0
DA:4,0
DA:11,0
DA:12,0
DA:13,0
DA:14,0
DA:15,0
DA:17,0
DA:18,0
DA:21,0
DA:22,0
DA:24,0
DA:28,0
DA:29,0
DA:32,0
DA:37,0
DA:69,0
LF:17
LH:0
BRDA:22,0,0,0
BRDA:28,1,0,0
BRDA:49,2,0,0
BRF:3
BRH:0
end_of_record
TN:
SF:apps/web/src/components/engagement/badges-display.tsx
FN:25,BadgesDisplay
FN:30,(anonymous_3)
FN:35,(anonymous_4)
FN:40,(anonymous_5)
FN:47,(anonymous_6)
FN:57,(anonymous_7)
FN:65,(anonymous_8)
FN:105,(anonymous_9)
FN:167,(anonymous_10)
FNF:9
FNH:0
FNDA:0,BadgesDisplay
FNDA:0,(anonymous_3)
FNDA:0,(anonymous_4)
FNDA:0,(anonymous_5)
FNDA:0,(anonymous_6)
FNDA:0,(anonymous_7)
FNDA:0,(anonymous_8)
FNDA:0,(anonymous_9)
FNDA:0,(anonymous_10)
DA:3,0
DA:4,0
DA:13,0
DA:14,0
DA:15,0
DA:16,0
DA:17,0
DA:18,0
DA:25,0
DA:26,0
DA:27,0
DA:30,0
DA:33,0
DA:35,0
DA:38,0
DA:40,0
DA:41,0
DA:44,0
DA:48,0
DA:58,0
DA:60,0
DA:65,0
DA:105,0
DA:167,0
LF:24
LH:0
BRDA:25,0,0,0
BRDA:33,1,0,0
BRDA:33,1,1,0
BRDA:38,2,0,0
BRDA:38,2,1,0
BRDA:44,3,0,0
BRDA:67,4,0,0
BRDA:67,4,1,0
BRDA:72,5,0,0
BRDA:73,6,0,0
BRDA:73,6,1,0
BRDA:77,7,0,0
BRDA:77,7,1,0
BRDA:82,8,0,0
BRDA:95,9,0,0
BRDA:95,9,1,0
BRDA:104,10,0,0
BRDA:105,11,0,0
BRDA:105,11,1,0
BRDA:115,12,0,0
BRDA:117,13,0,0
BRDA:117,13,1,0
BRDA:124,14,0,0
BRDA:124,14,1,0
BRDA:129,15,0,0
BRDA:140,16,0,0
BRDA:148,17,0,0
BRDA:152,18,0,0
BRDA:152,18,1,0
BRDA:154,19,0,0
BRDA:154,19,1,0
BRDA:156,20,0,0
BRDA:156,20,1,0
BRDA:158,21,0,0
BRDA:158,21,1,0
BRF:35
BRH:0
end_of_record
TN:
SF:apps/web/src/components/engagement/recommendations.tsx
FN:17,Recommendations
FN:36,(anonymous_3)
FN:58,(anonymous_4)
FN:78,(anonymous_5)
FNF:4
FNH:0
FNDA:0,Recommendations
FNDA:0,(anonymous_3)
FNDA:0,(anonymous_4)
FNDA:0,(anonymous_5)
DA:3,0
DA:4,0
DA:5,0
DA:6,0
DA:7,0
DA:8,0
DA:9,0
DA:17,0
DA:22,0
DA:25,0
DA:27,0
DA:37,0
DA:44,0
DA:45,0
DA:59,0
DA:79,0
LF:16
LH:0
BRDA:18,0,0,0
BRDA:19,1,0,0
BRDA:20,2,0,0
BRDA:27,3,0,0
BRDA:30,4,0,0
BRDA:44,5,0,0
BRDA:50,6,0,0
BRDA:62,7,0,0
BRDA:62,7,1,0
BRDA:83,8,0,0
BRDA:100,9,0,0
BRF:11
BRH:0
end_of_record
TN:
SF:apps/web/src/components/event-calendar/event-calendar.tsx
FN:38,EventCalendar
FN:43,(anonymous_2)
FN:44,(anonymous_3)
FN:52,(anonymous_4)
FN:53,(anonymous_5)
FN:62,(anonymous_6)
FN:80,(anonymous_7)
FN:91,(anonymous_8)
FN:97,(anonymous_9)
FN:106,(anonymous_10)
FN:110,(anonymous_11)
FN:114,(anonymous_12)
FN:140,(anonymous_13)
FN:144,(anonymous_14)
FNF:14
FNH:0
FNDA:0,EventCalendar
FNDA:0,(anonymous_2)
FNDA:0,(anonymous_3)
FNDA:0,(anonymous_4)
FNDA:0,(anonymous_5)
FNDA:0,(anonymous_6)
FNDA:0,(anonymous_7)
FNDA:0,(anonymous_8)
FNDA:0,(anonymous_9)
FNDA:0,(anonymous_10)
FNDA:0,(anonymous_11)
FNDA:0,(anonymous_12)
FNDA:0,(anonymous_13)
FNDA:0,(anonymous_14)
DA:3,0
DA:14,0
DA:15,0
DA:16,0
DA:38,0
DA:39,0
DA:40,0
DA:43,0
DA:44,0
DA:47,0
DA:48,0
DA:49,0
DA:52,0
DA:53,0
DA:54,0
DA:62,0
DA:63,0
DA:64,0
DA:65,0
DA:70,0
DA:80,0
DA:92,0
DA:98,0
DA:99,0
DA:100,0
DA:102,0
DA:106,0
DA:111,0
DA:115,0
DA:116,0
DA:141,0
DA:144,0
LF:32
LH:0
BRDA:64,0,0,0
BRDA:105,1,0,0
BRDA:105,1,1,0
BRDA:105,2,0,0
BRDA:105,2,1,0
BRDA:105,3,0,0
BRDA:105,3,1,0
BRDA:113,4,0,0
BRDA:113,4,1,0
BRDA:113,5,0,0
BRDA:113,5,1,0
BRDA:113,6,0,0
BRDA:113,6,1,0
BRDA:113,7,0,0
BRDA:113,7,1,0
BRDA:116,8,0,0
BRDA:116,8,1,0
BRDA:119,9,0,0
BRDA:119,9,1,0
BRDA:123,10,0,0
BRDA:133,11,0,0
BRDA:144,12,0,0
BRDA:144,12,1,0
BRDA:148,13,0,0
BRDA:150,14,0,0
BRDA:154,15,0,0
BRDA:154,15,1,0
BRDA:154,16,0,0
BRDA:154,16,1,0
BRDA:154,17,0,0
BRDA:154,17,1,0
BRDA:154,18,0,0
BRDA:154,18,1,0
BRF:33
BRH:0
end_of_record
TN:
SF:apps/web/src/components/examples/breadcrumb-example.tsx
FN:3,BreadcrumbExample
FNF:1
FNH:0
FNDA:0,BreadcrumbExample
DA:1,0
DA:3,0
LF:2
LH:0
BRF:0
BRH:0
end_of_record
TN:
SF:apps/web/src/components/home/BookingSection.tsx
FN:3,BookingSection
FNF:1
FNH:0
FNDA:0,BookingSection
DA:1,0
DA:3,0
LF:2
LH:0
BRF:0
BRH:0
end_of_record
TN:
SF:apps/web/src/components/home/FeaturedServices.tsx
FN:1,FeaturedServices
FN:20,(anonymous_2)
FNF:2
FNH:0
FNDA:0,FeaturedServices
FNDA:0,(anonymous_2)
DA:1,0
DA:2,0
DA:21,0
LF:3
LH:0
BRF:0
BRH:0
end_of_record
TN:
SF:apps/web/src/components/home/Hero.tsx
FN:5,Hero
FNF:1
FNH:0
FNDA:0,Hero
DA:1,0
DA:2,0
DA:5,0
LF:3
LH:0
BRF:0
BRH:0
end_of_record
TN:
SF:apps/web/src/components/home/Testimonials.tsx
FN:7,Testimonials
FN:12,(anonymous_2)
FNF:2
FNH:0
FNDA:0,Testimonials
FNDA:0,(anonymous_2)
DA:1,0
DA:7,0
DA:13,0
LF:3
LH:0
BRF:0
BRH:0
end_of_record
TN:
SF:apps/web/src/components/home/category-navigation.tsx
FN:13,CategoryNavigation
FN:17,(anonymous_3)
FNF:2
FNH:0
FNDA:0,CategoryNavigation
FNDA:0,(anonymous_3)
DA:1,0
DA:2,0
DA:3,0
DA:6,0
DA:13,0
DA:18,0
DA:19,0
LF:7
LH:0
BRDA:18,0,0,0
BRDA:18,0,1,0
BRF:2
BRH:0
end_of_record
TN:
SF:apps/web/src/components/layout/header.tsx
FN:12,Header
FNF:1
FNH:0
FNDA:0,Header
DA:2,0
DA:3,0
DA:4,0
DA:5,0
DA:6,0
DA:12,0
DA:13,0
DA:47,0
LF:8
LH:0
BRDA:12,0,0,0
BRDA:27,1,0,0
BRDA:30,2,0,0
BRF:3
BRH:0
end_of_record
TN:
SF:apps/web/src/components/layout/safe-header.tsx
FN:26,(anonymous_3)
FNF:1
FNH:0
FNDA:0,(anonymous_3)
DA:3,0
DA:4,0
DA:10,0
DA:28,0
DA:32,0
LF:5
LH:0
BRF:0
BRH:0
end_of_record
TN:
SF:apps/web/src/components/layouts/marketing-layout.tsx
FN:8,MarketingLayout
FNF:1
FNH:0
FNDA:0,MarketingLayout
DA:1,0
DA:8,0
LF:2
LH:0
BRF:0
BRH:0
end_of_record
TN:
SF:apps/web/src/components/messaging/conversation-header.tsx
FN:54,ConversationHeader
FNF:1
FNH:0
FNDA:0,ConversationHeader
DA:1,0
DA:3,0
DA:4,0
DA:54,0
DA:141,0
LF:5
LH:0
BRDA:56,0,0,0
BRDA:59,1,0,0
BRDA:60,2,0,0
BRDA:67,3,0,0
BRDA:79,4,0,0
BRDA:82,5,0,0
BRDA:82,5,1,0
BRDA:89,6,0,0
BRDA:89,6,1,0
BRDA:95,7,0,0
BRDA:95,7,1,0
BRDA:97,8,0,0
BRDA:97,8,1,0
BRDA:106,9,0,0
BRF:14
BRH:0
end_of_record
TN:
SF:apps/web/src/components/monitoring/dashboard.tsx
FNF:0
FNH:0
DA:1,0
LF:1
LH:0
BRF:0
BRH:0
end_of_record
TN:
SF:apps/web/src/components/navigation/auth-navigation.tsx
FNF:0
FNH:0
DA:1,0
LF:1
LH:0
BRF:0
BRH:0
end_of_record
TN:
SF:apps/web/src/components/navigation/breadcrumb-navigation.tsx
FNF:0
FNH:0
DA:1,0
LF:1
LH:0
BRF:0
BRH:0
end_of_record
TN:
SF:apps/web/src/components/navigation/main-navigation.tsx
FN:25,(anonymous_5)
FN:32,(anonymous_6)
FN:34,(anonymous_7)
FN:39,(anonymous_8)
FN:61,(anonymous_9)
FN:67,(anonymous_10)
FN:82,(anonymous_11)
FN:122,(anonymous_12)
FN:131,(anonymous_13)
FN:135,(anonymous_14)
FN:158,(anonymous_15)
FNF:11
FNH:0
FNDA:0,(anonymous_5)
FNDA:0,(anonymous_6)
FNDA:0,(anonymous_7)
FNDA:0,(anonymous_8)
FNDA:0,(anonymous_9)
FNDA:0,(anonymous_10)
FNDA:0,(anonymous_11)
FNDA:0,(anonymous_12)
FNDA:0,(anonymous_13)
FNDA:0,(anonymous_14)
FNDA:0,(anonymous_15)
DA:1,0
DA:2,0
DA:3,0
DA:4,0
DA:5,0
DA:6,0
DA:15,0
DA:25,0
DA:26,0
DA:27,0
DA:28,0
DA:29,0
DA:32,0
DA:34,0
DA:35,0
DA:39,0
DA:41,0
DA:44,0
DA:49,0
DA:53,0
DA:56,0
DA:57,0
DA:60,0
DA:61,0
DA:65,0
DA:66,0
DA:67,0
DA:83,0
DA:122,0
DA:132,0
DA:135,0
DA:159,0
LF:32
LH:0
BRDA:41,0,0,0
BRDA:41,0,1,0
BRDA:44,1,0,0
BRDA:44,1,1,0
BRDA:44,1,2,0
BRDA:49,2,0,0
BRDA:49,2,1,0
BRDA:49,2,2,0
BRDA:53,3,0,0
BRDA:53,3,1,0
BRDA:67,4,0,0
BRDA:67,4,1,0
[...]
DA:49,0
DA:51,0
DA:52,0
DA:53,0
DA:59,0
DA:74,0
DA:75,0
DA:76,0
DA:82,0
DA:96,0
DA:102,0
DA:103,0
DA:104,0
DA:108,0
DA:109,0
DA:110,0
DA:113,0
DA:114,0
DA:115,0
DA:120,0
DA:127,0
DA:130,0
DA:131,0
DA:132,0
DA:135,0
DA:142,0
DA:144,0
DA:146,0
DA:147,0
DA:148,0
DA:150,0
DA:164,0
DA:166,0
DA:167,0
DA:168,0
DA:169,0
DA:172,0
DA:175,0
DA:187,0
DA:188,0
DA:189,0
DA:190,0
DA:193,0
DA:194,0
DA:198,0
DA:200,0
DA:203,0
DA:204,0
DA:207,0
DA:211,0
LF:68
LH:0
BRDA:15,0,0,0
BRDA:15,1,0,0
BRDA:15,1,1,0
BRDA:20,2,0,0
BRDA:32,3,0,0
BRDA:38,4,0,0
BRDA:43,5,0,0
BRDA:43,6,0,0
BRDA:43,6,1,0
BRDA:49,7,0,0
BRDA:52,8,0,0
BRDA:75,9,0,0
BRDA:98,10,0,0
BRDA:99,11,0,0
BRDA:102,12,0,0
BRDA:108,13,0,0
BRDA:108,14,0,0
BRDA:108,14,1,0
BRDA:113,15,0,0
BRDA:113,16,0,0
BRDA:113,16,1,0
BRDA:127,17,0,0
BRDA:132,18,0,0
BRDA:142,19,0,0
BRDA:148,20,0,0
BRDA:148,20,1,0
BRDA:164,21,0,0
BRDA:168,22,0,0
BRDA:187,23,0,0
BRDA:193,24,0,0
BRDA:193,25,0,0
BRDA:193,25,1,0
BRDA:200,26,0,0
BRDA:203,27,0,0
BRDA:203,28,0,0
BRDA:203,28,1,0
BRF:36
BRH:0
end_of_record
TN:
SF:apps/web/src/utils/server-performance.ts
FN:29,setCacheControl
FN:74,setStaticCache
FN:90,setDynamicCache
FN:110,setNoCache
FN:123,withCaching
FN:129,(anonymous_13)
FN:147,withApiCaching
FN:151,(anonymous_15)
FN:165,setCoreWebVitalsHeaders
FN:170,(anonymous_17)
FN:180,(anonymous_18)
FNF:11
FNH:0
FNDA:0,setCacheControl
FNDA:0,setStaticCache
FNDA:0,setDynamicCache
FNDA:0,setNoCache
FNDA:0,withCaching
FNDA:0,(anonymous_13)
FNDA:0,withApiCaching
FNDA:0,(anonymous_15)
FNDA:0,setCoreWebVitalsHeaders
FNDA:0,(anonymous_17)
FNDA:0,(anonymous_18)
DA:29,0
DA:40,0
DA:43,0
DA:45,0
DA:50,0
DA:52,0
DA:67,0
DA:74,0
DA:79,0
DA:90,0
DA:95,0
DA:110,0
DA:111,0
DA:123,0
DA:129,0
DA:131,0
DA:134,0
DA:147,0
DA:151,0
DA:153,0
DA:156,0
DA:165,0
DA:170,0
DA:171,0
DA:180,0
LF:25
LH:0
BRDA:31,0,0,0
BRDA:34,1,0,0
BRDA:35,2,0,0
BRDA:36,3,0,0
BRDA:37,4,0,0
BRDA:38,5,0,0
BRDA:39,6,0,0
BRDA:45,7,0,0
BRDA:45,7,1,0
BRDA:53,8,0,0
BRDA:53,8,1,0
BRDA:57,9,0,0
BRDA:57,9,1,0
BRDA:58,10,0,0
BRDA:58,10,1,0
BRDA:60,11,0,0
BRDA:60,11,1,0
BRDA:76,12,0,0
BRDA:77,13,0,0
BRDA:92,14,0,0
BRDA:93,15,0,0
BRDA:167,16,0,0
BRDA:173,17,0,0
BRDA:173,17,1,0
BRF:24
BRH:0
end_of_record
TN:
SF:apps/web/src/utils/service-worker-registration.ts
FN:23,register
FN:34,(anonymous_4)
FN:43,(anonymous_5)
FN:57,registerValidSW
FN:60,(anonymous_7)
FN:61,(anonymous_8)
FN:66,(anonymous_9)
FN:96,(anonymous_10)
FN:101,checkValidServiceWorker
FN:106,(anonymous_12)
FN:114,(anonymous_13)
FN:115,(anonymous_14)
FN:124,(anonymous_15)
FN:129,unregister
FN:132,(anonymous_17)
FN:135,(anonymous_18)
FNF:16
FNH:0
FNDA:0,register
FNDA:0,(anonymous_4)
FNDA:0,(anonymous_5)
FNDA:0,registerValidSW
FNDA:0,(anonymous_7)
FNDA:0,(anonymous_8)
FNDA:0,(anonymous_9)
FNDA:0,(anonymous_10)
FNDA:0,checkValidServiceWorker
FNDA:0,(anonymous_12)
FNDA:0,(anonymous_13)
FNDA:0,(anonymous_14)
FNDA:0,(anonymous_15)
FNDA:0,unregister
FNDA:0,(anonymous_17)
FNDA:0,(anonymous_18)
DA:10,0
DA:23,0
DA:24,0
DA:26,0
DA:27,0
DA:31,0
DA:34,0
DA:35,0
DA:37,0
DA:39,0
DA:43,0
DA:44,0
DA:51,0
DA:58,0
DA:61,0
DA:62,0
DA:63,0
DA:64,0
DA:66,0
DA:67,0
DA:68,0
DA:72,0
DA:78,0
DA:79,0
DA:85,0
DA:88,0
DA:89,0
DA:97,0
DA:103,0
DA:108,0
DA:109,0
DA:114,0
DA:115,0
DA:116,0
DA:121,0
DA:125,0
DA:129,0
DA:130,0
DA:131,0
DA:133,0
DA:136,0
LF:41
LH:0
BRDA:11,0,0,0
BRDA:11,0,1,0
BRDA:11,0,2,0
BRDA:24,1,0,0
BRDA:24,2,0,0
BRDA:24,2,1,0
BRDA:26,3,0,0
BRDA:26,3,1,0
BRDA:27,4,0,0
BRDA:35,5,0,0
BRDA:35,5,1,0
BRDA:37,6,0,0
BRDA:37,6,1,0
BRDA:63,7,0,0
BRDA:67,8,0,0
BRDA:68,9,0,0
BRDA:68,9,1,0
BRDA:78,10,0,0
BRDA:78,11,0,0
BRDA:78,11,1,0
BRDA:88,12,0,0
BRDA:88,13,0,0
BRDA:88,13,1,0
BRDA:109,14,0,0
BRDA:109,14,1,0
BRDA:110,15,0,0
BRDA:110,15,1,0
BRDA:110,15,2,0
BRDA:130,16,0,0
BRF:29
BRH:0
end_of_record
TN:
SF:apps/web/src/utils/ssr-optimization.ts
FN:34,(anonymous_2)
FN:47,(anonymous_3)
FN:54,(anonymous_4)
FN:58,(anonymous_5)
FN:64,(anonymous_6)
FN:93,(anonymous_7)
FN:97,(anonymous_8)
FN:104,(anonymous_9)
FN:111,(anonymous_10)
FN:115,(anonymous_11)
FN:119,(anonymous_12)
FN:123,(anonymous_13)
FNF:12
FNH:0
FNDA:0,(anonymous_2)
FNDA:0,(anonymous_3)
FNDA:0,(anonymous_4)
FNDA:0,(anonymous_5)
FNDA:0,(anonymous_6)
FNDA:0,(anonymous_7)
FNDA:0,(anonymous_8)
FNDA:0,(anonymous_9)
FNDA:0,(anonymous_10)
FNDA:0,(anonymous_11)
FNDA:0,(anonymous_12)
FNDA:0,(anonymous_13)
DA:1,0
DA:2,0
DA:3,0
DA:4,0
DA:27,0
DA:35,0
DA:42,0
DA:43,0
DA:44,0
DA:48,0
DA:49,0
DA:51,0
DA:55,0
DA:59,0
DA:60,0
DA:65,0
DA:66,0
DA:68,0
DA:69,0
DA:70,0
DA:71,0
DA:72,0
DA:73,0
DA:75,0
DA:79,0
DA:80,0
DA:82,0
DA:85,0
DA:86,0
DA:89,0
DA:90,0
DA:94,0
DA:95,0
DA:97,0
DA:98,0
DA:99,0
DA:100,0
DA:104,0
DA:105,0
DA:108,0
DA:112,0
DA:116,0
DA:120,0
DA:124,0
LF:44
LH:0
BRDA:34,0,0,0
BRDA:36,1,0,0
BRDA:36,1,1,0
BRDA:37,2,0,0
BRDA:37,2,1,0
BRDA:38,3,0,0
BRDA:38,3,1,0
BRDA:39,4,0,0
BRDA:39,4,1,0
BRDA:40,5,0,0
BRDA:40,5,1,0
BRDA:48,6,0,0
BRDA:55,7,0,0
BRDA:55,7,1,0
BRDA:59,8,0,0
BRDA:68,9,0,0
BRDA:70,10,0,0
BRDA:79,11,0,0
BRDA:79,11,1,0
BRDA:85,12,0,0
BRDA:85,13,0,0
BRDA:85,13,1,0
BRDA:85,13,2,0
BRDA:99,14,0,0
BRF:24
BRH:0
end_of_record
TN:
SF:apps/web/src/utils/state-manager-bridge.ts
FNF:0
FNH:0
DA:14,0
DA:18,0
DA:20,0
DA:21,0
DA:22,0
DA:23,0
DA:24,0
DA:25,0
DA:26,0
LF:9
LH:0
BRF:0
BRH:0
end_of_record
TN:
SF:apps/web/src/utils/state-manager-compat.ts
FNF:0
FNH:0
DA:15,0
DA:17,0
LF:2
LH:0
BRF:0
BRH:0
end_of_record
TN:
SF:apps/web/src/utils/state-manager.ts
FNF:0
FNH:0
DA:15,0
DA:17,0
LF:2
LH:0
BRF:0
BRH:0
end_of_record
TN:
SF:apps/web/src/utils/storage.ts
FN:36,(anonymous_1)
FN:114,(anonymous_2)
FN:164,(anonymous_3)
FN:181,(anonymous_4)
FN:199,(anonymous_5)
FN:240,(anonymous_6)
FNF:6
FNH:0
FNDA:0,(anonymous_1)
FNDA:0,(anonymous_2)
FNDA:0,(anonymous_3)
FNDA:0,(anonymous_4)
FNDA:0,(anonymous_5)
FNDA:0,(anonymous_6)
DA:2,0
DA:33,0
DA:34,0
DA:37,0
DA:38,0
DA:40,0
DA:42,0
DA:43,0
DA:45,0
DA:54,0
DA:55,0
DA:61,0
DA:62,0
DA:64,0
DA:71,0
DA:73,0
DA:74,0
DA:75,0
DA:77,0
DA:81,0
DA:82,0
DA:84,0
DA:95,0
DA:96,0
DA:100,0
DA:102,0
DA:106,0
DA:109,0
DA:110,0
DA:115,0
DA:116,0
DA:118,0
DA:120,0
DA:121,0
DA:123,0
DA:128,0
DA:129,0
DA:133,0
DA:134,0
DA:136,0
DA:137,0
DA:141,0
DA:142,0
DA:144,0
DA:145,0
DA:147,0
DA:148,0
DA:151,0
DA:152,0
DA:156,0
DA:159,0
DA:160,0
DA:165,0
DA:166,0
DA:168,0
DA:170,0
DA:171,0
DA:173,0
DA:180,0
DA:181,0
DA:191,0
DA:193,0
DA:199,0
DA:210,0
DA:211,0
DA:213,0
DA:217,0
DA:219,0
DA:228,0
DA:232,0
DA:235,0
DA:236,0
DA:241,0
DA:242,0
DA:244,0
DA:246,0
DA:247,0
DA:249,0
DA:254,0
DA:255,0
DA:259,0
DA:260,0
DA:261,0
DA:262,0
DA:266,0
DA:267,0
DA:268,0
DA:269,0
DA:273,0
DA:276,0
DA:277,0
LF:91
LH:0
BRDA:38,0,0,0
BRDA:43,1,0,0
BRDA:43,1,1,0
BRDA:43,1,2,0
BRDA:43,1,3,0
BRDA:51,2,0,0
BRDA:51,2,1,0
BRDA:55,3,0,0
BRDA:55,3,1,0
BRDA:73,4,0,0
BRDA:95,5,0,0
BRDA:116,6,0,0
BRDA:121,7,0,0
BRDA:121,7,1,0
BRDA:121,7,2,0
BRDA:121,7,3,0
BRDA:129,8,0,0
BRDA:129,8,1,0
BRDA:137,9,0,0
BRDA:137,9,1,0
BRDA:152,10,0,0
BRDA:152,10,1,0
BRDA:164,11,0,0
BRDA:166,12,0,0
BRDA:171,13,0,0
BRDA:171,13,1,0
BRDA:171,13,2,0
BRDA:171,13,3,0
BRDA:184,14,0,0
BRDA:184,14,1,0
BRDA:242,15,0,0
BRDA:247,16,0,0
BRDA:247,16,1,0
BRDA:247,16,2,0
BRDA:247,16,3,0
BRF:35
BRH:0
end_of_record
TN:
SF:apps/web/src/utils/test-runner.ts
FN:29,createTestRunner
FN:39,(anonymous_2)
FN:46,(anonymous_3)
FN:56,(anonymous_4)
FN:57,(anonymous_5)
FN:64,(anonymous_6)
FN:71,(anonymous_7)
FN:78,(anonymous_8)
FN:85,(anonymous_9)
FN:94,(anonymous_10)
FNF:10
FNH:0
FNDA:0,createTestRunner
FNDA:0,(anonymous_2)
FNDA:0,(anonymous_3)
FNDA:0,(anonymous_4)
FNDA:0,(anonymous_5)
FNDA:0,(anonymous_6)
FNDA:0,(anonymous_7)
FNDA:0,(anonymous_8)
FNDA:0,(anonymous_9)
FNDA:0,(anonymous_10)
DA:29,0
DA:35,0
DA:37,0
DA:39,0
DA:40,0
DA:41,0
DA:42,0
DA:43,0
DA:46,0
DA:47,0
DA:54,0
DA:56,0
DA:58,0
DA:59,0
DA:60,0
DA:62,0
DA:65,0
DA:66,0
DA:67,0
DA:69,0
DA:72,0
DA:73,0
DA:74,0
DA:76,0
DA:79,0
DA:80,0
DA:81,0
DA:83,0
DA:86,0
DA:87,0
DA:88,0
DA:90,0
DA:94,0
DA:95,0
DA:96,0
DA:97,0
DA:98,0
DA:100,0
DA:102,0
DA:103,0
DA:104,0
DA:105,0
DA:108,0
DA:109,0
DA:110,0
DA:111,0
DA:112,0
DA:114,0
DA:115,0
DA:116,0
DA:117,0
DA:121,0
DA:122,0
DA:124,0
DA:125,0
DA:126,0
DA:127,0
DA:128,0
DA:131,0
LF:59
LH:0
BRDA:59,0,0,0
BRDA:66,1,0,0
BRDA:73,2,0,0
BRDA:80,3,0,0
BRDA:87,4,0,0
BRDA:96,5,0,0
BRDA:103,6,0,0
BRDA:111,7,0,0
BRDA:111,8,0,0
BRDA:111,8,1,0
BRDA:116,9,0,0
BRDA:116,10,0,0
BRDA:116,10,1,0
BRDA:121,11,0,0
BRDA:121,12,0,0
BRDA:121,12,1,0
BRDA:125,13,0,0
BRDA:125,13,1,0
BRF:18
BRH:0
end_of_record
TN:
SF:apps/web/src/utils/test-utils.tsx
FN:18,customRender
FN:27,generateFormValidationTests
FN:35,(anonymous_18)
FN:36,(anonymous_19)
FN:37,(anonymous_20)
FN:54,testApiEndpoint
FN:72,testAccessibility
FN:83,testResponsiveBehavior
FN:84,(anonymous_24)
FN:85,(anonymous_25)
FN:86,(anonymous_26)
FN:104,createTestClient
FN:112,(anonymous_28)
FN:123,(anonymous_29)
FN:128,(anonymous_30)
FN:133,(anonymous_31)
FN:140,generateTestData
FN:146,(anonymous_33)
FN:149,measureRequestTime
FN:157,calculatePercentile
FN:158,(anonymous_36)
FN:163,formatBytes
FNF:22
FNH:0
FNDA:0,customRender
FNDA:0,generateFormValidationTests
FNDA:0,(anonymous_18)
FNDA:0,(anonymous_19)
FNDA:0,(anonymous_20)
FNDA:0,testApiEndpoint
FNDA:0,testAccessibility
FNDA:0,testResponsiveBehavior
FNDA:0,(anonymous_24)
FNDA:0,(anonymous_25)
FNDA:0,(anonymous_26)
FNDA:0,createTestClient
FNDA:0,(anonymous_28)
FNDA:0,(anonymous_29)
FNDA:0,(anonymous_30)
FNDA:0,(anonymous_31)
FNDA:0,generateTestData
FNDA:0,(anonymous_33)
FNDA:0,measureRequestTime
FNDA:0,calculatePercentile
FNDA:0,(anonymous_36)
FNDA:0,formatBytes
DA:1,0
DA:2,0
DA:3,0
DA:4,0
DA:6,0
DA:7,0
DA:8,0
DA:9,0
DA:10,0
DA:11,0
DA:19,0
DA:27,0
DA:35,0
DA:36,0
DA:37,0
DA:38,0
DA:39,0
DA:40,0
DA:41,0
DA:42,0
DA:44,0
DA:45,0
DA:46,0
DA:54,0
DA:60,0
DA:61,0
DA:62,0
DA:67,0
DA:68,0
DA:72,0
DA:75,0
DA:76,0
DA:77,0
DA:78,0
DA:79,0
DA:83,0
DA:84,0
DA:85,0
DA:86,0
DA:87,0
DA:88,0
DA:89,0
DA:96,0
DA:104,0
DA:105,0
DA:112,0
DA:122,0
DA:123,0
DA:128,0
DA:133,0
DA:140,0
DA:144,0
DA:146,0
DA:149,0
DA:152,0
DA:153,0
DA:154,0
DA:157,0
DA:158,0
DA:159,0
DA:160,0
DA:163,0
DA:164,0
DA:165,0
DA:166,0
DA:168,0
DA:169,0
DA:170,0
DA:173,0
LF:69
LH:0
BRDA:44,0,0,0
BRDA:58,1,0,0
BRDA:61,2,0,0
BRDA:65,3,0,0
BRDA:65,3,1,0
BRDA:76,4,0,0
BRDA:104,5,0,0
BRDA:106,6,0,0
BRDA:106,6,1,0
BRDA:107,7,0,0
BRDA:107,7,1,0
BRDA:142,8,0,0
BRDA:168,9,0,0
BRDA:168,9,1,0
BRDA:169,10,0,0
BRDA:169,11,0,0
BRDA:169,11,1,0
BRDA:170,12,0,0
BRDA:170,13,0,0
BRDA:170,13,1,0
BRF:20
BRH:0
end_of_record
TN:
SF:apps/web/src/utils/three-minimal.ts
FNF:0
FNH:0
DA:21,0
DA:54,0
DA:55,0
DA:56,0
DA:57,0
DA:58,0
DA:59,0
DA:60,0
DA:61,0
DA:64,0
DA:65,0
DA:66,0
DA:69,0
DA:70,0
DA:71,0
DA:72,0
DA:73,0
DA:76,0
DA:77,0
DA:78,0
DA:79,0
DA:80,0
DA:83,0
DA:84,0
DA:85,0
DA:86,0
DA:89,0
DA:90,0
DA:91,0
DA:92,0
DA:93,0
DA:96,0
DA:97,0
DA:100,0
DA:101,0
DA:102,0
LF:36
LH:0
BRF:0
BRH:0
end_of_record
TN:
SF:apps/web/src/utils/timeout-handler.ts
FN:7,withTimeout
FN:14,(anonymous_6)
FN:15,(anonymous_7)
FN:39,createTimeoutSafeFunction
FN:40,(anonymous_9)
FN:59,fetchWithTimeout
FN:65,(anonymous_11)
FNF:7
FNH:0
FNDA:0,withTimeout
FNDA:0,(anonymous_6)
FNDA:0,(anonymous_7)
FNDA:0,createTimeoutSafeFunction
FNDA:0,(anonymous_9)
FNDA:0,fetchWithTimeout
FNDA:0,(anonymous_11)
DA:7,0
DA:11,0
DA:14,0
DA:15,0
DA:16,0
DA:21,0
DA:27,0
DA:28,0
DA:31,0
DA:39,0
DA:40,0
DA:41,0
DA:42,0
DA:45,0
DA:46,0
DA:49,0
DA:59,0
DA:64,0
DA:65,0
DA:70,0
LF:20
LH:0
BRDA:9,0,0,0
BRDA:27,1,0,0
BRDA:45,2,0,0
BRDA:62,3,0,0
BRF:4
BRH:0
end_of_record
TN:
SF:apps/web/src/utils/type-guards.ts
FN:26,isDefined
FN:36,isNotNull
FN:46,exists
FN:56,isString
FN:66,isNumber
FN:76,isError
FN:88,safeAccess
FN:103,hasProperty
FN:116,isArray
FN:126,isNonEmptyArray
FN:136,isObject
FN:147,safeString
FN:160,safeNumber
FNF:13
FNH:0
FNDA:0,isDefined
FNDA:0,isNotNull
FNDA:0,exists
FNDA:0,isString
FNDA:0,isNumber
FNDA:0,isError
FNDA:0,safeAccess
FNDA:0,hasProperty
FNDA:0,isArray
FNDA:0,isNonEmptyArray
FNDA:0,isObject
FNDA:0,safeString
FNDA:0,safeNumber
DA:26,0
DA:27,0
DA:36,0
DA:37,0
DA:46,0
DA:47,0
DA:56,0
DA:57,0
DA:66,0
DA:67,0
DA:76,0
DA:77,0
DA:88,0
DA:92,0
DA:103,0
DA:107,0
DA:116,0
DA:117,0
DA:126,0
DA:127,0
DA:136,0
DA:137,0
DA:147,0
DA:148,0
DA:149,0
DA:160,0
DA:161,0
DA:162,0
DA:163,0
LF:29
LH:0
BRDA:47,0,0,0
BRDA:47,0,1,0
BRDA:67,1,0,0
BRDA:67,1,1,0
BRDA:92,2,0,0
BRDA:92,2,1,0
BRDA:127,3,0,0
BRDA:127,3,1,0
BRDA:137,4,0,0
BRDA:137,4,1,0
BRDA:137,4,2,0
BRDA:148,5,0,0
BRDA:148,6,0,0
BRDA:148,6,1,0
BRDA:160,7,0,0
BRDA:161,8,0,0
BRDA:161,9,0,0
BRDA:161,9,1,0
BRDA:163,10,0,0
BRDA:163,10,1,0
BRF:20
BRH:0
end_of_record
TN:
SF:apps/web/src/utils/virtualized-appointment-list.tsx
FNF:0
FNH:0
DA:1,0
LF:1
LH:0
BRF:0
BRH:0
end_of_record
TN:
SF:apps/web/src/utils/virtualized-provider-list.tsx
FNF:0
FNH:0
DA:1,0
LF:1
LH:0
BRF:0
BRH:0
end_of_record
TN:
SF:apps/web/src/utils/webxr-depth-sensing.ts
FN:35,optimizeDepthSensing
FN:47,onXRFrame
FN:54,updateMetrics
FN:71,processDepthData
FN:107,applySmoothing
FN:154,applyTemporalFilter
FN:169,updateDepthMetrics
FN:200,getDepthSensingMetrics
FN:204,calibrateDepthSensing
FN:205,(anonymous_14)
FN:210,onFrame
FNF:11
FNH:0
FNDA:0,optimizeDepthSensing
FNDA:0,onXRFrame
FNDA:0,updateMetrics
FNDA:0,processDepthData
FNDA:0,applySmoothing
FNDA:0,applyTemporalFilter
FNDA:0,updateDepthMetrics
FNDA:0,getDepthSensingMetrics
FNDA:0,calibrateDepthSensing
FNDA:0,(anonymous_14)
FNDA:0,onFrame
DA:17,0
DA:24,0
DA:25,0
DA:26,0
DA:28,0
DA:35,0
DA:36,0
DA:38,0
DA:48,0
DA:49,0
DA:51,0
DA:55,0
DA:58,0
DA:59,0
DA:60,0
DA:62,0
DA:63,0
DA:64,0
DA:68,0
DA:71,0
DA:75,0
DA:76,0
DA:79,0
DA:81,0
DA:82,0
DA:85,0
DA:86,0
DA:90,0
DA:91,0
DA:92,0
DA:97,0
DA:99,0
DA:108,0
DA:114,0
DA:116,0
DA:117,0
DA:118,0
DA:120,0
DA:121,0
DA:122,0
DA:124,0
DA:126,0
DA:127,0
DA:128,0
DA:130,0
DA:131,0
DA:132,0
DA:134,0
DA:136,0
DA:137,0
DA:140,0
DA:141,0
DA:143,0
DA:147,0
DA:152,0
DA:155,0
DA:156,0
DA:157,0
DA:160,0
DA:162,0
DA:163,0
DA:166,0
DA:170,0
DA:171,0
DA:173,0
DA:174,0
DA:175,0
DA:177,0
DA:178,0
DA:179,0
DA:181,0
DA:182,0
DA:183,0
DA:185,0
DA:189,0
DA:190,0
DA:192,0
DA:194,0
DA:195,0
DA:197,0
DA:200,0
DA:201,0
DA:204,0
DA:205,0
DA:206,0
DA:207,0
DA:208,0
DA:212,0
DA:213,0
DA:214,0
DA:215,0
DA:216,0
DA:218,0
DA:219,0
DA:221,0
DA:222,0
DA:223,0
DA:225,0
DA:229,0
LF:99
LH:0
BRDA:36,0,0,0
BRDA:58,1,0,0
BRDA:60,2,0,0
BRDA:60,3,0,0
BRDA:60,3,1,0
BRDA:62,4,0,0
BRDA:73,5,0,0
BRDA:81,6,0,0
BRDA:85,7,0,0
BRDA:91,8,0,0
BRDA:117,9,0,0
BRDA:117,10,0,0
BRDA:117,10,1,0
BRDA:121,11,0,0
BRDA:121,12,0,0
BRDA:121,12,1,0
BRDA:127,13,0,0
BRDA:127,14,0,0
BRDA:127,14,1,0
BRDA:131,15,0,0
BRDA:131,16,0,0
BRDA:131,16,1,0
BRDA:136,17,0,0
BRDA:136,18,0,0
BRDA:136,18,1,0
BRDA:140,19,0,0
BRDA:140,20,0,0
BRDA:140,20,1,0
BRDA:155,21,0,0
BRDA:174,22,0,0
BRDA:174,23,0,0
BRDA:174,23,1,0
BRDA:177,24,0,0
BRDA:178,25,0,0
BRDA:178,26,0,0
BRDA:178,26,1,0
BRDA:182,27,0,0
BRDA:182,28,0,0
BRDA:182,28,1,0
BRDA:189,29,0,0
BRDA:189,30,0,0
BRDA:189,30,1,0
BRDA:194,31,0,0
BRDA:194,32,0,0
BRDA:194,32,1,0
BRDA:197,33,0,0
BRDA:197,33,1,0
BRDA:213,34,0,0
BRDA:218,35,0,0
BRDA:218,35,1,0
BRDA:222,36,0,0
BRDA:222,36,1,0
BRF:52
BRH:0
end_of_record
TN:
SF:apps/web/src/utils/caching/cache-manager.ts
FN:25,(anonymous_2)
FN:32,(anonymous_3)
FN:39,(anonymous_4)
FN:69,(anonymous_5)
FN:81,(anonymous_6)
FN:89,(anonymous_7)
FN:97,(anonymous_8)
FNF:7
FNH:0
FNDA:0,(anonymous_2)
FNDA:0,(anonymous_3)
FNDA:0,(anonymous_4)
FNDA:0,(anonymous_5)
FNDA:0,(anonymous_6)
FNDA:0,(anonymous_7)
FNDA:0,(anonymous_8)
DA:1,0
DA:2,0
DA:4,0
DA:5,0
DA:18,0
DA:26,0
DA:27,0
DA:28,0
DA:29,0
DA:33,0
DA:34,0
DA:36,0
DA:40,0
DA:42,0
DA:43,0
DA:44,0
DA:45,0
DA:46,0
DA:50,0
DA:51,0
DA:52,0
DA:53,0
DA:55,0
DA:56,0
DA:57,0
DA:58,0
DA:60,0
DA:64,0
DA:65,0
DA:66,0
DA:70,0
DA:71,0
DA:73,0
DA:74,0
DA:76,0
DA:77,0
DA:78,0
DA:82,0
DA:83,0
DA:84,0
DA:85,0
DA:86,0
DA:90,0
DA:91,0
DA:92,0
DA:93,0
DA:94,0
DA:99,0
LF:48
LH:0
BRDA:33,0,0,0
BRDA:43,1,0,0
BRDA:43,2,0,0
BRDA:43,2,1,0
BRDA:51,3,0,0
BRDA:71,4,0,0
BRDA:71,4,1,0
BRF:7
BRH:0
end_of_record
TN:
SF:apps/web/src/utils/mobile/device-detection.ts
FN:10,isMobileDevice
FN:22,detectDevicePerformanceProfile
FN:54,(anonymous_6)
FN:60,(anonymous_7)
FN:101,applyDeviceClasses
FNF:5
FNH:0
FNDA:0,isMobileDevice
FNDA:0,detectDevicePerformanceProfile
FNDA:0,(anonymous_6)
FNDA:0,(anonymous_7)
FNDA:0,applyDeviceClasses
DA:10,0
DA:11,0
DA:15,0
DA:22,0
DA:23,0
DA:24,0
DA:34,0
DA:37,0
DA:40,0
DA:43,0
DA:49,0
DA:51,0
DA:52,0
DA:55,0
DA:66,0
DA:68,0
DA:79,0
DA:81,0
DA:82,0
DA:83,0
DA:84,0
DA:87,0
DA:101,0
DA:102,0
DA:104,0
DA:107,0
DA:108,0
DA:110,0
DA:112,0
DA:114,0
LF:30
LH:0
BRDA:11,0,0,0
BRDA:23,1,0,0
BRDA:23,2,0,0
BRDA:23,2,1,0
BRDA:34,3,0,0
BRDA:34,3,1,0
BRDA:37,4,0,0
BRDA:37,4,1,0
BRDA:40,5,0,0
BRDA:40,5,1,0
BRDA:43,6,0,0
BRDA:43,6,1,0
BRDA:43,6,2,0
BRDA:43,6,3,0
BRDA:51,7,0,0
BRDA:81,8,0,0
BRDA:81,8,1,0
BRDA:83,9,0,0
BRDA:102,10,0,0
BRDA:108,11,0,0
BRDA:112,12,0,0
BRF:21
BRH:0
end_of_record
TN:
SF:apps/web/src/utils/mobile/index.ts
FN:25,applyMobileOptimizations
FN:94,useMobilePerformanceMonitoring
FN:126,initMobileOptimizations
FN:131,(anonymous_12)
FNF:4
FNH:0
FNDA:0,applyMobileOptimizations
FNDA:0,useMobilePerformanceMonitoring
FNDA:0,initMobileOptimizations
FNDA:0,(anonymous_12)
DA:11,0
DA:17,0
DA:25,0
DA:26,0
DA:38,0
DA:41,0
DA:45,0
DA:48,0
DA:51,0
DA:53,0
DA:56,0
DA:57,0
DA:59,0
DA:64,0
DA:65,0
DA:69,0
DA:70,0
DA:75,0
DA:76,0
DA:78,0
DA:94,0
DA:95,0
DA:96,0
DA:109,0
DA:111,0
DA:126,0
DA:127,0
DA:130,0
DA:131,0
DA:132,0
DA:135,0
DA:141,0
DA:142,0
DA:143,0
DA:144,0
DA:145,0
LF:36
LH:0
BRDA:25,0,0,0
BRDA:26,1,0,0
BRDA:29,2,0,0
BRDA:30,3,0,0
BRDA:31,4,0,0
BRDA:32,5,0,0
BRDA:33,6,0,0
BRDA:34,7,0,0
BRDA:35,8,0,0
BRDA:36,9,0,0
BRDA:37,10,0,0
BRDA:45,11,0,0
BRDA:45,11,1,0
BRDA:51,12,0,0
BRDA:51,13,0,0
BRDA:51,13,1,0
BRDA:51,13,2,0
BRDA:57,14,0,0
BRDA:64,15,0,0
BRDA:69,16,0,0
BRDA:69,17,0,0
BRDA:69,17,1,0
BRDA:75,18,0,0
BRDA:75,19,0,0
BRDA:75,19,1,0
BRDA:95,20,0,0
BRDA:126,21,0,0
BRDA:127,22,0,0
BRDA:130,23,0,0
BRDA:130,23,1,0
BRF:30
BRH:0
end_of_record
TN:
SF:apps/web/src/utils/state/index.tsx
FN:49,createContextStateManager
FN:56,(anonymous_12)
FN:60,(anonymous_13)
FN:69,(anonymous_14)
FN:79,(anonymous_15)
FN:85,(anonymous_16)
FN:91,(anonymous_17)
FN:96,(anonymous_18)
FN:99,(anonymous_19)
FN:111,createReduxStateManager
FN:120,(anonymous_21)
FN:123,(anonymous_22)
FN:136,(anonymous_23)
FN:141,(anonymous_24)
FN:148,(anonymous_25)
FN:150,(anonymous_26)
FN:154,(anonymous_27)
FN:158,(anonymous_28)
FN:159,(anonymous_29)
FN:171,createZustandStateManager
FN:187,(anonymous_31)
FN:189,(anonymous_32)
FN:189,(anonymous_33)
FN:190,(anonymous_34)
FN:195,(anonymous_35)
FN:202,(anonymous_36)
FN:206,(anonymous_37)
FN:210,(anonymous_38)
FN:211,(anonymous_39)
FN:225,createState
FN:242,createSelector
FN:246,(anonymous_42)
FNF:32
FNH:0
FNDA:0,createContextStateManager
FNDA:0,(anonymous_12)
FNDA:0,(anonymous_13)
FNDA:0,(anonymous_14)
FNDA:0,(anonymous_15)
FNDA:0,(anonymous_16)
FNDA:0,(anonymous_17)
FNDA:0,(anonymous_18)
FNDA:0,(anonymous_19)
FNDA:0,createReduxStateManager
FNDA:0,(anonymous_21)
FNDA:0,(anonymous_22)
FNDA:0,(anonymous_23)
FNDA:0,(anonymous_24)
FNDA:0,(anonymous_25)
FNDA:0,(anonymous_26)
FNDA:0,(anonymous_27)
FNDA:0,(anonymous_28)
FNDA:0,(anonymous_29)
FNDA:0,createZustandStateManager
FNDA:0,(anonymous_31)
FNDA:0,(anonymous_32)
FNDA:0,(anonymous_33)
FNDA:0,(anonymous_34)
FNDA:0,(anonymous_35)
FNDA:0,(anonymous_36)
FNDA:0,(anonymous_37)
FNDA:0,(anonymous_38)
FNDA:0,(anonymous_39)
FNDA:0,createState
FNDA:0,createSelector
FNDA:0,(anonymous_42)
DA:27,0
DA:28,0
DA:29,0
DA:30,0
DA:34,0
DA:49,0
DA:54,0
DA:56,0
DA:60,0
DA:64,0
DA:65,0
DA:69,0
DA:70,0
DA:71,0
DA:72,0
DA:74,0
DA:78,0
DA:82,0
DA:87,0
DA:93,0
DA:98,0
DA:99,0
DA:103,0
DA:111,0
DA:116,0
DA:121,0
DA:123,0
DA:128,0
DA:131,0
DA:136,0
DA:137,0
DA:141,0
DA:142,0
DA:143,0
DA:147,0
DA:148,0
DA:151,0
DA:155,0
DA:159,0
DA:163,0
DA:171,0
DA:187,0
DA:189,0
DA:190,0
DA:194,0
DA:196,0
DA:198,0
DA:199,0
DA:203,0
DA:207,0
DA:211,0
DA:212,0
DA:213,0
DA:218,0
DA:225,0
DA:229,0
DA:231,0
DA:233,0
DA:235,0
DA:237,0
DA:242,0
DA:246,0
LF:62
LH:0
BRDA:64,0,0,0
BRDA:64,0,1,0
BRDA:71,1,0,0
BRDA:227,2,0,0
BRDA:229,3,0,0
BRDA:229,3,1,0
BRDA:229,3,2,0
BRDA:229,3,3,0
BRF:8
BRH:0
end_of_record
